tittle:kyverno:FuzzValidatePolicy: Timeout in FuzzValidatePolicy
status:Verified
type:Bug
commit_url:https://github.com/kyverno/kyverno/commit/e21da49d5b937e93fa4de638113d466112b61247
commit_url_new:https://github.com/kyverno/kyverno/commit/16bd2d4ef4ac6db22db7bc64170dd78415052aeb
module:kyverno
target:FuzzValidatePolicy
have 1 changed files:['jump get_diff!']
==================================================
error running command: python infra/helper.py reproduce kyverno FuzzValidatePolicy build/out/kyverno/testcase/testcase_42537638
+ FUZZER=FuzzValidatePolicy
+ shift
+ '[' '!' -v TESTCASE ']'
+ TESTCASE=/testcase
+ '[' '!' -f /testcase ']'
+ export RUN_FUZZER_MODE=interactive
+ RUN_FUZZER_MODE=interactive
+ export FUZZING_ENGINE=libfuzzer
+ FUZZING_ENGINE=libfuzzer
+ export SKIP_SEED_CORPUS=1
+ SKIP_SEED_CORPUS=1
+ run_fuzzer FuzzValidatePolicy -runs=100 /testcase
vm.mmap_rnd_bits = 28
/out/FuzzValidatePolicy -rss_limit_mb=2560 -timeout=25 -runs=100 /testcase < /dev/null
INFO: Running with entropic power schedule (0xFF, 100).
INFO: Seed: 3181956054
/out/FuzzValidatePolicy: Running 1 inputs 100 time(s) each.
Running: /testcase
AddressSanitizer:DEADLYSIGNAL
=================================================================
[1m[31m==14==ERROR: AddressSanitizer: SEGV on unknown address 0x000000000010 (pc 0x55bded661f60 bp 0x7ffd607f8e50 sp 0x7ffd607f8e20 T0)
[1m[0m==14==The signal is caused by a READ memory access.
==14==Hint: address points to the zero page.
SCARINESS: 10 (null-deref)
    #0 0x55bded661f60 in operator() /src/llvm-project/compiler-rt/lib/fuzzer/FuzzerTracePC.cpp:413:11
    #1 0x55bded661f60 in IterateCounterRegions<(lambda at /src/llvm-project/compiler-rt/lib/fuzzer/FuzzerTracePC.cpp:412:25)> /src/llvm-project/compiler-rt/lib/fuzzer/FuzzerTracePC.h:165:9
    #2 0x55bded661f60 in fuzzer::TracePC::ClearInlineCounters() /src/llvm-project/compiler-rt/lib/fuzzer/FuzzerTracePC.cpp:412:3
    #3 0x55bded649350 in ResetMaps /src/llvm-project/compiler-rt/lib/fuzzer/FuzzerTracePC.h:87:5
    #4 0x55bded649350 in fuzzer::Fuzzer::ExecuteCallback(unsigned char const*, unsigned long) /src/llvm-project/compiler-rt/lib/fuzzer/FuzzerLoop.cpp:612:9
    #5 0x55bded6345d5 in fuzzer::RunOneTest(fuzzer::Fuzzer*, char const*, unsigned long) /src/llvm-project/compiler-rt/lib/fuzzer/FuzzerDriver.cpp:327:6
    #6 0x55bded63a06f in fuzzer::FuzzerDriver(int*, char***, int (*)(unsigned char const*, unsigned long)) /src/llvm-project/compiler-rt/lib/fuzzer/FuzzerDriver.cpp:862:9
    #7 0x55bded665312 in main /src/llvm-project/compiler-rt/lib/fuzzer/FuzzerMain.cpp:20:10
    #8 0x7efc1b521082 in __libc_start_main (/lib/x86_64-linux-gnu/libc.so.6+0x24082) (BuildId: 0323ab4806bee6f846d9ad4bccfc29afdca49a58)

DEDUP_TOKEN: operator()--IterateCounterRegions<(lambda at /src/llvm-project/compiler-rt/lib/fuzzer/FuzzerTracePC.cpp:412:25)>--fuzzer::TracePC::ClearInlineCounters()
AddressSanitizer can not provide additional info.
SUMMARY: AddressSanitizer: SEGV (/lib/x86_64-linux-gnu/libc.so.6+0x24082) (BuildId: 0323ab4806bee6f846d9ad4bccfc29afdca49a58) in __libc_start_main
==14==ABORTING
INFO:__main__:Running: docker run --privileged --shm-size=2g --platform linux/amd64 --rm -i -e HELPER=True -e ARCHITECTURE=x86_64 -v /mnt/sdb/oss-fuzz/oss-fuzz/build/out/kyverno:/out -v /mnt/sdb/oss-fuzz/oss-fuzz/build/out/kyverno/testcase/testcase_42537638:/testcase -t gcr.io/oss-fuzz-base/base-runner reproduce FuzzValidatePolicy -runs=100.

==================================================
PoC Triggered: YES
