tittle:php:php-fuzz-tracing-jit: ASSERT: !object->properties || object->properties == &zend_empty_array
status:Verified
type:Bug
commit_url:https://github.com/php/php-src/commit/7edb9a07d750a92ceea9371588f10ff2f05df40f
commit_url_new:https://github.com/php/php-src/commit/5ed1659039ecd3644ac13a4ab890c11eb077b09e
module:php
target:php-fuzz-tracing-jit
have 1 changed files:['jump get_diff!']
==================================================
+ FUZZER=php-fuzz-tracing-jit
+ shift
+ '[' '!' -v TESTCASE ']'
+ TESTCASE=/testcase
+ '[' '!' -f /testcase ']'
+ export RUN_FUZZER_MODE=interactive
+ RUN_FUZZER_MODE=interactive
+ export FUZZING_ENGINE=libfuzzer
+ FUZZING_ENGINE=libfuzzer
+ export SKIP_SEED_CORPUS=1
+ SKIP_SEED_CORPUS=1
+ run_fuzzer php-fuzz-tracing-jit -runs=100 /testcase
vm.mmap_rnd_bits = 28
/out/php-fuzz-tracing-jit -rss_limit_mb=2560 -timeout=25 -runs=100 /testcase < /dev/null
INFO: Running with entropic power schedule (0xFF, 100).
INFO: Seed: 36869474
INFO: Loaded 2 modules   (196087 inline 8-bit counters): 151732 [0x5647dc81e6c0, 0x5647dc843774), 44355 [0x7fe36ff41860, 0x7fe36ff4c5a3), 
INFO: Loaded 2 PC tables (196087 PCs): 151732 [0x5647dc843778,0x5647dca942b8), 44355 [0x7fe36ff4c5a8,0x7fe36fff99d8), 
/out/php-fuzz-tracing-jit: Running 1 inputs 100 time(s) each.
Running: /testcase
Executed /testcase in 376 ms
***
*** NOTE: fuzzing was not performed, you have only
***       executed the target code on a fixed set of inputs.
***
INFO:__main__:Running: docker run --privileged --shm-size=2g --platform linux/amd64 --rm -i -e HELPER=True -e ARCHITECTURE=x86_64 -v /mnt/sdb/oss-fuzz/oss-fuzz/build/out/php:/out -v /mnt/sdb/oss-fuzz/oss-fuzz/build/out/php/testcase/testcase_368512279:/testcase -t gcr.io/oss-fuzz-base/base-runner reproduce php-fuzz-tracing-jit -runs=100.

==================================================
PoC Triggered: NO
