tittle:gpac:fuzz_probe_analyze: Direct-leak in swf_def_bits_jpeg
status:Verified
type:Bug
commit_url:https://github.com/gpac/gpac/commit/25797108fd397535159e39c48343d53df3d6409b
commit_url_new:https://github.com/gpac/gpac/commit/1bf9c1a890eef45dffecbc1c5dbe92cdee4e31d7
module:gpac
target:fuzz_probe_analyze
have 1 changed files:['jump get_diff!']
==================================================
+ FUZZER=fuzz_probe_analyze
+ shift
+ '[' '!' -v TESTCASE ']'
+ TESTCASE=/testcase
+ '[' '!' -f /testcase ']'
+ export RUN_FUZZER_MODE=interactive
+ RUN_FUZZER_MODE=interactive
+ export FUZZING_ENGINE=libfuzzer
+ FUZZING_ENGINE=libfuzzer
+ export SKIP_SEED_CORPUS=1
+ SKIP_SEED_CORPUS=1
+ run_fuzzer fuzz_probe_analyze -runs=100 /testcase
vm.mmap_rnd_bits = 28
/out/fuzz_probe_analyze -rss_limit_mb=2560 -timeout=25 -runs=100 /testcase < /dev/null
INFO: Running with entropic power schedule (0xFF, 100).
INFO: Seed: 315379878
INFO: Loaded 1 modules   (237358 inline 8-bit counters): 237358 [0x55c157e26120, 0x55c157e6004e), 
INFO: Loaded 1 PC tables (237358 PCs): 237358 [0x55c157e60050,0x55c1581ff330), 
/out/fuzz_probe_analyze: Running 1 inputs 100 time(s) each.
Running: /testcase
<?xml version="1.0" encoding="UTF-8"?>
<GPACInspect>
[33m[Inspect] bitstream analysis for codec Raw media not supported
[0m<PIDConfigure PID="1" name="libfuzzer.14" SourcePath="/tmp/libfuzzer.14" URL="/tmp/libfuzzer.14" Extension="14" MIMEType="application/x-shockwave-flash" Cached="true" DownloadSize="243" StreamType="SceneDescription" CodecID="Raw media" InitialObjectDescriptor="true"/>
</GPACInspect>
<?xml version="1.0" encoding="UTF-8"?>
<GPACInspect>
[33m[Inspect] bitstream analysis for codec Raw media not supported
[0m<PIDConfigure PID="1" name="libfuzzer.14" SourcePath="/tmp/libfuzzer.14" URL="/tmp/libfuzzer.14" Extension="14" MIMEType="application/x-shockwave-flash" Cached="true" DownloadSize="243" StreamType="SceneDescription" CodecID="Raw media" InitialObjectDescriptor="true"/>
</GPACInspect>
<?xml version="1.0" encoding="UTF-8"?>
<GPACInspect>
[33m[Inspect] bitstream analysis for codec Raw media not supported
[0m<PIDConfigure PID="1" name="libfuzzer.14" SourcePath="/tmp/libfuzzer.14" URL="/tmp/libfuzzer.14" Extension="14" MIMEType="application/x-shockwave-flash" Cached="true" DownloadSize="243" StreamType="SceneDescription" CodecID="Raw media" InitialObjectDescriptor="true"/>
</GPACInspect>
<?xml version="1.0" encoding="UTF-8"?>
<GPACInspect>
[33m[Inspect] bitstream analysis for codec Raw media not supported
[0m<PIDConfigure PID="1" name="libfuzzer.14" SourcePath="/tmp/libfuzzer.14" URL="/tmp/libfuzzer.14" Extension="14" MIMEType="application/x-shockwave-flash" Cached="true" DownloadSize="243" StreamType="SceneDescription" CodecID="Raw media" InitialObjectDescriptor="true"/>
</GPACInspect>
<?xml version="1.0" encoding="UTF-8"?>
<GPACInspect>
[33m[Inspect] bitstream analysis for codec Raw media not supported
[0m<PIDConfigure PID="1" name="libfuzzer.14" SourcePath="/tmp/libfuzzer.14" URL="/tmp/libfuzzer.14" Extension="14" MIMEType="application/x-shockwave-flash" Cached="true" DownloadSize="243" StreamType="SceneDescription" CodecID="Raw media" InitialObjectDescriptor="true"/>
</GPACInspect>
<?xml version="1.0" encoding="UTF-8"?>
<GPACInspect>
[33m[Inspect] bitstream analysis for codec Raw media not supported
[0m<PIDConfigure PID="1" name="libfuzzer.14" SourcePath="/tmp/libfuzzer.14" URL="/tmp/libfuzzer.14" Extension="14" MIMEType="application/x-shockwave-flash" Cached="true" DownloadSize="243" StreamType="SceneDescription" CodecID="Raw media" InitialObjectDescriptor="true"/>
</GPACInspect>
<?xml version="1.0" encoding="UTF-8"?>
<GPACInspect>
[33m[Inspect] bitstream analysis for codec Raw media not supported
[0m<PIDConfigure PID="1" name="libfuzzer.14" SourcePath="/tmp/libfuzzer.14" URL="/tmp/libfuzzer.14" Extension="14" MIMEType="application/x-shockwave-flash" Cached="true" DownloadSize="243" StreamType="SceneDescription" CodecID="Raw media" InitialObjectDescriptor="true"/>
</GPACInspect>
<?xml version="1.0" encoding="UTF-8"?>
<GPACInspect>
[33m[Inspect] bitstream analysis for codec Raw media not supported
[0m<PIDConfigure PID="1" name="libfuzzer.14" SourcePath="/tmp/libfuzzer.14" URL="/tmp/libfuzzer.14" Extension="14" MIMEType="application/x-shockwave-flash" Cached="true" DownloadSize="243" StreamType="SceneDescription" CodecID="Raw media" InitialObjectDescriptor="true"/>
</GPACInspect>
<?xml version="1.0" encoding="UTF-8"?>
<GPACInspect>
[33m[Inspect] bitstream analysis for codec Raw media not supported
[0m<PIDConfigure PID="1" name="libfuzzer.14" SourcePath="/tmp/libfuzzer.14" URL="/tmp/libfuzzer.14" Extension="14" MIMEType="application/x-shockwave-flash" Cached="true" DownloadSize="243" StreamType="SceneDescription" CodecID="Raw media" InitialObjectDescriptor="true"/>
</GPACInspect>
<?xml version="1.0" encoding="UTF-8"?>
<GPACInspect>
[33m[Inspect] bitstream analysis for codec Raw media not supported
[0m<PIDConfigure PID="1" name="libfuzzer.14" SourcePath="/tmp/libfuzzer.14" URL="/tmp/libfuzzer.14" Extension="14" MIMEType="application/x-shockwave-flash" Cached="true" DownloadSize="243" StreamType="SceneDescription" CodecID="Raw media" InitialObjectDescriptor="true"/>
</GPACInspect>
<?xml version="1.0" encoding="UTF-8"?>
<GPACInspect>
[33m[Inspect] bitstream analysis for codec Raw media not supported
[0m<PIDConfigure PID="1" name="libfuzzer.14" SourcePath="/tmp/libfuzzer.14" URL="/tmp/libfuzzer.14" Extension="14" MIMEType="application/x-shockwave-flash" Cached="true" DownloadSize="243" StreamType="SceneDescription" CodecID="Raw media" InitialObjectDescriptor="true"/>
</GPACInspect>
<?xml version="1.0" encoding="UTF-8"?>
<GPACInspect>
[33m[Inspect] bitstream analysis for codec Raw media not supported
[0m<PIDConfigure PID="1" name="libfuzzer.14" SourcePath="/tmp/libfuzzer.14" URL="/tmp/libfuzzer.14" Extension="14" MIMEType="application/x-shockwave-flash" Cached="true" DownloadSize="243" StreamType="SceneDescription" CodecID="Raw media" InitialObjectDescriptor="true"/>
</GPACInspect>
<?xml version="1.0" encoding="UTF-8"?>
<GPACInspect>
[33m[Inspect] bitstream analysis for codec Raw media not supported
[0m<PIDConfigure PID="1" name="libfuzzer.14" SourcePath="/tmp/libfuzzer.14" URL="/tmp/libfuzzer.14" Extension="14" MIMEType="application/x-shockwave-flash" Cached="true" DownloadSize="243" StreamType="SceneDescription" CodecID="Raw media" InitialObjectDescriptor="true"/>
</GPACInspect>
<?xml version="1.0" encoding="UTF-8"?>
<GPACInspect>
[33m[Inspect] bitstream analysis for codec Raw media not supported
[0m<PIDConfigure PID="1" name="libfuzzer.14" SourcePath="/tmp/libfuzzer.14" URL="/tmp/libfuzzer.14" Extension="14" MIMEType="application/x-shockwave-flash" Cached="true" DownloadSize="243" StreamType="SceneDescription" CodecID="Raw media" InitialObjectDescriptor="true"/>
</GPACInspect>
<?xml version="1.0" encoding="UTF-8"?>
<GPACInspect>
[33m[Inspect] bitstream analysis for codec Raw media not supported
[0m<PIDConfigure PID="1" name="libfuzzer.14" SourcePath="/tmp/libfuzzer.14" URL="/tmp/libfuzzer.14" Extension="14" MIMEType="application/x-shockwave-flash" Cached="true" DownloadSize="243" StreamType="SceneDescription" CodecID="Raw media" InitialObjectDescriptor="true"/>
</GPACInspect>
<?xml version="1.0" encoding="UTF-8"?>
<GPACInspect>
[33m[Inspect] bitstream analysis for codec Raw media not supported
[0m<PIDConfigure PID="1" name="libfuzzer.14" SourcePath="/tmp/libfuzzer.14" URL="/tmp/libfuzzer.14" Extension="14" MIMEType="application/x-shockwave-flash" Cached="true" DownloadSize="243" StreamType="SceneDescription" CodecID="Raw media" InitialObjectDescriptor="true"/>
</GPACInspect>
<?xml version="1.0" encoding="UTF-8"?>
<GPACInspect>
[33m[Inspect] bitstream analysis for codec Raw media not supported
[0m<PIDConfigure PID="1" name="libfuzzer.14" SourcePath="/tmp/libfuzzer.14" URL="/tmp/libfuzzer.14" Extension="14" MIMEType="application/x-shockwave-flash" Cached="true" DownloadSize="243" StreamType="SceneDescription" CodecID="Raw media" InitialObjectDescriptor="true"/>
</GPACInspect>
<?xml version="1.0" encoding="UTF-8"?>
<GPACInspect>
[33m[Inspect] bitstream analysis for codec Raw media not supported
[0m<PIDConfigure PID="1" name="libfuzzer.14" SourcePath="/tmp/libfuzzer.14" URL="/tmp/libfuzzer.14" Extension="14" MIMEType="application/x-shockwave-flash" Cached="true" DownloadSize="243" StreamType="SceneDescription" CodecID="Raw media" InitialObjectDescriptor="true"/>
</GPACInspect>
<?xml version="1.0" encoding="UTF-8"?>
<GPACInspect>
[33m[Inspect] bitstream analysis for codec Raw media not supported
[0m<PIDConfigure PID="1" name="libfuzzer.14" SourcePath="/tmp/libfuzzer.14" URL="/tmp/libfuzzer.14" Extension="14" MIMEType="application/x-shockwave-flash" Cached="true" DownloadSize="243" StreamType="SceneDescription" CodecID="Raw media" InitialObjectDescriptor="true"/>
</GPACInspect>
<?xml version="1.0" encoding="UTF-8"?>
<GPACInspect>
[33m[Inspect] bitstream analysis for codec Raw media not supported
[0m<PIDConfigure PID="1" name="libfuzzer.14" SourcePath="/tmp/libfuzzer.14" URL="/tmp/libfuzzer.14" Extension="14" MIMEType="application/x-shockwave-flash" Cached="true" DownloadSize="243" StreamType="SceneDescription" CodecID="Raw media" InitialObjectDescriptor="true"/>
</GPACInspect>
<?xml version="1.0" encoding="UTF-8"?>
<GPACInspect>
[33m[Inspect] bitstream analysis for codec Raw media not supported
[0m<PIDConfigure PID="1" name="libfuzzer.14" SourcePath="/tmp/libfuzzer.14" URL="/tmp/libfuzzer.14" Extension="14" MIMEType="application/x-shockwave-flash" Cached="true" DownloadSize="243" StreamType="SceneDescription" CodecID="Raw media" InitialObjectDescriptor="true"/>
</GPACInspect>
<?xml version="1.0" encoding="UTF-8"?>
<GPACInspect>
[33m[Inspect] bitstream analysis for codec Raw media not supported
[0m<PIDConfigure PID="1" name="libfuzzer.14" SourcePath="/tmp/libfuzzer.14" URL="/tmp/libfuzzer.14" Extension="14" MIMEType="application/x-shockwave-flash" Cached="true" DownloadSize="243" StreamType="SceneDescription" CodecID="Raw media" InitialObjectDescriptor="true"/>
</GPACInspect>
<?xml version="1.0" encoding="UTF-8"?>
<GPACInspect>
[33m[Inspect] bitstream analysis for codec Raw media not supported
[0m<PIDConfigure PID="1" name="libfuzzer.14" SourcePath="/tmp/libfuzzer.14" URL="/tmp/libfuzzer.14" Extension="14" MIMEType="application/x-shockwave-flash" Cached="true" DownloadSize="243" StreamType="SceneDescription" CodecID="Raw media" InitialObjectDescriptor="true"/>
</GPACInspect>
<?xml version="1.0" encoding="UTF-8"?>
<GPACInspect>
[33m[Inspect] bitstream analysis for codec Raw media not supported
[0m<PIDConfigure PID="1" name="libfuzzer.14" SourcePath="/tmp/libfuzzer.14" URL="/tmp/libfuzzer.14" Extension="14" MIMEType="application/x-shockwave-flash" Cached="true" DownloadSize="243" StreamType="SceneDescription" CodecID="Raw media" InitialObjectDescriptor="true"/>
</GPACInspect>
<?xml version="1.0" encoding="UTF-8"?>
<GPACInspect>
[33m[Inspect] bitstream analysis for codec Raw media not supported
[0m<PIDConfigure PID="1" name="libfuzzer.14" SourcePath="/tmp/libfuzzer.14" URL="/tmp/libfuzzer.14" Extension="14" MIMEType="application/x-shockwave-flash" Cached="true" DownloadSize="243" StreamType="SceneDescription" CodecID="Raw media" InitialObjectDescriptor="true"/>
</GPACInspect>
<?xml version="1.0" encoding="UTF-8"?>
<GPACInspect>
[33m[Inspect] bitstream analysis for codec Raw media not supported
[0m<PIDConfigure PID="1" name="libfuzzer.14" SourcePath="/tmp/libfuzzer.14" URL="/tmp/libfuzzer.14" Extension="14" MIMEType="application/x-shockwave-flash" Cached="true" DownloadSize="243" StreamType="SceneDescription" CodecID="Raw media" InitialObjectDescriptor="true"/>
</GPACInspect>
<?xml version="1.0" encoding="UTF-8"?>
<GPACInspect>
[33m[Inspect] bitstream analysis for codec Raw media not supported
[0m<PIDConfigure PID="1" name="libfuzzer.14" SourcePath="/tmp/libfuzzer.14" URL="/tmp/libfuzzer.14" Extension="14" MIMEType="application/x-shockwave-flash" Cached="true" DownloadSize="243" StreamType="SceneDescription" CodecID="Raw media" InitialObjectDescriptor="true"/>
</GPACInspect>
<?xml version="1.0" encoding="UTF-8"?>
<GPACInspect>
[33m[Inspect] bitstream analysis for codec Raw media not supported
[0m<PIDConfigure PID="1" name="libfuzzer.14" SourcePath="/tmp/libfuzzer.14" URL="/tmp/libfuzzer.14" Extension="14" MIMEType="application/x-shockwave-flash" Cached="true" DownloadSize="243" StreamType="SceneDescription" CodecID="Raw media" InitialObjectDescriptor="true"/>
</GPACInspect>
<?xml version="1.0" encoding="UTF-8"?>
<GPACInspect>
[33m[Inspect] bitstream analysis for codec Raw media not supported
[0m<PIDConfigure PID="1" name="libfuzzer.14" SourcePath="/tmp/libfuzzer.14" URL="/tmp/libfuzzer.14" Extension="14" MIMEType="application/x-shockwave-flash" Cached="true" DownloadSize="243" StreamType="SceneDescription" CodecID="Raw media" InitialObjectDescriptor="true"/>
</GPACInspect>
<?xml version="1.0" encoding="UTF-8"?>
<GPACInspect>
[33m[Inspect] bitstream analysis for codec Raw media not supported
[0m<PIDConfigure PID="1" name="libfuzzer.14" SourcePath="/tmp/libfuzzer.14" URL="/tmp/libfuzzer.14" Extension="14" MIMEType="application/x-shockwave-flash" Cached="true" DownloadSize="243" StreamType="SceneDescription" CodecID="Raw media" InitialObjectDescriptor="true"/>
</GPACInspect>
<?xml version="1.0" encoding="UTF-8"?>
<GPACInspect>
[33m[Inspect] bitstream analysis for codec Raw media not supported
[0m<PIDConfigure PID="1" name="libfuzzer.14" SourcePath="/tmp/libfuzzer.14" URL="/tmp/libfuzzer.14" Extension="14" MIMEType="application/x-shockwave-flash" Cached="true" DownloadSize="243" StreamType="SceneDescription" CodecID="Raw media" InitialObjectDescriptor="true"/>
</GPACInspect>
<?xml version="1.0" encoding="UTF-8"?>
<GPACInspect>
[33m[Inspect] bitstream analysis for codec Raw media not supported
[0m<PIDConfigure PID="1" name="libfuzzer.14" SourcePath="/tmp/libfuzzer.14" URL="/tmp/libfuzzer.14" Extension="14" MIMEType="application/x-shockwave-flash" Cached="true" DownloadSize="243" StreamType="SceneDescription" CodecID="Raw media" InitialObjectDescriptor="true"/>
</GPACInspect>
<?xml version="1.0" encoding="UTF-8"?>
<GPACInspect>
[33m[Inspect] bitstream analysis for codec Raw media not supported
[0m<PIDConfigure PID="1" name="libfuzzer.14" SourcePath="/tmp/libfuzzer.14" URL="/tmp/libfuzzer.14" Extension="14" MIMEType="application/x-shockwave-flash" Cached="true" DownloadSize="243" StreamType="SceneDescription" CodecID="Raw media" InitialObjectDescriptor="true"/>
</GPACInspect>
<?xml version="1.0" encoding="UTF-8"?>
<GPACInspect>
[33m[Inspect] bitstream analysis for codec Raw media not supported
[0m<PIDConfigure PID="1" name="libfuzzer.14" SourcePath="/tmp/libfuzzer.14" URL="/tmp/libfuzzer.14" Extension="14" MIMEType="application/x-shockwave-flash" Cached="true" DownloadSize="243" StreamType="SceneDescription" CodecID="Raw media" InitialObjectDescriptor="true"/>
</GPACInspect>
<?xml version="1.0" encoding="UTF-8"?>
<GPACInspect>
[33m[Inspect] bitstream analysis for codec Raw media not supported
[0m<PIDConfigure PID="1" name="libfuzzer.14" SourcePath="/tmp/libfuzzer.14" URL="/tmp/libfuzzer.14" Extension="14" MIMEType="application/x-shockwave-flash" Cached="true" DownloadSize="243" StreamType="SceneDescription" CodecID="Raw media" InitialObjectDescriptor="true"/>
</GPACInspect>
<?xml version="1.0" encoding="UTF-8"?>
<GPACInspect>
[33m[Inspect] bitstream analysis for codec Raw media not supported
[0m<PIDConfigure PID="1" name="libfuzzer.14" SourcePath="/tmp/libfuzzer.14" URL="/tmp/libfuzzer.14" Extension="14" MIMEType="application/x-shockwave-flash" Cached="true" DownloadSize="243" StreamType="SceneDescription" CodecID="Raw media" InitialObjectDescriptor="true"/>
</GPACInspect>
<?xml version="1.0" encoding="UTF-8"?>
<GPACInspect>
[33m[Inspect] bitstream analysis for codec Raw media not supported
[0m<PIDConfigure PID="1" name="libfuzzer.14" SourcePath="/tmp/libfuzzer.14" URL="/tmp/libfuzzer.14" Extension="14" MIMEType="application/x-shockwave-flash" Cached="true" DownloadSize="243" StreamType="SceneDescription" CodecID="Raw media" InitialObjectDescriptor="true"/>
</GPACInspect>
<?xml version="1.0" encoding="UTF-8"?>
<GPACInspect>
[33m[Inspect] bitstream analysis for codec Raw media not supported
[0m<PIDConfigure PID="1" name="libfuzzer.14" SourcePath="/tmp/libfuzzer.14" URL="/tmp/libfuzzer.14" Extension="14" MIMEType="application/x-shockwave-flash" Cached="true" DownloadSize="243" StreamType="SceneDescription" CodecID="Raw media" InitialObjectDescriptor="true"/>
</GPACInspect>
<?xml version="1.0" encoding="UTF-8"?>
<GPACInspect>
[33m[Inspect] bitstream analysis for codec Raw media not supported
[0m<PIDConfigure PID="1" name="libfuzzer.14" SourcePath="/tmp/libfuzzer.14" URL="/tmp/libfuzzer.14" Extension="14" MIMEType="application/x-shockwave-flash" Cached="true" DownloadSize="243" StreamType="SceneDescription" CodecID="Raw media" InitialObjectDescriptor="true"/>
</GPACInspect>
<?xml version="1.0" encoding="UTF-8"?>
<GPACInspect>
[33m[Inspect] bitstream analysis for codec Raw media not supported
[0m<PIDConfigure PID="1" name="libfuzzer.14" SourcePath="/tmp/libfuzzer.14" URL="/tmp/libfuzzer.14" Extension="14" MIMEType="application/x-shockwave-flash" Cached="true" DownloadSize="243" StreamType="SceneDescription" CodecID="Raw media" InitialObjectDescriptor="true"/>
</GPACInspect>
<?xml version="1.0" encoding="UTF-8"?>
<GPACInspect>
[33m[Inspect] bitstream analysis for codec Raw media not supported
[0m<PIDConfigure PID="1" name="libfuzzer.14" SourcePath="/tmp/libfuzzer.14" URL="/tmp/libfuzzer.14" Extension="14" MIMEType="application/x-shockwave-flash" Cached="true" DownloadSize="243" StreamType="SceneDescription" CodecID="Raw media" InitialObjectDescriptor="true"/>
</GPACInspect>
<?xml version="1.0" encoding="UTF-8"?>
<GPACInspect>
[33m[Inspect] bitstream analysis for codec Raw media not supported
[0m<PIDConfigure PID="1" name="libfuzzer.14" SourcePath="/tmp/libfuzzer.14" URL="/tmp/libfuzzer.14" Extension="14" MIMEType="application/x-shockwave-flash" Cached="true" DownloadSize="243" StreamType="SceneDescription" CodecID="Raw media" InitialObjectDescriptor="true"/>
</GPACInspect>
<?xml version="1.0" encoding="UTF-8"?>
<GPACInspect>
[33m[Inspect] bitstream analysis for codec Raw media not supported
[0m<PIDConfigure PID="1" name="libfuzzer.14" SourcePath="/tmp/libfuzzer.14" URL="/tmp/libfuzzer.14" Extension="14" MIMEType="application/x-shockwave-flash" Cached="true" DownloadSize="243" StreamType="SceneDescription" CodecID="Raw media" InitialObjectDescriptor="true"/>
</GPACInspect>
<?xml version="1.0" encoding="UTF-8"?>
<GPACInspect>
[33m[Inspect] bitstream analysis for codec Raw media not supported
[0m<PIDConfigure PID="1" name="libfuzzer.14" SourcePath="/tmp/libfuzzer.14" URL="/tmp/libfuzzer.14" Extension="14" MIMEType="application/x-shockwave-flash" Cached="true" DownloadSize="243" StreamType="SceneDescription" CodecID="Raw media" InitialObjectDescriptor="true"/>
</GPACInspect>
<?xml version="1.0" encoding="UTF-8"?>
<GPACInspect>
[33m[Inspect] bitstream analysis for codec Raw media not supported
[0m<PIDConfigure PID="1" name="libfuzzer.14" SourcePath="/tmp/libfuzzer.14" URL="/tmp/libfuzzer.14" Extension="14" MIMEType="application/x-shockwave-flash" Cached="true" DownloadSize="243" StreamType="SceneDescription" CodecID="Raw media" InitialObjectDescriptor="true"/>
</GPACInspect>
<?xml version="1.0" encoding="UTF-8"?>
<GPACInspect>
[33m[Inspect] bitstream analysis for codec Raw media not supported
[0m<PIDConfigure PID="1" name="libfuzzer.14" SourcePath="/tmp/libfuzzer.14" URL="/tmp/libfuzzer.14" Extension="14" MIMEType="application/x-shockwave-flash" Cached="true" DownloadSize="243" StreamType="SceneDescription" CodecID="Raw media" InitialObjectDescriptor="true"/>
</GPACInspect>
<?xml version="1.0" encoding="UTF-8"?>
<GPACInspect>
[33m[Inspect] bitstream analysis for codec Raw media not supported
[0m<PIDConfigure PID="1" name="libfuzzer.14" SourcePath="/tmp/libfuzzer.14" URL="/tmp/libfuzzer.14" Extension="14" MIMEType="application/x-shockwave-flash" Cached="true" DownloadSize="243" StreamType="SceneDescription" CodecID="Raw media" InitialObjectDescriptor="true"/>
</GPACInspect>
<?xml version="1.0" encoding="UTF-8"?>
<GPACInspect>
[33m[Inspect] bitstream analysis for codec Raw media not supported
[0m<PIDConfigure PID="1" name="libfuzzer.14" SourcePath="/tmp/libfuzzer.14" URL="/tmp/libfuzzer.14" Extension="14" MIMEType="application/x-shockwave-flash" Cached="true" DownloadSize="243" StreamType="SceneDescription" CodecID="Raw media" InitialObjectDescriptor="true"/>
</GPACInspect>
<?xml version="1.0" encoding="UTF-8"?>
<GPACInspect>
[33m[Inspect] bitstream analysis for codec Raw media not supported
[0m<PIDConfigure PID="1" name="libfuzzer.14" SourcePath="/tmp/libfuzzer.14" URL="/tmp/libfuzzer.14" Extension="14" MIMEType="application/x-shockwave-flash" Cached="true" DownloadSize="243" StreamType="SceneDescription" CodecID="Raw media" InitialObjectDescriptor="true"/>
</GPACInspect>
<?xml version="1.0" encoding="UTF-8"?>
<GPACInspect>
[33m[Inspect] bitstream analysis for codec Raw media not supported
[0m<PIDConfigure PID="1" name="libfuzzer.14" SourcePath="/tmp/libfuzzer.14" URL="/tmp/libfuzzer.14" Extension="14" MIMEType="application/x-shockwave-flash" Cached="true" DownloadSize="243" StreamType="SceneDescription" CodecID="Raw media" InitialObjectDescriptor="true"/>
</GPACInspect>
<?xml version="1.0" encoding="UTF-8"?>
<GPACInspect>
[33m[Inspect] bitstream analysis for codec Raw media not supported
[0m<PIDConfigure PID="1" name="libfuzzer.14" SourcePath="/tmp/libfuzzer.14" URL="/tmp/libfuzzer.14" Extension="14" MIMEType="application/x-shockwave-flash" Cached="true" DownloadSize="243" StreamType="SceneDescription" CodecID="Raw media" InitialObjectDescriptor="true"/>
</GPACInspect>
<?xml version="1.0" encoding="UTF-8"?>
<GPACInspect>
[33m[Inspect] bitstream analysis for codec Raw media not supported
[0m<PIDConfigure PID="1" name="libfuzzer.14" SourcePath="/tmp/libfuzzer.14" URL="/tmp/libfuzzer.14" Extension="14" MIMEType="application/x-shockwave-flash" Cached="true" DownloadSize="243" StreamType="SceneDescription" CodecID="Raw media" InitialObjectDescriptor="true"/>
</GPACInspect>
<?xml version="1.0" encoding="UTF-8"?>
<GPACInspect>
[33m[Inspect] bitstream analysis for codec Raw media not supported
[0m<PIDConfigure PID="1" name="libfuzzer.14" SourcePath="/tmp/libfuzzer.14" URL="/tmp/libfuzzer.14" Extension="14" MIMEType="application/x-shockwave-flash" Cached="true" DownloadSize="243" StreamType="SceneDescription" CodecID="Raw media" InitialObjectDescriptor="true"/>
</GPACInspect>
<?xml version="1.0" encoding="UTF-8"?>
<GPACInspect>
[33m[Inspect] bitstream analysis for codec Raw media not supported
[0m<PIDConfigure PID="1" name="libfuzzer.14" SourcePath="/tmp/libfuzzer.14" URL="/tmp/libfuzzer.14" Extension="14" MIMEType="application/x-shockwave-flash" Cached="true" DownloadSize="243" StreamType="SceneDescription" CodecID="Raw media" InitialObjectDescriptor="true"/>
</GPACInspect>
<?xml version="1.0" encoding="UTF-8"?>
<GPACInspect>
[33m[Inspect] bitstream analysis for codec Raw media not supported
[0m<PIDConfigure PID="1" name="libfuzzer.14" SourcePath="/tmp/libfuzzer.14" URL="/tmp/libfuzzer.14" Extension="14" MIMEType="application/x-shockwave-flash" Cached="true" DownloadSize="243" StreamType="SceneDescription" CodecID="Raw media" InitialObjectDescriptor="true"/>
</GPACInspect>
<?xml version="1.0" encoding="UTF-8"?>
<GPACInspect>
[33m[Inspect] bitstream analysis for codec Raw media not supported
[0m<PIDConfigure PID="1" name="libfuzzer.14" SourcePath="/tmp/libfuzzer.14" URL="/tmp/libfuzzer.14" Extension="14" MIMEType="application/x-shockwave-flash" Cached="true" DownloadSize="243" StreamType="SceneDescription" CodecID="Raw media" InitialObjectDescriptor="true"/>
</GPACInspect>
<?xml version="1.0" encoding="UTF-8"?>
<GPACInspect>
[33m[Inspect] bitstream analysis for codec Raw media not supported
[0m<PIDConfigure PID="1" name="libfuzzer.14" SourcePath="/tmp/libfuzzer.14" URL="/tmp/libfuzzer.14" Extension="14" MIMEType="application/x-shockwave-flash" Cached="true" DownloadSize="243" StreamType="SceneDescription" CodecID="Raw media" InitialObjectDescriptor="true"/>
</GPACInspect>
<?xml version="1.0" encoding="UTF-8"?>
<GPACInspect>
[33m[Inspect] bitstream analysis for codec Raw media not supported
[0m<PIDConfigure PID="1" name="libfuzzer.14" SourcePath="/tmp/libfuzzer.14" URL="/tmp/libfuzzer.14" Extension="14" MIMEType="application/x-shockwave-flash" Cached="true" DownloadSize="243" StreamType="SceneDescription" CodecID="Raw media" InitialObjectDescriptor="true"/>
</GPACInspect>
<?xml version="1.0" encoding="UTF-8"?>
<GPACInspect>
[33m[Inspect] bitstream analysis for codec Raw media not supported
[0m<PIDConfigure PID="1" name="libfuzzer.14" SourcePath="/tmp/libfuzzer.14" URL="/tmp/libfuzzer.14" Extension="14" MIMEType="application/x-shockwave-flash" Cached="true" DownloadSize="243" StreamType="SceneDescription" CodecID="Raw media" InitialObjectDescriptor="true"/>
</GPACInspect>
<?xml version="1.0" encoding="UTF-8"?>
<GPACInspect>
[33m[Inspect] bitstream analysis for codec Raw media not supported
[0m<PIDConfigure PID="1" name="libfuzzer.14" SourcePath="/tmp/libfuzzer.14" URL="/tmp/libfuzzer.14" Extension="14" MIMEType="application/x-shockwave-flash" Cached="true" DownloadSize="243" StreamType="SceneDescription" CodecID="Raw media" InitialObjectDescriptor="true"/>
</GPACInspect>
<?xml version="1.0" encoding="UTF-8"?>
<GPACInspect>
[33m[Inspect] bitstream analysis for codec Raw media not supported
[0m<PIDConfigure PID="1" name="libfuzzer.14" SourcePath="/tmp/libfuzzer.14" URL="/tmp/libfuzzer.14" Extension="14" MIMEType="application/x-shockwave-flash" Cached="true" DownloadSize="243" StreamType="SceneDescription" CodecID="Raw media" InitialObjectDescriptor="true"/>
</GPACInspect>
<?xml version="1.0" encoding="UTF-8"?>
<GPACInspect>
[33m[Inspect] bitstream analysis for codec Raw media not supported
[0m<PIDConfigure PID="1" name="libfuzzer.14" SourcePath="/tmp/libfuzzer.14" URL="/tmp/libfuzzer.14" Extension="14" MIMEType="application/x-shockwave-flash" Cached="true" DownloadSize="243" StreamType="SceneDescription" CodecID="Raw media" InitialObjectDescriptor="true"/>
</GPACInspect>
<?xml version="1.0" encoding="UTF-8"?>
<GPACInspect>
[33m[Inspect] bitstream analysis for codec Raw media not supported
[0m<PIDConfigure PID="1" name="libfuzzer.14" SourcePath="/tmp/libfuzzer.14" URL="/tmp/libfuzzer.14" Extension="14" MIMEType="application/x-shockwave-flash" Cached="true" DownloadSize="243" StreamType="SceneDescription" CodecID="Raw media" InitialObjectDescriptor="true"/>
</GPACInspect>
<?xml version="1.0" encoding="UTF-8"?>
<GPACInspect>
[33m[Inspect] bitstream analysis for codec Raw media not supported
[0m<PIDConfigure PID="1" name="libfuzzer.14" SourcePath="/tmp/libfuzzer.14" URL="/tmp/libfuzzer.14" Extension="14" MIMEType="application/x-shockwave-flash" Cached="true" DownloadSize="243" StreamType="SceneDescription" CodecID="Raw media" InitialObjectDescriptor="true"/>
</GPACInspect>
<?xml version="1.0" encoding="UTF-8"?>
<GPACInspect>
[33m[Inspect] bitstream analysis for codec Raw media not supported
[0m<PIDConfigure PID="1" name="libfuzzer.14" SourcePath="/tmp/libfuzzer.14" URL="/tmp/libfuzzer.14" Extension="14" MIMEType="application/x-shockwave-flash" Cached="true" DownloadSize="243" StreamType="SceneDescription" CodecID="Raw media" InitialObjectDescriptor="true"/>
</GPACInspect>
<?xml version="1.0" encoding="UTF-8"?>
<GPACInspect>
[33m[Inspect] bitstream analysis for codec Raw media not supported
[0m<PIDConfigure PID="1" name="libfuzzer.14" SourcePath="/tmp/libfuzzer.14" URL="/tmp/libfuzzer.14" Extension="14" MIMEType="application/x-shockwave-flash" Cached="true" DownloadSize="243" StreamType="SceneDescription" CodecID="Raw media" InitialObjectDescriptor="true"/>
</GPACInspect>
<?xml version="1.0" encoding="UTF-8"?>
<GPACInspect>
[33m[Inspect] bitstream analysis for codec Raw media not supported
[0m<PIDConfigure PID="1" name="libfuzzer.14" SourcePath="/tmp/libfuzzer.14" URL="/tmp/libfuzzer.14" Extension="14" MIMEType="application/x-shockwave-flash" Cached="true" DownloadSize="243" StreamType="SceneDescription" CodecID="Raw media" InitialObjectDescriptor="true"/>
</GPACInspect>
<?xml version="1.0" encoding="UTF-8"?>
<GPACInspect>
[33m[Inspect] bitstream analysis for codec Raw media not supported
[0m<PIDConfigure PID="1" name="libfuzzer.14" SourcePath="/tmp/libfuzzer.14" URL="/tmp/libfuzzer.14" Extension="14" MIMEType="application/x-shockwave-flash" Cached="true" DownloadSize="243" StreamType="SceneDescription" CodecID="Raw media" InitialObjectDescriptor="true"/>
</GPACInspect>
<?xml version="1.0" encoding="UTF-8"?>
<GPACInspect>
[33m[Inspect] bitstream analysis for codec Raw media not supported
[0m<PIDConfigure PID="1" name="libfuzzer.14" SourcePath="/tmp/libfuzzer.14" URL="/tmp/libfuzzer.14" Extension="14" MIMEType="application/x-shockwave-flash" Cached="true" DownloadSize="243" StreamType="SceneDescription" CodecID="Raw media" InitialObjectDescriptor="true"/>
</GPACInspect>
<?xml version="1.0" encoding="UTF-8"?>
<GPACInspect>
[33m[Inspect] bitstream analysis for codec Raw media not supported
[0m<PIDConfigure PID="1" name="libfuzzer.14" SourcePath="/tmp/libfuzzer.14" URL="/tmp/libfuzzer.14" Extension="14" MIMEType="application/x-shockwave-flash" Cached="true" DownloadSize="243" StreamType="SceneDescription" CodecID="Raw media" InitialObjectDescriptor="true"/>
</GPACInspect>
<?xml version="1.0" encoding="UTF-8"?>
<GPACInspect>
[33m[Inspect] bitstream analysis for codec Raw media not supported
[0m<PIDConfigure PID="1" name="libfuzzer.14" SourcePath="/tmp/libfuzzer.14" URL="/tmp/libfuzzer.14" Extension="14" MIMEType="application/x-shockwave-flash" Cached="true" DownloadSize="243" StreamType="SceneDescription" CodecID="Raw media" InitialObjectDescriptor="true"/>
</GPACInspect>
<?xml version="1.0" encoding="UTF-8"?>
<GPACInspect>
[33m[Inspect] bitstream analysis for codec Raw media not supported
[0m<PIDConfigure PID="1" name="libfuzzer.14" SourcePath="/tmp/libfuzzer.14" URL="/tmp/libfuzzer.14" Extension="14" MIMEType="application/x-shockwave-flash" Cached="true" DownloadSize="243" StreamType="SceneDescription" CodecID="Raw media" InitialObjectDescriptor="true"/>
</GPACInspect>
<?xml version="1.0" encoding="UTF-8"?>
<GPACInspect>
[33m[Inspect] bitstream analysis for codec Raw media not supported
[0m<PIDConfigure PID="1" name="libfuzzer.14" SourcePath="/tmp/libfuzzer.14" URL="/tmp/libfuzzer.14" Extension="14" MIMEType="application/x-shockwave-flash" Cached="true" DownloadSize="243" StreamType="SceneDescription" CodecID="Raw media" InitialObjectDescriptor="true"/>
</GPACInspect>
<?xml version="1.0" encoding="UTF-8"?>
<GPACInspect>
[33m[Inspect] bitstream analysis for codec Raw media not supported
[0m<PIDConfigure PID="1" name="libfuzzer.14" SourcePath="/tmp/libfuzzer.14" URL="/tmp/libfuzzer.14" Extension="14" MIMEType="application/x-shockwave-flash" Cached="true" DownloadSize="243" StreamType="SceneDescription" CodecID="Raw media" InitialObjectDescriptor="true"/>
</GPACInspect>
<?xml version="1.0" encoding="UTF-8"?>
<GPACInspect>
[33m[Inspect] bitstream analysis for codec Raw media not supported
[0m<PIDConfigure PID="1" name="libfuzzer.14" SourcePath="/tmp/libfuzzer.14" URL="/tmp/libfuzzer.14" Extension="14" MIMEType="application/x-shockwave-flash" Cached="true" DownloadSize="243" StreamType="SceneDescription" CodecID="Raw media" InitialObjectDescriptor="true"/>
</GPACInspect>
<?xml version="1.0" encoding="UTF-8"?>
<GPACInspect>
[33m[Inspect] bitstream analysis for codec Raw media not supported
[0m<PIDConfigure PID="1" name="libfuzzer.14" SourcePath="/tmp/libfuzzer.14" URL="/tmp/libfuzzer.14" Extension="14" MIMEType="application/x-shockwave-flash" Cached="true" DownloadSize="243" StreamType="SceneDescription" CodecID="Raw media" InitialObjectDescriptor="true"/>
</GPACInspect>
<?xml version="1.0" encoding="UTF-8"?>
<GPACInspect>
[33m[Inspect] bitstream analysis for codec Raw media not supported
[0m<PIDConfigure PID="1" name="libfuzzer.14" SourcePath="/tmp/libfuzzer.14" URL="/tmp/libfuzzer.14" Extension="14" MIMEType="application/x-shockwave-flash" Cached="true" DownloadSize="243" StreamType="SceneDescription" CodecID="Raw media" InitialObjectDescriptor="true"/>
</GPACInspect>
<?xml version="1.0" encoding="UTF-8"?>
<GPACInspect>
[33m[Inspect] bitstream analysis for codec Raw media not supported
[0m<PIDConfigure PID="1" name="libfuzzer.14" SourcePath="/tmp/libfuzzer.14" URL="/tmp/libfuzzer.14" Extension="14" MIMEType="application/x-shockwave-flash" Cached="true" DownloadSize="243" StreamType="SceneDescription" CodecID="Raw media" InitialObjectDescriptor="true"/>
</GPACInspect>
<?xml version="1.0" encoding="UTF-8"?>
<GPACInspect>
[33m[Inspect] bitstream analysis for codec Raw media not supported
[0m<PIDConfigure PID="1" name="libfuzzer.14" SourcePath="/tmp/libfuzzer.14" URL="/tmp/libfuzzer.14" Extension="14" MIMEType="application/x-shockwave-flash" Cached="true" DownloadSize="243" StreamType="SceneDescription" CodecID="Raw media" InitialObjectDescriptor="true"/>
</GPACInspect>
<?xml version="1.0" encoding="UTF-8"?>
<GPACInspect>
[33m[Inspect] bitstream analysis for codec Raw media not supported
[0m<PIDConfigure PID="1" name="libfuzzer.14" SourcePath="/tmp/libfuzzer.14" URL="/tmp/libfuzzer.14" Extension="14" MIMEType="application/x-shockwave-flash" Cached="true" DownloadSize="243" StreamType="SceneDescription" CodecID="Raw media" InitialObjectDescriptor="true"/>
</GPACInspect>
<?xml version="1.0" encoding="UTF-8"?>
<GPACInspect>
[33m[Inspect] bitstream analysis for codec Raw media not supported
[0m<PIDConfigure PID="1" name="libfuzzer.14" SourcePath="/tmp/libfuzzer.14" URL="/tmp/libfuzzer.14" Extension="14" MIMEType="application/x-shockwave-flash" Cached="true" DownloadSize="243" StreamType="SceneDescription" CodecID="Raw media" InitialObjectDescriptor="true"/>
</GPACInspect>
<?xml version="1.0" encoding="UTF-8"?>
<GPACInspect>
[33m[Inspect] bitstream analysis for codec Raw media not supported
[0m<PIDConfigure PID="1" name="libfuzzer.14" SourcePath="/tmp/libfuzzer.14" URL="/tmp/libfuzzer.14" Extension="14" MIMEType="application/x-shockwave-flash" Cached="true" DownloadSize="243" StreamType="SceneDescription" CodecID="Raw media" InitialObjectDescriptor="true"/>
</GPACInspect>
<?xml version="1.0" encoding="UTF-8"?>
<GPACInspect>
[33m[Inspect] bitstream analysis for codec Raw media not supported
[0m<PIDConfigure PID="1" name="libfuzzer.14" SourcePath="/tmp/libfuzzer.14" URL="/tmp/libfuzzer.14" Extension="14" MIMEType="application/x-shockwave-flash" Cached="true" DownloadSize="243" StreamType="SceneDescription" CodecID="Raw media" InitialObjectDescriptor="true"/>
</GPACInspect>
<?xml version="1.0" encoding="UTF-8"?>
<GPACInspect>
[33m[Inspect] bitstream analysis for codec Raw media not supported
[0m<PIDConfigure PID="1" name="libfuzzer.14" SourcePath="/tmp/libfuzzer.14" URL="/tmp/libfuzzer.14" Extension="14" MIMEType="application/x-shockwave-flash" Cached="true" DownloadSize="243" StreamType="SceneDescription" CodecID="Raw media" InitialObjectDescriptor="true"/>
</GPACInspect>
<?xml version="1.0" encoding="UTF-8"?>
<GPACInspect>
[33m[Inspect] bitstream analysis for codec Raw media not supported
[0m<PIDConfigure PID="1" name="libfuzzer.14" SourcePath="/tmp/libfuzzer.14" URL="/tmp/libfuzzer.14" Extension="14" MIMEType="application/x-shockwave-flash" Cached="true" DownloadSize="243" StreamType="SceneDescription" CodecID="Raw media" InitialObjectDescriptor="true"/>
</GPACInspect>
<?xml version="1.0" encoding="UTF-8"?>
<GPACInspect>
[33m[Inspect] bitstream analysis for codec Raw media not supported
[0m<PIDConfigure PID="1" name="libfuzzer.14" SourcePath="/tmp/libfuzzer.14" URL="/tmp/libfuzzer.14" Extension="14" MIMEType="application/x-shockwave-flash" Cached="true" DownloadSize="243" StreamType="SceneDescription" CodecID="Raw media" InitialObjectDescriptor="true"/>
</GPACInspect>
<?xml version="1.0" encoding="UTF-8"?>
<GPACInspect>
[33m[Inspect] bitstream analysis for codec Raw media not supported
[0m<PIDConfigure PID="1" name="libfuzzer.14" SourcePath="/tmp/libfuzzer.14" URL="/tmp/libfuzzer.14" Extension="14" MIMEType="application/x-shockwave-flash" Cached="true" DownloadSize="243" StreamType="SceneDescription" CodecID="Raw media" InitialObjectDescriptor="true"/>
</GPACInspect>
<?xml version="1.0" encoding="UTF-8"?>
<GPACInspect>
[33m[Inspect] bitstream analysis for codec Raw media not supported
[0m<PIDConfigure PID="1" name="libfuzzer.14" SourcePath="/tmp/libfuzzer.14" URL="/tmp/libfuzzer.14" Extension="14" MIMEType="application/x-shockwave-flash" Cached="true" DownloadSize="243" StreamType="SceneDescription" CodecID="Raw media" InitialObjectDescriptor="true"/>
</GPACInspect>
<?xml version="1.0" encoding="UTF-8"?>
<GPACInspect>
[33m[Inspect] bitstream analysis for codec Raw media not supported
[0m<PIDConfigure PID="1" name="libfuzzer.14" SourcePath="/tmp/libfuzzer.14" URL="/tmp/libfuzzer.14" Extension="14" MIMEType="application/x-shockwave-flash" Cached="true" DownloadSize="243" StreamType="SceneDescription" CodecID="Raw media" InitialObjectDescriptor="true"/>
</GPACInspect>
<?xml version="1.0" encoding="UTF-8"?>
<GPACInspect>
[33m[Inspect] bitstream analysis for codec Raw media not supported
[0m<PIDConfigure PID="1" name="libfuzzer.14" SourcePath="/tmp/libfuzzer.14" URL="/tmp/libfuzzer.14" Extension="14" MIMEType="application/x-shockwave-flash" Cached="true" DownloadSize="243" StreamType="SceneDescription" CodecID="Raw media" InitialObjectDescriptor="true"/>
</GPACInspect>
<?xml version="1.0" encoding="UTF-8"?>
<GPACInspect>
[33m[Inspect] bitstream analysis for codec Raw media not supported
[0m<PIDConfigure PID="1" name="libfuzzer.14" SourcePath="/tmp/libfuzzer.14" URL="/tmp/libfuzzer.14" Extension="14" MIMEType="application/x-shockwave-flash" Cached="true" DownloadSize="243" StreamType="SceneDescription" CodecID="Raw media" InitialObjectDescriptor="true"/>
</GPACInspect>
<?xml version="1.0" encoding="UTF-8"?>
<GPACInspect>
[33m[Inspect] bitstream analysis for codec Raw media not supported
[0m<PIDConfigure PID="1" name="libfuzzer.14" SourcePath="/tmp/libfuzzer.14" URL="/tmp/libfuzzer.14" Extension="14" MIMEType="application/x-shockwave-flash" Cached="true" DownloadSize="243" StreamType="SceneDescription" CodecID="Raw media" InitialObjectDescriptor="true"/>
</GPACInspect>
<?xml version="1.0" encoding="UTF-8"?>
<GPACInspect>
[33m[Inspect] bitstream analysis for codec Raw media not supported
[0m<PIDConfigure PID="1" name="libfuzzer.14" SourcePath="/tmp/libfuzzer.14" URL="/tmp/libfuzzer.14" Extension="14" MIMEType="application/x-shockwave-flash" Cached="true" DownloadSize="243" StreamType="SceneDescription" CodecID="Raw media" InitialObjectDescriptor="true"/>
</GPACInspect>
<?xml version="1.0" encoding="UTF-8"?>
<GPACInspect>
[33m[Inspect] bitstream analysis for codec Raw media not supported
[0m<PIDConfigure PID="1" name="libfuzzer.14" SourcePath="/tmp/libfuzzer.14" URL="/tmp/libfuzzer.14" Extension="14" MIMEType="application/x-shockwave-flash" Cached="true" DownloadSize="243" StreamType="SceneDescription" CodecID="Raw media" InitialObjectDescriptor="true"/>
</GPACInspect>
<?xml version="1.0" encoding="UTF-8"?>
<GPACInspect>
[33m[Inspect] bitstream analysis for codec Raw media not supported
[0m<PIDConfigure PID="1" name="libfuzzer.14" SourcePath="/tmp/libfuzzer.14" URL="/tmp/libfuzzer.14" Extension="14" MIMEType="application/x-shockwave-flash" Cached="true" DownloadSize="243" StreamType="SceneDescription" CodecID="Raw media" InitialObjectDescriptor="true"/>
</GPACInspect>
<?xml version="1.0" encoding="UTF-8"?>
<GPACInspect>
[33m[Inspect] bitstream analysis for codec Raw media not supported
[0m<PIDConfigure PID="1" name="libfuzzer.14" SourcePath="/tmp/libfuzzer.14" URL="/tmp/libfuzzer.14" Extension="14" MIMEType="application/x-shockwave-flash" Cached="true" DownloadSize="243" StreamType="SceneDescription" CodecID="Raw media" InitialObjectDescriptor="true"/>
</GPACInspect>
<?xml version="1.0" encoding="UTF-8"?>
<GPACInspect>
[33m[Inspect] bitstream analysis for codec Raw media not supported
[0m<PIDConfigure PID="1" name="libfuzzer.14" SourcePath="/tmp/libfuzzer.14" URL="/tmp/libfuzzer.14" Extension="14" MIMEType="application/x-shockwave-flash" Cached="true" DownloadSize="243" StreamType="SceneDescription" CodecID="Raw media" InitialObjectDescriptor="true"/>
</GPACInspect>
<?xml version="1.0" encoding="UTF-8"?>
<GPACInspect>
[33m[Inspect] bitstream analysis for codec Raw media not supported
[0m<PIDConfigure PID="1" name="libfuzzer.14" SourcePath="/tmp/libfuzzer.14" URL="/tmp/libfuzzer.14" Extension="14" MIMEType="application/x-shockwave-flash" Cached="true" DownloadSize="243" StreamType="SceneDescription" CodecID="Raw media" InitialObjectDescriptor="true"/>
</GPACInspect>
<?xml version="1.0" encoding="UTF-8"?>
<GPACInspect>
[33m[Inspect] bitstream analysis for codec Raw media not supported
[0m<PIDConfigure PID="1" name="libfuzzer.14" SourcePath="/tmp/libfuzzer.14" URL="/tmp/libfuzzer.14" Extension="14" MIMEType="application/x-shockwave-flash" Cached="true" DownloadSize="243" StreamType="SceneDescription" CodecID="Raw media" InitialObjectDescriptor="true"/>
</GPACInspect>
<?xml version="1.0" encoding="UTF-8"?>
<GPACInspect>
[33m[Inspect] bitstream analysis for codec Raw media not supported
[0m<PIDConfigure PID="1" name="libfuzzer.14" SourcePath="/tmp/libfuzzer.14" URL="/tmp/libfuzzer.14" Extension="14" MIMEType="application/x-shockwave-flash" Cached="true" DownloadSize="243" StreamType="SceneDescription" CodecID="Raw media" InitialObjectDescriptor="true"/>
</GPACInspect>
<?xml version="1.0" encoding="UTF-8"?>
<GPACInspect>
[33m[Inspect] bitstream analysis for codec Raw media not supported
[0m<PIDConfigure PID="1" name="libfuzzer.14" SourcePath="/tmp/libfuzzer.14" URL="/tmp/libfuzzer.14" Extension="14" MIMEType="application/x-shockwave-flash" Cached="true" DownloadSize="243" StreamType="SceneDescription" CodecID="Raw media" InitialObjectDescriptor="true"/>
</GPACInspect>
Executed /testcase in 3290 ms
***
*** NOTE: fuzzing was not performed, you have only
***       executed the target code on a fixed set of inputs.
***
INFO:__main__:Running: docker run --privileged --shm-size=2g --platform linux/amd64 --rm -i -e HELPER=True -e ARCHITECTURE=x86_64 -v /mnt/sdb/oss-fuzz/oss-fuzz/build/out/gpac:/out -v /mnt/sdb/oss-fuzz/oss-fuzz/build/out/gpac/testcase/testcase_368657263:/testcase -t gcr.io/oss-fuzz-base/base-runner reproduce fuzz_probe_analyze -runs=100.

==================================================
PoC Triggered: NO
