tittle:graphql-java:GraphqlFuzzer: Security exception in graphql.schema.GraphQLTypeUtil.simplePrint
status:Verified
type:Vulnerability
commit_url:https://github.com/graphql-java/graphql-java/commit/ef846bf7a25a4deb8e860c3be2003968c9fcc493
commit_url_new:https://github.com/graphql-java/graphql-java/commit/0bc0845f18c33af5859288ce15244e804a92fc2c
module:graphql-java
target:GraphqlFuzzer
have 1 changed files:['jump get_diff!']
==================================================
+ FUZZER=GraphqlFuzzer
+ shift
+ '[' '!' -v TESTCASE ']'
+ TESTCASE=/testcase
+ '[' '!' -f /testcase ']'
+ export RUN_FUZZER_MODE=interactive
+ RUN_FUZZER_MODE=interactive
+ export FUZZING_ENGINE=libfuzzer
+ FUZZING_ENGINE=libfuzzer
+ export SKIP_SEED_CORPUS=1
+ SKIP_SEED_CORPUS=1
+ run_fuzzer GraphqlFuzzer -runs=100 /testcase
vm.mmap_rnd_bits = 28
/out/GraphqlFuzzer -rss_limit_mb=2560 -timeout=25 -runs=100 /testcase < /dev/null
OpenJDK 64-Bit Server VM warning: Option CriticalJNINatives was deprecated in version 16.0 and will likely be removed in a future release.
OpenJDK 64-Bit Server VM warning: Sharing is only supported for boot loader classes because bootstrap classpath has been appended
INFO: Loaded 382 hooks from com.code_intelligence.jazzer.runtime.TraceCmpHooks
INFO: Loaded 5 hooks from com.code_intelligence.jazzer.runtime.TraceDivHooks
INFO: Loaded 2 hooks from com.code_intelligence.jazzer.runtime.TraceIndirHooks
INFO: Loaded 4 hooks from com.code_intelligence.jazzer.runtime.NativeLibHooks
INFO: Loaded 2 hooks from com.code_intelligence.jazzer.sanitizers.ClojureLangHooks
INFO: Loaded 5 hooks from com.code_intelligence.jazzer.sanitizers.Deserialization
INFO: Loaded 5 hooks from com.code_intelligence.jazzer.sanitizers.ExpressionLanguageInjection
INFO: Loaded 70 hooks from com.code_intelligence.jazzer.sanitizers.LdapInjection
INFO: Loaded 46 hooks from com.code_intelligence.jazzer.sanitizers.NamingContextLookup
INFO: Loaded 1 hooks from com.code_intelligence.jazzer.sanitizers.OsCommandInjection
INFO: Loaded 48 hooks from com.code_intelligence.jazzer.sanitizers.ReflectiveCall
INFO: Loaded 8 hooks from com.code_intelligence.jazzer.sanitizers.RegexInjection
INFO: Loaded 16 hooks from com.code_intelligence.jazzer.sanitizers.RegexRoadblocks
INFO: Loaded 12 hooks from com.code_intelligence.jazzer.sanitizers.ScriptEngineInjection
INFO: Loaded 3 hooks from com.code_intelligence.jazzer.sanitizers.ServerSideRequestForgery
INFO: Loaded 19 hooks from com.code_intelligence.jazzer.sanitizers.SqlInjection
INFO: Loaded 6 hooks from com.code_intelligence.jazzer.sanitizers.XPathInjection
INFO: Instrumented GraphqlFuzzer (took 254 ms, size +17%)
INFO: Instrumented graphql.GraphQLException (took 40 ms, size +13%)
INFO: using inputs from: /testcase
INFO: found LLVMFuzzerCustomMutator (0x7fcfaa6a1a00). Disabling -len_control by default.
INFO: libFuzzer ignores flags that start with '--'
INFO: Running with entropic power schedule (0xFF, 100).
INFO: Seed: 2338561608
INFO: Loaded 1 modules   (512 inline 8-bit counters): 512 [0x562ac2853350, 0x562ac2853550), 
INFO: Loaded 1 PC tables (512 PCs): 512 [0x562ac281be60,0x562ac281de60), 
jazzer: Running 1 inputs 100 time(s) each.
Running: /testcase
INFO: Instrumented graphql.schema.idl.SchemaParser (took 100 ms, size +7%)
INFO: Instrumented graphql.parser.InvalidSyntaxException (took 25 ms, size +7%)
INFO: Instrumented graphql.schema.idl.errors.SchemaProblem (took 19 ms, size +7%)
INFO: Instrumented graphql.schema.idl.SchemaGenerator (took 43 ms, size +5%)
INFO: Instrumented graphql.language.Node (took 6 ms, size +0%)
INFO: Instrumented graphql.schema.idl.SchemaTypeChecker (took 225 ms, size +5%)
INFO: Instrumented graphql.language.TypeDefinition (took 3 ms, size +0%)
INFO: Instrumented graphql.language.SDLNamedDefinition (took 6 ms, size +0%)
INFO: Instrumented graphql.language.SDLDefinition (took 3 ms, size +0%)
INFO: Instrumented graphql.language.Definition (took 0 ms, size +0%)
INFO: Instrumented graphql.language.DirectivesContainer (took 15 ms, size +26%)
INFO: Instrumented graphql.language.NamedNode (took 2 ms, size +0%)
INFO: Instrumented graphql.language.Type (took 3 ms, size +0%)
INFO: New number of coverage counters: 1024
INFO: Instrumented graphql.schema.idl.SchemaGeneratorHelper (took 262 ms, size +11%)
INFO: Instrumented graphql.schema.GraphqlDirectivesContainerTypeBuilder (took 47 ms, size +7%)
INFO: Instrumented graphql.schema.GraphqlTypeBuilder (took 17 ms, size +4%)
INFO: Instrumented graphql.schema.GraphQLInputObjectField$Builder (took 26 ms, size +4%)
INFO: Instrumented graphql.schema.GraphQLDirectiveContainer (took 11 ms, size +29%)
INFO: Instrumented graphql.schema.GraphQLNamedSchemaElement (took 4 ms, size +0%)
INFO: Instrumented graphql.schema.GraphQLSchemaElement (took 7 ms, size +6%)
INFO: Instrumented graphql.schema.GraphQLEnumValueDefinition$Builder (took 16 ms, size +5%)
INFO: Instrumented graphql.schema.GraphQLType (took 0 ms, size +0%)
INFO: Instrumented graphql.schema.GraphQLInputType (took 0 ms, size +0%)
INFO: Instrumented graphql.schema.GraphQLInputSchemaElement (took 2 ms, size +0%)
INFO: Instrumented graphql.schema.idl.errors.NotAnInputTypeError (took 8 ms, size +8%)
INFO: Instrumented graphql.schema.idl.errors.BaseError (took 11 ms, size +7%)
INFO: Instrumented graphql.GraphQLError (took 6 ms, size +9%)
INFO: New number of coverage counters: 2048
INFO: Instrumented graphql.schema.GraphQLInputObjectType$Builder (took 34 ms, size +8%)
INFO: Instrumented graphql.schema.GraphQLEnumType$Builder (took 46 ms, size +8%)
INFO: Instrumented graphql.schema.GraphQLScalarType$Builder (took 35 ms, size +5%)
INFO: Instrumented graphql.schema.TypeResolver (took 2 ms, size +0%)
INFO: Instrumented graphql.schema.GraphQLOutputType (took 0 ms, size +0%)
INFO: Instrumented graphql.schema.idl.errors.NotAnOutputTypeError (took 8 ms, size +8%)
INFO: Instrumented graphql.schema.GraphQLInterfaceType$Builder (took 31 ms, size +8%)
INFO: Instrumented graphql.schema.GraphQLObjectType$Builder (took 58 ms, size +9%)
INFO: Instrumented graphql.schema.GraphQLUnionType$Builder (took 55 ms, size +10%)
INFO: Instrumented graphql.schema.GraphQLFieldDefinition$Builder (took 73 ms, size +5%)
INFO: Instrumented graphql.schema.DataFetcher (took 4 ms, size +0%)
INFO: Instrumented graphql.schema.GraphQLArgument$Builder (took 33 ms, size +4%)
INFO: Instrumented graphql.schema.GraphQLNamedOutputType (took 1 ms, size +0%)
INFO: Instrumented graphql.schema.GraphQLNamedType (took 0 ms, size +0%)
INFO: Instrumented graphql.parser.ParserOptions (took 15 ms, size +9%)
INFO: Instrumented graphql.parser.ParserOptions$Builder (took 18 ms, size +6%)
INFO: Instrumented graphql.parser.ParsingListener (took 5 ms, size +9%)
INFO: Instrumented graphql.parser.ParsingListener$Token (took 0 ms, size +0%)
INFO: Instrumented graphql.parser.ParserEnvironment (took 2 ms, size +13%)
INFO: Instrumented graphql.parser.ParserEnvironment$Builder (took 6 ms, size +7%)
INFO: Instrumented graphql.Assert (took 53 ms, size +14%)
INFO: Instrumented graphql.AssertException (took 6 ms, size +21%)
INFO: Instrumented graphql.i18n.I18n$BundleType (took 16 ms, size +8%)
INFO: Instrumented graphql.i18n.I18n (took 32 ms, size +6%)
INFO: Instrumented graphql.parser.ParserEnvironment$Builder$1 (took 15 ms, size +9%)
INFO: Instrumented graphql.parser.Parser (took 97 ms, size +9%)
INFO: Instrumented graphql.org.antlr.v4.runtime.TokenSource (took 3 ms, size +0%)
INFO: Instrumented graphql.org.antlr.v4.runtime.TokenStream (took 0 ms, size +0%)
INFO: Instrumented graphql.org.antlr.v4.runtime.IntStream (took 0 ms, size +0%)
INFO: Instrumented graphql.org.antlr.v4.runtime.ANTLRErrorStrategy (took 2 ms, size +0%)
INFO: Instrumented graphql.parser.MultiSourceReader (took 45 ms, size +13%)
INFO: Instrumented graphql.parser.exceptions.ParseCancelledTooManyCharsException (took 8 ms, size +9%)
INFO: Instrumented graphql.parser.exceptions.ParseCancelledTooDeepException (took 6 ms, size +7%)
INFO: Instrumented graphql.parser.exceptions.ParseCancelledException (took 2 ms, size +7%)
INFO: Instrumented graphql.parser.SafeTokenReader (took 34 ms, size +12%)
INFO: Instrumented graphql.org.antlr.v4.runtime.CharStream (took 2 ms, size +0%)
INFO: Instrumented graphql.org.antlr.v4.runtime.ANTLRErrorListener (took 1 ms, size +0%)
INFO: Instrumented graphql.org.antlr.v4.runtime.tree.ParseTreeListener (took 1 ms, size +0%)
INFO: New number of coverage counters: 4096
INFO: Instrumented graphql.parser.antlr.GraphqlParser (took 302 ms, size +17%)
INFO: New number of coverage counters: 8192
INFO: Instrumented graphql.org.antlr.v4.runtime.Parser (took 44 ms, size +14%)
INFO: Instrumented graphql.org.antlr.v4.runtime.Recognizer (took 18 ms, size +16%)
INFO: Instrumented graphql.parser.GraphqlAntlrToLanguage (took 76 ms, size +9%)
INFO: Instrumented graphql.parser.MultiSourceReader$Builder (took 3 ms, size +7%)
INFO: Instrumented graphql.parser.MultiSourceReader$SourcePart (took 1 ms, size +17%)
INFO: Instrumented graphql.util.LockKit$ReentrantLock (took 4 ms, size +10%)
INFO: Instrumented graphql.org.antlr.v4.runtime.CharStreams (took 13 ms, size +17%)
INFO: Instrumented graphql.org.antlr.v4.runtime.CodePointBuffer (took 18 ms, size +13%)
INFO: Instrumented graphql.org.antlr.v4.runtime.CodePointBuffer$Builder (took 17 ms, size +20%)
INFO: Instrumented graphql.org.antlr.v4.runtime.CodePointBuffer$Type (took 3 ms, size +10%)
INFO: Instrumented graphql.org.antlr.v4.runtime.CodePointBuffer$1 (took 3 ms, size +16%)
INFO: Instrumented graphql.org.antlr.v4.runtime.CodePointCharStream (took 9 ms, size +14%)
INFO: Instrumented graphql.org.antlr.v4.runtime.CodePointCharStream$CodePoint8BitCharStream (took 9 ms, size +21%)
INFO: Instrumented graphql.org.antlr.v4.runtime.CodePointCharStream$CodePoint16BitCharStream (took 6 ms, size +22%)
INFO: Instrumented graphql.org.antlr.v4.runtime.CodePointCharStream$CodePoint32BitCharStream (took 6 ms, size +23%)
INFO: Instrumented graphql.org.antlr.v4.runtime.CodePointCharStream$1 (took 1 ms, size +15%)
INFO: Instrumented graphql.parser.antlr.GraphqlLexer (took 21 ms, size +8%)
INFO: Instrumented graphql.org.antlr.v4.runtime.Lexer (took 34 ms, size +11%)
INFO: Instrumented graphql.org.antlr.v4.runtime.LexerNoViableAltException (took 12 ms, size +14%)
INFO: Instrumented graphql.org.antlr.v4.runtime.RecognitionException (took 9 ms, size +6%)
INFO: Instrumented graphql.org.antlr.v4.runtime.atn.ATNSimulator (took 7 ms, size +6%)
INFO: Instrumented graphql.org.antlr.v4.runtime.atn.LexerATNSimulator (took 52 ms, size +16%)
INFO: Instrumented graphql.org.antlr.v4.runtime.Vocabulary (took 0 ms, size +0%)
INFO: Instrumented graphql.org.antlr.v4.runtime.RuntimeMetaData (took 8 ms, size +86%)
INFO: Instrumented graphql.org.antlr.v4.runtime.atn.PredictionContextCache (took 5 ms, size +28%)
INFO: Instrumented graphql.org.antlr.v4.runtime.atn.PredictionContext (took 30 ms, size +22%)
INFO: Instrumented graphql.org.antlr.v4.runtime.atn.EmptyPredictionContext (took 5 ms, size +12%)
INFO: Instrumented graphql.org.antlr.v4.runtime.atn.SingletonPredictionContext (took 7 ms, size +25%)
INFO: Instrumented graphql.org.antlr.v4.runtime.VocabularyImpl (took 6 ms, size +24%)
INFO: Instrumented graphql.org.antlr.v4.runtime.atn.ATNDeserializer (took 36 ms, size +17%)
INFO: Instrumented graphql.org.antlr.v4.runtime.atn.LexerAction (took 1 ms, size +0%)
INFO: Instrumented graphql.org.antlr.v4.runtime.atn.Transition (took 3 ms, size +7%)
INFO: Instrumented graphql.org.antlr.v4.runtime.atn.EpsilonTransition (took 3 ms, size +11%)
INFO: Instrumented graphql.org.antlr.v4.runtime.atn.ATNState (took 8 ms, size +13%)
INFO: Instrumented graphql.org.antlr.v4.runtime.atn.BasicBlockStartState (took 1 ms, size +22%)
INFO: Instrumented graphql.org.antlr.v4.runtime.atn.BlockStartState (took 2 ms, size +22%)
INFO: Instrumented graphql.org.antlr.v4.runtime.atn.DecisionState (took 1 ms, size +22%)
INFO: Instrumented graphql.org.antlr.v4.runtime.atn.BlockEndState (took 1 ms, size +20%)
INFO: Instrumented graphql.org.antlr.v4.runtime.atn.RuleStopState (took 2 ms, size +23%)
INFO: Instrumented graphql.org.antlr.v4.runtime.atn.BasicState (took 1 ms, size +24%)
INFO: Instrumented graphql.org.antlr.v4.runtime.atn.AtomTransition (took 3 ms, size +20%)
INFO: Instrumented graphql.org.antlr.v4.runtime.atn.RangeTransition (took 3 ms, size +20%)
INFO: Instrumented graphql.org.antlr.v4.runtime.atn.RuleTransition (took 4 ms, size +9%)
INFO: Instrumented graphql.org.antlr.v4.runtime.atn.PredicateTransition (took 3 ms, size +7%)
INFO: Instrumented graphql.org.antlr.v4.runtime.atn.AbstractPredicateTransition (took 1 ms, size +18%)
INFO: Instrumented graphql.org.antlr.v4.runtime.atn.PrecedencePredicateTransition (took 3 ms, size +7%)
INFO: Instrumented graphql.org.antlr.v4.runtime.atn.ActionTransition (took 3 ms, size +8%)
INFO: Instrumented graphql.org.antlr.v4.runtime.atn.SetTransition (took 2 ms, size +10%)
INFO: Instrumented graphql.org.antlr.v4.runtime.atn.NotSetTransition (took 6 ms, size +28%)
INFO: Instrumented graphql.org.antlr.v4.runtime.atn.WildcardTransition (took 3 ms, size +31%)
INFO: Instrumented graphql.org.antlr.v4.runtime.atn.RuleStartState (took 7 ms, size +18%)
INFO: Instrumented graphql.org.antlr.v4.runtime.atn.PlusBlockStartState (took 3 ms, size +19%)
INFO: Instrumented graphql.org.antlr.v4.runtime.atn.StarBlockStartState (took 4 ms, size +22%)
INFO: Instrumented graphql.org.antlr.v4.runtime.atn.TokensStartState (took 6 ms, size +22%)
INFO: Instrumented graphql.org.antlr.v4.runtime.atn.StarLoopbackState (took 4 ms, size +13%)
INFO: Instrumented graphql.org.antlr.v4.runtime.atn.StarLoopEntryState (took 3 ms, size +18%)
INFO: Instrumented graphql.org.antlr.v4.runtime.atn.PlusLoopbackState (took 3 ms, size +22%)
INFO: Instrumented graphql.org.antlr.v4.runtime.atn.LoopEndState (took 2 ms, size +20%)
INFO: Instrumented graphql.org.antlr.v4.runtime.atn.ATNDeserializationOptions (took 10 ms, size +17%)
INFO: Instrumented graphql.org.antlr.v4.runtime.atn.ATNType (took 8 ms, size +11%)
INFO: Instrumented graphql.org.antlr.v4.runtime.atn.ATN (took 12 ms, size +12%)
INFO: Instrumented graphql.org.antlr.v4.runtime.misc.IntSet (took 1 ms, size +0%)
INFO: Instrumented graphql.org.antlr.v4.runtime.misc.Pair (took 3 ms, size +18%)
INFO: Instrumented graphql.org.antlr.v4.runtime.misc.IntervalSet (took 33 ms, size +23%)
INFO: Instrumented graphql.org.antlr.v4.runtime.misc.Interval (took 9 ms, size +30%)
INFO: Instrumented graphql.org.antlr.v4.runtime.atn.Transition$1 (took 3 ms, size +11%)
INFO: Instrumented graphql.org.antlr.v4.runtime.atn.LexerActionType (took 6 ms, size +11%)
INFO: Instrumented graphql.org.antlr.v4.runtime.atn.ATNDeserializer$1 (took 1 ms, size +18%)
INFO: Instrumented graphql.org.antlr.v4.runtime.atn.LexerChannelAction (took 7 ms, size +17%)
INFO: Instrumented graphql.org.antlr.v4.runtime.dfa.DFA (took 12 ms, size +13%)
INFO: Instrumented graphql.org.antlr.v4.runtime.dfa.DFASerializer (took 5 ms, size +15%)
INFO: Instrumented graphql.org.antlr.v4.runtime.dfa.LexerDFASerializer (took 4 ms, size +11%)
INFO: Instrumented graphql.org.antlr.v4.runtime.Recognizer$1 (took 5 ms, size +11%)
INFO: Instrumented graphql.org.antlr.v4.runtime.ConsoleErrorListener (took 6 ms, size +7%)
INFO: Instrumented graphql.org.antlr.v4.runtime.BaseErrorListener (took 6 ms, size +5%)
INFO: Instrumented graphql.org.antlr.v4.runtime.CommonTokenFactory (took 14 ms, size +10%)
INFO: Instrumented graphql.org.antlr.v4.runtime.TokenFactory (took 2 ms, size +0%)
INFO: Instrumented graphql.org.antlr.v4.runtime.Token (took 4 ms, size +0%)
INFO: Instrumented graphql.org.antlr.v4.runtime.misc.IntegerStack (took 8 ms, size +12%)
INFO: Instrumented graphql.org.antlr.v4.runtime.misc.IntegerList (took 54 ms, size +23%)
INFO: Instrumented graphql.org.antlr.v4.runtime.atn.ATNConfig (took 29 ms, size +23%)
INFO: Instrumented graphql.org.antlr.v4.runtime.atn.LexerATNConfig (took 19 ms, size +12%)
INFO: Instrumented graphql.org.antlr.v4.runtime.atn.ATNConfigSet (took 61 ms, size +12%)
INFO: Instrumented graphql.org.antlr.v4.runtime.atn.OrderedATNConfigSet (took 4 ms, size +14%)
INFO: Instrumented graphql.org.antlr.v4.runtime.dfa.DFAState (took 11 ms, size +14%)
INFO: Instrumented graphql.org.antlr.v4.runtime.atn.ATNConfigSet$AbstractConfigHashSet (took 12 ms, size +11%)
INFO: Instrumented graphql.org.antlr.v4.runtime.misc.Array2DHashSet (took 70 ms, size +17%)
INFO: Instrumented graphql.org.antlr.v4.runtime.atn.ATNConfigSet$ConfigHashSet (took 4 ms, size +11%)
INFO: Instrumented graphql.org.antlr.v4.runtime.misc.AbstractEqualityComparator (took 3 ms, size +14%)
INFO: Instrumented graphql.org.antlr.v4.runtime.misc.EqualityComparator (took 0 ms, size +0%)
INFO: Instrumented graphql.org.antlr.v4.runtime.misc.ObjectEqualityComparator (took 10 ms, size +46%)
INFO: Instrumented graphql.org.antlr.v4.runtime.atn.ATNConfigSet$ConfigEqualityComparator (took 11 ms, size +38%)
INFO: Instrumented graphql.org.antlr.v4.runtime.atn.LexerATNSimulator$SimState (took 2 ms, size +13%)
INFO: Instrumented graphql.parser.Parser$1 (took 3 ms, size +4%)
INFO: Instrumented graphql.parser.SafeTokenSource (took 10 ms, size +11%)
INFO: Instrumented graphql.org.antlr.v4.runtime.CommonTokenStream (took 6 ms, size +31%)
INFO: Instrumented graphql.org.antlr.v4.runtime.BufferedTokenStream (took 60 ms, size +23%)
INFO: Instrumented graphql.org.antlr.v4.runtime.RuleContext (took 45 ms, size +11%)
INFO: Instrumented graphql.org.antlr.v4.runtime.tree.RuleNode (took 0 ms, size +0%)
INFO: Instrumented graphql.org.antlr.v4.runtime.tree.ParseTree (took 4 ms, size +9%)
INFO: Instrumented graphql.org.antlr.v4.runtime.tree.SyntaxTree (took 0 ms, size +0%)
INFO: Instrumented graphql.org.antlr.v4.runtime.tree.Tree (took 0 ms, size +0%)
INFO: Instrumented graphql.org.antlr.v4.runtime.ParserRuleContext (took 45 ms, size +14%)
INFO: Instrumented graphql.org.antlr.v4.runtime.tree.ErrorNode (took 0 ms, size +0%)
INFO: Instrumented graphql.org.antlr.v4.runtime.tree.TerminalNode (took 1 ms, size +0%)
INFO: Instrumented graphql.org.antlr.v4.runtime.atn.ProfilingATNSimulator (took 17 ms, size +11%)
INFO: New number of coverage counters: 16384
INFO: Instrumented graphql.org.antlr.v4.runtime.atn.ParserATNSimulator (took 84 ms, size +18%)
INFO: Instrumented graphql.parser.antlr.GraphqlParser$NameContext (took 13 ms, size +12%)
INFO: Instrumented graphql.org.antlr.v4.runtime.NoViableAltException (took 2 ms, size +8%)
INFO: Instrumented graphql.parser.antlr.GraphqlParser$TypeContext (took 4 ms, size +12%)
INFO: Instrumented graphql.parser.antlr.GraphqlParser$ValueContext (took 5 ms, size +11%)
INFO: Instrumented graphql.parser.antlr.GraphqlParser$FieldContext (took 5 ms, size +10%)
INFO: Instrumented graphql.parser.antlr.GraphqlParser$BaseNameContext (took 9 ms, size +12%)
INFO: Instrumented graphql.parser.antlr.GraphqlParser$DirectivesContext (took 3 ms, size +12%)
INFO: Instrumented graphql.parser.antlr.GraphqlParser$DefaultValueContext (took 3 ms, size +13%)
INFO: Instrumented graphql.parser.antlr.GraphqlParser$TypeNameContext (took 3 ms, size +13%)
INFO: Instrumented graphql.parser.antlr.GraphqlParser$ArgumentsContext (took 3 ms, size +12%)
INFO: Instrumented graphql.parser.antlr.GraphqlParser$ArgumentContext (took 3 ms, size +12%)
INFO: Instrumented graphql.parser.antlr.GraphqlParser$AliasContext (took 3 ms, size +13%)
INFO: Instrumented graphql.parser.antlr.GraphqlParser$DirectiveContext (took 3 ms, size +12%)
INFO: Instrumented graphql.parser.antlr.GraphqlParser$DescriptionContext (took 3 ms, size +14%)
INFO: Instrumented graphql.parser.antlr.GraphqlParser$TypeDefinitionContext (took 5 ms, size +9%)
INFO: Instrumented graphql.parser.antlr.GraphqlParser$EnumValueDefinitionsContext (took 4 ms, size +11%)
INFO: Instrumented graphql.parser.antlr.GraphqlParser$DocumentContext (took 3 ms, size +12%)
INFO: Instrumented graphql.parser.antlr.GraphqlParser$DefinitionContext (took 4 ms, size +10%)
INFO: Instrumented graphql.parser.antlr.GraphqlParser$SchemaDefinitionContext (took 4 ms, size +10%)
INFO: Instrumented graphql.parser.antlr.GraphqlParser$DirectiveLocationContext (took 3 ms, size +13%)
INFO: Instrumented graphql.parser.antlr.GraphqlParser$ArrayValueContext (took 4 ms, size +12%)
INFO: Instrumented graphql.parser.antlr.GraphqlParser$EnumValueDefinitionContext (took 4 ms, size +11%)
INFO: Instrumented graphql.parser.antlr.GraphqlParser$InputValueDefinitionContext (took 7 ms, size +10%)
INFO: Instrumented graphql.parser.antlr.GraphqlParser$EnumValueContext (took 3 ms, size +13%)
INFO: Instrumented graphql.parser.antlr.GraphqlParser$FieldDefinitionContext (took 18 ms, size +10%)
INFO: Instrumented graphql.parser.antlr.GraphqlParser$ScalarTypeDefinitionContext (took 10 ms, size +11%)
INFO: Instrumented graphql.parser.antlr.GraphqlParser$DirectiveDefinitionContext (took 11 ms, size +10%)
INFO: Instrumented graphql.parser.antlr.GraphqlParser$TypeExtensionContext (took 10 ms, size +8%)
INFO: Instrumented graphql.parser.antlr.GraphqlParser$TypeSystemDefinitionContext (took 10 ms, size +11%)
INFO: Instrumented graphql.parser.antlr.GraphqlParser$TypeSystemExtensionContext (took 7 ms, size +12%)
INFO: Instrumented graphql.parser.antlr.GraphqlParser$SchemaExtensionContext (took 11 ms, size +10%)
INFO: Instrumented graphql.parser.antlr.GraphqlParser$OperationTypeDefinitionContext (took 6 ms, size +11%)
INFO: Instrumented graphql.parser.antlr.GraphqlParser$EmptyParenthesesContext (took 4 ms, size +14%)
INFO: Instrumented graphql.parser.antlr.GraphqlParser$ScalarTypeExtensionDefinitionContext (took 5 ms, size +11%)
INFO: Instrumented graphql.parser.antlr.GraphqlParser$ObjectTypeDefinitionContext (took 5 ms, size +9%)
INFO: Instrumented graphql.parser.antlr.GraphqlParser$ObjectTypeExtensionDefinitionContext (took 7 ms, size +9%)
INFO: Instrumented graphql.parser.antlr.GraphqlParser$ImplementsInterfacesContext (took 4 ms, size +11%)
INFO: Instrumented graphql.org.antlr.v4.runtime.FailedPredicateException (took 4 ms, size +9%)
INFO: Instrumented graphql.parser.antlr.GraphqlParser$FieldsDefinitionContext (took 4 ms, size +12%)
INFO: Instrumented graphql.parser.antlr.GraphqlParser$ExtensionFieldsDefinitionContext (took 3 ms, size +11%)
INFO: Instrumented graphql.parser.antlr.GraphqlParser$ArgumentsDefinitionContext (took 4 ms, size +11%)
INFO: Instrumented graphql.parser.antlr.GraphqlParser$InterfaceTypeDefinitionContext (took 5 ms, size +9%)
INFO: Instrumented graphql.parser.antlr.GraphqlParser$InterfaceTypeExtensionDefinitionContext (took 5 ms, size +9%)
INFO: Instrumented graphql.parser.antlr.GraphqlParser$UnionTypeDefinitionContext (took 5 ms, size +10%)
INFO: Instrumented graphql.parser.antlr.GraphqlParser$UnionTypeExtensionDefinitionContext (took 4 ms, size +10%)
INFO: Instrumented graphql.parser.antlr.GraphqlParser$UnionMembershipContext (took 3 ms, size +13%)
INFO: Instrumented graphql.parser.antlr.GraphqlParser$UnionMembersContext (took 3 ms, size +12%)
INFO: Instrumented graphql.parser.antlr.GraphqlParser$EnumTypeDefinitionContext (took 5 ms, size +10%)
INFO: Instrumented graphql.parser.antlr.GraphqlParser$EnumTypeExtensionDefinitionContext (took 6 ms, size +10%)
INFO: Instrumented graphql.parser.antlr.GraphqlParser$ExtensionEnumValueDefinitionsContext (took 3 ms, size +11%)
INFO: Instrumented graphql.parser.antlr.GraphqlParser$InputObjectTypeDefinitionContext (took 4 ms, size +10%)
INFO: Instrumented graphql.parser.antlr.GraphqlParser$InputObjectTypeExtensionDefinitionContext (took 6 ms, size +9%)
INFO: Instrumented graphql.parser.antlr.GraphqlParser$InputObjectValueDefinitionsContext (took 4 ms, size +11%)
INFO: Instrumented graphql.parser.antlr.GraphqlParser$ExtensionInputObjectValueDefinitionsContext (took 3 ms, size +11%)
INFO: Instrumented graphql.parser.antlr.GraphqlParser$DirectiveLocationsContext (took 4 ms, size +12%)
INFO: Instrumented graphql.parser.antlr.GraphqlParser$OperationTypeContext (took 4 ms, size +13%)
INFO: Instrumented graphql.parser.antlr.GraphqlParser$ArrayValueWithVariableContext (took 4 ms, size +11%)
INFO: Instrumented graphql.parser.antlr.GraphqlParser$ObjectValueContext (took 4 ms, size +12%)
INFO: Instrumented graphql.parser.antlr.GraphqlParser$ObjectValueWithVariableContext (took 3 ms, size +11%)
INFO: Instrumented graphql.parser.antlr.GraphqlParser$ObjectFieldContext (took 3 ms, size +12%)
INFO: Instrumented graphql.parser.antlr.GraphqlParser$ObjectFieldWithVariableContext (took 3 ms, size +12%)
INFO: Instrumented graphql.parser.antlr.GraphqlParser$FragmentNameContext (took 4 ms, size +12%)
INFO: Instrumented graphql.parser.antlr.GraphqlParser$EnumValueNameContext (took 4 ms, size +12%)
INFO: Instrumented graphql.parser.antlr.GraphqlParser$ValueWithVariableContext (took 6 ms, size +10%)
INFO: Instrumented graphql.parser.antlr.GraphqlParser$ListTypeContext (took 3 ms, size +13%)
INFO: Instrumented graphql.parser.antlr.GraphqlParser$NonNullTypeContext (took 3 ms, size +12%)
INFO: Instrumented graphql.parser.antlr.GraphqlParser$OperationDefinitionContext (took 5 ms, size +10%)
INFO: Instrumented graphql.parser.antlr.GraphqlParser$VariableDefinitionsContext (took 4 ms, size +11%)
INFO: Instrumented graphql.parser.antlr.GraphqlParser$VariableDefinitionContext (took 4 ms, size +11%)
INFO: Instrumented graphql.parser.antlr.GraphqlParser$SelectionSetContext (took 3 ms, size +12%)
INFO: Instrumented graphql.parser.antlr.GraphqlParser$SelectionContext (took 3 ms, size +11%)
INFO: Instrumented graphql.parser.antlr.GraphqlParser$FragmentSpreadContext (took 3 ms, size +12%)
INFO: Instrumented graphql.parser.antlr.GraphqlParser$InlineFragmentContext (took 4 ms, size +11%)
INFO: Instrumented graphql.parser.antlr.GraphqlParser$FragmentDefinitionContext (took 6 ms, size +10%)
INFO: Instrumented graphql.parser.antlr.GraphqlParser$TypeConditionContext (took 6 ms, size +12%)
INFO: Instrumented graphql.parser.antlr.GraphqlParser$VariableContext (took 3 ms, size +13%)
INFO: Instrumented graphql.org.antlr.v4.runtime.DefaultErrorStrategy (took 18 ms, size +15%)
INFO: Instrumented graphql.org.antlr.v4.runtime.InputMismatchException (took 2 ms, size +9%)
INFO: Instrumented graphql.org.antlr.v4.runtime.atn.SemanticContext (took 4 ms, size +12%)
INFO: Instrumented graphql.org.antlr.v4.runtime.atn.SemanticContext$PrecedencePredicate (took 5 ms, size +12%)
INFO: Instrumented graphql.org.antlr.v4.runtime.atn.SemanticContext$Predicate (took 8 ms, size +19%)
INFO: Instrumented graphql.org.antlr.v4.runtime.atn.ParserATNSimulator$1 (took 2 ms, size +11%)
INFO: Instrumented graphql.org.antlr.v4.runtime.atn.PredictionMode (took 12 ms, size +19%)
INFO: Instrumented graphql.org.antlr.v4.runtime.atn.SemanticContext$Empty (took 2 ms, size +11%)
INFO: Instrumented graphql.parser.ExtendedBailStrategy (took 5 ms, size +4%)
INFO: Instrumented graphql.org.antlr.v4.runtime.BailErrorStrategy (took 2 ms, size +9%)
INFO: Instrumented graphql.org.antlr.v4.runtime.misc.ParseCancellationException (took 2 ms, size +14%)
INFO: Instrumented graphql.parser.exceptions.MoreTokensSyntaxException (took 1 ms, size +7%)
INFO: Instrumented graphql.language.NodeBuilder (took 0 ms, size +0%)
INFO: Instrumented graphql.language.Selection (took 0 ms, size +0%)
INFO: Instrumented graphql.collect.ImmutableKit (took 10 ms, size +8%)
INFO: Instrumented graphql.com.google.common.collect.ImmutableList (took 35 ms, size +5%)
INFO: Instrumented graphql.com.google.common.collect.ImmutableCollection (took 11 ms, size +7%)
INFO: Instrumented graphql.com.google.common.collect.RegularImmutableAsList (took 5 ms, size +4%)
INFO: Instrumented graphql.com.google.common.collect.ImmutableAsList (took 4 ms, size +5%)
INFO: Instrumented graphql.com.google.common.collect.UnmodifiableIterator (took 1 ms, size +8%)
INFO: Instrumented graphql.com.google.common.collect.UnmodifiableListIterator (took 2 ms, size +6%)
INFO: Instrumented graphql.com.google.common.collect.SingletonImmutableList (took 4 ms, size +9%)
INFO: Instrumented graphql.com.google.common.collect.ImmutableList$ReverseImmutableList (took 7 ms, size +9%)
INFO: Instrumented graphql.com.google.common.collect.ImmutableList$1 (took 2 ms, size +9%)
INFO: Instrumented graphql.com.google.common.collect.AbstractIndexedListIterator (took 4 ms, size +16%)
INFO: Instrumented graphql.com.google.common.collect.RegularImmutableList (took 5 ms, size +5%)
INFO: Instrumented graphql.com.google.common.collect.ImmutableList$SubList (took 5 ms, size +6%)
INFO: Instrumented graphql.parser.Parser$2 (took 2 ms, size +11%)
INFO: Instrumented graphql.parser.antlr.GraphqlBaseListener (took 61 ms, size +3%)
INFO: Instrumented graphql.parser.antlr.GraphqlListener (took 4 ms, size +0%)
INFO: Instrumented graphql.org.antlr.v4.runtime.atn.ArrayPredictionContext (took 11 ms, size +24%)
INFO: Instrumented graphql.org.antlr.v4.runtime.misc.MurmurHash (took 7 ms, size +17%)
INFO: Instrumented graphql.org.antlr.v4.runtime.atn.OrderedATNConfigSet$LexerConfigHashSet (took 1 ms, size +11%)
INFO: Instrumented graphql.org.antlr.v4.runtime.atn.SemanticContext$OR (took 4 ms, size +12%)
INFO: Instrumented graphql.org.antlr.v4.runtime.atn.SemanticContext$Operator (took 2 ms, size +16%)
INFO: Instrumented graphql.org.antlr.v4.runtime.atn.SemanticContext$AND (took 7 ms, size +12%)
INFO: Instrumented graphql.org.antlr.v4.runtime.CommonToken (took 12 ms, size +17%)
INFO: Instrumented graphql.org.antlr.v4.runtime.WritableToken (took 0 ms, size +0%)
INFO: Instrumented graphql.org.antlr.v4.runtime.misc.DoubleKeyMap (took 4 ms, size +30%)
INFO: Instrumented graphql.org.antlr.v4.runtime.atn.LexerActionExecutor (took 5 ms, size +21%)
INFO: Instrumented graphql.org.antlr.v4.runtime.atn.LexerIndexedCustomAction (took 4 ms, size +39%)
INFO: Instrumented graphql.org.antlr.v4.runtime.tree.TerminalNodeImpl (took 6 ms, size +10%)
INFO: Instrumented graphql.parser.Parser$2$1 (took 2 ms, size +12%)
INFO: Instrumented graphql.org.antlr.v4.runtime.atn.PredictionMode$AltAndContextMap (took 2 ms, size +10%)
INFO: Instrumented graphql.org.antlr.v4.runtime.misc.FlexibleHashMap (took 14 ms, size +15%)
INFO: Instrumented graphql.org.antlr.v4.runtime.atn.PredictionMode$AltAndContextConfigEqualityComparator (took 3 ms, size +18%)
INFO: Instrumented graphql.org.antlr.v4.runtime.misc.FlexibleHashMap$Entry (took 1 ms, size +9%)
INFO: Instrumented graphql.language.Document (took 12 ms, size +8%)
INFO: Instrumented graphql.language.AbstractNode (took 7 ms, size +4%)
INFO: Instrumented graphql.language.Document$Builder (took 6 ms, size +5%)
INFO: Instrumented graphql.language.IgnoredChars (took 2 ms, size +8%)
INFO: Instrumented graphql.parser.AntlrHelper (took 3 ms, size +12%)
INFO: Instrumented graphql.parser.MultiSourceReader$SourceAndLine (took 2 ms, size +9%)
INFO: Instrumented graphql.language.SourceLocation (took 10 ms, size +25%)
INFO: Instrumented graphql.com.google.common.collect.CollectPreconditions (took 3 ms, size +16%)
INFO: Instrumented graphql.com.google.common.collect.ImmutableList$Builder (took 9 ms, size +8%)
INFO: Instrumented graphql.com.google.common.collect.ImmutableCollection$Builder (took 7 ms, size +13%)
INFO: Instrumented graphql.language.ObjectTypeDefinition (took 20 ms, size +8%)
INFO: Instrumented graphql.language.ImplementingTypeDefinition (took 0 ms, size +0%)
INFO: Instrumented graphql.language.AbstractDescribedNode (took 4 ms, size +6%)
INFO: Instrumented graphql.language.DescribedNode (took 0 ms, size +0%)
INFO: Instrumented graphql.language.ObjectTypeDefinition$Builder (took 22 ms, size +5%)
INFO: Instrumented graphql.language.NodeDirectivesBuilder (took 0 ms, size +0%)
INFO: Instrumented graphql.com.google.common.collect.ObjectArrays (took 31 ms, size +9%)
INFO: Instrumented graphql.language.FieldDefinition (took 27 ms, size +8%)
INFO: Instrumented graphql.language.FieldDefinition$Builder (took 22 ms, size +5%)
INFO: Instrumented graphql.language.NonNullType (took 19 ms, size +4%)
INFO: Instrumented graphql.language.NonNullType$Builder (took 17 ms, size +8%)
INFO: Instrumented graphql.language.TypeName (took 16 ms, size +10%)
INFO: Instrumented graphql.language.TypeName$Builder (took 7 ms, size +5%)
INFO: Instrumented graphql.com.google.common.collect.ImmutableMap (took 38 ms, size +6%)
INFO: Instrumented graphql.com.google.common.collect.ImmutableBiMap (took 32 ms, size +5%)
INFO: Instrumented graphql.com.google.common.collect.BiMap (took 3 ms, size +6%)
INFO: Instrumented graphql.com.google.common.collect.ImmutableBiMapFauxverideShim (took 7 ms, size +4%)
INFO: Instrumented graphql.com.google.common.collect.ImmutableMap$1 (took 5 ms, size +8%)
INFO: Instrumented graphql.com.google.common.collect.ImmutableMap$MapViewOfValuesAsSingletonSets (took 23 ms, size +18%)
INFO: Instrumented graphql.com.google.common.collect.ImmutableMap$IteratorBasedImmutableMap (took 15 ms, size +6%)
INFO: Instrumented graphql.com.google.common.collect.Iterables (took 99 ms, size +7%)
INFO: Instrumented graphql.com.google.common.collect.RegularImmutableMap (took 43 ms, size +13%)
INFO: Instrumented graphql.com.google.common.collect.ImmutableSet (took 85 ms, size +7%)
INFO: Instrumented graphql.com.google.common.collect.ImmutableMapEntrySet$RegularEntrySet (took 8 ms, size +4%)
INFO: Instrumented graphql.com.google.common.collect.ImmutableMapEntrySet (took 9 ms, size +27%)
INFO: Instrumented graphql.com.google.common.collect.ImmutableSet$CachingAsList (took 2 ms, size +6%)
INFO: Instrumented graphql.com.google.common.collect.RegularImmutableMap$KeySet (took 4 ms, size +6%)
INFO: Instrumented graphql.com.google.common.collect.IndexedImmutableSet (took 8 ms, size +7%)
INFO: Instrumented graphql.com.google.common.collect.RegularImmutableMap$Values (took 2 ms, size +6%)
INFO: Instrumented graphql.com.google.common.collect.RegularImmutableMap$BucketOverflowException (took 0 ms, size +18%)
INFO: Instrumented graphql.com.google.common.collect.ImmutableMapEntry (took 5 ms, size +5%)
INFO: Instrumented graphql.com.google.common.collect.ImmutableEntry (took 4 ms, size +6%)
INFO: Instrumented graphql.com.google.common.collect.AbstractMapEntry (took 5 ms, size +14%)
INFO: Instrumented graphql.com.google.common.collect.ImmutableMapEntry$NonTerminalImmutableMapEntry (took 3 ms, size +6%)
INFO: Instrumented graphql.com.google.common.base.Preconditions (took 90 ms, size +12%)
INFO: Instrumented graphql.language.ListType (took 16 ms, size +4%)
INFO: Instrumented graphql.language.ListType$Builder (took 12 ms, size +5%)
INFO: Instrumented graphql.schema.idl.TypeDefinitionRegistry (took 93 ms, size +16%)
INFO: Instrumented graphql.schema.idl.SchemaParseOrder (took 30 ms, size +10%)
INFO: Instrumented graphql.com.google.common.collect.Iterators (took 73 ms, size +10%)
INFO: Instrumented graphql.com.google.common.collect.Iterators$5 (took 7 ms, size +18%)
INFO: Instrumented graphql.com.google.common.collect.AbstractIterator (took 5 ms, size +12%)
INFO: Instrumented graphql.com.google.common.collect.Iterators$9 (took 5 ms, size +22%)
INFO: Instrumented graphql.com.google.common.collect.Iterators$1 (took 2 ms, size +10%)
INFO: Instrumented graphql.com.google.common.collect.Iterators$10 (took 3 ms, size +9%)
INFO: Instrumented graphql.com.google.common.collect.PeekingIterator (took 0 ms, size +0%)
INFO: Instrumented graphql.com.google.common.collect.Iterators$MergingIterator (took 7 ms, size +10%)
INFO: Instrumented graphql.com.google.common.collect.Iterators$ArrayItr (took 3 ms, size +7%)
INFO: Instrumented graphql.com.google.common.collect.Iterators$4 (took 7 ms, size +19%)
INFO: Instrumented graphql.language.ObjectTypeExtensionDefinition (took 10 ms, size +4%)
INFO: Instrumented graphql.language.SDLExtensionDefinition (took 0 ms, size +0%)
INFO: Instrumented graphql.language.InterfaceTypeExtensionDefinition (took 5 ms, size +4%)
INFO: Instrumented graphql.language.InterfaceTypeDefinition (took 11 ms, size +8%)
INFO: Instrumented graphql.language.UnionTypeExtensionDefinition (took 16 ms, size +4%)
INFO: Instrumented graphql.language.UnionTypeDefinition (took 9 ms, size +8%)
INFO: Instrumented graphql.language.EnumTypeExtensionDefinition (took 13 ms, size +4%)
INFO: Instrumented graphql.language.EnumTypeDefinition (took 10 ms, size +8%)
INFO: Instrumented graphql.language.ScalarTypeExtensionDefinition (took 9 ms, size +3%)
INFO: Instrumented graphql.language.ScalarTypeDefinition (took 26 ms, size +8%)
INFO: Instrumented graphql.language.InputObjectTypeExtensionDefinition (took 5 ms, size +4%)
INFO: Instrumented graphql.language.InputObjectTypeDefinition (took 12 ms, size +8%)
INFO: Instrumented graphql.language.SchemaExtensionDefinition (took 11 ms, size +4%)
INFO: Instrumented graphql.language.SchemaDefinition (took 7 ms, size +4%)
INFO: Instrumented graphql.schema.idl.RuntimeWiring (took 23 ms, size +7%)
INFO: Instrumented graphql.schema.idl.WiringFactory (took 5 ms, size +6%)
INFO: Instrumented graphql.schema.idl.RuntimeWiring$Builder (took 13 ms, size +4%)
INFO: Instrumented graphql.schema.visibility.GraphqlFieldVisibility (took 5 ms, size +7%)
INFO: Instrumented graphql.schema.idl.NoopWiringFactory (took 12 ms, size +7%)
INFO: Instrumented graphql.schema.visibility.DefaultGraphqlFieldVisibility (took 7 ms, size +6%)
INFO: Instrumented graphql.schema.GraphQLCodeRegistry (took 10 ms, size +10%)
INFO: Instrumented graphql.schema.GraphQLFieldsContainer (took 1 ms, size +12%)
INFO: Instrumented graphql.schema.GraphQLCompositeType (took 0 ms, size +0%)
INFO: Instrumented graphql.schema.GraphQLCodeRegistry$Builder (took 18 ms, size +10%)
INFO: Instrumented graphql.schema.DataFetcherFactory (took 0 ms, size +0%)
INFO: Instrumented graphql.schema.DataFetcherFactoryEnvironment (took 2 ms, size +11%)
INFO: Instrumented graphql.schema.GraphqlTypeComparatorRegistry (took 0 ms, size +11%)
INFO: Instrumented graphql.schema.GraphqlTypeComparatorRegistry$1 (took 1 ms, size +10%)
INFO: Instrumented graphql.schema.GraphqlTypeComparatorRegistry$2 (took 1 ms, size +10%)
INFO: Instrumented graphql.schema.idl.ScalarInfo (took 3 ms, size +17%)
INFO: Instrumented graphql.Scalars (took 1 ms, size +10%)
INFO: Instrumented graphql.schema.Coercing (took 11 ms, size +4%)
INFO: Instrumented graphql.schema.GraphQLScalarType (took 19 ms, size +7%)
INFO: Instrumented graphql.schema.GraphQLNamedInputType (took 0 ms, size +0%)
INFO: Instrumented graphql.schema.GraphQLUnmodifiedType (took 1 ms, size +0%)
INFO: Instrumented graphql.schema.GraphQLNullableType (took 0 ms, size +0%)
INFO: Instrumented graphql.scalar.GraphqlIntCoercing (took 33 ms, size +6%)
INFO: Instrumented graphql.schema.CoercingParseValueException (took 4 ms, size +6%)
INFO: Instrumented graphql.GraphqlErrorException (took 5 ms, size +6%)
INFO: Instrumented graphql.language.Value (took 0 ms, size +0%)
INFO: Instrumented graphql.schema.CoercingSerializeException (took 3 ms, size +7%)
INFO: Instrumented graphql.schema.CoercingParseLiteralException (took 6 ms, size +6%)
INFO: Instrumented graphql.schema.GraphQLDirective (took 30 ms, size +11%)
INFO: Instrumented graphql.schema.GraphqlTypeComparatorEnvironment (took 8 ms, size +27%)
INFO: Instrumented graphql.schema.GraphqlTypeComparatorEnvironment$Builder (took 4 ms, size +7%)
INFO: Instrumented graphql.schema.GraphqlTypeComparators (took 5 ms, size +5%)
INFO: Instrumented graphql.schema.GraphQLAppliedDirective (took 22 ms, size +12%)
INFO: Instrumented graphql.DirectivesUtil$DirectivesHolder (took 10 ms, size +13%)
INFO: Instrumented graphql.DirectivesUtil (took 8 ms, size +10%)
INFO: Instrumented graphql.util.FpKit (took 18 ms, size +7%)
INFO: Instrumented graphql.com.google.common.collect.CollectCollectors (took 25 ms, size +2%)
INFO: Instrumented graphql.com.google.common.collect.SingletonImmutableSet (took 5 ms, size +15%)
INFO: Instrumented graphql.com.google.common.collect.RegularImmutableSet (took 7 ms, size +16%)
INFO: Instrumented graphql.com.google.common.collect.ImmutableSet$SetBuilderImpl (took 3 ms, size +10%)
INFO: Instrumented graphql.com.google.common.collect.ImmutableSet$RegularSetBuilderImpl (took 7 ms, size +18%)
INFO: Instrumented graphql.com.google.common.collect.ImmutableSet$Builder (took 7 ms, size +7%)
INFO: Instrumented graphql.com.google.common.collect.ImmutableSet$JdkBackedSetBuilderImpl (took 2 ms, size +11%)
INFO: Instrumented graphql.com.google.common.collect.ImmutableRangeSet (took 22 ms, size +9%)
INFO: Instrumented graphql.com.google.common.collect.AbstractRangeSet (took 6 ms, size +9%)
INFO: Instrumented graphql.com.google.common.collect.RangeSet (took 2 ms, size +9%)
INFO: Instrumented graphql.com.google.common.collect.ImmutableRangeSet$ComplementRanges (took 3 ms, size +16%)
INFO: Instrumented graphql.com.google.common.collect.RegularImmutableSortedSet (took 18 ms, size +12%)
INFO: Instrumented graphql.com.google.common.collect.ImmutableSortedSet (took 23 ms, size +6%)
INFO: Instrumented graphql.com.google.common.collect.SortedIterable (took 0 ms, size +0%)
INFO: Instrumented graphql.com.google.common.collect.ImmutableSortedSetFauxverideShim (took 6 ms, size +3%)
INFO: Instrumented graphql.com.google.common.collect.ImmutableRangeSet$1 (took 6 ms, size +13%)
INFO: Instrumented graphql.com.google.common.collect.ImmutableRangeSet$AsSet (took 10 ms, size +8%)
INFO: Instrumented graphql.com.google.common.collect.ImmutableRangeSet$Builder (took 3 ms, size +9%)
INFO: Instrumented graphql.com.google.common.collect.Range (took 23 ms, size +15%)
INFO: Instrumented graphql.com.google.common.base.Predicate (took 0 ms, size +8%)
INFO: Instrumented graphql.com.google.common.collect.RangeGwtSerializationDependencies (took 0 ms, size +13%)
INFO: Instrumented graphql.scalar.GraphqlFloatCoercing (took 11 ms, size +7%)
INFO: Instrumented graphql.scalar.GraphqlStringCoercing (took 8 ms, size +6%)
INFO: Instrumented graphql.scalar.GraphqlBooleanCoercing (took 10 ms, size +12%)
INFO: Instrumented graphql.scalar.GraphqlIDCoercing (took 8 ms, size +7%)
INFO: Instrumented graphql.language.ScalarTypeDefinition$Builder (took 8 ms, size +5%)
INFO: Instrumented graphql.com.google.common.collect.Hashing (took 3 ms, size +23%)
INFO: Instrumented graphql.schema.idl.MockedWiringFactory (took 4 ms, size +7%)
INFO: Instrumented graphql.schema.idl.SchemaGenerator$Options (took 4 ms, size +10%)
INFO: Instrumented graphql.language.DirectiveDefinition (took 9 ms, size +8%)
INFO: Instrumented graphql.schema.idl.SchemaExtensionsChecker (took 15 ms, size +14%)
INFO: Instrumented graphql.Directives (took 12 ms, size +9%)
INFO: Instrumented graphql.language.DirectiveDefinition$Builder (took 19 ms, size +5%)
INFO: Instrumented graphql.language.DirectiveLocation (took 8 ms, size +10%)
INFO: Instrumented graphql.language.DirectiveLocation$Builder (took 6 ms, size +5%)
INFO: Instrumented graphql.introspection.Introspection$DirectiveLocation (took 2 ms, size +9%)
INFO: Instrumented graphql.language.Description (took 1 ms, size +11%)
INFO: Instrumented graphql.language.InputValueDefinition (took 9 ms, size +8%)
INFO: Instrumented graphql.language.InputValueDefinition$Builder (took 9 ms, size +5%)
INFO: Instrumented graphql.language.StringValue (took 9 ms, size +10%)
INFO: Instrumented graphql.language.ScalarValue (took 0 ms, size +0%)
INFO: Instrumented graphql.language.StringValue$Builder (took 67 ms, size +5%)
INFO: Instrumented graphql.schema.GraphQLDirective$Builder (took 14 ms, size +6%)
INFO: Instrumented graphql.schema.GraphQLArgument (took 32 ms, size +6%)
INFO: Instrumented graphql.schema.GraphQLInputValueDefinition (took 0 ms, size +0%)
INFO: Instrumented graphql.schema.InputValueWithState (took 13 ms, size +7%)
INFO: Instrumented graphql.schema.InputValueWithState$State (took 4 ms, size +10%)
INFO: Instrumented graphql.schema.GraphQLNonNull (took 17 ms, size +15%)
INFO: Instrumented graphql.schema.GraphQLModifiedType (took 1 ms, size +0%)
INFO: Instrumented graphql.schema.GraphQLTypeUtil (took 21 ms, size +15%)
INFO: Instrumented graphql.language.BooleanValue (took 8 ms, size +6%)
INFO: Instrumented graphql.language.BooleanValue$Builder (took 7 ms, size +5%)
INFO: Instrumented graphql.schema.idl.TypeInfo (took 11 ms, size +26%)
INFO: Instrumented graphql.schema.idl.SchemaTypeExtensionsChecker (took 33 ms, size +5%)
INFO: Instrumented graphql.schema.idl.ImplementingTypesChecker (took 28 ms, size +14%)
INFO: Instrumented graphql.schema.idl.UnionTypesChecker (took 7 ms, size +15%)
INFO: Instrumented graphql.language.OperationTypeDefinition (took 8 ms, size +8%)
INFO: Instrumented graphql.schema.idl.ScalarWiringEnvironment (took 3 ms, size +7%)
INFO: Instrumented graphql.schema.idl.WiringEnvironment (took 1 ms, size +15%)
INFO: Instrumented graphql.schema.idl.errors.NonUniqueNameError (took 8 ms, size +6%)
INFO: New number of coverage counters: 32768
INFO: Instrumented graphql.schema.idl.errors.NonUniqueArgumentError (took 4 ms, size +6%)
INFO: Instrumented graphql.language.Directive (took 8 ms, size +8%)
INFO: Instrumented graphql.schema.idl.SchemaTypeDirectivesChecker (took 22 ms, size +9%)
INFO: Instrumented graphql.language.SchemaDefinition$Builder (took 8 ms, size +5%)
INFO: Instrumented graphql.schema.idl.TypeUtil (took 4 ms, size +27%)
INFO: Instrumented graphql.language.NodeUtil (took 6 ms, size +17%)
INFO: Instrumented graphql.execution.UnknownOperationException (took 1 ms, size +12%)
INFO: Instrumented graphql.schema.idl.SchemaGeneratorHelper$BuildContext (took 9 ms, size +9%)
INFO: Instrumented graphql.schema.GraphQLSchema (took 28 ms, size +10%)
INFO: Instrumented graphql.schema.GraphQLSchema$Builder (took 20 ms, size +10%)
INFO: Instrumented graphql.schema.validation.InvalidSchemaException (took 4 ms, size +13%)
INFO: Instrumented graphql.introspection.Introspection (took 101 ms, size +15%)
INFO: Instrumented graphql.schema.GraphQLInputFieldsContainer (took 0 ms, size +0%)
INFO: Instrumented graphql.schema.GraphQLEnumType (took 39 ms, size +11%)
INFO: Instrumented graphql.introspection.Introspection$TypeKind (took 4 ms, size +10%)
INFO: Instrumented graphql.schema.GraphQLEnumValueDefinition (took 28 ms, size +7%)
INFO: Instrumented graphql.introspection.IntrospectionDataFetcher (took 2 ms, size +0%)
INFO: Instrumented graphql.TrivialDataFetcher (took 0 ms, size +0%)
INFO: Instrumented graphql.schema.DataFetchingEnvironment (took 2 ms, size +0%)
INFO: Instrumented graphql.introspection.IntrospectionDataFetchingEnvironment (took 0 ms, size +0%)
INFO: Instrumented graphql.schema.GraphQLObjectType (took 30 ms, size +7%)
INFO: Instrumented graphql.schema.GraphQLImplementingType (took 1 ms, size +0%)
INFO: Instrumented graphql.schema.GraphQLFieldDefinition (took 28 ms, size +9%)
INFO: Instrumented graphql.schema.GraphQLTypeReference (took 7 ms, size +6%)
INFO: Instrumented graphql.schema.GraphQLInterfaceType (took 31 ms, size +9%)
INFO: Instrumented graphql.schema.FieldCoordinates (took 15 ms, size +27%)
INFO: Instrumented graphql.schema.GraphQLList (took 15 ms, size +16%)
INFO: Instrumented graphql.com.google.common.math.IntMath (took 33 ms, size +29%)
INFO: Instrumented graphql.com.google.common.math.MathPreconditions (took 14 ms, size +16%)
INFO: Instrumented graphql.com.google.common.math.IntMath$1 (took 2 ms, size +21%)
INFO: Instrumented graphql.schema.CodeRegistryVisitor (took 12 ms, size +4%)
INFO: Instrumented graphql.schema.GraphQLTypeVisitorStub (took 21 ms, size +2%)
INFO: Instrumented graphql.schema.GraphQLTypeVisitor (took 13 ms, size +2%)
INFO: Instrumented graphql.schema.DataFetcherFactories (took 7 ms, size +8%)
INFO: Instrumented graphql.schema.impl.GraphQLTypeCollectingVisitor (took 21 ms, size +11%)
INFO: Instrumented graphql.schema.impl.SchemaUtil (took 13 ms, size +9%)
INFO: Instrumented graphql.execution.MissingRootTypeException (took 5 ms, size +9%)
INFO: Instrumented graphql.com.google.common.collect.Platform (took 13 ms, size +7%)
INFO: Instrumented graphql.schema.impl.MultiReadOnlyGraphQLTypeVisitor (took 44 ms, size +2%)
INFO: Instrumented graphql.schema.SchemaTraverser (took 10 ms, size +7%)
INFO: Instrumented graphql.util.TraverserVisitor (took 2 ms, size +10%)
INFO: Instrumented graphql.util.Traverser (took 20 ms, size +6%)
INFO: Instrumented graphql.util.TraverserContext (took 0 ms, size +0%)
INFO: Instrumented graphql.util.TraversalControl (took 2 ms, size +10%)
INFO: Instrumented graphql.util.TraverserState (took 8 ms, size +3%)
INFO: Instrumented graphql.util.TraverserState$StackTraverserState (took 7 ms, size +14%)
INFO: Instrumented graphql.util.TraverserState$QueueTraverserState (took 4 ms, size +15%)
INFO: Instrumented graphql.schema.SchemaTraverser$TraverserDelegateVisitor (took 2 ms, size +6%)
INFO: Instrumented graphql.util.DefaultTraverserContext (took 19 ms, size +8%)
INFO: Instrumented graphql.util.TraverserState$EndList (took 0 ms, size +13%)
INFO: Instrumented graphql.util.TraverserContext$Phase (took 2 ms, size +10%)
INFO: Instrumented graphql.util.Traverser$1 (took 2 ms, size +19%)
INFO: Instrumented graphql.schema.SchemaElementChildrenContainer (took 5 ms, size +13%)
INFO: Instrumented graphql.schema.SchemaElementChildrenContainer$Builder (took 5 ms, size +13%)
INFO: Instrumented graphql.util.NodeLocation (took 5 ms, size +39%)
INFO: Instrumented graphql.util.Breadcrumb (took 4 ms, size +31%)
INFO: Instrumented graphql.util.TraverserResult (took 1 ms, size +17%)
INFO: Instrumented graphql.com.google.common.collect.ImmutableMap$Builder (took 12 ms, size +9%)
INFO: Instrumented graphql.schema.GraphQLTypeResolvingVisitor (took 5 ms, size +11%)
INFO: Instrumented graphql.schema.GraphQLTypeResolvingVisitor$TypeRefResolvingVisitor (took 3 ms, size +4%)
INFO: Instrumented graphql.schema.validation.SchemaValidator (took 2 ms, size +8%)
INFO: Instrumented graphql.schema.validation.NoUnbrokenInputCycles (took 3 ms, size +12%)
INFO: Instrumented graphql.schema.validation.TypesImplementInterfaces (took 13 ms, size +18%)
INFO: Instrumented graphql.schema.validation.TypeAndFieldRule (took 13 ms, size +13%)
INFO: Instrumented graphql.schema.validation.DefaultValuesAreValid (took 3 ms, size +11%)
INFO: Instrumented graphql.execution.NonNullableValueCoercedAsNullException (took 7 ms, size +6%)
INFO: Instrumented graphql.validation.ValidationUtil (took 12 ms, size +11%)
INFO: Instrumented graphql.GraphQLContext (took 10 ms, size +16%)
INFO: Instrumented graphql.GraphQLContext$Builder (took 7 ms, size +8%)
INFO: Instrumented graphql.schema.validation.AppliedDirectivesAreValid (took 3 ms, size +8%)
INFO: Instrumented graphql.schema.validation.AppliedDirectiveArgumentsAreValid (took 5 ms, size +9%)
INFO: Instrumented graphql.schema.validation.InputAndOutputTypesUsedAppropriately (took 7 ms, size +6%)
INFO: Instrumented graphql.schema.validation.OneOfInputObjectRules (took 2 ms, size +12%)
INFO: Instrumented graphql.schema.validation.SchemaValidationErrorCollector (took 2 ms, size +15%)
INFO: Instrumented graphql.schema.SchemaTraverser$TraverserDelegateListVisitor (took 2 ms, size +12%)
INFO: Instrumented graphql.schema.validation.SchemaValidationError (took 10 ms, size +28%)
INFO: Instrumented graphql.schema.GraphQLInputObjectType (took 21 ms, size +9%)
INFO: Instrumented graphql.execution.ValuesResolver (took 12 ms, size +11%)
INFO: Instrumented graphql.execution.values.InputInterceptor (took 0 ms, size +0%)
INFO: Instrumented graphql.execution.ValuesResolverConversion (took 20 ms, size +12%)
INFO: Instrumented graphql.execution.InputMapDefinesTooManyFieldsException (took 2 ms, size +8%)
INFO: Instrumented graphql.schema.idl.SchemaGeneratorAppliedDirectiveHelper (took 15 ms, size +11%)
INFO: Instrumented graphql.schema.idl.SchemaGeneratorDirectiveHelper (took 26 ms, size +5%)
INFO: Instrumented graphql.schema.idl.SchemaDirectiveWiringEnvironment (took 0 ms, size +0%)
INFO: Instrumented graphql.schema.idl.SchemaGeneratorDirectiveHelper$Parameters (took 5 ms, size +3%)
INFO: Instrumented graphql.schema.idl.SchemaDirectiveWiringEnvironmentImpl (took 9 ms, size +10%)
INFO: Instrumented graphql.util.Pair (took 1 ms, size +7%)
INFO: Instrumented graphql.schema.idl.FieldWiringEnvironment (took 3 ms, size +5%)
INFO: Instrumented graphql.schema.PropertyDataFetcher (took 5 ms, size +4%)
INFO: Instrumented graphql.schema.LightDataFetcher (took 0 ms, size +0%)
INFO: Instrumented graphql.com.google.common.collect.SingletonImmutableBiMap (took 11 ms, size +17%)
INFO: Instrumented graphql.com.google.common.collect.RegularImmutableBiMap (took 16 ms, size +10%)
INFO: Instrumented graphql.language.NullValue (took 9 ms, size +5%)
INFO: Instrumented graphql.language.VariableReference (took 8 ms, size +9%)
INFO: Instrumented graphql.execution.CoercedVariables (took 3 ms, size +31%)
INFO: Instrumented graphql.collect.ImmutableMapWithNullValues (took 12 ms, size +13%)
INFO: Instrumented graphql.GraphQL (took 22 ms, size +4%)
INFO: Instrumented graphql.execution.AbortExecutionException (took 4 ms, size +12%)
INFO: Instrumented graphql.execution.instrumentation.Instrumentation (took 15 ms, size +2%)
INFO: Instrumented graphql.GraphQL$Builder (took 9 ms, size +5%)
INFO: Instrumented graphql.execution.DataFetcherExceptionHandler (took 0 ms, size +0%)
INFO: Instrumented graphql.execution.preparsed.PreparsedDocumentProvider (took 0 ms, size +6%)
INFO: Instrumented graphql.execution.ExecutionStrategy (took 28 ms, size +5%)
INFO: Instrumented graphql.execution.AsyncExecutionStrategy (took 4 ms, size +4%)
INFO: Instrumented graphql.execution.AbstractAsyncExecutionStrategy (took 2 ms, size +7%)
INFO: Instrumented graphql.execution.AsyncSerialExecutionStrategy (took 2 ms, size +3%)
INFO: Instrumented graphql.execution.SubscriptionExecutionStrategy (took 8 ms, size +3%)
INFO: Instrumented graphql.execution.SimpleDataFetcherExceptionHandler (took 3 ms, size +10%)
INFO: Instrumented graphql.execution.ExecutionIdProvider (took 1 ms, size +8%)
INFO: Instrumented graphql.execution.ExecutionId (took 3 ms, size +31%)
INFO: Instrumented graphql.execution.preparsed.NoOpPreparsedDocumentProvider (took 1 ms, size +7%)
INFO: Instrumented graphql.execution.ValueUnboxer (took 0 ms, size +19%)
INFO: Instrumented graphql.execution.DefaultValueUnboxer (took 1 ms, size +25%)
INFO: Instrumented graphql.execution.NonNullableFieldWasNullException (took 3 ms, size +11%)
INFO: Instrumented graphql.ExecutionResult (took 1 ms, size +6%)
INFO: Instrumented graphql.execution.directives.QueryDirectives (took 0 ms, size +6%)
INFO: Instrumented graphql.execution.UnresolvedTypeException (took 1 ms, size +6%)
INFO: Instrumented graphql.execution.FieldCollector (took 6 ms, size +17%)
INFO: Instrumented graphql.execution.conditional.ConditionalNodes (took 3 ms, size +11%)
INFO: Instrumented graphql.execution.conditional.ConditionalNodeDecisionEnvironment (took 0 ms, size +10%)
INFO: Instrumented graphql.execution.ExecutionStepInfoFactory (took 2 ms, size +5%)
INFO: Instrumented graphql.execution.ResolveType (took 5 ms, size +6%)
INFO: Instrumented graphql.execution.instrumentation.InstrumentationContext (took 0 ms, size +0%)
INFO: Instrumented graphql.execution.instrumentation.dataloader.DataLoaderDispatcherInstrumentation (took 6 ms, size +5%)
INFO: Instrumented graphql.execution.instrumentation.SimplePerformantInstrumentation (took 14 ms, size +2%)
INFO: Instrumented graphql.execution.instrumentation.InstrumentationState (took 1 ms, size +14%)
INFO: Instrumented graphql.execution.instrumentation.dataloader.DataLoaderDispatcherInstrumentationOptions (took 2 ms, size +11%)
INFO: Instrumented graphql.ExecutionInput (took 8 ms, size +5%)
INFO: Instrumented graphql.ExecutionInput$Builder (took 8 ms, size +4%)
INFO: Instrumented graphql.execution.RawVariables (took 2 ms, size +31%)
INFO: Instrumented graphql.execution.instrumentation.dataloader.DataLoaderDispatcherInstrumentationState (took 5 ms, size +6%)
INFO: Instrumented org.dataloader.DataLoaderRegistry (took 7 ms, size +10%)
INFO: Instrumented graphql.execution.instrumentation.dataloader.DataLoaderDispatcherInstrumentationState$1 (took 2 ms, size +5%)
INFO: Instrumented graphql.execution.instrumentation.parameters.InstrumentationCreateStateParameters (took 3 ms, size +11%)
INFO: Instrumented graphql.execution.instrumentation.dataloader.FieldLevelTrackingApproach (took 6 ms, size +8%)
INFO: Instrumented graphql.execution.instrumentation.ExecutionStrategyInstrumentationContext (took 2 ms, size +7%)
INFO: Instrumented graphql.execution.instrumentation.dataloader.FieldLevelTrackingApproach$CallStack (took 5 ms, size +11%)
INFO: Instrumented graphql.execution.instrumentation.dataloader.LevelMap (took 4 ms, size +17%)
INFO: Instrumented graphql.execution.Async (took 6 ms, size +7%)
INFO: Instrumented graphql.execution.Async$CombinedBuilder (took 0 ms, size +0%)
INFO: Instrumented graphql.execution.instrumentation.parameters.InstrumentationExecutionParameters (took 4 ms, size +6%)
INFO: Instrumented graphql.execution.instrumentation.SimpleInstrumentationContext (took 5 ms, size +4%)
INFO: Instrumented graphql.execution.instrumentation.SimpleInstrumentationContext$1 (took 1 ms, size +8%)
INFO: Instrumented graphql.execution.preparsed.PreparsedDocumentEntry (took 4 ms, size +15%)
INFO: Instrumented graphql.ParseAndValidate (took 5 ms, size +5%)
INFO: Instrumented graphql.org.antlr.v4.runtime.ProxyErrorListener (took 5 ms, size +11%)
INFO: Instrumented graphql.ParseAndValidateResult (took 5 ms, size +9%)
INFO: Instrumented graphql.ParseAndValidateResult$Builder (took 2 ms, size +6%)
INFO: Instrumented graphql.InvalidSyntaxError (took 5 ms, size +5%)
INFO: Instrumented graphql.GraphQLError$Builder (took 0 ms, size +0%)
INFO: Instrumented graphql.ErrorClassification (took 1 ms, size +12%)
INFO: Instrumented graphql.ExecutionResultImpl (took 6 ms, size +8%)
INFO: Instrumented graphql.ExecutionResult$Builder (took 0 ms, size +0%)
Executed /testcase in 267963 ms
***
*** NOTE: fuzzing was not performed, you have only
***       executed the target code on a fixed set of inputs.
***
INFO:__main__:Running: docker run --privileged --shm-size=2g --platform linux/amd64 --rm -i -e HELPER=True -e ARCHITECTURE=x86_64 -v /mnt/sdb/oss-fuzz/oss-fuzz/build/out/graphql-java:/out -v /mnt/sdb/oss-fuzz/oss-fuzz/build/out/graphql-java/testcase/testcase_368729570:/testcase -t gcr.io/oss-fuzz-base/base-runner reproduce GraphqlFuzzer -runs=100.

==================================================
PoC Triggered: NO
