tittle:libultrahdr:ultrahdr_dec_fuzzer: Use-of-uninitialized-value in format_message
status:Verified
type:Vulnerability
commit_url:https://github.com/google/libultrahdr/commit/655c47d3f4b1965d87e7e39f5f59ddee8e5348e7
commit_url_new:https://github.com/google/libultrahdr/commit/3fafca08620678f2690fc797615b847c5e98bd8b
module:libultrahdr
target:ultrahdr_dec_fuzzer
have 1 changed files:['jump get_diff!']
==================================================
+ FUZZER=ultrahdr_dec_fuzzer
+ shift
+ '[' '!' -v TESTCASE ']'
+ TESTCASE=/testcase
+ '[' '!' -f /testcase ']'
+ export RUN_FUZZER_MODE=interactive
+ RUN_FUZZER_MODE=interactive
+ export FUZZING_ENGINE=libfuzzer
+ FUZZING_ENGINE=libfuzzer
+ export SKIP_SEED_CORPUS=1
+ SKIP_SEED_CORPUS=1
+ run_fuzzer ultrahdr_dec_fuzzer -runs=100 /testcase
vm.mmap_rnd_bits = 28
/out/ultrahdr_dec_fuzzer -rss_limit_mb=2560 -timeout=25 -runs=100 /testcase < /dev/null
INFO: Running with entropic power schedule (0xFF, 100).
INFO: Seed: 2540862029
INFO: Loaded 1 modules   (21238 inline 8-bit counters): 21238 [0x55cda4b46d20, 0x55cda4b4c016), 
INFO: Loaded 1 PC tables (21238 PCs): 21238 [0x55cda4b4c018,0x55cda4b9ef78), 
/out/ultrahdr_dec_fuzzer: Running 1 inputs 100 time(s) each.
Running: /testcase
Executed /testcase in 10 ms
***
*** NOTE: fuzzing was not performed, you have only
***       executed the target code on a fixed set of inputs.
***
INFO:__main__:Running: docker run --privileged --shm-size=2g --platform linux/amd64 --rm -i -e HELPER=True -e ARCHITECTURE=x86_64 -v /mnt/sdb/oss-fuzz/oss-fuzz/build/out/libultrahdr:/out -v /mnt/sdb/oss-fuzz/oss-fuzz/build/out/libultrahdr/testcase/testcase_370032374:/testcase -t gcr.io/oss-fuzz-base/base-runner reproduce ultrahdr_dec_fuzzer -runs=100.

==================================================
PoC Triggered: NO
