tittle:javaparser:parseFuzzer: Security exception in com.github.javaparser.CommentsInserter.insertComments
status:Verified
type:Vulnerability
commit_url:https://github.com/javaparser/javaparser/commit/47c1942a4d3a9cabde10e27b774fe11a431be57a
commit_url_new:https://github.com/javaparser/javaparser/commit/2c513ec7ae1a935b278432518175dba1607fe438
module:javaparser
target:parseFuzzer
have 1 changed files:['jump get_diff!']
==================================================
+ FUZZER=parseFuzzer
+ shift
+ '[' '!' -v TESTCASE ']'
+ TESTCASE=/testcase
+ '[' '!' -f /testcase ']'
+ export RUN_FUZZER_MODE=interactive
+ RUN_FUZZER_MODE=interactive
+ export FUZZING_ENGINE=libfuzzer
+ FUZZING_ENGINE=libfuzzer
+ export SKIP_SEED_CORPUS=1
+ SKIP_SEED_CORPUS=1
+ run_fuzzer parseFuzzer -runs=100 /testcase
vm.mmap_rnd_bits = 28
/out/parseFuzzer -rss_limit_mb=2560 -timeout=25 -runs=100 /testcase < /dev/null
OpenJDK 64-Bit Server VM warning: Option CriticalJNINatives was deprecated in version 16.0 and will likely be removed in a future release.
OpenJDK 64-Bit Server VM warning: Sharing is only supported for boot loader classes because bootstrap classpath has been appended
INFO: Loaded 268 hooks from com.code_intelligence.jazzer.runtime.TraceCmpHooks
INFO: Loaded 5 hooks from com.code_intelligence.jazzer.runtime.TraceDivHooks
INFO: Loaded 2 hooks from com.code_intelligence.jazzer.runtime.TraceIndirHooks
INFO: Loaded 4 hooks from com.code_intelligence.jazzer.runtime.NativeLibHooks
INFO: Loaded 2 hooks from com.code_intelligence.jazzer.sanitizers.ClojureLangHooks
INFO: Loaded 5 hooks from com.code_intelligence.jazzer.sanitizers.Deserialization
INFO: Loaded 5 hooks from com.code_intelligence.jazzer.sanitizers.ExpressionLanguageInjection
INFO: Loaded 70 hooks from com.code_intelligence.jazzer.sanitizers.LdapInjection
INFO: Loaded 46 hooks from com.code_intelligence.jazzer.sanitizers.NamingContextLookup
INFO: Loaded 1 hooks from com.code_intelligence.jazzer.sanitizers.OsCommandInjection
INFO: Loaded 48 hooks from com.code_intelligence.jazzer.sanitizers.ReflectiveCall
INFO: Loaded 8 hooks from com.code_intelligence.jazzer.sanitizers.RegexInjection
INFO: Loaded 16 hooks from com.code_intelligence.jazzer.sanitizers.RegexRoadblocks
INFO: Loaded 12 hooks from com.code_intelligence.jazzer.sanitizers.ScriptEngineInjection
INFO: Loaded 3 hooks from com.code_intelligence.jazzer.sanitizers.ServerSideRequestForgery
INFO: Loaded 19 hooks from com.code_intelligence.jazzer.sanitizers.SqlInjection
INFO: Loaded 6 hooks from com.code_intelligence.jazzer.sanitizers.XPathInjection
INFO: Instrumented parseFuzzer (took 129 ms, size +9%)
INFO: using inputs from: /testcase
INFO: found LLVMFuzzerCustomMutator (0x7f487fdafa00). Disabling -len_control by default.
INFO: libFuzzer ignores flags that start with '--'
INFO: Running with entropic power schedule (0xFF, 100).
INFO: Seed: 3581844581
INFO: Loaded 1 modules   (512 inline 8-bit counters): 512 [0x5608f7d02e60, 0x5608f7d03060), 
INFO: Loaded 1 PC tables (512 PCs): 512 [0x5608f7cbfa20,0x5608f7cc1a20), 
jazzer: Running 1 inputs 100 time(s) each.
Running: /testcase
INFO: Instrumented com.github.javaparser.ParserConfiguration (took 76 ms, size +6%)
INFO: Instrumented com.github.javaparser.Processor (took 7 ms, size +10%)
INFO: Instrumented com.github.javaparser.ParserConfiguration$UnicodeEscapeProcessor (took 19 ms, size +7%)
INFO: Instrumented com.github.javaparser.ParserConfiguration$1 (took 11 ms, size +8%)
INFO: Instrumented com.github.javaparser.ParserConfiguration$2 (took 7 ms, size +5%)
INFO: Instrumented com.github.javaparser.ParserConfiguration$3 (took 5 ms, size +9%)
INFO: Instrumented com.github.javaparser.ParserConfiguration$4 (took 4 ms, size +12%)
INFO: Instrumented com.github.javaparser.ParserConfiguration$LineEndingProcessor (took 6 ms, size +9%)
INFO: Instrumented com.github.javaparser.ParserConfiguration$LanguageLevel (took 13 ms, size +4%)
INFO: Instrumented com.github.javaparser.ast.validator.Validator (took 2 ms, size +11%)
INFO: Instrumented com.github.javaparser.ast.validator.TypedValidator (took 3 ms, size +8%)
INFO: Instrumented com.github.javaparser.ast.validator.postprocessors.PostProcessors (took 7 ms, size +8%)
INFO: Instrumented com.github.javaparser.ast.validator.postprocessors.Java10PostProcessor (took 3 ms, size +8%)
INFO: Instrumented com.github.javaparser.ast.validator.postprocessors.Java11PostProcessor (took 1 ms, size +21%)
INFO: Instrumented com.github.javaparser.ast.validator.postprocessors.Java12PostProcessor (took 2 ms, size +21%)
INFO: Instrumented com.github.javaparser.ast.validator.postprocessors.Java13PostProcessor (took 1 ms, size +21%)
INFO: Instrumented com.github.javaparser.ast.validator.postprocessors.Java14PostProcessor (took 1 ms, size +21%)
INFO: Instrumented com.github.javaparser.ast.validator.postprocessors.Java15PostProcessor (took 1 ms, size +21%)
INFO: Instrumented com.github.javaparser.ast.validator.postprocessors.Java16PostProcessor (took 2 ms, size +21%)
INFO: Instrumented com.github.javaparser.ast.validator.postprocessors.Java17PostProcessor (took 1 ms, size +21%)
INFO: Instrumented com.github.javaparser.ast.validator.postprocessors.Java18PostProcessor (took 1 ms, size +21%)
INFO: Instrumented com.github.javaparser.ast.validator.language_level_validations.Java1_0Validator (took 39 ms, size +7%)
INFO: Instrumented com.github.javaparser.ast.validator.Validators (took 9 ms, size +8%)
INFO: Instrumented com.github.javaparser.ast.validator.TypedValidator$1 (took 6 ms, size +4%)
INFO: Instrumented com.github.javaparser.ast.nodeTypes.NodeWithTokenRange (took 1 ms, size +0%)
INFO: Instrumented com.github.javaparser.ast.validator.language_level_validations.chunks.CommonValidators (took 18 ms, size +11%)
INFO: Instrumented com.github.javaparser.ast.validator.SimpleValidator (took 9 ms, size +9%)
INFO: Instrumented com.github.javaparser.ast.validator.SingleNodeTypeValidator (took 10 ms, size +8%)
INFO: Instrumented com.github.javaparser.ast.body.ClassOrInterfaceDeclaration (took 55 ms, size +7%)
INFO: Instrumented com.github.javaparser.ast.nodeTypes.NodeWithImplements (took 7 ms, size +4%)
INFO: Instrumented com.github.javaparser.ast.nodeTypes.NodeWithExtends (took 5 ms, size +4%)
INFO: Instrumented com.github.javaparser.ast.nodeTypes.NodeWithTypeParameters (took 6 ms, size +10%)
INFO: Instrumented com.github.javaparser.ast.nodeTypes.modifiers.NodeWithAbstractModifier (took 2 ms, size +8%)
INFO: New number of coverage counters: 1024
INFO: Instrumented com.github.javaparser.ast.nodeTypes.NodeWithModifiers (took 10 ms, size +9%)
INFO: Instrumented com.github.javaparser.ast.nodeTypes.modifiers.NodeWithFinalModifier (took 2 ms, size +8%)
INFO: Instrumented com.github.javaparser.resolution.Resolvable (took 0 ms, size +0%)
INFO: Instrumented com.github.javaparser.ast.body.TypeDeclaration (took 36 ms, size +5%)
INFO: Instrumented com.github.javaparser.ast.nodeTypes.NodeWithSimpleName (took 3 ms, size +7%)
INFO: Instrumented com.github.javaparser.ast.nodeTypes.NodeWithJavadoc (took 9 ms, size +8%)
INFO: Instrumented com.github.javaparser.ast.nodeTypes.NodeWithMembers (took 36 ms, size +6%)
INFO: Instrumented com.github.javaparser.ast.nodeTypes.modifiers.NodeWithAccessModifiers (took 1 ms, size +0%)
INFO: Instrumented com.github.javaparser.ast.nodeTypes.modifiers.NodeWithPublicModifier (took 3 ms, size +8%)
INFO: Instrumented com.github.javaparser.ast.nodeTypes.modifiers.NodeWithPrivateModifier (took 2 ms, size +8%)
INFO: Instrumented com.github.javaparser.ast.nodeTypes.modifiers.NodeWithProtectedModifier (took 2 ms, size +8%)
INFO: Instrumented com.github.javaparser.ast.nodeTypes.modifiers.NodeWithStaticModifier (took 2 ms, size +8%)
INFO: Instrumented com.github.javaparser.ast.nodeTypes.modifiers.NodeWithStrictfpModifier (took 2 ms, size +8%)
INFO: Instrumented com.github.javaparser.ast.body.BodyDeclaration (took 41 ms, size +4%)
INFO: Instrumented com.github.javaparser.ast.nodeTypes.NodeWithAnnotations (took 17 ms, size +9%)
INFO: New number of coverage counters: 2048
INFO: Instrumented com.github.javaparser.ast.Node (took 95 ms, size +9%)
INFO: Instrumented com.github.javaparser.HasParentNode (took 6 ms, size +10%)
INFO: Instrumented com.github.javaparser.ast.observer.Observable (took 0 ms, size +0%)
INFO: Instrumented com.github.javaparser.ast.visitor.Visitable (took 0 ms, size +0%)
INFO: Instrumented com.github.javaparser.ast.nodeTypes.NodeWithRange (took 5 ms, size +11%)
INFO: Instrumented com.github.javaparser.ast.validator.ProblemReporter (took 5 ms, size +4%)
INFO: Instrumented com.github.javaparser.ast.expr.AssignExpr (took 16 ms, size +5%)
INFO: Instrumented com.github.javaparser.ast.expr.Expression (took 112 ms, size +5%)
INFO: Instrumented com.github.javaparser.ast.validator.TreeVisitorValidator (took 4 ms, size +17%)
INFO: Instrumented com.github.javaparser.ast.validator.language_level_validations.chunks.ModifierValidator (took 28 ms, size +9%)
INFO: Instrumented com.github.javaparser.ast.validator.VisitorValidator (took 3 ms, size +8%)
INFO: New number of coverage counters: 4096
INFO: Instrumented com.github.javaparser.ast.visitor.VoidVisitorAdapter (took 302 ms, size +4%)
INFO: Instrumented com.github.javaparser.ast.visitor.VoidVisitor (took 5 ms, size +0%)
INFO: Instrumented com.github.javaparser.ast.body.AnnotationDeclaration (took 9 ms, size +3%)
INFO: Instrumented com.github.javaparser.ast.Modifier$Keyword (took 4 ms, size +9%)
INFO: Instrumented com.github.javaparser.ast.stmt.AssertStmt (took 10 ms, size +6%)
INFO: Instrumented com.github.javaparser.ast.stmt.Statement (took 32 ms, size +4%)
INFO: Instrumented com.github.javaparser.ast.expr.ClassExpr (took 9 ms, size +5%)
INFO: Instrumented com.github.javaparser.ast.nodeTypes.NodeWithType (took 1 ms, size +7%)
INFO: Instrumented com.github.javaparser.ast.stmt.TryStmt (took 13 ms, size +8%)
INFO: Instrumented com.github.javaparser.ast.body.EnumDeclaration (took 14 ms, size +5%)
INFO: Instrumented com.github.javaparser.ast.body.Parameter (took 16 ms, size +8%)
INFO: Instrumented com.github.javaparser.printer.configuration.ConfigurationOption (took 0 ms, size +0%)
INFO: Instrumented com.github.javaparser.ast.DataKey (took 4 ms, size +71%)
INFO: Instrumented com.github.javaparser.ast.Node$1 (took 2 ms, size +18%)
INFO: Instrumented com.github.javaparser.ast.Node$2 (took 2 ms, size +19%)
INFO: Instrumented com.github.javaparser.ast.Node$3 (took 1 ms, size +19%)
INFO: Instrumented com.github.javaparser.ast.Node$4 (took 1 ms, size +19%)
INFO: Instrumented com.github.javaparser.ast.visitor.GenericVisitor (took 1 ms, size +0%)
INFO: Instrumented com.github.javaparser.ast.observer.AstObserver (took 0 ms, size +0%)
INFO: Instrumented com.github.javaparser.printer.Printer (took 0 ms, size +0%)
INFO: Instrumented com.github.javaparser.printer.configuration.PrinterConfiguration (took 0 ms, size +0%)
INFO: Instrumented com.github.javaparser.ast.comments.Comment (took 26 ms, size +7%)
INFO: Instrumented com.github.javaparser.ast.comments.LineComment (took 7 ms, size +5%)
INFO: Instrumented com.github.javaparser.ast.comments.BlockComment (took 6 ms, size +5%)
INFO: Instrumented com.github.javaparser.ast.expr.AnnotationExpr (took 8 ms, size +5%)
INFO: Instrumented com.github.javaparser.ast.nodeTypes.NodeWithName (took 1 ms, size +8%)
INFO: Instrumented com.github.javaparser.ast.expr.SingleMemberAnnotationExpr (took 8 ms, size +4%)
INFO: Instrumented com.github.javaparser.ast.expr.NormalAnnotationExpr (took 11 ms, size +6%)
INFO: Instrumented com.github.javaparser.ast.expr.MarkerAnnotationExpr (took 7 ms, size +4%)
INFO: Instrumented com.github.javaparser.ast.Modifier (took 10 ms, size +4%)
INFO: Instrumented com.github.javaparser.ast.type.Type (took 21 ms, size +5%)
INFO: Instrumented com.github.javaparser.ast.type.ConvertibleToUsage (took 0 ms, size +0%)
INFO: Instrumented com.github.javaparser.ast.type.ClassOrInterfaceType (took 20 ms, size +9%)
INFO: Instrumented com.github.javaparser.ast.nodeTypes.NodeWithTypeArguments (took 2 ms, size +14%)
INFO: Instrumented com.github.javaparser.ast.type.ReferenceType (took 5 ms, size +5%)
INFO: Instrumented com.github.javaparser.ast.expr.SimpleName (took 9 ms, size +5%)
INFO: Instrumented com.github.javaparser.ast.nodeTypes.NodeWithIdentifier (took 3 ms, size +11%)
INFO: Instrumented com.github.javaparser.metamodel.NodeMetaModel (took 3 ms, size +7%)
INFO: Instrumented com.github.javaparser.metamodel.BaseNodeMetaModel (took 18 ms, size +21%)
INFO: Instrumented com.github.javaparser.metamodel.ParameterMetaModel (took 2 ms, size +8%)
INFO: Instrumented com.github.javaparser.ast.stmt.ForEachStmt (took 23 ms, size +7%)
INFO: Instrumented com.github.javaparser.ast.nodeTypes.NodeWithBody (took 3 ms, size +5%)
INFO: Instrumented com.github.javaparser.ast.ImportDeclaration (took 9 ms, size +7%)
INFO: Instrumented com.github.javaparser.ast.expr.Name (took 12 ms, size +7%)
INFO: Instrumented com.github.javaparser.metamodel.ImportDeclarationMetaModel (took 3 ms, size +9%)
INFO: Instrumented com.github.javaparser.ast.stmt.SwitchEntry (took 12 ms, size +7%)
INFO: Instrumented com.github.javaparser.ast.nodeTypes.NodeWithStatements (took 5 ms, size +6%)
INFO: Instrumented com.github.javaparser.ast.stmt.YieldStmt (took 11 ms, size +5%)
INFO: Instrumented com.github.javaparser.ast.nodeTypes.NodeWithExpression (took 3 ms, size +9%)
INFO: Instrumented com.github.javaparser.ast.validator.language_level_validations.chunks.NoBinaryIntegerLiteralsValidator (took 7 ms, size +26%)
INFO: Instrumented com.github.javaparser.ast.expr.LiteralStringValueExpr (took 8 ms, size +5%)
INFO: Instrumented com.github.javaparser.ast.expr.LiteralExpr (took 5 ms, size +6%)
INFO: Instrumented com.github.javaparser.ast.expr.IntegerLiteralExpr (took 13 ms, size +25%)
INFO: Instrumented com.github.javaparser.ast.expr.LongLiteralExpr (took 13 ms, size +26%)
INFO: Instrumented com.github.javaparser.ast.validator.language_level_validations.chunks.NoUnderscoresInIntegerLiteralsValidator (took 4 ms, size +27%)
INFO: Instrumented com.github.javaparser.ast.type.UnionType (took 10 ms, size +5%)
INFO: Instrumented com.github.javaparser.ast.expr.LambdaExpr (took 15 ms, size +6%)
INFO: Instrumented com.github.javaparser.ast.nodeTypes.NodeWithParameters (took 13 ms, size +10%)
INFO: Instrumented com.github.javaparser.ast.modules.ModuleDeclaration (took 11 ms, size +7%)
INFO: Instrumented com.github.javaparser.ast.expr.SwitchExpr (took 10 ms, size +7%)
INFO: Instrumented com.github.javaparser.ast.nodeTypes.SwitchNode (took 1 ms, size +6%)
INFO: Instrumented com.github.javaparser.ast.expr.InstanceOfExpr (took 12 ms, size +6%)
INFO: Instrumented com.github.javaparser.ast.expr.TextBlockLiteralExpr (took 14 ms, size +9%)
INFO: Instrumented com.github.javaparser.ast.body.RecordDeclaration (took 19 ms, size +6%)
INFO: Instrumented com.github.javaparser.ast.validator.language_level_validations.Java1_1Validator (took 3 ms, size +8%)
INFO: Instrumented com.github.javaparser.ast.validator.language_level_validations.Java1_2Validator (took 2 ms, size +9%)
INFO: Instrumented com.github.javaparser.ast.validator.ReservedKeywordValidator (took 5 ms, size +38%)
INFO: Instrumented com.github.javaparser.utils.CodeGenerationUtils (took 10 ms, size +26%)
INFO: Instrumented com.github.javaparser.ast.validator.language_level_validations.Java1_3Validator (took 0 ms, size +20%)
INFO: Instrumented com.github.javaparser.ast.validator.language_level_validations.Java1_4Validator (took 0 ms, size +15%)
INFO: New number of coverage counters: 8192
INFO: Instrumented com.github.javaparser.ast.validator.language_level_validations.Java5Validator (took 6 ms, size +9%)
INFO: Instrumented com.github.javaparser.ast.validator.language_level_validations.Java6Validator (took 1 ms, size +21%)
INFO: Instrumented com.github.javaparser.ast.validator.language_level_validations.Java7Validator (took 4 ms, size +12%)
INFO: Instrumented com.github.javaparser.ast.validator.language_level_validations.Java8Validator (took 5 ms, size +10%)
INFO: Instrumented com.github.javaparser.ast.validator.language_level_validations.Java9Validator (took 3 ms, size +10%)
INFO: Instrumented com.github.javaparser.ast.validator.language_level_validations.chunks.UnderscoreKeywordValidator (took 6 ms, size +33%)
INFO: Instrumented com.github.javaparser.ast.validator.language_level_validations.Java10Validator (took 2 ms, size +10%)
INFO: Instrumented com.github.javaparser.ast.type.VarType (took 15 ms, size +7%)
INFO: Instrumented com.github.javaparser.ast.validator.language_level_validations.chunks.VarValidator (took 9 ms, size +11%)
INFO: Instrumented com.github.javaparser.ast.validator.postprocessors.Java10PostProcessor$1 (took 5 ms, size +20%)
INFO: Instrumented com.github.javaparser.ast.validator.language_level_validations.Java10PreviewValidator (took 1 ms, size +19%)
INFO: Instrumented com.github.javaparser.ast.validator.language_level_validations.Java11Validator (took 2 ms, size +9%)
INFO: Instrumented com.github.javaparser.ast.validator.language_level_validations.Java11PreviewValidator (took 0 ms, size +19%)
INFO: Instrumented com.github.javaparser.ast.validator.language_level_validations.Java12Validator (took 0 ms, size +20%)
INFO: Instrumented com.github.javaparser.ast.validator.language_level_validations.Java12PreviewValidator (took 1 ms, size +14%)
INFO: Instrumented com.github.javaparser.ast.validator.language_level_validations.Java13Validator (took 0 ms, size +20%)
INFO: Instrumented com.github.javaparser.ast.validator.language_level_validations.Java13PreviewValidator (took 2 ms, size +14%)
INFO: Instrumented com.github.javaparser.ast.validator.language_level_validations.Java14Validator (took 2 ms, size +10%)
INFO: Instrumented com.github.javaparser.ast.validator.RecordAsTypeIdentifierNotAllowed (took 4 ms, size +36%)
INFO: Instrumented com.github.javaparser.ast.validator.language_level_validations.chunks.RecordDeclarationValidator (took 9 ms, size +8%)
INFO: Instrumented com.github.javaparser.ast.validator.language_level_validations.Java14PreviewValidator (took 1 ms, size +13%)
INFO: Instrumented com.github.javaparser.ast.validator.language_level_validations.Java15Validator (took 3 ms, size +15%)
INFO: Instrumented com.github.javaparser.ast.validator.language_level_validations.Java15PreviewValidator (took 2 ms, size +13%)
INFO: Instrumented com.github.javaparser.ast.validator.language_level_validations.Java16Validator (took 3 ms, size +14%)
INFO: Instrumented com.github.javaparser.ast.validator.language_level_validations.Java16PreviewValidator (took 3 ms, size +19%)
INFO: Instrumented com.github.javaparser.ast.validator.language_level_validations.Java17Validator (took 2 ms, size +13%)
INFO: Instrumented com.github.javaparser.ast.validator.language_level_validations.Java17PreviewValidator (took 1 ms, size +19%)
INFO: Instrumented com.github.javaparser.ast.validator.language_level_validations.Java18Validator (took 1 ms, size +20%)
INFO: Instrumented com.github.javaparser.Providers (took 13 ms, size +5%)
INFO: Instrumented com.github.javaparser.Provider (took 2 ms, size +0%)
INFO: Instrumented com.github.javaparser.JavaParser (took 37 ms, size +4%)
INFO: Instrumented com.github.javaparser.ParseStart (took 6 ms, size +3%)
INFO: New number of coverage counters: 16384
INFO: Instrumented com.github.javaparser.GeneratedJavaParser (took 579 ms, size +21%)
INFO: Instrumented com.github.javaparser.GeneratedJavaParserConstants (took 4 ms, size +3%)
INFO: Instrumented com.github.javaparser.GeneratedJavaParserBase (took 28 ms, size +13%)
INFO: Instrumented com.github.javaparser.ast.type.UnknownType (took 7 ms, size +6%)
INFO: Instrumented com.github.javaparser.ParseException (took 6 ms, size +18%)
INFO: Instrumented com.github.javaparser.ast.ArrayCreationLevel (took 10 ms, size +7%)
INFO: Instrumented com.github.javaparser.ast.type.PrimitiveType (took 15 ms, size +5%)
INFO: Instrumented com.github.javaparser.ast.expr.VariableDeclarationExpr (took 16 ms, size +6%)
INFO: Instrumented com.github.javaparser.ast.nodeTypes.NodeWithVariables (took 9 ms, size +8%)
INFO: Instrumented com.github.javaparser.GeneratedJavaParser$LookaheadSuccess (took 3 ms, size +14%)
INFO: Instrumented com.github.javaparser.ast.body.InitializerDeclaration (took 10 ms, size +6%)
INFO: Instrumented com.github.javaparser.ast.nodeTypes.NodeWithBlockStmt (took 2 ms, size +11%)
INFO: Instrumented com.github.javaparser.ast.body.ConstructorDeclaration (took 17 ms, size +4%)
INFO: Instrumented com.github.javaparser.ast.nodeTypes.NodeWithThrownExceptions (took 3 ms, size +16%)
INFO: Instrumented com.github.javaparser.ast.body.CallableDeclaration (took 22 ms, size +8%)
INFO: Instrumented com.github.javaparser.ast.nodeTypes.NodeWithDeclaration (took 1 ms, size +15%)
INFO: Instrumented com.github.javaparser.ast.body.FieldDeclaration (took 20 ms, size +7%)
INFO: Instrumented com.github.javaparser.ast.body.MethodDeclaration (took 25 ms, size +7%)
INFO: Instrumented com.github.javaparser.ast.nodeTypes.NodeWithOptionalBlockStmt (took 2 ms, size +9%)
INFO: Instrumented com.github.javaparser.ast.body.CompactConstructorDeclaration (took 19 ms, size +7%)
INFO: Instrumented com.github.javaparser.ast.stmt.BlockStmt (took 13 ms, size +7%)
INFO: Instrumented com.github.javaparser.ast.stmt.ExplicitConstructorInvocationStmt (took 14 ms, size +7%)
INFO: Instrumented com.github.javaparser.ast.nodeTypes.NodeWithArguments (took 4 ms, size +7%)
INFO: Instrumented com.github.javaparser.ast.body.VariableDeclarator (took 10 ms, size +5%)
INFO: Instrumented com.github.javaparser.ast.expr.ArrayInitializerExpr (took 11 ms, size +7%)
INFO: Instrumented com.github.javaparser.ast.expr.MethodReferenceExpr (took 11 ms, size +6%)
INFO: Instrumented com.github.javaparser.ast.type.VoidType (took 9 ms, size +4%)
INFO: Instrumented com.github.javaparser.ast.stmt.LocalClassDeclarationStmt (took 7 ms, size +5%)
INFO: Instrumented com.github.javaparser.ast.stmt.LocalRecordDeclarationStmt (took 7 ms, size +5%)
INFO: Instrumented com.github.javaparser.ast.stmt.ExpressionStmt (took 7 ms, size +5%)
INFO: Instrumented com.github.javaparser.ast.stmt.UnparsableStmt (took 5 ms, size +5%)
INFO: Instrumented com.github.javaparser.ast.type.WildcardType (took 28 ms, size +8%)
INFO: Instrumented com.github.javaparser.ast.expr.ConditionalExpr (took 9 ms, size +8%)
INFO: Instrumented com.github.javaparser.ast.nodeTypes.NodeWithCondition (took 0 ms, size +0%)
INFO: Instrumented com.github.javaparser.ast.body.EnumConstantDeclaration (took 10 ms, size +6%)
INFO: Instrumented com.github.javaparser.ast.modules.ModuleDirective (took 15 ms, size +4%)
INFO: Instrumented com.github.javaparser.ast.type.TypeParameter (took 13 ms, size +5%)
INFO: Instrumented com.github.javaparser.ast.expr.BinaryExpr (took 10 ms, size +5%)
INFO: Instrumented com.github.javaparser.ast.expr.UnaryExpr (took 8 ms, size +6%)
INFO: Instrumented com.github.javaparser.ast.expr.CastExpr (took 8 ms, size +5%)
INFO: Instrumented com.github.javaparser.ast.type.IntersectionType (took 11 ms, size +5%)
INFO: Instrumented com.github.javaparser.ast.expr.ThisExpr (took 11 ms, size +5%)
INFO: Instrumented com.github.javaparser.ast.expr.SuperExpr (took 9 ms, size +6%)
INFO: Instrumented com.github.javaparser.ast.expr.MethodCallExpr (took 29 ms, size +8%)
INFO: Instrumented com.github.javaparser.ast.nodeTypes.NodeWithOptionalScope (took 2 ms, size +9%)
INFO: Instrumented com.github.javaparser.ast.nodeTypes.NodeWithTraversableScope (took 0 ms, size +0%)
INFO: Instrumented com.github.javaparser.ast.expr.FieldAccessExpr (took 15 ms, size +7%)
INFO: Instrumented com.github.javaparser.ast.nodeTypes.NodeWithScope (took 1 ms, size +9%)
INFO: Instrumented com.github.javaparser.ast.expr.EnclosedExpr (took 7 ms, size +5%)
INFO: Instrumented com.github.javaparser.ast.expr.TypeExpr (took 7 ms, size +5%)
INFO: Instrumented com.github.javaparser.ast.expr.NameExpr (took 8 ms, size +4%)
INFO: Instrumented com.github.javaparser.ast.expr.ArrayAccessExpr (took 7 ms, size +5%)
INFO: Instrumented com.github.javaparser.ast.expr.DoubleLiteralExpr (took 10 ms, size +9%)
INFO: Instrumented com.github.javaparser.ast.expr.CharLiteralExpr (took 9 ms, size +4%)
INFO: Instrumented com.github.javaparser.ast.expr.StringLiteralExpr (took 8 ms, size +4%)
INFO: Instrumented com.github.javaparser.ast.expr.ArrayCreationExpr (took 12 ms, size +7%)
INFO: Instrumented com.github.javaparser.ast.expr.ObjectCreationExpr (took 18 ms, size +8%)
INFO: Instrumented com.github.javaparser.ast.expr.BooleanLiteralExpr (took 8 ms, size +7%)
INFO: Instrumented com.github.javaparser.ast.expr.NullLiteralExpr (took 5 ms, size +5%)
INFO: Instrumented com.github.javaparser.ast.stmt.LabeledStmt (took 9 ms, size +5%)
INFO: Instrumented com.github.javaparser.ast.stmt.EmptyStmt (took 5 ms, size +5%)
INFO: Instrumented com.github.javaparser.ast.stmt.SwitchStmt (took 9 ms, size +7%)
INFO: Instrumented com.github.javaparser.ast.stmt.IfStmt (took 11 ms, size +6%)
INFO: Instrumented com.github.javaparser.ast.stmt.WhileStmt (took 7 ms, size +5%)
INFO: Instrumented com.github.javaparser.ast.stmt.DoStmt (took 9 ms, size +5%)
INFO: Instrumented com.github.javaparser.ast.stmt.BreakStmt (took 8 ms, size +6%)
INFO: Instrumented com.github.javaparser.ast.stmt.ContinueStmt (took 8 ms, size +6%)
INFO: Instrumented com.github.javaparser.ast.nodeTypes.NodeWithOptionalLabel (took 2 ms, size +5%)
INFO: Instrumented com.github.javaparser.ast.stmt.ReturnStmt (took 8 ms, size +6%)
INFO: Instrumented com.github.javaparser.ast.stmt.ThrowStmt (took 7 ms, size +5%)
INFO: Instrumented com.github.javaparser.ast.stmt.SynchronizedStmt (took 9 ms, size +5%)
INFO: Instrumented com.github.javaparser.ast.stmt.ForStmt (took 10 ms, size +8%)
INFO: Instrumented com.github.javaparser.ast.stmt.CatchClause (took 6 ms, size +4%)
INFO: Instrumented com.github.javaparser.ast.expr.MemberValuePair (took 7 ms, size +5%)
INFO: Instrumented com.github.javaparser.ast.body.AnnotationMemberDeclaration (took 14 ms, size +6%)
INFO: Instrumented com.github.javaparser.ast.modules.ModuleRequiresDirective (took 13 ms, size +6%)
INFO: Instrumented com.github.javaparser.ast.modules.ModuleExportsDirective (took 11 ms, size +6%)
INFO: Instrumented com.github.javaparser.ast.modules.ModuleOpensDirective (took 11 ms, size +7%)
INFO: Instrumented com.github.javaparser.ast.modules.ModuleUsesDirective (took 9 ms, size +5%)
INFO: Instrumented com.github.javaparser.ast.modules.ModuleProvidesDirective (took 9 ms, size +6%)
INFO: Instrumented com.github.javaparser.ast.CompilationUnit (took 33 ms, size +12%)
INFO: Instrumented com.github.javaparser.ast.PackageDeclaration (took 7 ms, size +7%)
INFO: Instrumented com.github.javaparser.utils.Utils (took 23 ms, size +17%)
INFO: Instrumented com.github.javaparser.utils.LineSeparator (took 7 ms, size +55%)
INFO: Instrumented com.github.javaparser.StreamProvider (took 2 ms, size +22%)
INFO: Instrumented com.github.javaparser.LineEndingProcessingProvider (took 4 ms, size +31%)
INFO: Instrumented com.github.javaparser.GeneratedJavaParser$JJCalls (took 0 ms, size +18%)
INFO: Instrumented com.github.javaparser.SimpleCharStream (took 3 ms, size +8%)
INFO: Instrumented com.github.javaparser.AbstractCharStream (took 10 ms, size +17%)
INFO: Instrumented com.github.javaparser.CharStream (took 0 ms, size +0%)
INFO: Instrumented com.github.javaparser.GeneratedJavaParserTokenManager (took 74 ms, size +32%)
INFO: Instrumented com.github.javaparser.TokenMgrException (took 3 ms, size +15%)
INFO: Instrumented com.github.javaparser.ast.comments.CommentsCollection (took 8 ms, size +8%)
INFO: Instrumented com.github.javaparser.printer.configuration.DefaultPrinterConfiguration (took 3 ms, size +12%)
INFO: Instrumented com.github.javaparser.printer.configuration.DefaultConfigurationOption (took 5 ms, size +13%)
INFO: Instrumented com.github.javaparser.printer.configuration.DefaultPrinterConfiguration$ConfigOption (took 4 ms, size +9%)
INFO: Instrumented com.github.javaparser.printer.configuration.ImportOrderingStrategy (took 0 ms, size +0%)
INFO: Instrumented com.github.javaparser.printer.configuration.Indentation (took 4 ms, size +12%)
INFO: Instrumented com.github.javaparser.printer.configuration.Indentation$IndentType (took 3 ms, size +7%)
INFO: Instrumented com.github.javaparser.Token (took 3 ms, size +9%)
INFO: Instrumented com.github.javaparser.TokenBase (took 0 ms, size +8%)
INFO: Instrumented com.github.javaparser.ast.NodeList (took 33 ms, size +8%)
INFO: Instrumented com.github.javaparser.JavaToken (took 15 ms, size +20%)
INFO: Instrumented com.github.javaparser.Range (took 9 ms, size +19%)
INFO: Instrumented com.github.javaparser.Position (took 9 ms, size +33%)
INFO: Instrumented com.github.javaparser.TokenTypes (took 5 ms, size +9%)
INFO: New number of coverage counters: 32768
INFO: Instrumented com.github.javaparser.JavaToken$Category (took 7 ms, size +19%)
INFO: Instrumented com.github.javaparser.ModifierHolder (took 1 ms, size +8%)
INFO: Instrumented com.github.javaparser.RangedList (took 2 ms, size +8%)
INFO: Instrumented com.github.javaparser.TokenRange (took 4 ms, size +13%)
INFO: Instrumented com.github.javaparser.metamodel.SimpleNameMetaModel (took 0 ms, size +10%)
INFO: Instrumented com.github.javaparser.ast.Node$Parsedness (took 2 ms, size +10%)
INFO: Instrumented com.github.javaparser.ast.observer.ObservableProperty (took 16 ms, size +14%)
INFO: Instrumented com.github.javaparser.ast.observer.ObservableProperty$Type (took 3 ms, size +7%)
INFO: Instrumented com.github.javaparser.metamodel.TypeMetaModel (took 1 ms, size +7%)
INFO: Instrumented com.github.javaparser.metamodel.ReferenceTypeMetaModel (took 1 ms, size +7%)
INFO: Instrumented com.github.javaparser.metamodel.ClassOrInterfaceTypeMetaModel (took 0 ms, size +8%)
INFO: Instrumented com.github.javaparser.resolution.UnsolvedSymbolException (took 2 ms, size +8%)
INFO: Instrumented com.github.javaparser.resolution.types.ResolvedType (took 9 ms, size +8%)
INFO: Instrumented com.github.javaparser.ast.type.ArrayType (took 15 ms, size +6%)
INFO: Instrumented com.github.javaparser.metamodel.ArrayTypeMetaModel (took 1 ms, size +9%)
INFO: Instrumented com.github.javaparser.utils.Pair (took 3 ms, size +46%)
INFO: Instrumented com.github.javaparser.metamodel.ExpressionMetaModel (took 1 ms, size +7%)
INFO: Instrumented com.github.javaparser.metamodel.NameExprMetaModel (took 0 ms, size +10%)
INFO: Instrumented com.github.javaparser.ast.expr.AssignExpr$Operator (took 3 ms, size +8%)
INFO: Instrumented com.github.javaparser.printer.Stringable (took 0 ms, size +0%)
INFO: Instrumented com.github.javaparser.GeneratedJavaParserTokenManagerBase (took 1 ms, size +13%)
INFO: Instrumented com.github.javaparser.ast.comments.JavadocComment (took 6 ms, size +5%)
INFO: Instrumented com.github.javaparser.metamodel.CommentMetaModel (took 1 ms, size +7%)
INFO: Instrumented com.github.javaparser.metamodel.LineCommentMetaModel (took 0 ms, size +10%)
INFO: Instrumented com.github.javaparser.Problem (took 12 ms, size +11%)
INFO: Instrumented com.github.javaparser.metamodel.CompilationUnitMetaModel (took 1 ms, size +8%)
INFO: Instrumented com.github.javaparser.ParseResult (took 15 ms, size +12%)
INFO: Instrumented com.github.javaparser.ast.Node$TreeTraversal (took 2 ms, size +9%)
INFO: Instrumented com.github.javaparser.ast.Node$5 (took 3 ms, size +12%)
INFO: Instrumented com.github.javaparser.ast.Node$ObserverRegistrationMode (took 4 ms, size +9%)
INFO: Instrumented com.github.javaparser.ast.Node$PreOrderIterator (took 2 ms, size +19%)
INFO: Instrumented com.github.javaparser.metamodel.JavaParserMetaModel (took 26 ms, size +12%)
INFO: Instrumented com.github.javaparser.metamodel.BodyDeclarationMetaModel (took 1 ms, size +6%)
INFO: Instrumented com.github.javaparser.metamodel.CallableDeclarationMetaModel (took 1 ms, size +6%)
INFO: Instrumented com.github.javaparser.metamodel.AnnotationExprMetaModel (took 1 ms, size +6%)
INFO: Instrumented com.github.javaparser.metamodel.TypeDeclarationMetaModel (took 1 ms, size +6%)
INFO: Instrumented com.github.javaparser.metamodel.LiteralStringValueExprMetaModel (took 1 ms, size +6%)
INFO: Instrumented com.github.javaparser.metamodel.LiteralExprMetaModel (took 0 ms, size +7%)
INFO: Instrumented com.github.javaparser.metamodel.ModuleDeclarationMetaModel (took 0 ms, size +8%)
INFO: Instrumented com.github.javaparser.metamodel.ArrayCreationLevelMetaModel (took 0 ms, size +9%)
INFO: Instrumented com.github.javaparser.metamodel.ModifierMetaModel (took 0 ms, size +10%)
INFO: Instrumented com.github.javaparser.metamodel.PackageDeclarationMetaModel (took 0 ms, size +9%)
INFO: Instrumented com.github.javaparser.metamodel.AnnotationMemberDeclarationMetaModel (took 0 ms, size +8%)
INFO: Instrumented com.github.javaparser.metamodel.ClassOrInterfaceDeclarationMetaModel (took 0 ms, size +8%)
INFO: Instrumented com.github.javaparser.metamodel.ConstructorDeclarationMetaModel (took 0 ms, size +9%)
INFO: Instrumented com.github.javaparser.metamodel.EnumConstantDeclarationMetaModel (took 0 ms, size +8%)
INFO: Instrumented com.github.javaparser.metamodel.EnumDeclarationMetaModel (took 0 ms, size +9%)
INFO: Instrumented com.github.javaparser.metamodel.FieldDeclarationMetaModel (took 0 ms, size +8%)
INFO: Instrumented com.github.javaparser.metamodel.InitializerDeclarationMetaModel (took 0 ms, size +9%)
INFO: Instrumented com.github.javaparser.metamodel.MethodDeclarationMetaModel (took 0 ms, size +9%)
INFO: Instrumented com.github.javaparser.metamodel.ReceiverParameterMetaModel (took 0 ms, size +9%)
INFO: Instrumented com.github.javaparser.metamodel.RecordDeclarationMetaModel (took 0 ms, size +8%)
INFO: Instrumented com.github.javaparser.metamodel.CompactConstructorDeclarationMetaModel (took 0 ms, size +8%)
INFO: Instrumented com.github.javaparser.metamodel.VariableDeclaratorMetaModel (took 0 ms, size +9%)
INFO: Instrumented com.github.javaparser.metamodel.ArrayAccessExprMetaModel (took 0 ms, size +9%)
INFO: Instrumented com.github.javaparser.metamodel.ArrayCreationExprMetaModel (took 0 ms, size +9%)
INFO: Instrumented com.github.javaparser.metamodel.ArrayInitializerExprMetaModel (took 0 ms, size +9%)
INFO: Instrumented com.github.javaparser.metamodel.AssignExprMetaModel (took 0 ms, size +9%)
INFO: Instrumented com.github.javaparser.metamodel.BinaryExprMetaModel (took 0 ms, size +9%)
INFO: Instrumented com.github.javaparser.metamodel.BooleanLiteralExprMetaModel (took 0 ms, size +9%)
INFO: Instrumented com.github.javaparser.metamodel.CastExprMetaModel (took 0 ms, size +9%)
INFO: Instrumented com.github.javaparser.metamodel.ClassExprMetaModel (took 0 ms, size +10%)
INFO: Instrumented com.github.javaparser.metamodel.ConditionalExprMetaModel (took 0 ms, size +9%)
INFO: Instrumented com.github.javaparser.metamodel.EnclosedExprMetaModel (took 0 ms, size +9%)
INFO: Instrumented com.github.javaparser.metamodel.FieldAccessExprMetaModel (took 0 ms, size +8%)
INFO: Instrumented com.github.javaparser.metamodel.InstanceOfExprMetaModel (took 0 ms, size +9%)
INFO: Instrumented com.github.javaparser.metamodel.LambdaExprMetaModel (took 0 ms, size +8%)
INFO: Instrumented com.github.javaparser.metamodel.MemberValuePairMetaModel (took 0 ms, size +9%)
INFO: Instrumented com.github.javaparser.metamodel.MethodCallExprMetaModel (took 0 ms, size +8%)
INFO: Instrumented com.github.javaparser.metamodel.MethodReferenceExprMetaModel (took 0 ms, size +8%)
INFO: Instrumented com.github.javaparser.metamodel.NameMetaModel (took 0 ms, size +9%)
INFO: Instrumented com.github.javaparser.metamodel.NormalAnnotationExprMetaModel (took 0 ms, size +9%)
INFO: Instrumented com.github.javaparser.metamodel.ObjectCreationExprMetaModel (took 0 ms, size +8%)
INFO: Instrumented com.github.javaparser.metamodel.PatternExprMetaModel (took 0 ms, size +9%)
INFO: Instrumented com.github.javaparser.metamodel.SingleMemberAnnotationExprMetaModel (took 0 ms, size +9%)
INFO: Instrumented com.github.javaparser.metamodel.SuperExprMetaModel (took 0 ms, size +10%)
INFO: Instrumented com.github.javaparser.metamodel.SwitchExprMetaModel (took 0 ms, size +9%)
INFO: Instrumented com.github.javaparser.metamodel.ThisExprMetaModel (took 0 ms, size +10%)
INFO: Instrumented com.github.javaparser.metamodel.TypeExprMetaModel (took 0 ms, size +10%)
INFO: Instrumented com.github.javaparser.metamodel.UnaryExprMetaModel (took 0 ms, size +9%)
INFO: Instrumented com.github.javaparser.metamodel.VariableDeclarationExprMetaModel (took 0 ms, size +8%)
INFO: Instrumented com.github.javaparser.metamodel.AssertStmtMetaModel (took 0 ms, size +9%)
INFO: Instrumented com.github.javaparser.metamodel.StatementMetaModel (took 0 ms, size +7%)
INFO: Instrumented com.github.javaparser.metamodel.BlockStmtMetaModel (took 0 ms, size +10%)
INFO: Instrumented com.github.javaparser.metamodel.BreakStmtMetaModel (took 0 ms, size +10%)
INFO: Instrumented com.github.javaparser.metamodel.CatchClauseMetaModel (took 0 ms, size +9%)
INFO: Instrumented com.github.javaparser.metamodel.ContinueStmtMetaModel (took 0 ms, size +9%)
INFO: Instrumented com.github.javaparser.metamodel.DoStmtMetaModel (took 0 ms, size +9%)
INFO: Instrumented com.github.javaparser.metamodel.ExplicitConstructorInvocationStmtMetaModel (took 0 ms, size +7%)
INFO: Instrumented com.github.javaparser.metamodel.ExpressionStmtMetaModel (took 0 ms, size +9%)
INFO: Instrumented com.github.javaparser.metamodel.ForEachStmtMetaModel (took 0 ms, size +9%)
INFO: Instrumented com.github.javaparser.metamodel.ForStmtMetaModel (took 0 ms, size +9%)
INFO: Instrumented com.github.javaparser.metamodel.IfStmtMetaModel (took 0 ms, size +8%)
INFO: Instrumented com.github.javaparser.metamodel.LabeledStmtMetaModel (took 0 ms, size +9%)
INFO: Instrumented com.github.javaparser.metamodel.LocalClassDeclarationStmtMetaModel (took 0 ms, size +9%)
INFO: Instrumented com.github.javaparser.metamodel.LocalRecordDeclarationStmtMetaModel (took 0 ms, size +9%)
INFO: Instrumented com.github.javaparser.metamodel.ReturnStmtMetaModel (took 0 ms, size +9%)
INFO: Instrumented com.github.javaparser.metamodel.SwitchEntryMetaModel (took 0 ms, size +9%)
INFO: Instrumented com.github.javaparser.metamodel.SwitchStmtMetaModel (took 0 ms, size +9%)
INFO: Instrumented com.github.javaparser.metamodel.SynchronizedStmtMetaModel (took 0 ms, size +9%)
INFO: Instrumented com.github.javaparser.metamodel.ThrowStmtMetaModel (took 0 ms, size +10%)
INFO: Instrumented com.github.javaparser.metamodel.TryStmtMetaModel (took 0 ms, size +9%)
INFO: Instrumented com.github.javaparser.metamodel.WhileStmtMetaModel (took 0 ms, size +9%)
INFO: Instrumented com.github.javaparser.metamodel.YieldStmtMetaModel (took 0 ms, size +10%)
INFO: Instrumented com.github.javaparser.metamodel.IntersectionTypeMetaModel (took 0 ms, size +9%)
INFO: Instrumented com.github.javaparser.metamodel.PrimitiveTypeMetaModel (took 0 ms, size +9%)
INFO: Instrumented com.github.javaparser.metamodel.TypeParameterMetaModel (took 0 ms, size +9%)
INFO: Instrumented com.github.javaparser.metamodel.UnionTypeMetaModel (took 0 ms, size +10%)
INFO: Instrumented com.github.javaparser.metamodel.WildcardTypeMetaModel (took 0 ms, size +9%)
INFO: Instrumented com.github.javaparser.metamodel.ModuleExportsDirectiveMetaModel (took 0 ms, size +9%)
INFO: Instrumented com.github.javaparser.metamodel.ModuleDirectiveMetaModel (took 0 ms, size +7%)
INFO: Instrumented com.github.javaparser.metamodel.ModuleOpensDirectiveMetaModel (took 0 ms, size +9%)
INFO: Instrumented com.github.javaparser.metamodel.ModuleProvidesDirectiveMetaModel (took 0 ms, size +9%)
INFO: Instrumented com.github.javaparser.metamodel.ModuleRequiresDirectiveMetaModel (took 0 ms, size +9%)
INFO: Instrumented com.github.javaparser.metamodel.ModuleUsesDirectiveMetaModel (took 0 ms, size +9%)
INFO: Instrumented com.github.javaparser.metamodel.StringLiteralExprMetaModel (took 0 ms, size +10%)
INFO: Instrumented com.github.javaparser.metamodel.AnnotationDeclarationMetaModel (took 0 ms, size +10%)
INFO: Instrumented com.github.javaparser.ast.body.ReceiverParameter (took 9 ms, size +7%)
INFO: Instrumented com.github.javaparser.metamodel.BlockCommentMetaModel (took 0 ms, size +10%)
INFO: Instrumented com.github.javaparser.metamodel.JavadocCommentMetaModel (took 0 ms, size +10%)
INFO: Instrumented com.github.javaparser.metamodel.CharLiteralExprMetaModel (took 0 ms, size +10%)
INFO: Instrumented com.github.javaparser.metamodel.DoubleLiteralExprMetaModel (took 0 ms, size +10%)
INFO: Instrumented com.github.javaparser.metamodel.IntegerLiteralExprMetaModel (took 0 ms, size +10%)
INFO: Instrumented com.github.javaparser.metamodel.LongLiteralExprMetaModel (took 0 ms, size +10%)
INFO: Instrumented com.github.javaparser.metamodel.MarkerAnnotationExprMetaModel (took 0 ms, size +10%)
INFO: Instrumented com.github.javaparser.metamodel.NullLiteralExprMetaModel (took 0 ms, size +10%)
INFO: Instrumented com.github.javaparser.ast.expr.PatternExpr (took 9 ms, size +6%)
INFO: Instrumented com.github.javaparser.metamodel.TextBlockLiteralExprMetaModel (took 0 ms, size +10%)
INFO: Instrumented com.github.javaparser.metamodel.EmptyStmtMetaModel (took 0 ms, size +11%)
INFO: Instrumented com.github.javaparser.metamodel.UnparsableStmtMetaModel (took 0 ms, size +10%)
INFO: Instrumented com.github.javaparser.metamodel.UnknownTypeMetaModel (took 0 ms, size +10%)
INFO: Instrumented com.github.javaparser.metamodel.VarTypeMetaModel (took 0 ms, size +11%)
INFO: Instrumented com.github.javaparser.metamodel.VoidTypeMetaModel (took 0 ms, size +11%)
INFO: Instrumented com.github.javaparser.metamodel.PropertyMetaModel (took 10 ms, size +25%)
INFO: Instrumented com.github.javaparser.ast.expr.BinaryExpr$Operator (took 3 ms, size +8%)
INFO: Instrumented com.github.javaparser.ast.expr.UnaryExpr$Operator (took 3 ms, size +14%)
INFO: Instrumented com.github.javaparser.ast.stmt.SwitchEntry$Type (took 4 ms, size +9%)
INFO: Instrumented com.github.javaparser.ast.type.ArrayType$Origin (took 2 ms, size +10%)
INFO: Instrumented com.github.javaparser.ast.type.PrimitiveType$Primitive (took 3 ms, size +30%)
INFO: Instrumented com.github.javaparser.resolution.SymbolResolver (took 0 ms, size +0%)
Executed /testcase in 11954 ms
***
*** NOTE: fuzzing was not performed, you have only
***       executed the target code on a fixed set of inputs.
***
INFO:__main__:Running: docker run --privileged --shm-size=2g --platform linux/amd64 --rm -i -e HELPER=True -e ARCHITECTURE=x86_64 -v /mnt/sdb/oss-fuzz/oss-fuzz/build/out/javaparser:/out -v /mnt/sdb/oss-fuzz/oss-fuzz/build/out/javaparser/testcase/testcase_42537781:/testcase -t gcr.io/oss-fuzz-base/base-runner reproduce parseFuzzer -runs=100.

==================================================
PoC Triggered: NO
