tittle:openexr:openexr_exrcheck_fuzzer: Integer-overflow in internal_exr_parse_header
status:Verified
type:Bug
commit_url:https://github.com/AcademySoftwareFoundation/openexr/commit/5e35d02a9df2a969f2c8a844e16b4fb84578eaae
commit_url_new:https://github.com/AcademySoftwareFoundation/openexr/commit/75da6b80983c1a778e0434ddb7f417908c94cdac
module:openexr
target:openexr_exrcheck_fuzzer
have 1 changed files:['jump get_diff!']
==================================================
+ FUZZER=openexr_exrcheck_fuzzer
+ shift
+ '[' '!' -v TESTCASE ']'
+ TESTCASE=/testcase
+ '[' '!' -f /testcase ']'
+ export RUN_FUZZER_MODE=interactive
+ RUN_FUZZER_MODE=interactive
+ export FUZZING_ENGINE=libfuzzer
+ FUZZING_ENGINE=libfuzzer
+ export SKIP_SEED_CORPUS=1
+ SKIP_SEED_CORPUS=1
+ run_fuzzer openexr_exrcheck_fuzzer -runs=100 /testcase
vm.mmap_rnd_bits = 28
/out/openexr_exrcheck_fuzzer -rss_limit_mb=2560 -timeout=25 -runs=100 /testcase < /dev/null
INFO: Running with entropic power schedule (0xFF, 100).
INFO: Seed: 3117630286
INFO: Loaded 1 modules   (59958 inline 8-bit counters): 59958 [0x55f297d2e530, 0x55f297d3cf66), 
INFO: Loaded 1 PC tables (59958 PCs): 59958 [0x55f297d3cf68,0x55f297e272c8), 
/out/openexr_exrcheck_fuzzer: Running 1 inputs 100 time(s) each.
Running: /testcase
Executed /testcase in 7 ms
***
*** NOTE: fuzzing was not performed, you have only
***       executed the target code on a fixed set of inputs.
***
INFO:__main__:Running: docker run --privileged --shm-size=2g --platform linux/amd64 --rm -i -e HELPER=True -e ARCHITECTURE=x86_64 -v /mnt/sdb/oss-fuzz/oss-fuzz/build/out/openexr:/out -v /mnt/sdb/oss-fuzz/oss-fuzz/build/out/openexr/testcase/testcase_42538428:/testcase -t gcr.io/oss-fuzz-base/base-runner reproduce openexr_exrcheck_fuzzer -runs=100.

==================================================
PoC Triggered: NO
