tittle:vlc:vlc-demux-dec-libfuzzer: Direct-leak in es_format_Copy
status:Verified
type:Bug
commit_url:https://github.com/videolan/vlc/commit/551b1bd8067087bb80be0194d3b617bd83fcd90c
commit_url_new:https://github.com/videolan/vlc/commit/4e64551d00d1f2ee3bbb58bcd42e4c13662534b5
module:vlc
target:vlc-demux-dec-libfuzzer
have 1 changed files:['jump get_diff!']
==================================================
error running command: python infra/helper.py reproduce vlc vlc-demux-dec-libfuzzer build/out/vlc/testcase/testcase_42538404
+ FUZZER=vlc-demux-dec-libfuzzer
+ shift
+ '[' '!' -v TESTCASE ']'
+ TESTCASE=/testcase
+ '[' '!' -f /testcase ']'
+ export RUN_FUZZER_MODE=interactive
+ RUN_FUZZER_MODE=interactive
+ export FUZZING_ENGINE=libfuzzer
+ FUZZING_ENGINE=libfuzzer
+ export SKIP_SEED_CORPUS=1
+ SKIP_SEED_CORPUS=1
+ run_fuzzer vlc-demux-dec-libfuzzer -runs=100 /testcase
vm.mmap_rnd_bits = 28
/out/vlc-demux-dec-libfuzzer -rss_limit_mb=2560 -timeout=25 -runs=100 /testcase < /dev/null
INFO: Running with entropic power schedule (0xFF, 100).
INFO: Seed: 1282067161
INFO: Loaded 1 modules   (74081 inline 8-bit counters): 74081 [0x55d55790f7e8, 0x55d557921949), 
INFO: Loaded 1 PC tables (74081 PCs): 74081 [0x55d557921950,0x55d557a42f60), 
/out/vlc-demux-dec-libfuzzer: Running 1 inputs 100 time(s) each.
Running: /testcase
=================================================================
[1m[31m==14==ERROR: AddressSanitizer: heap-buffer-overflow on address 0x513000000508 at pc 0x55d556ff0154 bp 0x7fff63747130 sp 0x7fff637468f0
[1m[0m[1m[34mWRITE of size 232 at 0x513000000508 thread T0[1m[0m
SCARINESS: 45 (multi-byte-write-heap-buffer-overflow)
    #0 0x55d556ff0153 in __asan_memcpy /src/llvm-project/compiler-rt/lib/asan/asan_interceptors_memintrinsics.cpp:63:3
    #1 0x55d5575c8a2d in es_format_Copy /src/vlc/src/misc/es_format.c:332:12
    #2 0x55d557505b39 in decoder_Init /src/vlc/src/input/decoder_helpers.c:49:5
    #3 0x55d557033931 in decoder_load /src/vlc/test/src/input/decoder.c:95:5
    #4 0x55d557033931 in test_decoder_create /src/vlc/test/src/input/decoder.c:187:9
    #5 0x55d5570329c5 in EsOutAdd /src/vlc/test/src/input/demux-run.c:86:19
    #6 0x55d5571aaadc in es_out_Add /src/vlc/modules/../include/vlc_es_out.h:144:12
    #7 0x55d5571aaadc in webvtt_OpenDemux /src/vlc/modules/demux/webvtt.c:667:17
    #8 0x55d55750862a in demux_Probe /src/vlc/src/input/demux.c:112:15
    #9 0x55d5574cd3c1 in vlc_module_load /src/vlc/src/modules/modules.c:230:15
    #10 0x55d557507d33 in demux_NewAdvanced /src/vlc/src/input/demux.c:196:20
    #11 0x55d5575073c3 in demux_New /src/vlc/src/input/demux.c:77:12
    #12 0x55d557031c56 in demux_process_stream /src/vlc/test/src/input/demux-run.c:294:22
    #13 0x55d557031943 in LLVMFuzzerTestOneInput /src/vlc/test/vlc-demux-libfuzzer.c:54:5
    #14 0x55d556ee6400 in fuzzer::Fuzzer::ExecuteCallback(unsigned char const*, unsigned long) /src/llvm-project/compiler-rt/lib/fuzzer/FuzzerLoop.cpp:614:13
    #15 0x55d556ed1675 in fuzzer::RunOneTest(fuzzer::Fuzzer*, char const*, unsigned long) /src/llvm-project/compiler-rt/lib/fuzzer/FuzzerDriver.cpp:327:6
    #16 0x55d556ed710f in fuzzer::FuzzerDriver(int*, char***, int (*)(unsigned char const*, unsigned long)) /src/llvm-project/compiler-rt/lib/fuzzer/FuzzerDriver.cpp:862:9
    #17 0x55d556f023b2 in main /src/llvm-project/compiler-rt/lib/fuzzer/FuzzerMain.cpp:20:10
    #18 0x7f7e4885a082 in __libc_start_main (/lib/x86_64-linux-gnu/libc.so.6+0x24082) (BuildId: 0323ab4806bee6f846d9ad4bccfc29afdca49a58)
    #19 0x55d556ec985d in _start (/out/vlc-demux-dec-libfuzzer+0x32185d)

DEDUP_TOKEN: __asan_memcpy--es_format_Copy--decoder_Init
[1m[32m0x513000000508 is located 0 bytes after 328-byte region [0x5130000003c0,0x513000000508)
[1m[0m[1m[35mallocated by thread T0 here:[1m[0m
    #0 0x55d556ff2399 in calloc /src/llvm-project/compiler-rt/lib/asan/asan_malloc_linux.cpp:75:3
    #1 0x55d5575e63a1 in vlc_custom_create /src/vlc/src/misc/objects.c:97:25
    #2 0x55d557033863 in test_decoder_create /src/vlc/test/src/input/decoder.c:136:18
    #3 0x55d5570329c5 in EsOutAdd /src/vlc/test/src/input/demux-run.c:86:19
    #4 0x55d5571aaadc in es_out_Add /src/vlc/modules/../include/vlc_es_out.h:144:12
    #5 0x55d5571aaadc in webvtt_OpenDemux /src/vlc/modules/demux/webvtt.c:667:17
    #6 0x55d55750862a in demux_Probe /src/vlc/src/input/demux.c:112:15
    #7 0x55d5574cd3c1 in vlc_module_load /src/vlc/src/modules/modules.c:230:15
    #8 0x55d557507d33 in demux_NewAdvanced /src/vlc/src/input/demux.c:196:20
    #9 0x55d5575073c3 in demux_New /src/vlc/src/input/demux.c:77:12
    #10 0x55d557031c56 in demux_process_stream /src/vlc/test/src/input/demux-run.c:294:22
    #11 0x55d557031943 in LLVMFuzzerTestOneInput /src/vlc/test/vlc-demux-libfuzzer.c:54:5
    #12 0x55d556ee6400 in fuzzer::Fuzzer::ExecuteCallback(unsigned char const*, unsigned long) /src/llvm-project/compiler-rt/lib/fuzzer/FuzzerLoop.cpp:614:13
    #13 0x55d556ed1675 in fuzzer::RunOneTest(fuzzer::Fuzzer*, char const*, unsigned long) /src/llvm-project/compiler-rt/lib/fuzzer/FuzzerDriver.cpp:327:6
    #14 0x55d556ed710f in fuzzer::FuzzerDriver(int*, char***, int (*)(unsigned char const*, unsigned long)) /src/llvm-project/compiler-rt/lib/fuzzer/FuzzerDriver.cpp:862:9
    #15 0x55d556f023b2 in main /src/llvm-project/compiler-rt/lib/fuzzer/FuzzerMain.cpp:20:10
    #16 0x7f7e4885a082 in __libc_start_main (/lib/x86_64-linux-gnu/libc.so.6+0x24082) (BuildId: 0323ab4806bee6f846d9ad4bccfc29afdca49a58)

DEDUP_TOKEN: __interceptor_calloc--vlc_custom_create--test_decoder_create
SUMMARY: AddressSanitizer: heap-buffer-overflow /src/vlc/src/misc/es_format.c:332:12 in es_format_Copy
Shadow bytes around the buggy address:
  0x513000000280: [1m[0m00[1m[0m [1m[0m00[1m[0m [1m[0m00[1m[0m [1m[0m00[1m[0m [1m[0m00[1m[0m [1m[0m00[1m[0m [1m[0m00[1m[0m [1m[0m00[1m[0m [1m[0m00[1m[0m [1m[0m00[1m[0m [1m[0m00[1m[0m [1m[0m00[1m[0m [1m[0m00[1m[0m [1m[0m00[1m[0m [1m[0m00[1m[0m [1m[0m00[1m[0m
  0x513000000300: [1m[0m00[1m[0m [1m[0m00[1m[0m [1m[0m00[1m[0m [1m[0m00[1m[0m [1m[0m00[1m[0m [1m[0m00[1m[0m [1m[0m00[1m[0m [1m[0m00[1m[0m [1m[0m00[1m[0m [1m[0m00[1m[0m [1m[0m00[1m[0m [1m[0m00[1m[0m [1m[31mfa[1m[0m [1m[31mfa[1m[0m [1m[31mfa[1m[0m [1m[31mfa[1m[0m
  0x513000000380: [1m[31mfa[1m[0m [1m[31mfa[1m[0m [1m[31mfa[1m[0m [1m[31mfa[1m[0m [1m[31mfa[1m[0m [1m[31mfa[1m[0m [1m[31mfa[1m[0m [1m[31mfa[1m[0m [1m[0m00[1m[0m [1m[0m00[1m[0m [1m[0m00[1m[0m [1m[0m00[1m[0m [1m[0m00[1m[0m [1m[0m00[1m[0m [1m[0m00[1m[0m [1m[0m00[1m[0m
  0x513000000400: [1m[0m00[1m[0m [1m[0m00[1m[0m [1m[0m00[1m[0m [1m[0m00[1m[0m [1m[0m00[1m[0m [1m[0m00[1m[0m [1m[0m00[1m[0m [1m[0m00[1m[0m [1m[0m00[1m[0m [1m[0m00[1m[0m [1m[0m00[1m[0m [1m[0m00[1m[0m [1m[0m00[1m[0m [1m[0m00[1m[0m [1m[0m00[1m[0m [1m[0m00[1m[0m
  0x513000000480: [1m[0m00[1m[0m [1m[0m00[1m[0m [1m[0m00[1m[0m [1m[0m00[1m[0m [1m[0m00[1m[0m [1m[0m00[1m[0m [1m[0m00[1m[0m [1m[0m00[1m[0m [1m[0m00[1m[0m [1m[0m00[1m[0m [1m[0m00[1m[0m [1m[0m00[1m[0m [1m[0m00[1m[0m [1m[0m00[1m[0m [1m[0m00[1m[0m [1m[0m00[1m[0m
=>0x513000000500: [1m[0m00[1m[0m[[1m[31mfa[1m[0m][1m[31mfa[1m[0m [1m[31mfa[1m[0m [1m[31mfa[1m[0m [1m[31mfa[1m[0m [1m[31mfa[1m[0m [1m[31mfa[1m[0m [1m[31mfa[1m[0m [1m[31mfa[1m[0m [1m[31mfa[1m[0m [1m[31mfa[1m[0m [1m[31mfa[1m[0m [1m[31mfa[1m[0m [1m[31mfa[1m[0m [1m[31mfa[1m[0m
  0x513000000580: [1m[31mfa[1m[0m [1m[31mfa[1m[0m [1m[31mfa[1m[0m [1m[31mfa[1m[0m [1m[31mfa[1m[0m [1m[31mfa[1m[0m [1m[31mfa[1m[0m [1m[31mfa[1m[0m [1m[31mfa[1m[0m [1m[31mfa[1m[0m [1m[31mfa[1m[0m [1m[31mfa[1m[0m [1m[31mfa[1m[0m [1m[31mfa[1m[0m [1m[31mfa[1m[0m [1m[31mfa[1m[0m
  0x513000000600: [1m[31mfa[1m[0m [1m[31mfa[1m[0m [1m[31mfa[1m[0m [1m[31mfa[1m[0m [1m[31mfa[1m[0m [1m[31mfa[1m[0m [1m[31mfa[1m[0m [1m[31mfa[1m[0m [1m[31mfa[1m[0m [1m[31mfa[1m[0m [1m[31mfa[1m[0m [1m[31mfa[1m[0m [1m[31mfa[1m[0m [1m[31mfa[1m[0m [1m[31mfa[1m[0m [1m[31mfa[1m[0m
  0x513000000680: [1m[31mfa[1m[0m [1m[31mfa[1m[0m [1m[31mfa[1m[0m [1m[31mfa[1m[0m [1m[31mfa[1m[0m [1m[31mfa[1m[0m [1m[31mfa[1m[0m [1m[31mfa[1m[0m [1m[31mfa[1m[0m [1m[31mfa[1m[0m [1m[31mfa[1m[0m [1m[31mfa[1m[0m [1m[31mfa[1m[0m [1m[31mfa[1m[0m [1m[31mfa[1m[0m [1m[31mfa[1m[0m
  0x513000000700: [1m[31mfa[1m[0m [1m[31mfa[1m[0m [1m[31mfa[1m[0m [1m[31mfa[1m[0m [1m[31mfa[1m[0m [1m[31mfa[1m[0m [1m[31mfa[1m[0m [1m[31mfa[1m[0m [1m[31mfa[1m[0m [1m[31mfa[1m[0m [1m[31mfa[1m[0m [1m[31mfa[1m[0m [1m[31mfa[1m[0m [1m[31mfa[1m[0m [1m[31mfa[1m[0m [1m[31mfa[1m[0m
  0x513000000780: [1m[31mfa[1m[0m [1m[31mfa[1m[0m [1m[31mfa[1m[0m [1m[31mfa[1m[0m [1m[31mfa[1m[0m [1m[31mfa[1m[0m [1m[31mfa[1m[0m [1m[31mfa[1m[0m [1m[31mfa[1m[0m [1m[31mfa[1m[0m [1m[31mfa[1m[0m [1m[31mfa[1m[0m [1m[31mfa[1m[0m [1m[31mfa[1m[0m [1m[31mfa[1m[0m [1m[31mfa[1m[0m
Shadow byte legend (one shadow byte represents 8 application bytes):
  Addressable:           [1m[0m00[1m[0m
  Partially addressable: [1m[0m01[1m[0m [1m[0m02[1m[0m [1m[0m03[1m[0m [1m[0m04[1m[0m [1m[0m05[1m[0m [1m[0m06[1m[0m [1m[0m07[1m[0m 
  Heap left redzone:       [1m[31mfa[1m[0m
  Freed heap region:       [1m[35mfd[1m[0m
  Stack left redzone:      [1m[31mf1[1m[0m
  Stack mid redzone:       [1m[31mf2[1m[0m
  Stack right redzone:     [1m[31mf3[1m[0m
  Stack after return:      [1m[35mf5[1m[0m
  Stack use after scope:   [1m[35mf8[1m[0m
  Global redzone:          [1m[31mf9[1m[0m
  Global init order:       [1m[36mf6[1m[0m
  Poisoned by user:        [1m[34mf7[1m[0m
  Container overflow:      [1m[34mfc[1m[0m
  Array cookie:            [1m[31mac[1m[0m
  Intra object redzone:    [1m[33mbb[1m[0m
  ASan internal:           [1m[33mfe[1m[0m
  Left alloca redzone:     [1m[34mca[1m[0m
  Right alloca redzone:    [1m[34mcb[1m[0m
==14==ABORTING
INFO:__main__:Running: docker run --privileged --shm-size=2g --platform linux/amd64 --rm -i -e HELPER=True -e ARCHITECTURE=x86_64 -v /mnt/sdb/oss-fuzz/oss-fuzz/build/out/vlc:/out -v /mnt/sdb/oss-fuzz/oss-fuzz/build/out/vlc/testcase/testcase_42538404:/testcase -t gcr.io/oss-fuzz-base/base-runner reproduce vlc-demux-dec-libfuzzer -runs=100.

==================================================
PoC Triggered: YES
