tittle:metadata-extractor:ImageMetadataReaderFuzzer: Security exception in com.drew.imaging.quicktime.QuickTimeReader.processAtoms
status:Verified
type:Vulnerability
commit_url:https://github.com/drewnoakes/metadata-extractor/commit/e3235eaa307e3d4b564737828b32ea2f2e429655
commit_url_new:https://github.com/drewnoakes/metadata-extractor/commit/https://github.com/drewnoakes/metadata-extractor/commit/e3235eaa307e3d4b564737828b32ea2f2e429655
module:metadata-extractor
target:ImageMetadataReaderFuzzer
have 1 changed files:['jump get_diff!']
==================================================
error running command: python infra/helper.py reproduce metadata-extractor ImageMetadataReaderFuzzer build/out/metadata-extractor/testcase/testcase_42537813
+ FUZZER=ImageMetadataReaderFuzzer
+ shift
+ '[' '!' -v TESTCASE ']'
+ TESTCASE=/testcase
+ '[' '!' -f /testcase ']'
+ export RUN_FUZZER_MODE=interactive
+ RUN_FUZZER_MODE=interactive
+ export FUZZING_ENGINE=libfuzzer
+ FUZZING_ENGINE=libfuzzer
+ export SKIP_SEED_CORPUS=1
+ SKIP_SEED_CORPUS=1
+ run_fuzzer ImageMetadataReaderFuzzer -runs=100 /testcase
vm.mmap_rnd_bits = 28
/out/ImageMetadataReaderFuzzer -rss_limit_mb=2560 -timeout=25 -runs=100 /testcase < /dev/null
OpenJDK 64-Bit Server VM warning: Option CriticalJNINatives was deprecated in version 16.0 and will likely be removed in a future release.
OpenJDK 64-Bit Server VM warning: Sharing is only supported for boot loader classes because bootstrap classpath has been appended
INFO: Loaded 266 hooks from com.code_intelligence.jazzer.runtime.TraceCmpHooks
INFO: Loaded 5 hooks from com.code_intelligence.jazzer.runtime.TraceDivHooks
INFO: Loaded 2 hooks from com.code_intelligence.jazzer.runtime.TraceIndirHooks
INFO: Loaded 4 hooks from com.code_intelligence.jazzer.runtime.NativeLibHooks
INFO: Loaded 2 hooks from com.code_intelligence.jazzer.sanitizers.ClojureLangHooks
INFO: Loaded 5 hooks from com.code_intelligence.jazzer.sanitizers.Deserialization
INFO: Loaded 5 hooks from com.code_intelligence.jazzer.sanitizers.ExpressionLanguageInjection
INFO: Loaded 70 hooks from com.code_intelligence.jazzer.sanitizers.LdapInjection
INFO: Loaded 46 hooks from com.code_intelligence.jazzer.sanitizers.NamingContextLookup
INFO: Loaded 1 hooks from com.code_intelligence.jazzer.sanitizers.OsCommandInjection
INFO: Loaded 48 hooks from com.code_intelligence.jazzer.sanitizers.ReflectiveCall
INFO: Loaded 8 hooks from com.code_intelligence.jazzer.sanitizers.RegexInjection
INFO: Loaded 16 hooks from com.code_intelligence.jazzer.sanitizers.RegexRoadblocks
INFO: Loaded 12 hooks from com.code_intelligence.jazzer.sanitizers.ScriptEngineInjection
INFO: Loaded 3 hooks from com.code_intelligence.jazzer.sanitizers.ServerSideRequestForgery
INFO: Loaded 19 hooks from com.code_intelligence.jazzer.sanitizers.SqlInjection
INFO: Loaded 6 hooks from com.code_intelligence.jazzer.sanitizers.XPathInjection
INFO: Instrumented ImageMetadataReaderFuzzer (took 149 ms, size +13%)
INFO: Instrumented com.drew.imaging.ImageProcessingException (took 24 ms, size +11%)
INFO: Instrumented com.drew.lang.CompoundException (took 34 ms, size +11%)
INFO: using inputs from: /testcase
INFO: found LLVMFuzzerCustomMutator (0x7fe76cc57a00). Disabling -len_control by default.
INFO: libFuzzer ignores flags that start with '--'
INFO: Running with entropic power schedule (0xFF, 100).
INFO: Seed: 1964002349
INFO: Loaded 1 modules   (512 inline 8-bit counters): 512 [0x55582d0cb960, 0x55582d0cbb60), 
INFO: Loaded 1 PC tables (512 PCs): 512 [0x55582cfe34b0,0x55582cfe54b0), 
jazzer: Running 1 inputs 100 time(s) each.
Running: /testcase
INFO: Instrumented com.drew.imaging.ImageMetadataReader (took 44 ms, size +12%)
INFO: Instrumented com.drew.lang.RandomAccessReader (took 53 ms, size +17%)
INFO: Instrumented com.drew.lang.RandomAccessStreamReader (took 18 ms, size +25%)
INFO: New number of coverage counters: 1024
INFO: Instrumented com.drew.metadata.Directory (took 128 ms, size +27%)
INFO: Instrumented com.drew.metadata.file.FileTypeDirectory (took 5 ms, size +10%)
INFO: Instrumented com.drew.imaging.FileTypeDetector (took 22 ms, size +15%)
INFO: Instrumented com.drew.imaging.TypeChecker (took 1 ms, size +0%)
INFO: Instrumented com.drew.imaging.quicktime.QuickTimeTypeChecker (took 9 ms, size +34%)
INFO: Instrumented com.drew.imaging.FileType (took 21 ms, size +7%)
INFO: Instrumented com.drew.imaging.riff.RiffTypeChecker (took 7 ms, size +96%)
INFO: Instrumented com.drew.imaging.mp3.MpegAudioTypeChecker (took 6 ms, size +37%)
INFO: Instrumented com.drew.lang.ByteTrie (took 15 ms, size +28%)
INFO: Instrumented com.drew.lang.ByteTrie$ByteTrieNode (took 5 ms, size +10%)
INFO: Instrumented com.drew.imaging.ImageMetadataReader$1 (took 6 ms, size +21%)
INFO: Instrumented com.drew.imaging.quicktime.QuickTimeMetadataReader (took 3 ms, size +8%)
INFO: Instrumented com.drew.imaging.quicktime.QuickTimeHandler (took 5 ms, size +5%)
INFO: New number of coverage counters: 2048
INFO: Instrumented com.drew.metadata.mov.QuickTimeAtomHandler (took 10 ms, size +58%)
INFO: Instrumented com.drew.metadata.Metadata (took 11 ms, size +16%)
INFO: Instrumented com.drew.metadata.mov.QuickTimeDirectory (took 11 ms, size +8%)
INFO: Instrumented com.drew.lang.SequentialReader (took 29 ms, size +17%)
INFO: Instrumented com.drew.lang.SequentialByteArrayReader (took 17 ms, size +20%)
INFO: Instrumented com.drew.metadata.MetadataException (took 4 ms, size +12%)
INFO: Instrumented com.drew.metadata.TagDescriptor (took 31 ms, size +22%)
INFO: Instrumented com.drew.metadata.mov.QuickTimeDescriptor (took 10 ms, size +15%)
INFO: Instrumented com.drew.metadata.mov.QuickTimeHandlerFactory (took 3 ms, size +56%)
INFO: Instrumented com.drew.metadata.mov.metadata.QuickTimeDirectoryHandler (took 7 ms, size +41%)
INFO: Instrumented com.drew.metadata.mov.QuickTimeMetadataHandler (took 6 ms, size +45%)
INFO: Instrumented com.drew.metadata.mov.metadata.QuickTimeDataHandler (took 8 ms, size +38%)
INFO: Instrumented com.drew.metadata.mov.media.QuickTimeSoundHandler (took 6 ms, size +4%)
INFO: Instrumented com.drew.metadata.mov.QuickTimeMediaHandler (took 6 ms, size +42%)
INFO: Instrumented com.drew.metadata.mov.media.QuickTimeVideoHandler (took 6 ms, size +4%)
INFO: Instrumented com.drew.metadata.mov.media.QuickTimeTimecodeHandler (took 5 ms, size +4%)
INFO: Instrumented com.drew.metadata.mov.media.QuickTimeTextHandler (took 5 ms, size +4%)
INFO: Instrumented com.drew.metadata.mov.media.QuickTimeSubtitleHandler (took 5 ms, size +6%)
INFO: Instrumented com.drew.metadata.mov.media.QuickTimeMusicHandler (took 6 ms, size +6%)
INFO: Instrumented com.drew.imaging.quicktime.QuickTimeReader (took 4 ms, size +16%)
INFO: Instrumented com.drew.lang.StreamReader (took 10 ms, size +21%)
INFO: Instrumented com.drew.metadata.mov.QuickTimeContext (took 3 ms, size +22%)
INFO: Instrumented com.drew.metadata.mov.atoms.Atom (took 5 ms, size +31%)
INFO: Instrumented com.drew.metadata.mov.atoms.FileTypeCompatibilityAtom (took 6 ms, size +17%)
INFO: Instrumented com.drew.metadata.Tag (took 5 ms, size +8%)
INFO: Instrumented com.drew.metadata.mov.atoms.HandlerReferenceAtom (took 3 ms, size +13%)
INFO: Instrumented com.drew.metadata.mov.atoms.FullAtom (took 1 ms, size +14%)
INFO: Instrumented com.drew.metadata.mov.metadata.QuickTimeMetadataDirectory (took 16 ms, size +14%)
INFO: Instrumented com.drew.metadata.mov.metadata.QuickTimeMetadataDescriptor (took 4 ms, size +21%)
INFO: Instrumented com.drew.metadata.file.FileTypeDescriptor (took 2 ms, size +14%)

== Java Exception: com.code_intelligence.jazzer.api.FuzzerSecurityIssueLow: Stack overflow (use '-Xss921k' to reproduce)
	at com.drew.imaging.quicktime.QuickTimeReader.processAtoms(QuickTimeReader.java:69)
Caused by: java.lang.StackOverflowError
	at com.drew.lang.StreamReader.getByte(StreamReader.java:60)
	at com.drew.lang.SequentialReader.getUInt32(SequentialReader.java:198)
	at com.drew.metadata.mov.atoms.Atom.<init>(Atom.java:39)
	at com.drew.imaging.quicktime.QuickTimeReader.processAtoms(QuickTimeReader.java:53)
	at com.drew.imaging.quicktime.QuickTimeReader.processAtoms(QuickTimeReader.java:69)
	at com.drew.imaging.quicktime.QuickTimeReader.processAtoms(QuickTimeReader.java:69)
	at com.drew.imaging.quicktime.QuickTimeReader.processAtoms(QuickTimeReader.java:69)
	at com.drew.imaging.quicktime.QuickTimeReader.processAtoms(QuickTimeReader.java:69)
	at com.drew.imaging.quicktime.QuickTimeReader.processAtoms(QuickTimeReader.java:69)
	at com.drew.imaging.quicktime.QuickTimeReader.processAtoms(QuickTimeReader.java:69)
	at com.drew.imaging.quicktime.QuickTimeReader.processAtoms(QuickTimeReader.java:69)
	at com.drew.imaging.quicktime.QuickTimeReader.processAtoms(QuickTimeReader.java:69)
	at com.drew.imaging.quicktime.QuickTimeReader.processAtoms(QuickTimeReader.java:69)
	at com.drew.imaging.quicktime.QuickTimeReader.processAtoms(QuickTimeReader.java:69)
	at com.drew.imaging.quicktime.QuickTimeReader.processAtoms(QuickTimeReader.java:69)
	at com.drew.imaging.quicktime.QuickTimeReader.processAtoms(QuickTimeReader.java:69)
	at com.drew.imaging.quicktime.QuickTimeReader.processAtoms(QuickTimeReader.java:69)
	at com.drew.imaging.quicktime.QuickTimeReader.processAtoms(QuickTimeReader.java:69)
	at com.drew.imaging.quicktime.QuickTimeReader.processAtoms(QuickTimeReader.java:69)
	at com.drew.imaging.quicktime.QuickTimeReader.processAtoms(QuickTimeReader.java:69)
	at com.drew.imaging.quicktime.QuickTimeReader.processAtoms(QuickTimeReader.java:69)
	at com.drew.imaging.quicktime.QuickTimeReader.processAtoms(QuickTimeReader.java:69)
	at com.drew.imaging.quicktime.QuickTimeReader.processAtoms(QuickTimeReader.java:69)
	at com.drew.imaging.quicktime.QuickTimeReader.processAtoms(QuickTimeReader.java:69)
	at com.drew.imaging.quicktime.QuickTimeReader.processAtoms(QuickTimeReader.java:69)
	at com.drew.imaging.quicktime.QuickTimeReader.processAtoms(QuickTimeReader.java:69)
	at com.drew.imaging.quicktime.QuickTimeReader.processAtoms(QuickTimeReader.java:69)
	at com.drew.imaging.quicktime.QuickTimeReader.processAtoms(QuickTimeReader.java:69)
	at com.drew.imaging.quicktime.QuickTimeReader.processAtoms(QuickTimeReader.java:69)
	at com.drew.imaging.quicktime.QuickTimeReader.processAtoms(QuickTimeReader.java:69)
	at com.drew.imaging.quicktime.QuickTimeReader.processAtoms(QuickTimeReader.java:69)
	at com.drew.imaging.quicktime.QuickTimeReader.processAtoms(QuickTimeReader.java:69)
	at com.drew.imaging.quicktime.QuickTimeReader.processAtoms(QuickTimeReader.java:69)
	at com.drew.imaging.quicktime.QuickTimeReader.processAtoms(QuickTimeReader.java:69)
	at com.drew.imaging.quicktime.QuickTimeReader.processAtoms(QuickTimeReader.java:69)
	at com.drew.imaging.quicktime.QuickTimeReader.processAtoms(QuickTimeReader.java:69)
	at com.drew.imaging.quicktime.QuickTimeReader.processAtoms(QuickTimeReader.java:69)
	at com.drew.imaging.quicktime.QuickTimeReader.processAtoms(QuickTimeReader.java:69)
	at com.drew.imaging.quicktime.QuickTimeReader.processAtoms(QuickTimeReader.java:69)
	at com.drew.imaging.quicktime.QuickTimeReader.processAtoms(QuickTimeReader.java:69)
	at com.drew.imaging.quicktime.QuickTimeReader.processAtoms(QuickTimeReader.java:69)
	at com.drew.imaging.quicktime.QuickTimeReader.processAtoms(QuickTimeReader.java:69)
	at com.drew.imaging.quicktime.QuickTimeReader.processAtoms(QuickTimeReader.java:69)
	at com.drew.imaging.quicktime.QuickTimeReader.processAtoms(QuickTimeReader.java:69)
	at com.drew.imaging.quicktime.QuickTimeReader.processAtoms(QuickTimeReader.java:69)
	at com.drew.imaging.quicktime.QuickTimeReader.processAtoms(QuickTimeReader.java:69)
	at com.drew.imaging.quicktime.QuickTimeReader.processAtoms(QuickTimeReader.java:69)
	at com.drew.imaging.quicktime.QuickTimeReader.processAtoms(QuickTimeReader.java:69)
	at com.drew.imaging.quicktime.QuickTimeReader.processAtoms(QuickTimeReader.java:69)
	at com.drew.imaging.quicktime.QuickTimeReader.processAtoms(QuickTimeReader.java:69)
	at com.drew.imaging.quicktime.QuickTimeReader.processAtoms(QuickTimeReader.java:69)
	at com.drew.imaging.quicktime.QuickTimeReader.processAtoms(QuickTimeReader.java:69)
	at com.drew.imaging.quicktime.QuickTimeReader.processAtoms(QuickTimeReader.java:69)
	at com.drew.imaging.quicktime.QuickTimeReader.processAtoms(QuickTimeReader.java:69)
	at com.drew.imaging.quicktime.QuickTimeReader.processAtoms(QuickTimeReader.java:69)
	at com.drew.imaging.quicktime.QuickTimeReader.processAtoms(QuickTimeReader.java:69)
	at com.drew.imaging.quicktime.QuickTimeReader.processAtoms(QuickTimeReader.java:69)
	at com.drew.imaging.quicktime.QuickTimeReader.processAtoms(QuickTimeReader.java:69)
	at com.drew.imaging.quicktime.QuickTimeReader.processAtoms(QuickTimeReader.java:69)
	at com.drew.imaging.quicktime.QuickTimeReader.processAtoms(QuickTimeReader.java:69)
	at com.drew.imaging.quicktime.QuickTimeReader.processAtoms(QuickTimeReader.java:69)
	at com.drew.imaging.quicktime.QuickTimeReader.processAtoms(QuickTimeReader.java:69)
	at com.drew.imaging.quicktime.QuickTimeReader.processAtoms(QuickTimeReader.java:69)
	at com.drew.imaging.quicktime.QuickTimeReader.processAtoms(QuickTimeReader.java:69)
	at com.drew.imaging.quicktime.QuickTimeReader.processAtoms(QuickTimeReader.java:69)
	at com.drew.imaging.quicktime.QuickTimeReader.processAtoms(QuickTimeReader.java:69)
	at com.drew.imaging.quicktime.QuickTimeReader.processAtoms(QuickTimeReader.java:69)
	at com.drew.imaging.quicktime.QuickTimeReader.processAtoms(QuickTimeReader.java:69)
	at com.drew.imaging.quicktime.QuickTimeReader.processAtoms(QuickTimeReader.java:69)
	at com.drew.imaging.quicktime.QuickTimeReader.processAtoms(QuickTimeReader.java:69)
	at com.drew.imaging.quicktime.QuickTimeReader.processAtoms(QuickTimeReader.java:69)
	at com.drew.imaging.quicktime.QuickTimeReader.processAtoms(QuickTimeReader.java:69)
	at com.drew.imaging.quicktime.QuickTimeReader.processAtoms(QuickTimeReader.java:69)
	at com.drew.imaging.quicktime.QuickTimeReader.processAtoms(QuickTimeReader.java:69)
	at com.drew.imaging.quicktime.QuickTimeReader.processAtoms(QuickTimeReader.java:69)
	at com.drew.imaging.quicktime.QuickTimeReader.processAtoms(QuickTimeReader.java:69)
	at com.drew.imaging.quicktime.QuickTimeReader.processAtoms(QuickTimeReader.java:69)
	at com.drew.imaging.quicktime.QuickTimeReader.processAtoms(QuickTimeReader.java:69)
	at com.drew.imaging.quicktime.QuickTimeReader.processAtoms(QuickTimeReader.java:69)
	at com.drew.imaging.quicktime.QuickTimeReader.processAtoms(QuickTimeReader.java:69)
	at com.drew.imaging.quicktime.QuickTimeReader.processAtoms(QuickTimeReader.java:69)
	at com.drew.imaging.quicktime.QuickTimeReader.processAtoms(QuickTimeReader.java:69)
	at com.drew.imaging.quicktime.QuickTimeReader.processAtoms(QuickTimeReader.java:69)
	at com.drew.imaging.quicktime.QuickTimeReader.processAtoms(QuickTimeReader.java:69)
	at com.drew.imaging.quicktime.QuickTimeReader.processAtoms(QuickTimeReader.java:69)
	at com.drew.imaging.quicktime.QuickTimeReader.processAtoms(QuickTimeReader.java:69)
	at com.drew.imaging.quicktime.QuickTimeReader.processAtoms(QuickTimeReader.java:69)
	at com.drew.imaging.quicktime.QuickTimeReader.processAtoms(QuickTimeReader.java:69)
	at com.drew.imaging.quicktime.QuickTimeReader.processAtoms(QuickTimeReader.java:69)
	at com.drew.imaging.quicktime.QuickTimeReader.processAtoms(QuickTimeReader.java:69)
	at com.drew.imaging.quicktime.QuickTimeReader.processAtoms(QuickTimeReader.java:69)
	at com.drew.imaging.quicktime.QuickTimeReader.processAtoms(QuickTimeReader.java:69)
	at com.drew.imaging.quicktime.QuickTimeReader.processAtoms(QuickTimeReader.java:69)
	at com.drew.imaging.quicktime.QuickTimeReader.processAtoms(QuickTimeReader.java:69)
	at com.drew.imaging.quicktime.QuickTimeReader.processAtoms(QuickTimeReader.java:69)
	at com.drew.imaging.quicktime.QuickTimeReader.processAtoms(QuickTimeReader.java:69)
	at com.drew.imaging.quicktime.QuickTimeReader.processAtoms(QuickTimeReader.java:69)
	at com.drew.imaging.quicktime.QuickTimeReader.processAtoms(QuickTimeReader.java:69)
	at com.drew.imaging.quicktime.QuickTimeReader.processAtoms(QuickTimeReader.java:69)
	at com.drew.imaging.quicktime.QuickTimeReader.processAtoms(QuickTimeReader.java:69)
	at com.drew.imaging.quicktime.QuickTimeReader.processAtoms(QuickTimeReader.java:69)
	at com.drew.imaging.quicktime.QuickTimeReader.processAtoms(QuickTimeReader.java:69)
	at com.drew.imaging.quicktime.QuickTimeReader.processAtoms(QuickTimeReader.java:69)
	at com.drew.imaging.quicktime.QuickTimeReader.processAtoms(QuickTimeReader.java:69)
	at com.drew.imaging.quicktime.QuickTimeReader.processAtoms(QuickTimeReader.java:69)
	at com.drew.imaging.quicktime.QuickTimeReader.processAtoms(QuickTimeReader.java:69)
	at com.drew.imaging.quicktime.QuickTimeReader.processAtoms(QuickTimeReader.java:69)
	at com.drew.imaging.quicktime.QuickTimeReader.processAtoms(QuickTimeReader.java:69)
	at com.drew.imaging.quicktime.QuickTimeReader.processAtoms(QuickTimeReader.java:69)
	at com.drew.imaging.quicktime.QuickTimeReader.processAtoms(QuickTimeReader.java:69)
	at com.drew.imaging.quicktime.QuickTimeReader.processAtoms(QuickTimeReader.java:69)
	at com.drew.imaging.quicktime.QuickTimeReader.processAtoms(QuickTimeReader.java:69)
	at com.drew.imaging.quicktime.QuickTimeReader.processAtoms(QuickTimeReader.java:69)
	at com.drew.imaging.quicktime.QuickTimeReader.processAtoms(QuickTimeReader.java:69)
	at com.drew.imaging.quicktime.QuickTimeReader.processAtoms(QuickTimeReader.java:69)
	at com.drew.imaging.quicktime.QuickTimeReader.processAtoms(QuickTimeReader.java:69)
	at com.drew.imaging.quicktime.QuickTimeReader.processAtoms(QuickTimeReader.java:69)
	at com.drew.imaging.quicktime.QuickTimeReader.processAtoms(QuickTimeReader.java:69)
	at com.drew.imaging.quicktime.QuickTimeReader.processAtoms(QuickTimeReader.java:69)
	at com.drew.imaging.quicktime.QuickTimeReader.processAtoms(QuickTimeReader.java:69)
	at com.drew.imaging.quicktime.QuickTimeReader.processAtoms(QuickTimeReader.java:69)
	at com.drew.imaging.quicktime.QuickTimeReader.processAtoms(QuickTimeReader.java:69)
	at com.drew.imaging.quicktime.QuickTimeReader.processAtoms(QuickTimeReader.java:69)
	at com.drew.imaging.quicktime.QuickTimeReader.processAtoms(QuickTimeReader.java:69)
	at com.drew.imaging.quicktime.QuickTimeReader.processAtoms(QuickTimeReader.java:69)
	at com.drew.imaging.quicktime.QuickTimeReader.processAtoms(QuickTimeReader.java:69)
	at com.drew.imaging.quicktime.QuickTimeReader.processAtoms(QuickTimeReader.java:69)
	at com.drew.imaging.quicktime.QuickTimeReader.processAtoms(QuickTimeReader.java:69)
	at com.drew.imaging.quicktime.QuickTimeReader.processAtoms(QuickTimeReader.java:69)
	at com.drew.imaging.quicktime.QuickTimeReader.processAtoms(QuickTimeReader.java:69)
	at com.drew.imaging.quicktime.QuickTimeReader.processAtoms(QuickTimeReader.java:69)
	at com.drew.imaging.quicktime.QuickTimeReader.processAtoms(QuickTimeReader.java:69)
	at com.drew.imaging.quicktime.QuickTimeReader.processAtoms(QuickTimeReader.java:69)
	at com.drew.imaging.quicktime.QuickTimeReader.processAtoms(QuickTimeReader.java:69)
	at com.drew.imaging.quicktime.QuickTimeReader.processAtoms(QuickTimeReader.java:69)
	at com.drew.imaging.quicktime.QuickTimeReader.processAtoms(QuickTimeReader.java:69)
	at com.drew.imaging.quicktime.QuickTimeReader.processAtoms(QuickTimeReader.java:69)
	at com.drew.imaging.quicktime.QuickTimeReader.processAtoms(QuickTimeReader.java:69)
	at com.drew.imaging.quicktime.QuickTimeReader.processAtoms(QuickTimeReader.java:69)
	at com.drew.imaging.quicktime.QuickTimeReader.processAtoms(QuickTimeReader.java:69)
	at com.drew.imaging.quicktime.QuickTimeReader.processAtoms(QuickTimeReader.java:69)
	at com.drew.imaging.quicktime.QuickTimeReader.processAtoms(QuickTimeReader.java:69)
	at com.drew.imaging.quicktime.QuickTimeReader.processAtoms(QuickTimeReader.java:69)
	at com.drew.imaging.quicktime.QuickTimeReader.processAtoms(QuickTimeReader.java:69)
	at com.drew.imaging.quicktime.QuickTimeReader.processAtoms(QuickTimeReader.java:69)
	at com.drew.imaging.quicktime.QuickTimeReader.processAtoms(QuickTimeReader.java:69)
	at com.drew.imaging.quicktime.QuickTimeReader.processAtoms(QuickTimeReader.java:69)
	at com.drew.imaging.quicktime.QuickTimeReader.processAtoms(QuickTimeReader.java:69)
	at com.drew.imaging.quicktime.QuickTimeReader.processAtoms(QuickTimeReader.java:69)
	at com.drew.imaging.quicktime.QuickTimeReader.processAtoms(QuickTimeReader.java:69)
	at com.drew.imaging.quicktime.QuickTimeReader.processAtoms(QuickTimeReader.java:69)
	at com.drew.imaging.quicktime.QuickTimeReader.processAtoms(QuickTimeReader.java:69)
	at com.drew.imaging.quicktime.QuickTimeReader.processAtoms(QuickTimeReader.java:69)
	at com.drew.imaging.quicktime.QuickTimeReader.processAtoms(QuickTimeReader.java:69)
	at com.drew.imaging.quicktime.QuickTimeReader.processAtoms(QuickTimeReader.java:69)
	at com.drew.imaging.quicktime.QuickTimeReader.processAtoms(QuickTimeReader.java:69)
	at com.drew.imaging.quicktime.QuickTimeReader.processAtoms(QuickTimeReader.java:69)
	at com.drew.imaging.quicktime.QuickTimeReader.processAtoms(QuickTimeReader.java:69)
	at com.drew.imaging.quicktime.QuickTimeReader.processAtoms(QuickTimeReader.java:69)
	at com.drew.imaging.quicktime.QuickTimeReader.processAtoms(QuickTimeReader.java:69)
	at com.drew.imaging.quicktime.QuickTimeReader.processAtoms(QuickTimeReader.java:69)
	at com.drew.imaging.quicktime.QuickTimeReader.processAtoms(QuickTimeReader.java:69)
	at com.drew.imaging.quicktime.QuickTimeReader.processAtoms(QuickTimeReader.java:69)
	at com.drew.imaging.quicktime.QuickTimeReader.processAtoms(QuickTimeReader.java:69)
	at com.drew.imaging.quicktime.QuickTimeReader.processAtoms(QuickTimeReader.java:69)
	at com.drew.imaging.quicktime.QuickTimeReader.processAtoms(QuickTimeReader.java:69)
	at com.drew.imaging.quicktime.QuickTimeReader.processAtoms(QuickTimeReader.java:69)
	at com.drew.imaging.quicktime.QuickTimeReader.processAtoms(QuickTimeReader.java:69)
	at com.drew.imaging.quicktime.QuickTimeReader.processAtoms(QuickTimeReader.java:69)
	at com.drew.imaging.quicktime.QuickTimeReader.processAtoms(QuickTimeReader.java:69)
	at com.drew.imaging.quicktime.QuickTimeReader.processAtoms(QuickTimeReader.java:69)
	at com.drew.imaging.quicktime.QuickTimeReader.processAtoms(QuickTimeReader.java:69)
	at com.drew.imaging.quicktime.QuickTimeReader.processAtoms(QuickTimeReader.java:69)
	at com.drew.imaging.quicktime.QuickTimeReader.processAtoms(QuickTimeReader.java:69)
	at com.drew.imaging.quicktime.QuickTimeReader.processAtoms(QuickTimeReader.java:69)
	at com.drew.imaging.quicktime.QuickTimeReader.processAtoms(QuickTimeReader.java:69)
	at com.drew.imaging.quicktime.QuickTimeReader.processAtoms(QuickTimeReader.java:69)
	at com.drew.imaging.quicktime.QuickTimeReader.processAtoms(QuickTimeReader.java:69)
	at com.drew.imaging.quicktime.QuickTimeReader.processAtoms(QuickTimeReader.java:69)
	at com.drew.imaging.quicktime.QuickTimeReader.processAtoms(QuickTimeReader.java:69)
	at com.drew.imaging.quicktime.QuickTimeReader.processAtoms(QuickTimeReader.java:69)
	at com.drew.imaging.quicktime.QuickTimeReader.processAtoms(QuickTimeReader.java:69)
	at com.drew.imaging.quicktime.QuickTimeReader.processAtoms(QuickTimeReader.java:69)
	at com.drew.imaging.quicktime.QuickTimeReader.processAtoms(QuickTimeReader.java:69)
	at com.drew.imaging.quicktime.QuickTimeReader.processAtoms(QuickTimeReader.java:69)
	at com.drew.imaging.quicktime.QuickTimeReader.processAtoms(QuickTimeReader.java:69)
	at com.drew.imaging.quicktime.QuickTimeReader.processAtoms(QuickTimeReader.java:69)
	at com.drew.imaging.quicktime.QuickTimeReader.processAtoms(QuickTimeReader.java:69)
	at com.drew.imaging.quicktime.QuickTimeReader.processAtoms(QuickTimeReader.java:69)
	at com.drew.imaging.quicktime.QuickTimeReader.processAtoms(QuickTimeReader.java:69)
	at com.drew.imaging.quicktime.QuickTimeReader.processAtoms(QuickTimeReader.java:69)
	at com.drew.imaging.quicktime.QuickTimeReader.processAtoms(QuickTimeReader.java:69)
	at com.drew.imaging.quicktime.QuickTimeReader.processAtoms(QuickTimeReader.java:69)
	at com.drew.imaging.quicktime.QuickTimeReader.processAtoms(QuickTimeReader.java:69)
	at com.drew.imaging.quicktime.QuickTimeReader.processAtoms(QuickTimeReader.java:69)
	at com.drew.imaging.quicktime.QuickTimeReader.processAtoms(QuickTimeReader.java:69)
	at com.drew.imaging.quicktime.QuickTimeReader.processAtoms(QuickTimeReader.java:69)
	at com.drew.imaging.quicktime.QuickTimeReader.processAtoms(QuickTimeReader.java:69)
	at com.drew.imaging.quicktime.QuickTimeReader.processAtoms(QuickTimeReader.java:69)
	at com.drew.imaging.quicktime.QuickTimeReader.processAtoms(QuickTimeReader.java:69)
	at com.drew.imaging.quicktime.QuickTimeReader.processAtoms(QuickTimeReader.java:69)
	at com.drew.imaging.quicktime.QuickTimeReader.processAtoms(QuickTimeReader.java:69)
	at com.drew.imaging.quicktime.QuickTimeReader.processAtoms(QuickTimeReader.java:69)
	at com.drew.imaging.quicktime.QuickTimeReader.processAtoms(QuickTimeReader.java:69)
	at com.drew.imaging.quicktime.QuickTimeReader.processAtoms(QuickTimeReader.java:69)
	at com.drew.imaging.quicktime.QuickTimeReader.processAtoms(QuickTimeReader.java:69)
	at com.drew.imaging.quicktime.QuickTimeReader.processAtoms(QuickTimeReader.java:69)
	at com.drew.imaging.quicktime.QuickTimeReader.processAtoms(QuickTimeReader.java:69)
	at com.drew.imaging.quicktime.QuickTimeReader.processAtoms(QuickTimeReader.java:69)
	at com.drew.imaging.quicktime.QuickTimeReader.processAtoms(QuickTimeReader.java:69)
	at com.drew.imaging.quicktime.QuickTimeReader.processAtoms(QuickTimeReader.java:69)
	at com.drew.imaging.quicktime.QuickTimeReader.processAtoms(QuickTimeReader.java:69)
	at com.drew.imaging.quicktime.QuickTimeReader.processAtoms(QuickTimeReader.java:69)
	at com.drew.imaging.quicktime.QuickTimeReader.processAtoms(QuickTimeReader.java:69)
	at com.drew.imaging.quicktime.QuickTimeReader.processAtoms(QuickTimeReader.java:69)
	at com.drew.imaging.quicktime.QuickTimeReader.processAtoms(QuickTimeReader.java:69)
	at com.drew.imaging.quicktime.QuickTimeReader.processAtoms(QuickTimeReader.java:69)
	at com.drew.imaging.quicktime.QuickTimeReader.processAtoms(QuickTimeReader.java:69)
	at com.drew.imaging.quicktime.QuickTimeReader.processAtoms(QuickTimeReader.java:69)
	at com.drew.imaging.quicktime.QuickTimeReader.processAtoms(QuickTimeReader.java:69)
	at com.drew.imaging.quicktime.QuickTimeReader.processAtoms(QuickTimeReader.java:69)
	at com.drew.imaging.quicktime.QuickTimeReader.processAtoms(QuickTimeReader.java:69)
	at com.drew.imaging.quicktime.QuickTimeReader.processAtoms(QuickTimeReader.java:69)
	at com.drew.imaging.quicktime.QuickTimeReader.processAtoms(QuickTimeReader.java:69)
	at com.drew.imaging.quicktime.QuickTimeReader.processAtoms(QuickTimeReader.java:69)
	at com.drew.imaging.quicktime.QuickTimeReader.processAtoms(QuickTimeReader.java:69)
	at com.drew.imaging.quicktime.QuickTimeReader.processAtoms(QuickTimeReader.java:69)
	at com.drew.imaging.quicktime.QuickTimeReader.processAtoms(QuickTimeReader.java:69)
	at com.drew.imaging.quicktime.QuickTimeReader.processAtoms(QuickTimeReader.java:69)
	at com.drew.imaging.quicktime.QuickTimeReader.processAtoms(QuickTimeReader.java:69)
	at com.drew.imaging.quicktime.QuickTimeReader.processAtoms(QuickTimeReader.java:69)
	at com.drew.imaging.quicktime.QuickTimeReader.processAtoms(QuickTimeReader.java:69)
	at com.drew.imaging.quicktime.QuickTimeReader.processAtoms(QuickTimeReader.java:69)
	at com.drew.imaging.quicktime.QuickTimeReader.processAtoms(QuickTimeReader.java:69)
	at com.drew.imaging.quicktime.QuickTimeReader.processAtoms(QuickTimeReader.java:69)
	at com.drew.imaging.quicktime.QuickTimeReader.processAtoms(QuickTimeReader.java:69)
	at com.drew.imaging.quicktime.QuickTimeReader.processAtoms(QuickTimeReader.java:69)
	at com.drew.imaging.quicktime.QuickTimeReader.processAtoms(QuickTimeReader.java:69)
	at com.drew.imaging.quicktime.QuickTimeReader.processAtoms(QuickTimeReader.java:69)
	at com.drew.imaging.quicktime.QuickTimeReader.processAtoms(QuickTimeReader.java:69)
	at com.drew.imaging.quicktime.QuickTimeReader.processAtoms(QuickTimeReader.java:69)
	at com.drew.imaging.quicktime.QuickTimeReader.processAtoms(QuickTimeReader.java:69)
	at com.drew.imaging.quicktime.QuickTimeReader.processAtoms(QuickTimeReader.java:69)
	at com.drew.imaging.quicktime.QuickTimeReader.processAtoms(QuickTimeReader.java:69)
	at com.drew.imaging.quicktime.QuickTimeReader.processAtoms(QuickTimeReader.java:69)
	at com.drew.imaging.quicktime.QuickTimeReader.processAtoms(QuickTimeReader.java:69)
	at com.drew.imaging.quicktime.QuickTimeReader.processAtoms(QuickTimeReader.java:69)
	at com.drew.imaging.quicktime.QuickTimeReader.processAtoms(QuickTimeReader.java:69)
	at com.drew.imaging.quicktime.QuickTimeReader.processAtoms(QuickTimeReader.java:69)
	at com.drew.imaging.quicktime.QuickTimeReader.processAtoms(QuickTimeReader.java:69)
	at com.drew.imaging.quicktime.QuickTimeReader.processAtoms(QuickTimeReader.java:69)
	at com.drew.imaging.quicktime.QuickTimeReader.processAtoms(QuickTimeReader.java:69)
	at com.drew.imaging.quicktime.QuickTimeReader.processAtoms(QuickTimeReader.java:69)
	at com.drew.imaging.quicktime.QuickTimeReader.processAtoms(QuickTimeReader.java:69)
	at com.drew.imaging.quicktime.QuickTimeReader.processAtoms(QuickTimeReader.java:69)
	at com.drew.imaging.quicktime.QuickTimeReader.processAtoms(QuickTimeReader.java:69)
	at com.drew.imaging.quicktime.QuickTimeReader.processAtoms(QuickTimeReader.java:69)
	at com.drew.imaging.quicktime.QuickTimeReader.processAtoms(QuickTimeReader.java:69)
	at com.drew.imaging.quicktime.QuickTimeReader.processAtoms(QuickTimeReader.java:69)
	at com.drew.imaging.quicktime.QuickTimeReader.processAtoms(QuickTimeReader.java:69)
	at com.drew.imaging.quicktime.QuickTimeReader.processAtoms(QuickTimeReader.java:69)
	at com.drew.imaging.quicktime.QuickTimeReader.processAtoms(QuickTimeReader.java:69)
	at com.drew.imaging.quicktime.QuickTimeReader.processAtoms(QuickTimeReader.java:69)
	at com.drew.imaging.quicktime.QuickTimeReader.processAtoms(QuickTimeReader.java:69)
	at com.drew.imaging.quicktime.QuickTimeReader.processAtoms(QuickTimeReader.java:69)
	at com.drew.imaging.quicktime.QuickTimeReader.processAtoms(QuickTimeReader.java:69)
	at com.drew.imaging.quicktime.QuickTimeReader.processAtoms(QuickTimeReader.java:69)
	at com.drew.imaging.quicktime.QuickTimeReader.processAtoms(QuickTimeReader.java:69)
	at com.drew.imaging.quicktime.QuickTimeReader.processAtoms(QuickTimeReader.java:69)
	at com.drew.imaging.quicktime.QuickTimeReader.processAtoms(QuickTimeReader.java:69)
	at com.drew.imaging.quicktime.QuickTimeReader.processAtoms(QuickTimeReader.java:69)
	at com.drew.imaging.quicktime.QuickTimeReader.processAtoms(QuickTimeReader.java:69)
	at com.drew.imaging.quicktime.QuickTimeReader.processAtoms(QuickTimeReader.java:69)
	at com.drew.imaging.quicktime.QuickTimeReader.processAtoms(QuickTimeReader.java:69)
	at com.drew.imaging.quicktime.QuickTimeReader.processAtoms(QuickTimeReader.java:69)
	at com.drew.imaging.quicktime.QuickTimeReader.processAtoms(QuickTimeReader.java:69)
	at com.drew.imaging.quicktime.QuickTimeReader.processAtoms(QuickTimeReader.java:69)
	at com.drew.imaging.quicktime.QuickTimeReader.processAtoms(QuickTimeReader.java:69)
	at com.drew.imaging.quicktime.QuickTimeReader.processAtoms(QuickTimeReader.java:69)
	at com.drew.imaging.quicktime.QuickTimeReader.processAtoms(QuickTimeReader.java:69)
	at com.drew.imaging.quicktime.QuickTimeReader.processAtoms(QuickTimeReader.java:69)
	at com.drew.imaging.quicktime.QuickTimeReader.processAtoms(QuickTimeReader.java:69)
	at com.drew.imaging.quicktime.QuickTimeReader.processAtoms(QuickTimeReader.java:69)
	at com.drew.imaging.quicktime.QuickTimeReader.processAtoms(QuickTimeReader.java:69)
	at com.drew.imaging.quicktime.QuickTimeReader.processAtoms(QuickTimeReader.java:69)
	at com.drew.imaging.quicktime.QuickTimeReader.processAtoms(QuickTimeReader.java:69)
	at com.drew.imaging.quicktime.QuickTimeReader.processAtoms(QuickTimeReader.java:69)
	at com.drew.imaging.quicktime.QuickTimeReader.processAtoms(QuickTimeReader.java:69)
	at com.drew.imaging.quicktime.QuickTimeReader.processAtoms(QuickTimeReader.java:69)
	at com.drew.imaging.quicktime.QuickTimeReader.processAtoms(QuickTimeReader.java:69)
	at com.drew.imaging.quicktime.QuickTimeReader.processAtoms(QuickTimeReader.java:69)
	at com.drew.imaging.quicktime.QuickTimeReader.processAtoms(QuickTimeReader.java:69)
	at com.drew.imaging.quicktime.QuickTimeReader.processAtoms(QuickTimeReader.java:69)
	at com.drew.imaging.quicktime.QuickTimeReader.processAtoms(QuickTimeReader.java:69)
	at com.drew.imaging.quicktime.QuickTimeReader.processAtoms(QuickTimeReader.java:69)
	at com.drew.imaging.quicktime.QuickTimeReader.processAtoms(QuickTimeReader.java:69)
	at com.drew.imaging.quicktime.QuickTimeReader.processAtoms(QuickTimeReader.java:69)
	at com.drew.imaging.quicktime.QuickTimeReader.processAtoms(QuickTimeReader.java:69)
	at com.drew.imaging.quicktime.QuickTimeReader.processAtoms(QuickTimeReader.java:69)
	at com.drew.imaging.quicktime.QuickTimeReader.processAtoms(QuickTimeReader.java:69)
	at com.drew.imaging.quicktime.QuickTimeReader.processAtoms(QuickTimeReader.java:69)
	at com.drew.imaging.quicktime.QuickTimeReader.processAtoms(QuickTimeReader.java:69)
	at com.drew.imaging.quicktime.QuickTimeReader.processAtoms(QuickTimeReader.java:69)
	at com.drew.imaging.quicktime.QuickTimeReader.processAtoms(QuickTimeReader.java:69)
	at com.drew.imaging.quicktime.QuickTimeReader.processAtoms(QuickTimeReader.java:69)
	at com.drew.imaging.quicktime.QuickTimeReader.processAtoms(QuickTimeReader.java:69)
	at com.drew.imaging.quicktime.QuickTimeReader.processAtoms(QuickTimeReader.java:69)
	at com.drew.imaging.quicktime.QuickTimeReader.processAtoms(QuickTimeReader.java:69)
	at com.drew.imaging.quicktime.QuickTimeReader.processAtoms(QuickTimeReader.java:69)
	at com.drew.imaging.quicktime.QuickTimeReader.processAtoms(QuickTimeReader.java:69)
	at com.drew.imaging.quicktime.QuickTimeReader.processAtoms(QuickTimeReader.java:69)
	at com.drew.imaging.quicktime.QuickTimeReader.processAtoms(QuickTimeReader.java:69)
	at com.drew.imaging.quicktime.QuickTimeReader.processAtoms(QuickTimeReader.java:69)
	at com.drew.imaging.quicktime.QuickTimeReader.processAtoms(QuickTimeReader.java:69)
	at com.drew.imaging.quicktime.QuickTimeReader.processAtoms(QuickTimeReader.java:69)
	at com.drew.imaging.quicktime.QuickTimeReader.processAtoms(QuickTimeReader.java:69)
	at com.drew.imaging.quicktime.QuickTimeReader.processAtoms(QuickTimeReader.java:69)
	at com.drew.imaging.quicktime.QuickTimeReader.processAtoms(QuickTimeReader.java:69)
	at com.drew.imaging.quicktime.QuickTimeReader.processAtoms(QuickTimeReader.java:69)
	at com.drew.imaging.quicktime.QuickTimeReader.processAtoms(QuickTimeReader.java:69)
	at com.drew.imaging.quicktime.QuickTimeReader.processAtoms(QuickTimeReader.java:69)
	at com.drew.imaging.quicktime.QuickTimeReader.processAtoms(QuickTimeReader.java:69)
	at com.drew.imaging.quicktime.QuickTimeReader.processAtoms(QuickTimeReader.java:69)
	at com.drew.imaging.quicktime.QuickTimeReader.processAtoms(QuickTimeReader.java:69)
	at com.drew.imaging.quicktime.QuickTimeReader.processAtoms(QuickTimeReader.java:69)
	at com.drew.imaging.quicktime.QuickTimeReader.processAtoms(QuickTimeReader.java:69)
	at com.drew.imaging.quicktime.QuickTimeReader.processAtoms(QuickTimeReader.java:69)
	at com.drew.imaging.quicktime.QuickTimeReader.processAtoms(QuickTimeReader.java:69)
	at com.drew.imaging.quicktime.QuickTimeReader.processAtoms(QuickTimeReader.java:69)
	at com.drew.imaging.quicktime.QuickTimeReader.processAtoms(QuickTimeReader.java:69)
	at com.drew.imaging.quicktime.QuickTimeReader.processAtoms(QuickTimeReader.java:69)
	at com.drew.imaging.quicktime.QuickTimeReader.processAtoms(QuickTimeReader.java:69)
	at com.drew.imaging.quicktime.QuickTimeReader.processAtoms(QuickTimeReader.java:69)
	at com.drew.imaging.quicktime.QuickTimeReader.processAtoms(QuickTimeReader.java:69)
	at com.drew.imaging.quicktime.QuickTimeReader.processAtoms(QuickTimeReader.java:69)
	at com.drew.imaging.quicktime.QuickTimeReader.processAtoms(QuickTimeReader.java:69)
	at com.drew.imaging.quicktime.QuickTimeReader.processAtoms(QuickTimeReader.java:69)
	at com.drew.imaging.quicktime.QuickTimeReader.processAtoms(QuickTimeReader.java:69)
	at com.drew.imaging.quicktime.QuickTimeReader.processAtoms(QuickTimeReader.java:69)
	at com.drew.imaging.quicktime.QuickTimeReader.processAtoms(QuickTimeReader.java:69)
	at com.drew.imaging.quicktime.QuickTimeReader.processAtoms(QuickTimeReader.java:69)
	at com.drew.imaging.quicktime.QuickTimeReader.processAtoms(QuickTimeReader.java:69)
	at com.drew.imaging.quicktime.QuickTimeReader.processAtoms(QuickTimeReader.java:69)
	at com.drew.imaging.quicktime.QuickTimeReader.processAtoms(QuickTimeReader.java:69)
	at com.drew.imaging.quicktime.QuickTimeReader.processAtoms(QuickTimeReader.java:69)
	at com.drew.imaging.quicktime.QuickTimeReader.processAtoms(QuickTimeReader.java:69)
	at com.drew.imaging.quicktime.QuickTimeReader.processAtoms(QuickTimeReader.java:69)
	at com.drew.imaging.quicktime.QuickTimeReader.processAtoms(QuickTimeReader.java:69)
	at com.drew.imaging.quicktime.QuickTimeReader.processAtoms(QuickTimeReader.java:69)
	at com.drew.imaging.quicktime.QuickTimeReader.processAtoms(QuickTimeReader.java:69)
	at com.drew.imaging.quicktime.QuickTimeReader.processAtoms(QuickTimeReader.java:69)
	at com.drew.imaging.quicktime.QuickTimeReader.processAtoms(QuickTimeReader.java:69)
	at com.drew.imaging.quicktime.QuickTimeReader.processAtoms(QuickTimeReader.java:69)
	at com.drew.imaging.quicktime.QuickTimeReader.processAtoms(QuickTimeReader.java:69)
	at com.drew.imaging.quicktime.QuickTimeReader.processAtoms(QuickTimeReader.java:69)
	at com.drew.imaging.quicktime.QuickTimeReader.processAtoms(QuickTimeReader.java:69)
	at com.drew.imaging.quicktime.QuickTimeReader.processAtoms(QuickTimeReader.java:69)
	at com.drew.imaging.quicktime.QuickTimeReader.processAtoms(QuickTimeReader.java:69)
	at com.drew.imaging.quicktime.QuickTimeReader.processAtoms(QuickTimeReader.java:69)
	at com.drew.imaging.quicktime.QuickTimeReader.processAtoms(QuickTimeReader.java:69)
	at com.drew.imaging.quicktime.QuickTimeReader.processAtoms(QuickTimeReader.java:69)
	at com.drew.imaging.quicktime.QuickTimeReader.processAtoms(QuickTimeReader.java:69)
	at com.drew.imaging.quicktime.QuickTimeReader.processAtoms(QuickTimeReader.java:69)
	at com.drew.imaging.quicktime.QuickTimeReader.processAtoms(QuickTimeReader.java:69)
	at com.drew.imaging.quicktime.QuickTimeReader.processAtoms(QuickTimeReader.java:69)
	at com.drew.imaging.quicktime.QuickTimeReader.processAtoms(QuickTimeReader.java:69)
	at com.drew.imaging.quicktime.QuickTimeReader.processAtoms(QuickTimeReader.java:69)
	at com.drew.imaging.quicktime.QuickTimeReader.processAtoms(QuickTimeReader.java:69)
	at com.drew.imaging.quicktime.QuickTimeReader.processAtoms(QuickTimeReader.java:69)
	at com.drew.imaging.quicktime.QuickTimeReader.processAtoms(QuickTimeReader.java:69)
	at com.drew.imaging.quicktime.QuickTimeReader.processAtoms(QuickTimeReader.java:69)
	at com.drew.imaging.quicktime.QuickTimeReader.processAtoms(QuickTimeReader.java:69)
	at com.drew.imaging.quicktime.QuickTimeReader.processAtoms(QuickTimeReader.java:69)
	at com.drew.imaging.quicktime.QuickTimeReader.processAtoms(QuickTimeReader.java:69)
	at com.drew.imaging.quicktime.QuickTimeReader.processAtoms(QuickTimeReader.java:69)
	at com.drew.imaging.quicktime.QuickTimeReader.processAtoms(QuickTimeReader.java:69)
	at com.drew.imaging.quicktime.QuickTimeReader.processAtoms(QuickTimeReader.java:69)
	at com.drew.imaging.quicktime.QuickTimeReader.processAtoms(QuickTimeReader.java:69)
	at com.drew.imaging.quicktime.QuickTimeReader.processAtoms(QuickTimeReader.java:69)
	at com.drew.imaging.quicktime.QuickTimeReader.processAtoms(QuickTimeReader.java:69)
	at com.drew.imaging.quicktime.QuickTimeReader.processAtoms(QuickTimeReader.java:69)
	at com.drew.imaging.quicktime.QuickTimeReader.processAtoms(QuickTimeReader.java:69)
	at com.drew.imaging.quicktime.QuickTimeReader.processAtoms(QuickTimeReader.java:69)
	at com.drew.imaging.quicktime.QuickTimeReader.processAtoms(QuickTimeReader.java:69)
	at com.drew.imaging.quicktime.QuickTimeReader.processAtoms(QuickTimeReader.java:69)
	at com.drew.imaging.quicktime.QuickTimeReader.processAtoms(QuickTimeReader.java:69)
	at com.drew.imaging.quicktime.QuickTimeReader.processAtoms(QuickTimeReader.java:69)
	at com.drew.imaging.quicktime.QuickTimeReader.processAtoms(QuickTimeReader.java:69)
	at com.drew.imaging.quicktime.QuickTimeReader.processAtoms(QuickTimeReader.java:69)
	at com.drew.imaging.quicktime.QuickTimeReader.processAtoms(QuickTimeReader.java:69)
	at com.drew.imaging.quicktime.QuickTimeReader.processAtoms(QuickTimeReader.java:69)
	at com.drew.imaging.quicktime.QuickTimeReader.processAtoms(QuickTimeReader.java:69)
	at com.drew.imaging.quicktime.QuickTimeReader.processAtoms(QuickTimeReader.java:69)
	at com.drew.imaging.quicktime.QuickTimeReader.processAtoms(QuickTimeReader.java:69)
	at com.drew.imaging.quicktime.QuickTimeReader.processAtoms(QuickTimeReader.java:69)
	at com.drew.imaging.quicktime.QuickTimeReader.processAtoms(QuickTimeReader.java:69)
	at com.drew.imaging.quicktime.QuickTimeReader.processAtoms(QuickTimeReader.java:69)
	at com.drew.imaging.quicktime.QuickTimeReader.processAtoms(QuickTimeReader.java:69)
	at com.drew.imaging.quicktime.QuickTimeReader.processAtoms(QuickTimeReader.java:69)
	at com.drew.imaging.quicktime.QuickTimeReader.processAtoms(QuickTimeReader.java:69)
	at com.drew.imaging.quicktime.QuickTimeReader.processAtoms(QuickTimeReader.java:69)
	at com.drew.imaging.quicktime.QuickTimeReader.processAtoms(QuickTimeReader.java:69)
	at com.drew.imaging.quicktime.QuickTimeReader.processAtoms(QuickTimeReader.java:69)
	at com.drew.imaging.quicktime.QuickTimeReader.processAtoms(QuickTimeReader.java:69)
	at com.drew.imaging.quicktime.QuickTimeReader.processAtoms(QuickTimeReader.java:69)
	at com.drew.imaging.quicktime.QuickTimeReader.processAtoms(QuickTimeReader.java:69)
	at com.drew.imaging.quicktime.QuickTimeReader.processAtoms(QuickTimeReader.java:69)
	at com.drew.imaging.quicktime.QuickTimeReader.processAtoms(QuickTimeReader.java:69)
	at com.drew.imaging.quicktime.QuickTimeReader.processAtoms(QuickTimeReader.java:69)
	at com.drew.imaging.quicktime.QuickTimeReader.processAtoms(QuickTimeReader.java:69)
	at com.drew.imaging.quicktime.QuickTimeReader.processAtoms(QuickTimeReader.java:69)
	at com.drew.imaging.quicktime.QuickTimeReader.processAtoms(QuickTimeReader.java:69)
	at com.drew.imaging.quicktime.QuickTimeReader.processAtoms(QuickTimeReader.java:69)
	at com.drew.imaging.quicktime.QuickTimeReader.processAtoms(QuickTimeReader.java:69)
	at com.drew.imaging.quicktime.QuickTimeReader.processAtoms(QuickTimeReader.java:69)
	at com.drew.imaging.quicktime.QuickTimeReader.processAtoms(QuickTimeReader.java:69)
	at com.drew.imaging.quicktime.QuickTimeReader.processAtoms(QuickTimeReader.java:69)
	at com.drew.imaging.quicktime.QuickTimeReader.processAtoms(QuickTimeReader.java:69)
	at com.drew.imaging.quicktime.QuickTimeReader.processAtoms(QuickTimeReader.java:69)
	at com.drew.imaging.quicktime.QuickTimeReader.processAtoms(QuickTimeReader.java:69)
	at com.drew.imaging.quicktime.QuickTimeReader.processAtoms(QuickTimeReader.java:69)
	at com.drew.imaging.quicktime.QuickTimeReader.processAtoms(QuickTimeReader.java:69)
	at com.drew.imaging.quicktime.QuickTimeReader.processAtoms(QuickTimeReader.java:69)
	at com.drew.imaging.quicktime.QuickTimeReader.processAtoms(QuickTimeReader.java:69)
	at com.drew.imaging.quicktime.QuickTimeReader.processAtoms(QuickTimeReader.java:69)
	at com.drew.imaging.quicktime.QuickTimeReader.processAtoms(QuickTimeReader.java:69)
	at com.drew.imaging.quicktime.QuickTimeReader.processAtoms(QuickTimeReader.java:69)
	at com.drew.imaging.quicktime.QuickTimeReader.processAtoms(QuickTimeReader.java:69)
	at com.drew.imaging.quicktime.QuickTimeReader.processAtoms(QuickTimeReader.java:69)
	at com.drew.imaging.quicktime.QuickTimeReader.processAtoms(QuickTimeReader.java:69)
	at com.drew.imaging.quicktime.QuickTimeReader.processAtoms(QuickTimeReader.java:69)
	at com.drew.imaging.quicktime.QuickTimeReader.processAtoms(QuickTimeReader.java:69)
	at com.drew.imaging.quicktime.QuickTimeReader.processAtoms(QuickTimeReader.java:69)
	at com.drew.imaging.quicktime.QuickTimeReader.processAtoms(QuickTimeReader.java:69)
	at com.drew.imaging.quicktime.QuickTimeReader.processAtoms(QuickTimeReader.java:69)
	at com.drew.imaging.quicktime.QuickTimeReader.processAtoms(QuickTimeReader.java:69)
	at com.drew.imaging.quicktime.QuickTimeReader.processAtoms(QuickTimeReader.java:69)
	at com.drew.imaging.quicktime.QuickTimeReader.processAtoms(QuickTimeReader.java:69)
	at com.drew.imaging.quicktime.QuickTimeReader.processAtoms(QuickTimeReader.java:69)
	at com.drew.imaging.quicktime.QuickTimeReader.processAtoms(QuickTimeReader.java:69)
	at com.drew.imaging.quicktime.QuickTimeReader.processAtoms(QuickTimeReader.java:69)
	at com.drew.imaging.quicktime.QuickTimeReader.processAtoms(QuickTimeReader.java:69)
	at com.drew.imaging.quicktime.QuickTimeReader.processAtoms(QuickTimeReader.java:69)
	at com.drew.imaging.quicktime.QuickTimeReader.processAtoms(QuickTimeReader.java:69)
	at com.drew.imaging.quicktime.QuickTimeReader.processAtoms(QuickTimeReader.java:69)
	at com.drew.imaging.quicktime.QuickTimeReader.processAtoms(QuickTimeReader.java:69)
	at com.drew.imaging.quicktime.QuickTimeReader.processAtoms(QuickTimeReader.java:69)
	at com.drew.imaging.quicktime.QuickTimeReader.processAtoms(QuickTimeReader.java:69)
	at com.drew.imaging.quicktime.QuickTimeReader.processAtoms(QuickTimeReader.java:69)
	at com.drew.imaging.quicktime.QuickTimeReader.processAtoms(QuickTimeReader.java:69)
	at com.drew.imaging.quicktime.QuickTimeReader.processAtoms(QuickTimeReader.java:69)
	at com.drew.imaging.quicktime.QuickTimeReader.processAtoms(QuickTimeReader.java:69)
	at com.drew.imaging.quicktime.QuickTimeReader.processAtoms(QuickTimeReader.java:69)
	at com.drew.imaging.quicktime.QuickTimeReader.processAtoms(QuickTimeReader.java:69)
	at com.drew.imaging.quicktime.QuickTimeReader.processAtoms(QuickTimeReader.java:69)
	at com.drew.imaging.quicktime.QuickTimeReader.processAtoms(QuickTimeReader.java:69)
	at com.drew.imaging.quicktime.QuickTimeReader.processAtoms(QuickTimeReader.java:69)
	at com.drew.imaging.quicktime.QuickTimeReader.processAtoms(QuickTimeReader.java:69)
	at com.drew.imaging.quicktime.QuickTimeReader.processAtoms(QuickTimeReader.java:69)
	at com.drew.imaging.quicktime.QuickTimeReader.processAtoms(QuickTimeReader.java:69)
	at com.drew.imaging.quicktime.QuickTimeReader.processAtoms(QuickTimeReader.java:69)
	at com.drew.imaging.quicktime.QuickTimeReader.processAtoms(QuickTimeReader.java:69)
	at com.drew.imaging.quicktime.QuickTimeReader.processAtoms(QuickTimeReader.java:69)
	at com.drew.imaging.quicktime.QuickTimeReader.processAtoms(QuickTimeReader.java:69)
	at com.drew.imaging.quicktime.QuickTimeReader.processAtoms(QuickTimeReader.java:69)
	at com.drew.imaging.quicktime.QuickTimeReader.processAtoms(QuickTimeReader.java:69)
	at com.drew.imaging.quicktime.QuickTimeReader.processAtoms(QuickTimeReader.java:69)
	at com.drew.imaging.quicktime.QuickTimeReader.processAtoms(QuickTimeReader.java:69)
	at com.drew.imaging.quicktime.QuickTimeReader.processAtoms(QuickTimeReader.java:69)
	at com.drew.imaging.quicktime.QuickTimeReader.processAtoms(QuickTimeReader.java:69)
	at com.drew.imaging.quicktime.QuickTimeReader.processAtoms(QuickTimeReader.java:69)
	at com.drew.imaging.quicktime.QuickTimeReader.processAtoms(QuickTimeReader.java:69)
	at com.drew.imaging.quicktime.QuickTimeReader.processAtoms(QuickTimeReader.java:69)
	at com.drew.imaging.quicktime.QuickTimeReader.processAtoms(QuickTimeReader.java:69)
	at com.drew.imaging.quicktime.QuickTimeReader.processAtoms(QuickTimeReader.java:69)
	at com.drew.imaging.quicktime.QuickTimeReader.processAtoms(QuickTimeReader.java:69)
	at com.drew.imaging.quicktime.QuickTimeReader.processAtoms(QuickTimeReader.java:69)
	at com.drew.imaging.quicktime.QuickTimeReader.processAtoms(QuickTimeReader.java:69)
	at com.drew.imaging.quicktime.QuickTimeReader.processAtoms(QuickTimeReader.java:69)
	at com.drew.imaging.quicktime.QuickTimeReader.processAtoms(QuickTimeReader.java:69)
	at com.drew.imaging.quicktime.QuickTimeReader.processAtoms(QuickTimeReader.java:69)
	at com.drew.imaging.quicktime.QuickTimeReader.processAtoms(QuickTimeReader.java:69)
	at com.drew.imaging.quicktime.QuickTimeReader.processAtoms(QuickTimeReader.java:69)
	at com.drew.imaging.quicktime.QuickTimeReader.processAtoms(QuickTimeReader.java:69)
	at com.drew.imaging.quicktime.QuickTimeReader.processAtoms(QuickTimeReader.java:69)
	at com.drew.imaging.quicktime.QuickTimeReader.processAtoms(QuickTimeReader.java:69)
	at com.drew.imaging.quicktime.QuickTimeReader.processAtoms(QuickTimeReader.java:69)
	at com.drew.imaging.quicktime.QuickTimeReader.processAtoms(QuickTimeReader.java:69)
	at com.drew.imaging.quicktime.QuickTimeReader.processAtoms(QuickTimeReader.java:69)
	at com.drew.imaging.quicktime.QuickTimeReader.processAtoms(QuickTimeReader.java:69)
	at com.drew.imaging.quicktime.QuickTimeReader.processAtoms(QuickTimeReader.java:69)
	at com.drew.imaging.quicktime.QuickTimeReader.processAtoms(QuickTimeReader.java:69)
	at com.drew.imaging.quicktime.QuickTimeReader.processAtoms(QuickTimeReader.java:69)
	at com.drew.imaging.quicktime.QuickTimeReader.processAtoms(QuickTimeReader.java:69)
	at com.drew.imaging.quicktime.QuickTimeReader.processAtoms(QuickTimeReader.java:69)
	at com.drew.imaging.quicktime.QuickTimeReader.processAtoms(QuickTimeReader.java:69)
	at com.drew.imaging.quicktime.QuickTimeReader.processAtoms(QuickTimeReader.java:69)
	at com.drew.imaging.quicktime.QuickTimeReader.processAtoms(QuickTimeReader.java:69)
	at com.drew.imaging.quicktime.QuickTimeReader.processAtoms(QuickTimeReader.java:69)
	at com.drew.imaging.quicktime.QuickTimeReader.processAtoms(QuickTimeReader.java:69)
	at com.drew.imaging.quicktime.QuickTimeReader.processAtoms(QuickTimeReader.java:69)
	at com.drew.imaging.quicktime.QuickTimeReader.processAtoms(QuickTimeReader.java:69)
	at com.drew.imaging.quicktime.QuickTimeReader.processAtoms(QuickTimeReader.java:69)
	at com.drew.imaging.quicktime.QuickTimeReader.processAtoms(QuickTimeReader.java:69)
	at com.drew.imaging.quicktime.QuickTimeReader.processAtoms(QuickTimeReader.java:69)
	at com.drew.imaging.quicktime.QuickTimeReader.processAtoms(QuickTimeReader.java:69)
	at com.drew.imaging.quicktime.QuickTimeReader.processAtoms(QuickTimeReader.java:69)
	at com.drew.imaging.quicktime.QuickTimeReader.processAtoms(QuickTimeReader.java:69)
	at com.drew.imaging.quicktime.QuickTimeReader.processAtoms(QuickTimeReader.java:69)
	at com.drew.imaging.quicktime.QuickTimeReader.processAtoms(QuickTimeReader.java:69)
	at com.drew.imaging.quicktime.QuickTimeReader.processAtoms(QuickTimeReader.java:69)
	at com.drew.imaging.quicktime.QuickTimeReader.processAtoms(QuickTimeReader.java:69)
	at com.drew.imaging.quicktime.QuickTimeReader.processAtoms(QuickTimeReader.java:69)
	at com.drew.imaging.quicktime.QuickTimeReader.processAtoms(QuickTimeReader.java:69)
	at com.drew.imaging.quicktime.QuickTimeReader.processAtoms(QuickTimeReader.java:69)
	at com.drew.imaging.quicktime.QuickTimeReader.processAtoms(QuickTimeReader.java:69)
	at com.drew.imaging.quicktime.QuickTimeReader.processAtoms(QuickTimeReader.java:69)
	at com.drew.imaging.quicktime.QuickTimeReader.processAtoms(QuickTimeReader.java:69)
	at com.drew.imaging.quicktime.QuickTimeReader.processAtoms(QuickTimeReader.java:69)
	at com.drew.imaging.quicktime.QuickTimeReader.processAtoms(QuickTimeReader.java:69)
	at com.drew.imaging.quicktime.QuickTimeReader.processAtoms(QuickTimeReader.java:69)
	at com.drew.imaging.quicktime.QuickTimeReader.processAtoms(QuickTimeReader.java:69)
	at com.drew.imaging.quicktime.QuickTimeReader.processAtoms(QuickTimeReader.java:69)
	at com.drew.imaging.quicktime.QuickTimeReader.processAtoms(QuickTimeReader.java:69)
	at com.drew.imaging.quicktime.QuickTimeReader.processAtoms(QuickTimeReader.java:69)
	at com.drew.imaging.quicktime.QuickTimeReader.processAtoms(QuickTimeReader.java:69)
	at com.drew.imaging.quicktime.QuickTimeReader.processAtoms(QuickTimeReader.java:69)
	at com.drew.imaging.quicktime.QuickTimeReader.processAtoms(QuickTimeReader.java:69)
	at com.drew.imaging.quicktime.QuickTimeReader.processAtoms(QuickTimeReader.java:69)
	at com.drew.imaging.quicktime.QuickTimeReader.processAtoms(QuickTimeReader.java:69)
	at com.drew.imaging.quicktime.QuickTimeReader.processAtoms(QuickTimeReader.java:69)
	at com.drew.imaging.quicktime.QuickTimeReader.processAtoms(QuickTimeReader.java:69)
	at com.drew.imaging.quicktime.QuickTimeReader.processAtoms(QuickTimeReader.java:69)
	at com.drew.imaging.quicktime.QuickTimeReader.processAtoms(QuickTimeReader.java:69)
	at com.drew.imaging.quicktime.QuickTimeReader.processAtoms(QuickTimeReader.java:69)
	at com.drew.imaging.quicktime.QuickTimeReader.processAtoms(QuickTimeReader.java:69)
	at com.drew.imaging.quicktime.QuickTimeReader.processAtoms(QuickTimeReader.java:69)
	at com.drew.imaging.quicktime.QuickTimeReader.processAtoms(QuickTimeReader.java:69)
	at com.drew.imaging.quicktime.QuickTimeReader.processAtoms(QuickTimeReader.java:69)
	at com.drew.imaging.quicktime.QuickTimeReader.processAtoms(QuickTimeReader.java:69)
	at com.drew.imaging.quicktime.QuickTimeReader.processAtoms(QuickTimeReader.java:69)
	at com.drew.imaging.quicktime.QuickTimeReader.processAtoms(QuickTimeReader.java:69)
	at com.drew.imaging.quicktime.QuickTimeReader.processAtoms(QuickTimeReader.java:69)
	at com.drew.imaging.quicktime.QuickTimeReader.processAtoms(QuickTimeReader.java:69)
	at com.drew.imaging.quicktime.QuickTimeReader.processAtoms(QuickTimeReader.java:69)
	at com.drew.imaging.quicktime.QuickTimeReader.processAtoms(QuickTimeReader.java:69)
	at com.drew.imaging.quicktime.QuickTimeReader.processAtoms(QuickTimeReader.java:69)
	at com.drew.imaging.quicktime.QuickTimeReader.processAtoms(QuickTimeReader.java:69)
	at com.drew.imaging.quicktime.QuickTimeReader.processAtoms(QuickTimeReader.java:69)
	at com.drew.imaging.quicktime.QuickTimeReader.processAtoms(QuickTimeReader.java:69)
	at com.drew.imaging.quicktime.QuickTimeReader.processAtoms(QuickTimeReader.java:69)
	at com.drew.imaging.quicktime.QuickTimeReader.processAtoms(QuickTimeReader.java:69)
	at com.drew.imaging.quicktime.QuickTimeReader.processAtoms(QuickTimeReader.java:69)
	at com.drew.imaging.quicktime.QuickTimeReader.processAtoms(QuickTimeReader.java:69)
	at com.drew.imaging.quicktime.QuickTimeReader.processAtoms(QuickTimeReader.java:69)
	at com.drew.imaging.quicktime.QuickTimeReader.processAtoms(QuickTimeReader.java:69)
	at com.drew.imaging.quicktime.QuickTimeReader.processAtoms(QuickTimeReader.java:69)
	at com.drew.imaging.quicktime.QuickTimeReader.processAtoms(QuickTimeReader.java:69)
	at com.drew.imaging.quicktime.QuickTimeReader.processAtoms(QuickTimeReader.java:69)
	at com.drew.imaging.quicktime.QuickTimeReader.processAtoms(QuickTimeReader.java:69)
	at com.drew.imaging.quicktime.QuickTimeReader.processAtoms(QuickTimeReader.java:69)
	at com.drew.imaging.quicktime.QuickTimeReader.processAtoms(QuickTimeReader.java:69)
	at com.drew.imaging.quicktime.QuickTimeReader.processAtoms(QuickTimeReader.java:69)
	at com.drew.imaging.quicktime.QuickTimeReader.processAtoms(QuickTimeReader.java:69)
	at com.drew.imaging.quicktime.QuickTimeReader.processAtoms(QuickTimeReader.java:69)
	at com.drew.imaging.quicktime.QuickTimeReader.processAtoms(QuickTimeReader.java:69)
	at com.drew.imaging.quicktime.QuickTimeReader.processAtoms(QuickTimeReader.java:69)
	at com.drew.imaging.quicktime.QuickTimeReader.processAtoms(QuickTimeReader.java:69)
	at com.drew.imaging.quicktime.QuickTimeReader.processAtoms(QuickTimeReader.java:69)
	at com.drew.imaging.quicktime.QuickTimeReader.processAtoms(QuickTimeReader.java:69)
	at com.drew.imaging.quicktime.QuickTimeReader.processAtoms(QuickTimeReader.java:69)
	at com.drew.imaging.quicktime.QuickTimeReader.processAtoms(QuickTimeReader.java:69)
	at com.drew.imaging.quicktime.QuickTimeReader.processAtoms(QuickTimeReader.java:69)
	at com.drew.imaging.quicktime.QuickTimeReader.processAtoms(QuickTimeReader.java:69)
	at com.drew.imaging.quicktime.QuickTimeReader.processAtoms(QuickTimeReader.java:69)
	at com.drew.imaging.quicktime.QuickTimeReader.processAtoms(QuickTimeReader.java:69)
	at com.drew.imaging.quicktime.QuickTimeReader.processAtoms(QuickTimeReader.java:69)
	at com.drew.imaging.quicktime.QuickTimeReader.processAtoms(QuickTimeReader.java:69)
	at com.drew.imaging.quicktime.QuickTimeReader.processAtoms(QuickTimeReader.java:69)
	at com.drew.imaging.quicktime.QuickTimeReader.processAtoms(QuickTimeReader.java:69)
	at com.drew.imaging.quicktime.QuickTimeReader.processAtoms(QuickTimeReader.java:69)
	at com.drew.imaging.quicktime.QuickTimeReader.processAtoms(QuickTimeReader.java:69)
	at com.drew.imaging.quicktime.QuickTimeReader.processAtoms(QuickTimeReader.java:69)
	at com.drew.imaging.quicktime.QuickTimeReader.processAtoms(QuickTimeReader.java:69)
	at com.drew.imaging.quicktime.QuickTimeReader.processAtoms(QuickTimeReader.java:69)
	at com.drew.imaging.quicktime.QuickTimeReader.processAtoms(QuickTimeReader.java:69)
	at com.drew.imaging.quicktime.QuickTimeReader.processAtoms(QuickTimeReader.java:69)
	at com.drew.imaging.quicktime.QuickTimeReader.processAtoms(QuickTimeReader.java:69)
	at com.drew.imaging.quicktime.QuickTimeReader.processAtoms(QuickTimeReader.java:69)
	at com.drew.imaging.quicktime.QuickTimeReader.processAtoms(QuickTimeReader.java:69)
	at com.drew.imaging.quicktime.QuickTimeReader.processAtoms(QuickTimeReader.java:69)
	at com.drew.imaging.quicktime.QuickTimeReader.processAtoms(QuickTimeReader.java:69)
	at com.drew.imaging.quicktime.QuickTimeReader.processAtoms(QuickTimeReader.java:69)
	at com.drew.imaging.quicktime.QuickTimeReader.processAtoms(QuickTimeReader.java:69)
	at com.drew.imaging.quicktime.QuickTimeReader.processAtoms(QuickTimeReader.java:69)
	at com.drew.imaging.quicktime.QuickTimeReader.processAtoms(QuickTimeReader.java:69)
	at com.drew.imaging.quicktime.QuickTimeReader.processAtoms(QuickTimeReader.java:69)
	at com.drew.imaging.quicktime.QuickTimeReader.processAtoms(QuickTimeReader.java:69)
	at com.drew.imaging.quicktime.QuickTimeReader.processAtoms(QuickTimeReader.java:69)
	at com.drew.imaging.quicktime.QuickTimeReader.processAtoms(QuickTimeReader.java:69)
	at com.drew.imaging.quicktime.QuickTimeReader.processAtoms(QuickTimeReader.java:69)
	at com.drew.imaging.quicktime.QuickTimeReader.processAtoms(QuickTimeReader.java:69)
	at com.drew.imaging.quicktime.QuickTimeReader.processAtoms(QuickTimeReader.java:69)
	at com.drew.imaging.quicktime.QuickTimeReader.processAtoms(QuickTimeReader.java:69)
	at com.drew.imaging.quicktime.QuickTimeReader.processAtoms(QuickTimeReader.java:69)
	at com.drew.imaging.quicktime.QuickTimeReader.processAtoms(QuickTimeReader.java:69)
	at com.drew.imaging.quicktime.QuickTimeReader.processAtoms(QuickTimeReader.java:69)
	at com.drew.imaging.quicktime.QuickTimeReader.processAtoms(QuickTimeReader.java:69)
	at com.drew.imaging.quicktime.QuickTimeReader.processAtoms(QuickTimeReader.java:69)
	at com.drew.imaging.quicktime.QuickTimeReader.processAtoms(QuickTimeReader.java:69)
	at com.drew.imaging.quicktime.QuickTimeReader.processAtoms(QuickTimeReader.java:69)
	at com.drew.imaging.quicktime.QuickTimeReader.processAtoms(QuickTimeReader.java:69)
	at com.drew.imaging.quicktime.QuickTimeReader.processAtoms(QuickTimeReader.java:69)
	at com.drew.imaging.quicktime.QuickTimeReader.processAtoms(QuickTimeReader.java:69)
	at com.drew.imaging.quicktime.QuickTimeReader.processAtoms(QuickTimeReader.java:69)
	at com.drew.imaging.quicktime.QuickTimeReader.processAtoms(QuickTimeReader.java:69)
	at com.drew.imaging.quicktime.QuickTimeReader.processAtoms(QuickTimeReader.java:69)
	at com.drew.imaging.quicktime.QuickTimeReader.processAtoms(QuickTimeReader.java:69)
	at com.drew.imaging.quicktime.QuickTimeReader.processAtoms(QuickTimeReader.java:69)
	at com.drew.imaging.quicktime.QuickTimeReader.processAtoms(QuickTimeReader.java:69)
	at com.drew.imaging.quicktime.QuickTimeReader.processAtoms(QuickTimeReader.java:69)
	at com.drew.imaging.quicktime.QuickTimeReader.processAtoms(QuickTimeReader.java:69)
	at com.drew.imaging.quicktime.QuickTimeReader.processAtoms(QuickTimeReader.java:69)
	at com.drew.imaging.quicktime.QuickTimeReader.processAtoms(QuickTimeReader.java:69)
	at com.drew.imaging.quicktime.QuickTimeReader.processAtoms(QuickTimeReader.java:69)
	at com.drew.imaging.quicktime.QuickTimeReader.processAtoms(QuickTimeReader.java:69)
	at com.drew.imaging.quicktime.QuickTimeReader.processAtoms(QuickTimeReader.java:69)
	at com.drew.imaging.quicktime.QuickTimeReader.processAtoms(QuickTimeReader.java:69)
	at com.drew.imaging.quicktime.QuickTimeReader.processAtoms(QuickTimeReader.java:69)
	at com.drew.imaging.quicktime.QuickTimeReader.processAtoms(QuickTimeReader.java:69)
	at com.drew.imaging.quicktime.QuickTimeReader.processAtoms(QuickTimeReader.java:69)
	at com.drew.imaging.quicktime.QuickTimeReader.processAtoms(QuickTimeReader.java:69)
	at com.drew.imaging.quicktime.QuickTimeReader.processAtoms(QuickTimeReader.java:69)
	at com.drew.imaging.quicktime.QuickTimeReader.processAtoms(QuickTimeReader.java:69)
	at com.drew.imaging.quicktime.QuickTimeReader.processAtoms(QuickTimeReader.java:69)
	at com.drew.imaging.quicktime.QuickTimeReader.processAtoms(QuickTimeReader.java:69)
	at com.drew.imaging.quicktime.QuickTimeReader.processAtoms(QuickTimeReader.java:69)
	at com.drew.imaging.quicktime.QuickTimeReader.processAtoms(QuickTimeReader.java:69)
	at com.drew.imaging.quicktime.QuickTimeReader.processAtoms(QuickTimeReader.java:69)
	at com.drew.imaging.quicktime.QuickTimeReader.processAtoms(QuickTimeReader.java:69)
	at com.drew.imaging.quicktime.QuickTimeReader.processAtoms(QuickTimeReader.java:69)
	at com.drew.imaging.quicktime.QuickTimeReader.processAtoms(QuickTimeReader.java:69)
	at com.drew.imaging.quicktime.QuickTimeReader.processAtoms(QuickTimeReader.java:69)
	at com.drew.imaging.quicktime.QuickTimeReader.processAtoms(QuickTimeReader.java:69)
	at com.drew.imaging.quicktime.QuickTimeReader.processAtoms(QuickTimeReader.java:69)
	at com.drew.imaging.quicktime.QuickTimeReader.processAtoms(QuickTimeReader.java:69)
	at com.drew.imaging.quicktime.QuickTimeReader.processAtoms(QuickTimeReader.java:69)
	at com.drew.imaging.quicktime.QuickTimeReader.processAtoms(QuickTimeReader.java:69)
	at com.drew.imaging.quicktime.QuickTimeReader.processAtoms(QuickTimeReader.java:69)
	at com.drew.imaging.quicktime.QuickTimeReader.processAtoms(QuickTimeReader.java:69)
	at com.drew.imaging.quicktime.QuickTimeReader.processAtoms(QuickTimeReader.java:69)
	at com.drew.imaging.quicktime.QuickTimeReader.processAtoms(QuickTimeReader.java:69)
	at com.drew.imaging.quicktime.QuickTimeReader.processAtoms(QuickTimeReader.java:69)
	at com.drew.imaging.quicktime.QuickTimeReader.processAtoms(QuickTimeReader.java:69)
	at com.drew.imaging.quicktime.QuickTimeReader.processAtoms(QuickTimeReader.java:69)
	at com.drew.imaging.quicktime.QuickTimeReader.processAtoms(QuickTimeReader.java:69)
	at com.drew.imaging.quicktime.QuickTimeReader.processAtoms(QuickTimeReader.java:69)
	at com.drew.imaging.quicktime.QuickTimeReader.processAtoms(QuickTimeReader.java:69)
	at com.drew.imaging.quicktime.QuickTimeReader.processAtoms(QuickTimeReader.java:69)
	at com.drew.imaging.quicktime.QuickTimeReader.processAtoms(QuickTimeReader.java:69)
	at com.drew.imaging.quicktime.QuickTimeReader.processAtoms(QuickTimeReader.java:69)
	at com.drew.imaging.quicktime.QuickTimeReader.processAtoms(QuickTimeReader.java:69)
	at com.drew.imaging.quicktime.QuickTimeReader.processAtoms(QuickTimeReader.java:69)
	at com.drew.imaging.quicktime.QuickTimeReader.processAtoms(QuickTimeReader.java:69)
	at com.drew.imaging.quicktime.QuickTimeReader.processAtoms(QuickTimeReader.java:69)
	at com.drew.imaging.quicktime.QuickTimeReader.processAtoms(QuickTimeReader.java:69)
	at com.drew.imaging.quicktime.QuickTimeReader.processAtoms(QuickTimeReader.java:69)
	at com.drew.imaging.quicktime.QuickTimeReader.processAtoms(QuickTimeReader.java:69)
	at com.drew.imaging.quicktime.QuickTimeReader.processAtoms(QuickTimeReader.java:69)
	at com.drew.imaging.quicktime.QuickTimeReader.processAtoms(QuickTimeReader.java:69)
	at com.drew.imaging.quicktime.QuickTimeReader.processAtoms(QuickTimeReader.java:69)
	at com.drew.imaging.quicktime.QuickTimeReader.processAtoms(QuickTimeReader.java:69)
	at com.drew.imaging.quicktime.QuickTimeReader.processAtoms(QuickTimeReader.java:69)
	at com.drew.imaging.quicktime.QuickTimeReader.processAtoms(QuickTimeReader.java:69)
	at com.drew.imaging.quicktime.QuickTimeReader.processAtoms(QuickTimeReader.java:69)
	at com.drew.imaging.quicktime.QuickTimeReader.processAtoms(QuickTimeReader.java:69)
	at com.drew.imaging.quicktime.QuickTimeReader.processAtoms(QuickTimeReader.java:69)
	at com.drew.imaging.quicktime.QuickTimeReader.processAtoms(QuickTimeReader.java:69)
	at com.drew.imaging.quicktime.QuickTimeReader.processAtoms(QuickTimeReader.java:69)
	at com.drew.imaging.quicktime.QuickTimeReader.processAtoms(QuickTimeReader.java:69)
	at com.drew.imaging.quicktime.QuickTimeReader.processAtoms(QuickTimeReader.java:69)
	at com.drew.imaging.quicktime.QuickTimeReader.processAtoms(QuickTimeReader.java:69)
	at com.drew.imaging.quicktime.QuickTimeReader.processAtoms(QuickTimeReader.java:69)
	at com.drew.imaging.quicktime.QuickTimeReader.processAtoms(QuickTimeReader.java:69)
	at com.drew.imaging.quicktime.QuickTimeReader.processAtoms(QuickTimeReader.java:69)
	at com.drew.imaging.quicktime.QuickTimeReader.processAtoms(QuickTimeReader.java:69)
	at com.drew.imaging.quicktime.QuickTimeReader.processAtoms(QuickTimeReader.java:69)
	at com.drew.imaging.quicktime.QuickTimeReader.processAtoms(QuickTimeReader.java:69)
	at com.drew.imaging.quicktime.QuickTimeReader.processAtoms(QuickTimeReader.java:69)
	at com.drew.imaging.quicktime.QuickTimeReader.processAtoms(QuickTimeReader.java:69)
	at com.drew.imaging.quicktime.QuickTimeReader.processAtoms(QuickTimeReader.java:69)
	at com.drew.imaging.quicktime.QuickTimeReader.processAtoms(QuickTimeReader.java:69)
	at com.drew.imaging.quicktime.QuickTimeReader.processAtoms(QuickTimeReader.java:69)
	at com.drew.imaging.quicktime.QuickTimeReader.processAtoms(QuickTimeReader.java:69)
	at com.drew.imaging.quicktime.QuickTimeReader.processAtoms(QuickTimeReader.java:69)
	at com.drew.imaging.quicktime.QuickTimeReader.processAtoms(QuickTimeReader.java:69)
	at com.drew.imaging.quicktime.QuickTimeReader.processAtoms(QuickTimeReader.java:69)
	at com.drew.imaging.quicktime.QuickTimeReader.processAtoms(QuickTimeReader.java:69)
	at com.drew.imaging.quicktime.QuickTimeReader.processAtoms(QuickTimeReader.java:69)
	at com.drew.imaging.quicktime.QuickTimeReader.processAtoms(QuickTimeReader.java:69)
	at com.drew.imaging.quicktime.QuickTimeReader.processAtoms(QuickTimeReader.java:69)
	at com.drew.imaging.quicktime.QuickTimeReader.processAtoms(QuickTimeReader.java:69)
	at com.drew.imaging.quicktime.QuickTimeReader.processAtoms(QuickTimeReader.java:69)
	at com.drew.imaging.quicktime.QuickTimeReader.processAtoms(QuickTimeReader.java:69)
	at com.drew.imaging.quicktime.QuickTimeReader.processAtoms(QuickTimeReader.java:69)
	at com.drew.imaging.quicktime.QuickTimeReader.processAtoms(QuickTimeReader.java:69)
	at com.drew.imaging.quicktime.QuickTimeReader.processAtoms(QuickTimeReader.java:69)
	at com.drew.imaging.quicktime.QuickTimeReader.processAtoms(QuickTimeReader.java:69)
	at com.drew.imaging.quicktime.QuickTimeReader.processAtoms(QuickTimeReader.java:69)
	at com.drew.imaging.quicktime.QuickTimeReader.processAtoms(QuickTimeReader.java:69)
	at com.drew.imaging.quicktime.QuickTimeReader.processAtoms(QuickTimeReader.java:69)
	at com.drew.imaging.quicktime.QuickTimeReader.processAtoms(QuickTimeReader.java:69)
	at com.drew.imaging.quicktime.QuickTimeReader.processAtoms(QuickTimeReader.java:69)
	at com.drew.imaging.quicktime.QuickTimeReader.processAtoms(QuickTimeReader.java:69)
	at com.drew.imaging.quicktime.QuickTimeReader.processAtoms(QuickTimeReader.java:69)
	at com.drew.imaging.quicktime.QuickTimeReader.processAtoms(QuickTimeReader.java:69)
	at com.drew.imaging.quicktime.QuickTimeReader.processAtoms(QuickTimeReader.java:69)
	at com.drew.imaging.quicktime.QuickTimeReader.processAtoms(QuickTimeReader.java:69)
	at com.drew.imaging.quicktime.QuickTimeReader.processAtoms(QuickTimeReader.java:69)
	at com.drew.imaging.quicktime.QuickTimeReader.processAtoms(QuickTimeReader.java:69)
	at com.drew.imaging.quicktime.QuickTimeReader.processAtoms(QuickTimeReader.java:69)
	at com.drew.imaging.quicktime.QuickTimeReader.processAtoms(QuickTimeReader.java:69)
	at com.drew.imaging.quicktime.QuickTimeReader.processAtoms(QuickTimeReader.java:69)
	at com.drew.imaging.quicktime.QuickTimeReader.processAtoms(QuickTimeReader.java:69)
	at com.drew.imaging.quicktime.QuickTimeReader.processAtoms(QuickTimeReader.java:69)
	at com.drew.imaging.quicktime.QuickTimeReader.processAtoms(QuickTimeReader.java:69)
	at com.drew.imaging.quicktime.QuickTimeReader.processAtoms(QuickTimeReader.java:69)
	at com.drew.imaging.quicktime.QuickTimeReader.processAtoms(QuickTimeReader.java:69)
	at com.drew.imaging.quicktime.QuickTimeReader.processAtoms(QuickTimeReader.java:69)
	at com.drew.imaging.quicktime.QuickTimeReader.processAtoms(QuickTimeReader.java:69)
	at com.drew.imaging.quicktime.QuickTimeReader.processAtoms(QuickTimeReader.java:69)
	at com.drew.imaging.quicktime.QuickTimeReader.processAtoms(QuickTimeReader.java:69)
	at com.drew.imaging.quicktime.QuickTimeReader.processAtoms(QuickTimeReader.java:69)
	at com.drew.imaging.quicktime.QuickTimeReader.processAtoms(QuickTimeReader.java:69)
	at com.drew.imaging.quicktime.QuickTimeReader.processAtoms(QuickTimeReader.java:69)
	at com.drew.imaging.quicktime.QuickTimeReader.processAtoms(QuickTimeReader.java:69)
	at com.drew.imaging.quicktime.QuickTimeReader.processAtoms(QuickTimeReader.java:69)
	at com.drew.imaging.quicktime.QuickTimeReader.processAtoms(QuickTimeReader.java:69)
	at com.drew.imaging.quicktime.QuickTimeReader.processAtoms(QuickTimeReader.java:69)
	at com.drew.imaging.quicktime.QuickTimeReader.processAtoms(QuickTimeReader.java:69)
	at com.drew.imaging.quicktime.QuickTimeReader.processAtoms(QuickTimeReader.java:69)
	at com.drew.imaging.quicktime.QuickTimeReader.processAtoms(QuickTimeReader.java:69)
	at com.drew.imaging.quicktime.QuickTimeReader.processAtoms(QuickTimeReader.java:69)
	at com.drew.imaging.quicktime.QuickTimeReader.processAtoms(QuickTimeReader.java:69)
	at com.drew.imaging.quicktime.QuickTimeReader.processAtoms(QuickTimeReader.java:69)
	at com.drew.imaging.quicktime.QuickTimeReader.processAtoms(QuickTimeReader.java:69)
	at com.drew.imaging.quicktime.QuickTimeReader.processAtoms(QuickTimeReader.java:69)
	at com.drew.imaging.quicktime.QuickTimeReader.processAtoms(QuickTimeReader.java:69)
	at com.drew.imaging.quicktime.QuickTimeReader.processAtoms(QuickTimeReader.java:69)
	at com.drew.imaging.quicktime.QuickTimeReader.processAtoms(QuickTimeReader.java:69)
	at com.drew.imaging.quicktime.QuickTimeReader.processAtoms(QuickTimeReader.java:69)
	at com.drew.imaging.quicktime.QuickTimeReader.processAtoms(QuickTimeReader.java:69)
	at com.drew.imaging.quicktime.QuickTimeReader.processAtoms(QuickTimeReader.java:69)
	at com.drew.imaging.quicktime.QuickTimeReader.processAtoms(QuickTimeReader.java:69)
	at com.drew.imaging.quicktime.QuickTimeReader.processAtoms(QuickTimeReader.java:69)
	at com.drew.imaging.quicktime.QuickTimeReader.processAtoms(QuickTimeReader.java:69)
	at com.drew.imaging.quicktime.QuickTimeReader.processAtoms(QuickTimeReader.java:69)
	at com.drew.imaging.quicktime.QuickTimeReader.processAtoms(QuickTimeReader.java:69)
	at com.drew.imaging.quicktime.QuickTimeReader.processAtoms(QuickTimeReader.java:69)
	at com.drew.imaging.quicktime.QuickTimeReader.processAtoms(QuickTimeReader.java:69)
	at com.drew.imaging.quicktime.QuickTimeReader.processAtoms(QuickTimeReader.java:69)
	at com.drew.imaging.quicktime.QuickTimeReader.processAtoms(QuickTimeReader.java:69)
	at com.drew.imaging.quicktime.QuickTimeReader.processAtoms(QuickTimeReader.java:69)
	at com.drew.imaging.quicktime.QuickTimeReader.processAtoms(QuickTimeReader.java:69)
	at com.drew.imaging.quicktime.QuickTimeReader.processAtoms(QuickTimeReader.java:69)
	at com.drew.imaging.quicktime.QuickTimeReader.processAtoms(QuickTimeReader.java:69)
	at com.drew.imaging.quicktime.QuickTimeReader.processAtoms(QuickTimeReader.java:69)
	at com.drew.imaging.quicktime.QuickTimeReader.processAtoms(QuickTimeReader.java:69)
	at com.drew.imaging.quicktime.QuickTimeReader.processAtoms(QuickTimeReader.java:69)
	at com.drew.imaging.quicktime.QuickTimeReader.processAtoms(QuickTimeReader.java:69)
	at com.drew.imaging.quicktime.QuickTimeReader.processAtoms(QuickTimeReader.java:69)
	at com.drew.imaging.quicktime.QuickTimeReader.processAtoms(QuickTimeReader.java:69)
	at com.drew.imaging.quicktime.QuickTimeReader.processAtoms(QuickTimeReader.java:69)
	at com.drew.imaging.quicktime.QuickTimeReader.processAtoms(QuickTimeReader.java:69)
	at com.drew.imaging.quicktime.QuickTimeReader.processAtoms(QuickTimeReader.java:69)
	at com.drew.imaging.quicktime.QuickTimeReader.processAtoms(QuickTimeReader.java:69)
	at com.drew.imaging.quicktime.QuickTimeReader.processAtoms(QuickTimeReader.java:69)
	at com.drew.imaging.quicktime.QuickTimeReader.processAtoms(QuickTimeReader.java:69)
	at com.drew.imaging.quicktime.QuickTimeReader.processAtoms(QuickTimeReader.java:69)
	at com.drew.imaging.quicktime.QuickTimeReader.processAtoms(QuickTimeReader.java:69)
	at com.drew.imaging.quicktime.QuickTimeReader.processAtoms(QuickTimeReader.java:69)
	at com.drew.imaging.quicktime.QuickTimeReader.processAtoms(QuickTimeReader.java:69)
	at com.drew.imaging.quicktime.QuickTimeReader.processAtoms(QuickTimeReader.java:69)
	at com.drew.imaging.quicktime.QuickTimeReader.processAtoms(QuickTimeReader.java:69)
	at com.drew.imaging.quicktime.QuickTimeReader.processAtoms(QuickTimeReader.java:69)
	at com.drew.imaging.quicktime.QuickTimeReader.processAtoms(QuickTimeReader.java:69)
	at com.drew.imaging.quicktime.QuickTimeReader.processAtoms(QuickTimeReader.java:69)
	at com.drew.imaging.quicktime.QuickTimeReader.processAtoms(QuickTimeReader.java:69)
	at com.drew.imaging.quicktime.QuickTimeReader.processAtoms(QuickTimeReader.java:69)
	at com.drew.imaging.quicktime.QuickTimeReader.processAtoms(QuickTimeReader.java:69)
	at com.drew.imaging.quicktime.QuickTimeReader.processAtoms(QuickTimeReader.java:69)
	at com.drew.imaging.quicktime.QuickTimeReader.processAtoms(QuickTimeReader.java:69)
	at com.drew.imaging.quicktime.QuickTimeReader.processAtoms(QuickTimeReader.java:69)
	at com.drew.imaging.quicktime.QuickTimeReader.processAtoms(QuickTimeReader.java:69)
	at com.drew.imaging.quicktime.QuickTimeReader.processAtoms(QuickTimeReader.java:69)
	at com.drew.imaging.quicktime.QuickTimeReader.processAtoms(QuickTimeReader.java:69)
	at com.drew.imaging.quicktime.QuickTimeReader.processAtoms(QuickTimeReader.java:69)
	at com.drew.imaging.quicktime.QuickTimeReader.processAtoms(QuickTimeReader.java:69)
	at com.drew.imaging.quicktime.QuickTimeReader.processAtoms(QuickTimeReader.java:69)
	at com.drew.imaging.quicktime.QuickTimeReader.processAtoms(QuickTimeReader.java:69)
	at com.drew.imaging.quicktime.QuickTimeReader.processAtoms(QuickTimeReader.java:69)
	at com.drew.imaging.quicktime.QuickTimeReader.processAtoms(QuickTimeReader.java:69)
	at com.drew.imaging.quicktime.QuickTimeReader.processAtoms(QuickTimeReader.java:69)
	at com.drew.imaging.quicktime.QuickTimeReader.processAtoms(QuickTimeReader.java:69)
	at com.drew.imaging.quicktime.QuickTimeReader.processAtoms(QuickTimeReader.java:69)
	at com.drew.imaging.quicktime.QuickTimeReader.processAtoms(QuickTimeReader.java:69)
	at com.drew.imaging.quicktime.QuickTimeReader.processAtoms(QuickTimeReader.java:69)
	at com.drew.imaging.quicktime.QuickTimeReader.processAtoms(QuickTimeReader.java:69)
	at com.drew.imaging.quicktime.QuickTimeReader.processAtoms(QuickTimeReader.java:69)
	at com.drew.imaging.quicktime.QuickTimeReader.processAtoms(QuickTimeReader.java:69)
	at com.drew.imaging.quicktime.QuickTimeReader.processAtoms(QuickTimeReader.java:69)
	at com.drew.imaging.quicktime.QuickTimeReader.processAtoms(QuickTimeReader.java:69)
	at com.drew.imaging.quicktime.QuickTimeReader.processAtoms(QuickTimeReader.java:69)
	at com.drew.imaging.quicktime.QuickTimeReader.processAtoms(QuickTimeReader.java:69)
	at com.drew.imaging.quicktime.QuickTimeReader.processAtoms(QuickTimeReader.java:69)
	at com.drew.imaging.quicktime.QuickTimeReader.processAtoms(QuickTimeReader.java:69)
	at com.drew.imaging.quicktime.QuickTimeReader.processAtoms(QuickTimeReader.java:69)
	at com.drew.imaging.quicktime.QuickTimeReader.processAtoms(QuickTimeReader.java:69)
	at com.drew.imaging.quicktime.QuickTimeReader.processAtoms(QuickTimeReader.java:69)
	at com.drew.imaging.quicktime.QuickTimeReader.processAtoms(QuickTimeReader.java:69)
	at com.drew.imaging.quicktime.QuickTimeReader.processAtoms(QuickTimeReader.java:69)
	at com.drew.imaging.quicktime.QuickTimeReader.processAtoms(QuickTimeReader.java:69)
	at com.drew.imaging.quicktime.QuickTimeReader.processAtoms(QuickTimeReader.java:69)
	at com.drew.imaging.quicktime.QuickTimeReader.processAtoms(QuickTimeReader.java:69)
	at com.drew.imaging.quicktime.QuickTimeReader.processAtoms(QuickTimeReader.java:69)
	at com.drew.imaging.quicktime.QuickTimeReader.processAtoms(QuickTimeReader.java:69)
	at com.drew.imaging.quicktime.QuickTimeReader.processAtoms(QuickTimeReader.java:69)
	at com.drew.imaging.quicktime.QuickTimeReader.processAtoms(QuickTimeReader.java:69)
	at com.drew.imaging.quicktime.QuickTimeReader.processAtoms(QuickTimeReader.java:69)
	at com.drew.imaging.quicktime.QuickTimeReader.processAtoms(QuickTimeReader.java:69)
	at com.drew.imaging.quicktime.QuickTimeReader.processAtoms(QuickTimeReader.java:69)
	at com.drew.imaging.quicktime.QuickTimeReader.processAtoms(QuickTimeReader.java:69)
	at com.drew.imaging.quicktime.QuickTimeReader.processAtoms(QuickTimeReader.java:69)
	at com.drew.imaging.quicktime.QuickTimeReader.processAtoms(QuickTimeReader.java:69)
	at com.drew.imaging.quicktime.QuickTimeReader.processAtoms(QuickTimeReader.java:69)
	at com.drew.imaging.quicktime.QuickTimeReader.processAtoms(QuickTimeReader.java:69)
	at com.drew.imaging.quicktime.QuickTimeReader.processAtoms(QuickTimeReader.java:69)
	at com.drew.imaging.quicktime.QuickTimeReader.processAtoms(QuickTimeReader.java:69)
	at com.drew.imaging.quicktime.QuickTimeReader.processAtoms(QuickTimeReader.java:69)
	at com.drew.imaging.quicktime.QuickTimeReader.processAtoms(QuickTimeReader.java:69)
	at com.drew.imaging.quicktime.QuickTimeReader.processAtoms(QuickTimeReader.java:69)
	at com.drew.imaging.quicktime.QuickTimeReader.processAtoms(QuickTimeReader.java:69)
	at com.drew.imaging.quicktime.QuickTimeReader.processAtoms(QuickTimeReader.java:69)
	at com.drew.imaging.quicktime.QuickTimeReader.processAtoms(QuickTimeReader.java:69)
	at com.drew.imaging.quicktime.QuickTimeReader.processAtoms(QuickTimeReader.java:69)
	at com.drew.imaging.quicktime.QuickTimeReader.processAtoms(QuickTimeReader.java:69)
	at com.drew.imaging.quicktime.QuickTimeReader.processAtoms(QuickTimeReader.java:69)
	at com.drew.imaging.quicktime.QuickTimeReader.processAtoms(QuickTimeReader.java:69)
	at com.drew.imaging.quicktime.QuickTimeReader.processAtoms(QuickTimeReader.java:69)
	at com.drew.imaging.quicktime.QuickTimeReader.processAtoms(QuickTimeReader.java:69)
	at com.drew.imaging.quicktime.QuickTimeReader.processAtoms(QuickTimeReader.java:69)
	at com.drew.imaging.quicktime.QuickTimeReader.processAtoms(QuickTimeReader.java:69)
	at com.drew.imaging.quicktime.QuickTimeReader.processAtoms(QuickTimeReader.java:69)
	at com.drew.imaging.quicktime.QuickTimeReader.processAtoms(QuickTimeReader.java:69)
	at com.drew.imaging.quicktime.QuickTimeReader.processAtoms(QuickTimeReader.java:69)
	at com.drew.imaging.quicktime.QuickTimeReader.processAtoms(QuickTimeReader.java:69)
	at com.drew.imaging.quicktime.QuickTimeReader.processAtoms(QuickTimeReader.java:69)
	at com.drew.imaging.quicktime.QuickTimeReader.processAtoms(QuickTimeReader.java:69)
	at com.drew.imaging.quicktime.QuickTimeReader.processAtoms(QuickTimeReader.java:69)
	at com.drew.imaging.quicktime.QuickTimeReader.processAtoms(QuickTimeReader.java:69)
	at com.drew.imaging.quicktime.QuickTimeReader.processAtoms(QuickTimeReader.java:69)
	at com.drew.imaging.quicktime.QuickTimeReader.processAtoms(QuickTimeReader.java:69)
	at com.drew.imaging.quicktime.QuickTimeReader.processAtoms(QuickTimeReader.java:69)
	at com.drew.imaging.quicktime.QuickTimeReader.processAtoms(QuickTimeReader.java:69)
	at com.drew.imaging.quicktime.QuickTimeReader.processAtoms(QuickTimeReader.java:69)
	at com.drew.imaging.quicktime.QuickTimeReader.processAtoms(QuickTimeReader.java:69)
	at com.drew.imaging.quicktime.QuickTimeReader.processAtoms(QuickTimeReader.java:69)
	at com.drew.imaging.quicktime.QuickTimeReader.processAtoms(QuickTimeReader.java:69)
	at com.drew.imaging.quicktime.QuickTimeReader.processAtoms(QuickTimeReader.java:69)
	at com.drew.imaging.quicktime.QuickTimeReader.processAtoms(QuickTimeReader.java:69)
	at com.drew.imaging.quicktime.QuickTimeReader.processAtoms(QuickTimeReader.java:69)
	at com.drew.imaging.quicktime.QuickTimeReader.processAtoms(QuickTimeReader.java:69)
	at com.drew.imaging.quicktime.QuickTimeReader.processAtoms(QuickTimeReader.java:69)
	at com.drew.imaging.quicktime.QuickTimeReader.processAtoms(QuickTimeReader.java:69)
	at com.drew.imaging.quicktime.QuickTimeReader.processAtoms(QuickTimeReader.java:69)
	at com.drew.imaging.quicktime.QuickTimeReader.processAtoms(QuickTimeReader.java:69)
	at com.drew.imaging.quicktime.QuickTimeReader.processAtoms(QuickTimeReader.java:69)
	at com.drew.imaging.quicktime.QuickTimeReader.processAtoms(QuickTimeReader.java:69)
	at com.drew.imaging.quicktime.QuickTimeReader.processAtoms(QuickTimeReader.java:69)
	at com.drew.imaging.quicktime.QuickTimeReader.processAtoms(QuickTimeReader.java:69)
	at com.drew.imaging.quicktime.QuickTimeReader.processAtoms(QuickTimeReader.java:69)
	at com.drew.imaging.quicktime.QuickTimeReader.processAtoms(QuickTimeReader.java:69)
	at com.drew.imaging.quicktime.QuickTimeReader.processAtoms(QuickTimeReader.java:69)
	at com.drew.imaging.quicktime.QuickTimeReader.processAtoms(QuickTimeReader.java:69)
	at com.drew.imaging.quicktime.QuickTimeReader.processAtoms(QuickTimeReader.java:69)
	at com.drew.imaging.quicktime.QuickTimeReader.processAtoms(QuickTimeReader.java:69)
	at com.drew.imaging.quicktime.QuickTimeReader.processAtoms(QuickTimeReader.java:69)
	at com.drew.imaging.quicktime.QuickTimeReader.processAtoms(QuickTimeReader.java:69)
	at com.drew.imaging.quicktime.QuickTimeReader.processAtoms(QuickTimeReader.java:69)
	at com.drew.imaging.quicktime.QuickTimeReader.processAtoms(QuickTimeReader.java:69)
	at com.drew.imaging.quicktime.QuickTimeReader.processAtoms(QuickTimeReader.java:69)
	at com.drew.imaging.quicktime.QuickTimeReader.processAtoms(QuickTimeReader.java:69)
	at com.drew.imaging.quicktime.QuickTimeReader.processAtoms(QuickTimeReader.java:69)
	at com.drew.imaging.quicktime.QuickTimeReader.processAtoms(QuickTimeReader.java:69)
	at com.drew.imaging.quicktime.QuickTimeReader.processAtoms(QuickTimeReader.java:69)
	at com.drew.imaging.quicktime.QuickTimeReader.processAtoms(QuickTimeReader.java:69)
	at com.drew.imaging.quicktime.QuickTimeReader.processAtoms(QuickTimeReader.java:69)
	at com.drew.imaging.quicktime.QuickTimeReader.processAtoms(QuickTimeReader.java:69)
	at com.drew.imaging.quicktime.QuickTimeReader.processAtoms(QuickTimeReader.java:69)
	at com.drew.imaging.quicktime.QuickTimeReader.processAtoms(QuickTimeReader.java:69)
	at com.drew.imaging.quicktime.QuickTimeReader.processAtoms(QuickTimeReader.java:69)
	at com.drew.imaging.quicktime.QuickTimeReader.processAtoms(QuickTimeReader.java:69)
	at com.drew.imaging.quicktime.QuickTimeReader.processAtoms(QuickTimeReader.java:69)
	at com.drew.imaging.quicktime.QuickTimeReader.processAtoms(QuickTimeReader.java:69)
	at com.drew.imaging.quicktime.QuickTimeReader.processAtoms(QuickTimeReader.java:69)
	at com.drew.imaging.quicktime.QuickTimeReader.processAtoms(QuickTimeReader.java:69)
	at com.drew.imaging.quicktime.QuickTimeReader.processAtoms(QuickTimeReader.java:69)
	at com.drew.imaging.quicktime.QuickTimeReader.processAtoms(QuickTimeReader.java:69)
	at com.drew.imaging.quicktime.QuickTimeReader.processAtoms(QuickTimeReader.java:69)
	at com.drew.imaging.quicktime.QuickTimeReader.processAtoms(QuickTimeReader.java:69)
	at com.drew.imaging.quicktime.QuickTimeReader.processAtoms(QuickTimeReader.java:69)
	at com.drew.imaging.quicktime.QuickTimeReader.processAtoms(QuickTimeReader.java:69)
	at com.drew.imaging.quicktime.QuickTimeReader.processAtoms(QuickTimeReader.java:69)
	at com.drew.imaging.quicktime.QuickTimeReader.processAtoms(QuickTimeReader.java:69)
	at com.drew.imaging.quicktime.QuickTimeReader.processAtoms(QuickTimeReader.java:69)
	at com.drew.imaging.quicktime.QuickTimeReader.processAtoms(QuickTimeReader.java:69)
	at com.drew.imaging.quicktime.QuickTimeReader.processAtoms(QuickTimeReader.java:69)
	at com.drew.imaging.quicktime.QuickTimeReader.processAtoms(QuickTimeReader.java:69)
	at com.drew.imaging.quicktime.QuickTimeReader.processAtoms(QuickTimeReader.java:69)
	at com.drew.imaging.quicktime.QuickTimeReader.processAtoms(QuickTimeReader.java:69)
	at com.drew.imaging.quicktime.QuickTimeReader.processAtoms(QuickTimeReader.java:69)
	at com.drew.imaging.quicktime.QuickTimeReader.processAtoms(QuickTimeReader.java:69)
	at com.drew.imaging.quicktime.QuickTimeReader.processAtoms(QuickTimeReader.java:69)
	at com.drew.imaging.quicktime.QuickTimeReader.processAtoms(QuickTimeReader.java:69)
	at com.drew.imaging.quicktime.QuickTimeReader.processAtoms(QuickTimeReader.java:69)
	at com.drew.imaging.quicktime.QuickTimeReader.processAtoms(QuickTimeReader.java:69)
	at com.drew.imaging.quicktime.QuickTimeReader.processAtoms(QuickTimeReader.java:69)
	at com.drew.imaging.quicktime.QuickTimeReader.processAtoms(QuickTimeReader.java:69)
	at com.drew.imaging.quicktime.QuickTimeReader.processAtoms(QuickTimeReader.java:69)
	at com.drew.imaging.quicktime.QuickTimeReader.processAtoms(QuickTimeReader.java:69)
	at com.drew.imaging.quicktime.QuickTimeReader.processAtoms(QuickTimeReader.java:69)
	at com.drew.imaging.quicktime.QuickTimeReader.processAtoms(QuickTimeReader.java:69)
	at com.drew.imaging.quicktime.QuickTimeReader.processAtoms(QuickTimeReader.java:69)
	at com.drew.imaging.quicktime.QuickTimeReader.processAtoms(QuickTimeReader.java:69)
	at com.drew.imaging.quicktime.QuickTimeReader.processAtoms(QuickTimeReader.java:69)
	at com.drew.imaging.quicktime.QuickTimeReader.processAtoms(QuickTimeReader.java:69)
	at com.drew.imaging.quicktime.QuickTimeReader.processAtoms(QuickTimeReader.java:69)
	at com.drew.imaging.quicktime.QuickTimeReader.processAtoms(QuickTimeReader.java:69)
	at com.drew.imaging.quicktime.QuickTimeReader.processAtoms(QuickTimeReader.java:69)
	at com.drew.imaging.quicktime.QuickTimeReader.processAtoms(QuickTimeReader.java:69)
	at com.drew.imaging.quicktime.QuickTimeReader.processAtoms(QuickTimeReader.java:69)
	at com.drew.imaging.quicktime.QuickTimeReader.processAtoms(QuickTimeReader.java:69)
	at com.drew.imaging.quicktime.QuickTimeReader.processAtoms(QuickTimeReader.java:69)
	at com.drew.imaging.quicktime.QuickTimeReader.processAtoms(QuickTimeReader.java:69)
	at com.drew.imaging.quicktime.QuickTimeReader.processAtoms(QuickTimeReader.java:69)
	at com.drew.imaging.quicktime.QuickTimeReader.processAtoms(QuickTimeReader.java:69)
	at com.drew.imaging.quicktime.QuickTimeReader.processAtoms(QuickTimeReader.java:69)
	at com.drew.imaging.quicktime.QuickTimeReader.processAtoms(QuickTimeReader.java:69)
	at com.drew.imaging.quicktime.QuickTimeReader.processAtoms(QuickTimeReader.java:69)
	at com.drew.imaging.quicktime.QuickTimeReader.processAtoms(QuickTimeReader.java:69)
	at com.drew.imaging.quicktime.QuickTimeReader.processAtoms(QuickTimeReader.java:69)
	at com.drew.imaging.quicktime.QuickTimeReader.processAtoms(QuickTimeReader.java:69)
	at com.drew.imaging.quicktime.QuickTimeReader.processAtoms(QuickTimeReader.java:69)
	at com.drew.imaging.quicktime.QuickTimeReader.processAtoms(QuickTimeReader.java:69)
	at com.drew.imaging.quicktime.QuickTimeReader.processAtoms(QuickTimeReader.java:69)
	at com.drew.imaging.quicktime.QuickTimeReader.processAtoms(QuickTimeReader.java:69)
	at com.drew.imaging.quicktime.QuickTimeReader.processAtoms(QuickTimeReader.java:69)
	at com.drew.imaging.quicktime.QuickTimeReader.processAtoms(QuickTimeReader.java:69)
	at com.drew.imaging.quicktime.QuickTimeReader.processAtoms(QuickTimeReader.java:69)
	at com.drew.imaging.quicktime.QuickTimeReader.processAtoms(QuickTimeReader.java:69)
	at com.drew.imaging.quicktime.QuickTimeReader.processAtoms(QuickTimeReader.java:69)
	at com.drew.imaging.quicktime.QuickTimeReader.processAtoms(QuickTimeReader.java:69)
	at com.drew.imaging.quicktime.QuickTimeReader.processAtoms(QuickTimeReader.java:69)
	at com.drew.imaging.quicktime.QuickTimeReader.processAtoms(QuickTimeReader.java:69)
	at com.drew.imaging.quicktime.QuickTimeReader.processAtoms(QuickTimeReader.java:69)
	at com.drew.imaging.quicktime.QuickTimeReader.processAtoms(QuickTimeReader.java:69)
	at com.drew.imaging.quicktime.QuickTimeReader.processAtoms(QuickTimeReader.java:69)
	at com.drew.imaging.quicktime.QuickTimeReader.processAtoms(QuickTimeReader.java:69)
	at com.drew.imaging.quicktime.QuickTimeReader.processAtoms(QuickTimeReader.java:69)
	at com.drew.imaging.quicktime.QuickTimeReader.processAtoms(QuickTimeReader.java:69)
	at com.drew.imaging.quicktime.QuickTimeReader.processAtoms(QuickTimeReader.java:69)
	at com.drew.imaging.quicktime.QuickTimeReader.processAtoms(QuickTimeReader.java:69)
	at com.drew.imaging.quicktime.QuickTimeReader.processAtoms(QuickTimeReader.java:69)
	at com.drew.imaging.quicktime.QuickTimeReader.processAtoms(QuickTimeReader.java:69)
	at com.drew.imaging.quicktime.QuickTimeReader.processAtoms(QuickTimeReader.java:69)
	at com.drew.imaging.quicktime.QuickTimeReader.processAtoms(QuickTimeReader.java:69)
	at com.drew.imaging.quicktime.QuickTimeReader.processAtoms(QuickTimeReader.java:69)
	at com.drew.imaging.quicktime.QuickTimeReader.processAtoms(QuickTimeReader.java:69)
	at com.drew.imaging.quicktime.QuickTimeReader.processAtoms(QuickTimeReader.java:69)
	at com.drew.imaging.quicktime.QuickTimeReader.processAtoms(QuickTimeReader.java:69)
	at com.drew.imaging.quicktime.QuickTimeReader.processAtoms(QuickTimeReader.java:69)
	at com.drew.imaging.quicktime.QuickTimeReader.processAtoms(QuickTimeReader.java:69)
	at com.drew.imaging.quicktime.QuickTimeReader.processAtoms(QuickTimeReader.java:69)
	at com.drew.imaging.quicktime.QuickTimeReader.processAtoms(QuickTimeReader.java:69)
	at com.drew.imaging.quicktime.QuickTimeReader.processAtoms(QuickTimeReader.java:69)
	at com.drew.imaging.quicktime.QuickTimeReader.processAtoms(QuickTimeReader.java:69)
	at com.drew.imaging.quicktime.QuickTimeReader.processAtoms(QuickTimeReader.java:69)
	at com.drew.imaging.quicktime.QuickTimeReader.processAtoms(QuickTimeReader.java:69)
	at com.drew.imaging.quicktime.QuickTimeReader.processAtoms(QuickTimeReader.java:69)
	at com.drew.imaging.quicktime.QuickTimeReader.processAtoms(QuickTimeReader.java:69)
	at com.drew.imaging.quicktime.QuickTimeReader.processAtoms(QuickTimeReader.java:69)
	at com.drew.imaging.quicktime.QuickTimeReader.processAtoms(QuickTimeReader.java:69)
	at com.drew.imaging.quicktime.QuickTimeReader.processAtoms(QuickTimeReader.java:69)
	at com.drew.imaging.quicktime.QuickTimeReader.processAtoms(QuickTimeReader.java:69)
	at com.drew.imaging.quicktime.QuickTimeReader.processAtoms(QuickTimeReader.java:69)
	at com.drew.imaging.quicktime.QuickTimeReader.processAtoms(QuickTimeReader.java:69)
	at com.drew.imaging.quicktime.QuickTimeReader.processAtoms(QuickTimeReader.java:69)
	at com.drew.imaging.quicktime.QuickTimeReader.processAtoms(QuickTimeReader.java:69)
	at com.drew.imaging.quicktime.QuickTimeReader.processAtoms(QuickTimeReader.java:69)
	at com.drew.imaging.quicktime.QuickTimeReader.processAtoms(QuickTimeReader.java:69)
	at com.drew.imaging.quicktime.QuickTimeReader.processAtoms(QuickTimeReader.java:69)
	at com.drew.imaging.quicktime.QuickTimeReader.processAtoms(QuickTimeReader.java:69)
	at com.drew.imaging.quicktime.QuickTimeReader.processAtoms(QuickTimeReader.java:69)
	at com.drew.imaging.quicktime.QuickTimeReader.processAtoms(QuickTimeReader.java:69)
	at com.drew.imaging.quicktime.QuickTimeReader.processAtoms(QuickTimeReader.java:69)
	at com.drew.imaging.quicktime.QuickTimeReader.processAtoms(QuickTimeReader.java:69)
	at com.drew.imaging.quicktime.QuickTimeReader.processAtoms(QuickTimeReader.java:69)
	at com.drew.imaging.quicktime.QuickTimeReader.processAtoms(QuickTimeReader.java:69)
	at com.drew.imaging.quicktime.QuickTimeReader.processAtoms(QuickTimeReader.java:69)
	at com.drew.imaging.quicktime.QuickTimeReader.processAtoms(QuickTimeReader.java:69)
	at com.drew.imaging.quicktime.QuickTimeReader.processAtoms(QuickTimeReader.java:69)
	at com.drew.imaging.quicktime.QuickTimeReader.processAtoms(QuickTimeReader.java:69)
	at com.drew.imaging.quicktime.QuickTimeReader.processAtoms(QuickTimeReader.java:69)
	at com.drew.imaging.quicktime.QuickTimeReader.processAtoms(QuickTimeReader.java:69)
	at com.drew.imaging.quicktime.QuickTimeReader.processAtoms(QuickTimeReader.java:69)
	at com.drew.imaging.quicktime.QuickTimeReader.processAtoms(QuickTimeReader.java:69)
	at com.drew.imaging.quicktime.QuickTimeReader.processAtoms(QuickTimeReader.java:69)
	at com.drew.imaging.quicktime.QuickTimeReader.processAtoms(QuickTimeReader.java:69)
	at com.drew.imaging.quicktime.QuickTimeReader.processAtoms(QuickTimeReader.java:69)
	at com.drew.imaging.quicktime.QuickTimeReader.processAtoms(QuickTimeReader.java:69)
	at com.drew.imaging.quicktime.QuickTimeReader.processAtoms(QuickTimeReader.java:69)
	at com.drew.imaging.quicktime.QuickTimeReader.processAtoms(QuickTimeReader.java:69)
	at com.drew.imaging.quicktime.QuickTimeReader.processAtoms(QuickTimeReader.java:69)
	... 1 more
DEDUP_TOKEN: 78424e5c7a6e81d1
== libFuzzer crashing input ==
reproducer_path='.'; Java reproducer written to ./Crash_4d749e0681c6e8751317be4b5c5b26c86f2cba6f.java

INFO:__main__:Running: docker run --privileged --shm-size=2g --platform linux/amd64 --rm -i -e HELPER=True -e ARCHITECTURE=x86_64 -v /mnt/sdb/oss-fuzz/oss-fuzz/build/out/metadata-extractor:/out -v /mnt/sdb/oss-fuzz/oss-fuzz/build/out/metadata-extractor/testcase/testcase_42537813:/testcase -t gcr.io/oss-fuzz-base/base-runner reproduce ImageMetadataReaderFuzzer -runs=100.

==================================================
PoC Triggered: YES
