tittle:apache-poi:POIVisioFuzzer: Security exception in org.apache.poi.hdgf.streams.CompressedStreamStore.decompress
status:Verified
type:Vulnerability
commit_url:https://github.com/apache/poi/commit/f4ec85adb03fec1c58eba0a063924f4d5e7e7bd0
commit_url_new:https://github.com/apache/poi/commit/https://github.com/apache/poi/commit/f4ec85adb03fec1c58eba0a063924f4d5e7e7bd0
module:apache-poi
target:POIVisioFuzzer
have 1 changed files:['jump get_diff!']
==================================================
error running command: python infra/helper.py reproduce apache-poi POIVisioFuzzer build/out/apache-poi/testcase/testcase_42538179
+ FUZZER=POIVisioFuzzer
+ shift
+ '[' '!' -v TESTCASE ']'
+ TESTCASE=/testcase
+ '[' '!' -f /testcase ']'
+ export RUN_FUZZER_MODE=interactive
+ RUN_FUZZER_MODE=interactive
+ export FUZZING_ENGINE=libfuzzer
+ FUZZING_ENGINE=libfuzzer
+ export SKIP_SEED_CORPUS=1
+ SKIP_SEED_CORPUS=1
+ run_fuzzer POIVisioFuzzer -runs=100 /testcase
vm.mmap_rnd_bits = 28
/out/POIVisioFuzzer -rss_limit_mb=2560 -timeout=25 -runs=100 /testcase < /dev/null
OpenJDK 64-Bit Server VM warning: Option CriticalJNINatives was deprecated in version 16.0 and will likely be removed in a future release.
OpenJDK 64-Bit Server VM warning: Sharing is only supported for boot loader classes because bootstrap classpath has been appended
INFO: Loaded 453 hooks from com.code_intelligence.jazzer.runtime.TraceCmpHooks
INFO: Loaded 5 hooks from com.code_intelligence.jazzer.runtime.TraceDivHooks
INFO: Loaded 2 hooks from com.code_intelligence.jazzer.runtime.TraceIndirHooks
INFO: Loaded 4 hooks from com.code_intelligence.jazzer.runtime.NativeLibHooks
INFO: Loaded 2 hooks from com.code_intelligence.jazzer.sanitizers.ClojureLangHooks
INFO: Loaded 5 hooks from com.code_intelligence.jazzer.sanitizers.Deserialization
INFO: Loaded 5 hooks from com.code_intelligence.jazzer.sanitizers.ExpressionLanguageInjection
INFO: Loaded 70 hooks from com.code_intelligence.jazzer.sanitizers.LdapInjection
INFO: Loaded 46 hooks from com.code_intelligence.jazzer.sanitizers.NamingContextLookup
INFO: Loaded 1 hooks from com.code_intelligence.jazzer.sanitizers.OsCommandInjection
INFO: Loaded 48 hooks from com.code_intelligence.jazzer.sanitizers.ReflectiveCall
INFO: Loaded 8 hooks from com.code_intelligence.jazzer.sanitizers.RegexInjection
INFO: Loaded 16 hooks from com.code_intelligence.jazzer.sanitizers.RegexRoadblocks
INFO: Loaded 12 hooks from com.code_intelligence.jazzer.sanitizers.ScriptEngineInjection
INFO: Loaded 3 hooks from com.code_intelligence.jazzer.sanitizers.ServerSideRequestForgery
INFO: Loaded 19 hooks from com.code_intelligence.jazzer.sanitizers.SqlInjection
INFO: Loaded 6 hooks from com.code_intelligence.jazzer.sanitizers.XPathInjection
INFO: Instrumented org.apache.poi.POIVisioFuzzer (took 156 ms, size +9%)
INFO: Instrumented org.apache.poi.ooxml.POIXMLException (took 16 ms, size +14%)
INFO: Instrumented org.apache.poi.util.RecordFormatException (took 16 ms, size +28%)
INFO: Instrumented org.apache.poi.openxml4j.exceptions.OpenXML4JRuntimeException (took 10 ms, size +16%)
INFO: Instrumented org.apache.commons.io.output.NullOutputStream with custom hooks only (took 7 ms, size +0%)
INFO: Instrumented org.apache.poi.extractor.POITextExtractor (took 7 ms, size +30%)
INFO: Instrumented org.apache.poi.POIFuzzer (took 39 ms, size +10%)
INFO: Instrumented org.apache.poi.hslf.exceptions.HSLFException (took 13 ms, size +14%)
INFO: Instrumented org.apache.poi.hssf.record.RecordInputStream$LeftoverDataException (took 5 ms, size +7%)
INFO: Instrumented org.apache.poi.util.DocumentFormatException (took 4 ms, size +28%)
INFO: Instrumented org.apache.poi.hssf.record.RecordFactory (took 17 ms, size +9%)
INFO: Instrumented org.apache.poi.hssf.record.Record (took 9 ms, size +10%)
INFO: Instrumented org.apache.poi.common.Duplicatable (took 1 ms, size +0%)
INFO: Instrumented org.apache.poi.common.usermodel.GenericRecord (took 3 ms, size +14%)
INFO: Instrumented org.apache.poi.hssf.record.RecordBase (took 1 ms, size +26%)
INFO: Instrumented org.apache.poi.hssf.record.NumberRecord (took 27 ms, size +6%)
INFO: Instrumented org.apache.poi.hssf.record.CellRecord (took 29 ms, size +6%)
INFO: Instrumented org.apache.poi.hssf.record.CellValueRecordInterface (took 1 ms, size +0%)
INFO: Instrumented org.apache.poi.hssf.record.StandardRecord (took 8 ms, size +14%)
INFO: using inputs from: /testcase
INFO: found LLVMFuzzerCustomMutator (0x7f477ad6aa00). Disabling -len_control by default.
INFO: libFuzzer ignores flags that start with '--'
INFO: Running with entropic power schedule (0xFF, 100).
INFO: Seed: 3062274460
INFO: Loaded 1 modules   (512 inline 8-bit counters): 512 [0x558abec24470, 0x558abec24670), 
INFO: Loaded 1 PC tables (512 PCs): 512 [0x558abeb514e0,0x558abeb534e0), 
jazzer: Running 1 inputs 100 time(s) each.
Running: /testcase
INFO: Instrumented org.apache.poi.xdgf.usermodel.XmlVisioDocument (took 17 ms, size +9%)
INFO: Instrumented org.apache.poi.ooxml.POIXMLDocument (took 17 ms, size +8%)
INFO: New number of coverage counters: 1024
INFO: Instrumented org.apache.poi.ooxml.POIXMLDocumentPart (took 84 ms, size +15%)
INFO: Instrumented org.apache.poi.openxml4j.exceptions.PartAlreadyExistsException (took 6 ms, size +19%)
INFO: Instrumented org.apache.poi.openxml4j.exceptions.InvalidOperationException (took 4 ms, size +15%)
INFO: Instrumented org.apache.poi.openxml4j.exceptions.InvalidFormatException (took 2 ms, size +16%)
INFO: Instrumented org.apache.poi.openxml4j.exceptions.OpenXML4JException (took 6 ms, size +17%)
INFO: Instrumented org.apache.xmlbeans.XmlException (took 18 ms, size +12%)
INFO: Instrumented org.apache.poi.ooxml.POIXMLFactory (took 17 ms, size +19%)
INFO: Instrumented org.apache.poi.xdgf.usermodel.XDGFFactory (took 12 ms, size +18%)
INFO: Instrumented org.apache.logging.log4j.LogManager with custom hooks only (took 17 ms, size +0%)
INFO: Instrumented org.apache.logging.log4j.Logger with custom hooks only (took 6 ms, size +0%)
INFO: Instrumented org.apache.logging.log4j.spi.LoggerContextFactory with custom hooks only (took 2 ms, size +0%)
INFO: Instrumented org.apache.logging.log4j.message.MessageFactory with custom hooks only (took 0 ms, size +0%)
INFO: Instrumented org.apache.logging.log4j.status.StatusLogger with custom hooks only (took 23 ms, size +0%)
INFO: Instrumented org.apache.logging.log4j.spi.AbstractLogger with custom hooks only (took 176 ms, size +0%)
INFO: Instrumented org.apache.logging.log4j.spi.ExtendedLogger with custom hooks only (took 1 ms, size +0%)
INFO: Instrumented org.apache.logging.log4j.spi.LocationAwareLogger with custom hooks only (took 0 ms, size +0%)
INFO: Instrumented org.apache.logging.log4j.message.Message with custom hooks only (took 0 ms, size +0%)
INFO: Instrumented org.apache.logging.log4j.LoggingException with custom hooks only (took 1 ms, size +0%)
INFO: Instrumented org.apache.logging.log4j.message.MessageFactory2 with custom hooks only (took 0 ms, size +0%)
INFO: Instrumented org.apache.logging.log4j.LogBuilder with custom hooks only (took 6 ms, size +0%)
INFO: Instrumented org.apache.logging.log4j.status.StatusListener with custom hooks only (took 0 ms, size +0%)
INFO: Instrumented org.apache.logging.log4j.MarkerManager with custom hooks only (took 3 ms, size +0%)
INFO: Instrumented org.apache.logging.log4j.MarkerManager$Log4jMarker with custom hooks only (took 6 ms, size +0%)
INFO: Instrumented org.apache.logging.log4j.Marker with custom hooks only (took 0 ms, size +0%)
INFO: Instrumented org.apache.logging.log4j.util.StringBuilderFormattable with custom hooks only (took 0 ms, size +0%)
INFO: Instrumented org.apache.logging.log4j.message.ParameterizedMessageFactory with custom hooks only (took 3 ms, size +0%)
INFO: Instrumented org.apache.logging.log4j.message.AbstractMessageFactory with custom hooks only (took 3 ms, size +0%)
INFO: Instrumented org.apache.logging.log4j.message.DefaultFlowMessageFactory with custom hooks only (took 4 ms, size +0%)
INFO: Instrumented org.apache.logging.log4j.message.FlowMessageFactory with custom hooks only (took 0 ms, size +0%)
INFO: Instrumented org.apache.logging.log4j.internal.DefaultLogBuilder with custom hooks only (took 13 ms, size +0%)
INFO: Instrumented org.apache.logging.log4j.BridgeAware with custom hooks only (took 0 ms, size +0%)
INFO: Instrumented org.apache.logging.log4j.Level with custom hooks only (took 7 ms, size +0%)
INFO: Instrumented org.apache.logging.log4j.spi.StandardLevel with custom hooks only (took 2 ms, size +0%)
INFO: Instrumented org.apache.logging.log4j.util.Strings with custom hooks only (took 6 ms, size +0%)
INFO: Instrumented org.apache.logging.log4j.util.SystemPropertiesPropertySource with custom hooks only (took 2 ms, size +0%)
INFO: Instrumented org.apache.logging.log4j.util.PropertySource with custom hooks only (took 1 ms, size +0%)
INFO: Instrumented org.apache.logging.log4j.status.StatusLogger$InstanceHolder with custom hooks only (took 1 ms, size +0%)
INFO: Instrumented org.apache.logging.log4j.message.ParameterizedNoReferenceMessageFactory with custom hooks only (took 1 ms, size +0%)
INFO: Instrumented org.apache.logging.log4j.status.StatusLogger$Config with custom hooks only (took 3 ms, size +0%)
INFO: Instrumented org.apache.logging.log4j.status.StatusLogger$PropertiesUtilsDouble with custom hooks only (took 5 ms, size +7%)
INFO: Instrumented org.apache.logging.log4j.status.StatusConsoleListener with custom hooks only (took 5 ms, size +0%)
INFO: Instrumented org.apache.logging.log4j.util.LoaderUtil with custom hooks only (took 9 ms, size +2%)
INFO: Instrumented org.apache.logging.log4j.util.InternalException with custom hooks only (took 0 ms, size +0%)
INFO: Instrumented org.apache.logging.log4j.util.LazyBoolean with custom hooks only (took 1 ms, size +0%)
INFO: Instrumented org.apache.logging.log4j.util.LoaderUtil$ThreadContextClassLoaderGetter with custom hooks only (took 2 ms, size +0%)
INFO: Instrumented org.apache.logging.log4j.message.EntryMessage with custom hooks only (took 0 ms, size +0%)
INFO: Instrumented org.apache.logging.log4j.message.FlowMessage with custom hooks only (took 0 ms, size +0%)
INFO: Instrumented org.apache.logging.log4j.message.ExitMessage with custom hooks only (took 0 ms, size +0%)
INFO: Instrumented org.apache.logging.log4j.util.PropertiesUtil with custom hooks only (took 9 ms, size +0%)
INFO: Instrumented org.apache.logging.log4j.util.Lazy with custom hooks only (took 2 ms, size +0%)
INFO: Instrumented org.apache.logging.log4j.util.LazyUtil$SafeLazy with custom hooks only (took 1 ms, size +0%)
INFO: Instrumented org.apache.logging.log4j.util.PropertyFilePropertySource with custom hooks only (took 3 ms, size +0%)
INFO: Instrumented org.apache.logging.log4j.util.PropertiesPropertySource with custom hooks only (took 3 ms, size +0%)
INFO: Instrumented org.apache.logging.log4j.util.PropertiesUtil$Environment with custom hooks only (took 6 ms, size +0%)
INFO: Instrumented org.apache.logging.log4j.util.PropertySource$Comparator with custom hooks only (took 2 ms, size +0%)
INFO: Instrumented org.apache.logging.log4j.util.BiConsumer with custom hooks only (took 0 ms, size +0%)
INFO: Instrumented org.apache.logging.log4j.util.ServiceLoaderUtil with custom hooks only (took 2 ms, size +0%)
INFO: Instrumented org.apache.logging.log4j.util.ServiceLoaderUtil$ServiceLoaderSpliterator with custom hooks only (took 3 ms, size +0%)
INFO: Instrumented org.apache.logging.log4j.util.OsgiServiceLocator with custom hooks only (took 1 ms, size +5%)
INFO: Instrumented org.apache.logging.log4j.util.EnvironmentPropertySource with custom hooks only (took 2 ms, size +0%)
INFO: Instrumented org.apache.logging.log4j.util.PropertySource$Util with custom hooks only (took 1 ms, size +9%)
INFO: Instrumented org.apache.logging.log4j.util.LazyUtil with custom hooks only (took 1 ms, size +0%)
INFO: Instrumented org.apache.logging.log4j.util.LazyUtil$1 with custom hooks only (took 2 ms, size +0%)
INFO: Instrumented org.apache.logging.log4j.util.Cast with custom hooks only (took 0 ms, size +0%)
INFO: Instrumented org.apache.logging.log4j.util.ProviderUtil with custom hooks only (took 4 ms, size +0%)
INFO: Instrumented org.apache.logging.log4j.spi.Provider with custom hooks only (took 8 ms, size +4%)
INFO: Instrumented org.apache.logging.log4j.core.impl.Log4jProvider with custom hooks only (took 4 ms, size +0%)
INFO: Instrumented org.apache.logging.log4j.spi.ThreadContextMap with custom hooks only (took 0 ms, size +0%)
INFO: Instrumented org.apache.logging.log4j.core.impl.Log4jContextFactory with custom hooks only (took 11 ms, size +0%)
INFO: Instrumented org.apache.logging.log4j.core.util.ShutdownCallbackRegistry with custom hooks only (took 0 ms, size +0%)
INFO: Instrumented org.apache.logging.log4j.spi.LoggerContext with custom hooks only (took 1 ms, size +0%)
INFO: Instrumented org.apache.logging.log4j.core.config.Configuration with custom hooks only (took 2 ms, size +0%)
INFO: Instrumented org.apache.logging.log4j.core.filter.Filterable with custom hooks only (took 0 ms, size +0%)
INFO: Instrumented org.apache.logging.log4j.core.LifeCycle with custom hooks only (took 0 ms, size +0%)
INFO: Instrumented org.apache.logging.log4j.core.selector.ContextSelector with custom hooks only (took 1 ms, size +0%)
INFO: Instrumented org.apache.logging.log4j.core.util.Constants with custom hooks only (took 4 ms, size +0%)
INFO: Instrumented org.apache.logging.log4j.util.Constants with custom hooks only (took 1 ms, size +0%)
INFO: Instrumented org.apache.logging.log4j.core.util.Loader with custom hooks only (took 7 ms, size +8%)
INFO: Instrumented org.apache.logging.log4j.core.selector.ClassLoaderContextSelector with custom hooks only (took 10 ms, size +0%)
INFO: Instrumented org.apache.logging.log4j.spi.LoggerContextShutdownAware with custom hooks only (took 0 ms, size +0%)
INFO: Instrumented org.apache.logging.log4j.core.LoggerContext with custom hooks only (took 15 ms, size +0%)
INFO: Instrumented org.apache.logging.log4j.spi.Terminable with custom hooks only (took 1 ms, size +0%)
INFO: Instrumented org.apache.logging.log4j.core.config.ConfigurationListener with custom hooks only (took 0 ms, size +0%)
INFO: Instrumented org.apache.logging.log4j.spi.LoggerContextShutdownEnabled with custom hooks only (took 0 ms, size +0%)
INFO: Instrumented org.apache.logging.log4j.core.AbstractLifeCycle with custom hooks only (took 3 ms, size +0%)
INFO: Instrumented org.apache.logging.log4j.core.LifeCycle2 with custom hooks only (took 0 ms, size +0%)
INFO: Instrumented org.apache.logging.log4j.core.util.DefaultShutdownCallbackRegistry with custom hooks only (took 3 ms, size +0%)
INFO: Instrumented org.apache.logging.log4j.core.util.Cancellable with custom hooks only (took 0 ms, size +0%)
INFO: Instrumented org.apache.logging.log4j.core.LifeCycle$State with custom hooks only (took 1 ms, size +0%)
INFO: Instrumented org.apache.logging.log4j.internal.LogManagerStatus with custom hooks only (took 1 ms, size +0%)
INFO: Instrumented org.apache.logging.log4j.core.config.NullConfiguration with custom hooks only (took 0 ms, size +0%)
INFO: Instrumented org.apache.logging.log4j.core.config.AbstractConfiguration with custom hooks only (took 16 ms, size +0%)
INFO: Instrumented org.apache.logging.log4j.core.filter.AbstractFilterable with custom hooks only (took 2 ms, size +0%)
INFO: Instrumented org.apache.logging.log4j.core.Filter with custom hooks only (took 0 ms, size +0%)
INFO: Instrumented org.apache.logging.log4j.core.lookup.StrSubstitutor with custom hooks only (took 14 ms, size +0%)
INFO: Instrumented org.apache.logging.log4j.core.config.ConfigurationAware with custom hooks only (took 0 ms, size +0%)
INFO: Instrumented org.apache.logging.log4j.core.lookup.ConfigurationStrSubstitutor with custom hooks only (took 2 ms, size +0%)
INFO: Instrumented org.apache.logging.log4j.core.net.Advertiser with custom hooks only (took 0 ms, size +0%)
INFO: Instrumented org.apache.logging.log4j.core.lookup.StrLookup with custom hooks only (took 0 ms, size +0%)
INFO: Instrumented org.apache.logging.log4j.core.lookup.RuntimeStrSubstitutor with custom hooks only (took 1 ms, size +0%)
INFO: Instrumented org.apache.logging.log4j.core.util.NanoClock with custom hooks only (took 0 ms, size +0%)
INFO: Instrumented org.apache.logging.log4j.core.async.AsyncLoggerConfigDelegate with custom hooks only (took 0 ms, size +0%)
INFO: Instrumented org.apache.logging.log4j.core.Layout with custom hooks only (took 0 ms, size +0%)
INFO: Instrumented org.apache.logging.log4j.core.layout.Encoder with custom hooks only (took 0 ms, size +0%)
INFO: Instrumented org.apache.logging.log4j.core.Appender with custom hooks only (took 0 ms, size +0%)
INFO: Instrumented org.apache.logging.log4j.core.util.Watcher with custom hooks only (took 0 ms, size +0%)
INFO: Instrumented org.apache.logging.log4j.core.config.ConfigurationSource with custom hooks only (took 4 ms, size +0%)
INFO: Instrumented org.apache.logging.log4j.core.config.Property with custom hooks only (took 2 ms, size +0%)
INFO: Instrumented org.apache.logging.log4j.core.config.DefaultAdvertiser with custom hooks only (took 0 ms, size +0%)
INFO: Instrumented org.apache.logging.log4j.core.lookup.Interpolator with custom hooks only (took 4 ms, size +0%)
INFO: Instrumented org.apache.logging.log4j.core.config.LoggerContextAware with custom hooks only (took 0 ms, size +0%)
INFO: Instrumented org.apache.logging.log4j.core.lookup.AbstractConfigurationAwareLookup with custom hooks only (took 0 ms, size +0%)
INFO: Instrumented org.apache.logging.log4j.core.lookup.AbstractLookup with custom hooks only (took 0 ms, size +0%)
INFO: Instrumented org.apache.logging.log4j.core.lookup.LookupResult with custom hooks only (took 0 ms, size +0%)
INFO: Instrumented org.apache.logging.log4j.core.lookup.PropertiesLookup with custom hooks only (took 1 ms, size +0%)
INFO: Instrumented org.apache.logging.log4j.core.config.plugins.util.PluginManager with custom hooks only (took 3 ms, size +0%)
INFO: Instrumented org.apache.logging.log4j.core.config.plugins.util.PluginRegistry with custom hooks only (took 4 ms, size +2%)
INFO: Instrumented org.apache.logging.log4j.core.config.plugins.util.ResolverUtil$Test with custom hooks only (took 0 ms, size +0%)
INFO: Instrumented org.apache.logging.log4j.core.config.plugins.processor.PluginCache with custom hooks only (took 2 ms, size +0%)
INFO: Instrumented org.apache.logging.log4j.core.config.plugins.processor.PluginEntry with custom hooks only (took 2 ms, size +0%)
INFO: Instrumented org.apache.logging.log4j.core.config.json.JsonConfigurationFactory with custom hooks only (took 1 ms, size +0%)
INFO: Instrumented org.apache.logging.log4j.core.config.ConfigurationFactory with custom hooks only (took 8 ms, size +0%)
INFO: Instrumented org.apache.logging.log4j.core.config.builder.api.ConfigurationBuilderFactory with custom hooks only (took 0 ms, size +0%)
INFO: Instrumented org.apache.logging.log4j.core.config.plugins.util.PluginType with custom hooks only (took 3 ms, size +0%)
INFO: Instrumented org.apache.logging.log4j.core.config.properties.PropertiesConfigurationFactory with custom hooks only (took 1 ms, size +0%)
INFO: Instrumented org.apache.logging.log4j.core.config.xml.XmlConfigurationFactory with custom hooks only (took 1 ms, size +0%)
INFO: Instrumented org.apache.logging.log4j.core.config.yaml.YamlConfigurationFactory with custom hooks only (took 1 ms, size +0%)
INFO: Instrumented org.apache.logging.log4j.core.pattern.AbstractStyleNameConverter$Black with custom hooks only (took 2 ms, size +0%)
INFO: Instrumented org.apache.logging.log4j.core.pattern.AbstractStyleNameConverter with custom hooks only (took 1 ms, size +0%)
INFO: Instrumented org.apache.logging.log4j.core.pattern.LogEventPatternConverter with custom hooks only (took 2 ms, size +0%)
INFO: Instrumented org.apache.logging.log4j.core.pattern.AbstractPatternConverter with custom hooks only (took 0 ms, size +0%)
INFO: Instrumented org.apache.logging.log4j.core.pattern.PatternConverter with custom hooks only (took 0 ms, size +0%)
INFO: Instrumented org.apache.logging.log4j.core.pattern.AbstractStyleNameConverter$Blue with custom hooks only (took 0 ms, size +0%)
INFO: Instrumented org.apache.logging.log4j.core.pattern.ClassNamePatternConverter with custom hooks only (took 1 ms, size +0%)
INFO: Instrumented org.apache.logging.log4j.core.impl.LocationAware with custom hooks only (took 0 ms, size +0%)
INFO: Instrumented org.apache.logging.log4j.core.pattern.NamePatternConverter with custom hooks only (took 0 ms, size +0%)
INFO: Instrumented org.apache.logging.log4j.core.pattern.AbstractStyleNameConverter$Cyan with custom hooks only (took 0 ms, size +0%)
INFO: Instrumented org.apache.logging.log4j.core.pattern.DatePatternConverter with custom hooks only (took 3 ms, size +0%)
INFO: Instrumented org.apache.logging.log4j.core.pattern.ArrayPatternConverter with custom hooks only (took 0 ms, size +0%)
INFO: Instrumented org.apache.logging.log4j.core.pattern.EncodingPatternConverter with custom hooks only (took 1 ms, size +0%)
INFO: Instrumented org.apache.logging.log4j.core.pattern.EndOfBatchPatternConverter with custom hooks only (took 2 ms, size +0%)
INFO: Instrumented org.apache.logging.log4j.core.pattern.EqualsReplacementConverter with custom hooks only (took 1 ms, size +0%)
INFO: Instrumented org.apache.logging.log4j.core.pattern.EqualsBaseReplacementConverter with custom hooks only (took 3 ms, size +0%)
INFO: Instrumented org.apache.logging.log4j.core.pattern.EqualsIgnoreCaseReplacementConverter with custom hooks only (took 0 ms, size +0%)
INFO: Instrumented org.apache.logging.log4j.core.pattern.ExtendedThrowablePatternConverter with custom hooks only (took 1 ms, size +0%)
INFO: Instrumented org.apache.logging.log4j.core.pattern.ThrowablePatternConverter with custom hooks only (took 4 ms, size +0%)
INFO: Instrumented org.apache.logging.log4j.core.pattern.FileLocationPatternConverter with custom hooks only (took 1 ms, size +0%)
INFO: Instrumented org.apache.logging.log4j.core.pattern.FullLocationPatternConverter with custom hooks only (took 2 ms, size +0%)
INFO: Instrumented org.apache.logging.log4j.core.pattern.AbstractStyleNameConverter$Green with custom hooks only (took 0 ms, size +0%)
INFO: Instrumented org.apache.logging.log4j.core.pattern.HighlightConverter with custom hooks only (took 4 ms, size +0%)
INFO: Instrumented org.apache.logging.log4j.core.pattern.AnsiConverter with custom hooks only (took 0 ms, size +0%)
INFO: Instrumented org.apache.logging.log4j.core.pattern.LevelPatternConverter with custom hooks only (took 4 ms, size +0%)
INFO: Instrumented org.apache.logging.log4j.core.pattern.LineLocationPatternConverter with custom hooks only (took 1 ms, size +0%)
INFO: Instrumented org.apache.logging.log4j.core.pattern.LineSeparatorPatternConverter with custom hooks only (took 1 ms, size +0%)
INFO: Instrumented org.apache.logging.log4j.core.pattern.LoggerFqcnPatternConverter with custom hooks only (took 0 ms, size +0%)
INFO: Instrumented org.apache.logging.log4j.core.pattern.LoggerPatternConverter with custom hooks only (took 1 ms, size +0%)
INFO: Instrumented org.apache.logging.log4j.core.pattern.AbstractStyleNameConverter$Magenta with custom hooks only (took 0 ms, size +0%)
INFO: Instrumented org.apache.logging.log4j.core.pattern.MapPatternConverter with custom hooks only (took 3 ms, size +0%)
INFO: Instrumented org.apache.logging.log4j.core.pattern.MarkerSimpleNamePatternConverter with custom hooks only (took 2 ms, size +0%)
INFO: Instrumented org.apache.logging.log4j.core.pattern.MarkerPatternConverter with custom hooks only (took 0 ms, size +0%)
INFO: Instrumented org.apache.logging.log4j.core.pattern.MaxLengthConverter with custom hooks only (took 3 ms, size +0%)
INFO: Instrumented org.apache.logging.log4j.core.pattern.MdcPatternConverter with custom hooks only (took 2 ms, size +0%)
INFO: Instrumented org.apache.logging.log4j.core.pattern.MessagePatternConverter with custom hooks only (took 2 ms, size +0%)
INFO: Instrumented org.apache.logging.log4j.core.pattern.MethodLocationPatternConverter with custom hooks only (took 1 ms, size +0%)
INFO: Instrumented org.apache.logging.log4j.core.pattern.NanoTimePatternConverter with custom hooks only (took 0 ms, size +0%)
INFO: Instrumented org.apache.logging.log4j.core.pattern.NdcPatternConverter with custom hooks only (took 1 ms, size +0%)
INFO: Instrumented org.apache.logging.log4j.core.pattern.VariablesNotEmptyReplacementConverter with custom hooks only (took 3 ms, size +0%)
INFO: Instrumented org.apache.logging.log4j.core.pattern.ProcessIdPatternConverter with custom hooks only (took 1 ms, size +0%)
INFO: Instrumented org.apache.logging.log4j.core.pattern.AbstractStyleNameConverter$Red with custom hooks only (took 0 ms, size +0%)
INFO: Instrumented org.apache.logging.log4j.core.pattern.RelativeTimePatternConverter with custom hooks only (took 0 ms, size +0%)
INFO: Instrumented org.apache.logging.log4j.core.pattern.RepeatPatternConverter with custom hooks only (took 1 ms, size +0%)
INFO: Instrumented org.apache.logging.log4j.core.pattern.RegexReplacementConverter with custom hooks only (took 1 ms, size +6%)
INFO: Instrumented org.apache.logging.log4j.core.pattern.RootThrowablePatternConverter with custom hooks only (took 1 ms, size +0%)
INFO: Instrumented org.apache.logging.log4j.core.pattern.SequenceNumberPatternConverter with custom hooks only (took 2 ms, size +0%)
INFO: Instrumented org.apache.logging.log4j.core.pattern.StyleConverter with custom hooks only (took 2 ms, size +0%)
INFO: Instrumented org.apache.logging.log4j.core.pattern.ThreadIdPatternConverter with custom hooks only (took 0 ms, size +0%)
INFO: Instrumented org.apache.logging.log4j.core.pattern.ThreadNamePatternConverter with custom hooks only (took 0 ms, size +0%)
INFO: Instrumented org.apache.logging.log4j.core.pattern.ThreadPriorityPatternConverter with custom hooks only (took 0 ms, size +0%)
INFO: Instrumented org.apache.logging.log4j.core.pattern.UuidPatternConverter with custom hooks only (took 0 ms, size +0%)
INFO: Instrumented org.apache.logging.log4j.core.pattern.AbstractStyleNameConverter$White with custom hooks only (took 0 ms, size +0%)
INFO: Instrumented org.apache.logging.log4j.core.pattern.AbstractStyleNameConverter$Yellow with custom hooks only (took 0 ms, size +0%)
INFO: Instrumented org.apache.logging.log4j.core.config.AppenderRef with custom hooks only (took 1 ms, size +0%)
INFO: Instrumented org.apache.logging.log4j.core.config.AppendersPlugin with custom hooks only (took 0 ms, size +0%)
INFO: Instrumented org.apache.logging.log4j.core.appender.AppenderSet with custom hooks only (took 1 ms, size +0%)
INFO: Instrumented org.apache.logging.log4j.core.async.ArrayBlockingQueueFactory with custom hooks only (took 0 ms, size +0%)
INFO: Instrumented org.apache.logging.log4j.core.async.BlockingQueueFactory with custom hooks only (took 0 ms, size +0%)
INFO: Instrumented org.apache.logging.log4j.core.appender.AsyncAppender with custom hooks only (took 8 ms, size +0%)
INFO: Instrumented org.apache.logging.log4j.core.appender.AbstractAppender with custom hooks only (took 5 ms, size +0%)
INFO: Instrumented org.apache.logging.log4j.core.async.AsyncLoggerConfig with custom hooks only (took 3 ms, size +0%)
INFO: Instrumented org.apache.logging.log4j.core.config.LoggerConfig with custom hooks only (took 9 ms, size +0%)
INFO: Instrumented org.apache.logging.log4j.core.async.AsyncLoggerConfig$RootLogger with custom hooks only (took 1 ms, size +0%)
INFO: Instrumented org.apache.logging.log4j.core.async.AsyncWaitStrategyFactoryConfig with custom hooks only (took 1 ms, size +0%)
INFO: Instrumented org.apache.logging.log4j.core.filter.BurstFilter with custom hooks only (took 6 ms, size +0%)
INFO: Instrumented org.apache.logging.log4j.core.filter.AbstractFilter with custom hooks only (took 3 ms, size +0%)
INFO: Instrumented org.apache.logging.log4j.core.config.arbiters.ClassArbiter with custom hooks only (took 1 ms, size +0%)
INFO: Instrumented org.apache.logging.log4j.core.config.arbiters.Arbiter with custom hooks only (took 0 ms, size +0%)
INFO: Instrumented org.apache.logging.log4j.core.appender.db.jdbc.ColumnConfig with custom hooks only (took 2 ms, size +0%)
INFO: Instrumented org.apache.logging.log4j.core.appender.db.ColumnMapping with custom hooks only (took 2 ms, size +0%)
INFO: Instrumented org.apache.logging.log4j.core.appender.db.jdbc.FactoryMethodConnectionSource with custom hooks only (took 1 ms, size +0%)
INFO: Instrumented org.apache.logging.log4j.core.appender.db.jdbc.AbstractConnectionSource with custom hooks only (took 0 ms, size +0%)
INFO: Instrumented org.apache.logging.log4j.core.appender.db.jdbc.ConnectionSource with custom hooks only (took 0 ms, size +0%)
INFO: Instrumented org.apache.logging.log4j.core.appender.ConsoleAppender with custom hooks only (took 5 ms, size +0%)
INFO: Instrumented org.apache.logging.log4j.core.appender.AbstractOutputStreamAppender with custom hooks only (took 2 ms, size +0%)
INFO: Instrumented org.apache.logging.log4j.core.filter.ThreadContextMapFilter with custom hooks only (took 3 ms, size +0%)
INFO: Instrumented org.apache.logging.log4j.core.filter.MapFilter with custom hooks only (took 4 ms, size +0%)
INFO: Instrumented org.apache.logging.log4j.core.appender.CountingNoOpAppender with custom hooks only (took 1 ms, size +0%)
INFO: Instrumented org.apache.logging.log4j.core.appender.rolling.CronTriggeringPolicy with custom hooks only (took 2 ms, size +0%)
INFO: Instrumented org.apache.logging.log4j.core.appender.rolling.AbstractTriggeringPolicy with custom hooks only (took 0 ms, size +0%)
INFO: Instrumented org.apache.logging.log4j.core.appender.rolling.TriggeringPolicy with custom hooks only (took 0 ms, size +0%)
INFO: Instrumented org.apache.logging.log4j.core.layout.CsvLogEventLayout with custom hooks only (took 1 ms, size +0%)
INFO: Instrumented org.apache.logging.log4j.core.layout.AbstractCsvLayout with custom hooks only (took 1 ms, size +0%)
INFO: Instrumented org.apache.logging.log4j.core.layout.AbstractStringLayout with custom hooks only (took 3 ms, size +0%)
INFO: Instrumented org.apache.logging.log4j.core.StringLayout with custom hooks only (took 0 ms, size +0%)
INFO: Instrumented org.apache.logging.log4j.core.layout.AbstractLayout with custom hooks only (took 1 ms, size +0%)
INFO: Instrumented org.apache.logging.log4j.core.layout.CsvParameterLayout with custom hooks only (took 1 ms, size +0%)
INFO: Instrumented org.apache.logging.log4j.core.config.CustomLevelConfig with custom hooks only (took 1 ms, size +0%)
INFO: Instrumented org.apache.logging.log4j.core.config.CustomLevels with custom hooks only (took 0 ms, size +0%)
INFO: Instrumented org.apache.logging.log4j.core.appender.db.jdbc.DataSourceConnectionSource with custom hooks only (took 1 ms, size +0%)
INFO: Instrumented org.apache.logging.log4j.core.config.arbiters.DefaultArbiter with custom hooks only (took 0 ms, size +0%)
INFO: Instrumented org.apache.logging.log4j.core.appender.rolling.DefaultRolloverStrategy with custom hooks only (took 7 ms, size +0%)
INFO: Instrumented org.apache.logging.log4j.core.appender.rolling.AbstractRolloverStrategy with custom hooks only (took 3 ms, size +4%)
INFO: Instrumented org.apache.logging.log4j.core.appender.rolling.RolloverStrategy with custom hooks only (took 0 ms, size +0%)
INFO: Instrumented org.apache.logging.log4j.core.appender.rolling.action.DeleteAction with custom hooks only (took 3 ms, size +0%)
INFO: Instrumented org.apache.logging.log4j.core.appender.rolling.action.AbstractPathAction with custom hooks only (took 5 ms, size +0%)
INFO: Instrumented org.apache.logging.log4j.core.appender.rolling.action.AbstractAction with custom hooks only (took 3 ms, size +0%)
INFO: Instrumented org.apache.logging.log4j.core.appender.rolling.action.Action with custom hooks only (took 0 ms, size +0%)
INFO: Instrumented org.apache.logging.log4j.core.filter.DenyAllFilter with custom hooks only (took 3 ms, size +0%)
INFO: Instrumented org.apache.logging.log4j.core.appender.rolling.DirectWriteRolloverStrategy with custom hooks only (took 47 ms, size +0%)
INFO: Instrumented org.apache.logging.log4j.core.appender.rolling.DirectFileRolloverStrategy with custom hooks only (took 0 ms, size +0%)
INFO: Instrumented org.apache.logging.log4j.core.async.DisruptorBlockingQueueFactory with custom hooks only (took 1 ms, size +0%)
INFO: Instrumented org.apache.logging.log4j.core.appender.db.jdbc.DriverManagerConnectionSource with custom hooks only (took 0 ms, size +0%)
INFO: Instrumented org.apache.logging.log4j.core.appender.db.jdbc.AbstractDriverManagerConnectionSource with custom hooks only (took 3 ms, size +4%)
INFO: Instrumented org.apache.logging.log4j.core.filter.DynamicThresholdFilter with custom hooks only (took 4 ms, size +0%)
INFO: Instrumented org.apache.logging.log4j.core.config.arbiters.EnvironmentArbiter with custom hooks only (took 1 ms, size +0%)
INFO: Instrumented org.apache.logging.log4j.core.appender.FailoverAppender with custom hooks only (took 2 ms, size +0%)
INFO: Instrumented org.apache.logging.log4j.core.appender.FailoversPlugin with custom hooks only (took 0 ms, size +0%)
INFO: Instrumented org.apache.logging.log4j.core.appender.FileAppender with custom hooks only (took 1 ms, size +0%)
INFO: Instrumented org.apache.logging.log4j.core.filter.CompositeFilter with custom hooks only (took 6 ms, size +0%)
INFO: Instrumented org.apache.logging.log4j.core.layout.GelfLayout with custom hooks only (took 6 ms, size +0%)
INFO: Instrumented org.apache.logging.log4j.core.layout.HtmlLayout with custom hooks only (took 6 ms, size +2%)
INFO: Instrumented org.apache.logging.log4j.core.appender.HttpAppender with custom hooks only (took 1 ms, size +0%)
INFO: Instrumented org.apache.logging.log4j.core.appender.routing.IdlePurgePolicy with custom hooks only (took 2 ms, size +0%)
INFO: Instrumented org.apache.logging.log4j.core.appender.routing.PurgePolicy with custom hooks only (took 0 ms, size +0%)
INFO: Instrumented org.apache.logging.log4j.core.appender.rolling.action.IfAccumulatedFileCount with custom hooks only (took 2 ms, size +0%)
INFO: Instrumented org.apache.logging.log4j.core.appender.rolling.action.PathCondition with custom hooks only (took 0 ms, size +0%)
INFO: Instrumented org.apache.logging.log4j.core.appender.rolling.action.IfAccumulatedFileSize with custom hooks only (took 2 ms, size +0%)
INFO: Instrumented org.apache.logging.log4j.core.appender.rolling.action.IfAll with custom hooks only (took 1 ms, size +0%)
INFO: Instrumented org.apache.logging.log4j.core.appender.rolling.action.IfAny with custom hooks only (took 2 ms, size +0%)
INFO: Instrumented org.apache.logging.log4j.core.appender.rolling.action.IfFileName with custom hooks only (took 2 ms, size +0%)
INFO: Instrumented org.apache.logging.log4j.core.appender.rolling.action.IfLastModified with custom hooks only (took 2 ms, size +0%)
INFO: Instrumented org.apache.logging.log4j.core.appender.rolling.action.IfNot with custom hooks only (took 1 ms, size +0%)
INFO: Instrumented org.apache.logging.log4j.core.async.JCToolsBlockingQueueFactory with custom hooks only (took 0 ms, size +0%)
INFO: Instrumented org.apache.logging.log4j.core.appender.db.jdbc.JdbcAppender with custom hooks only (took 1 ms, size +0%)
INFO: Instrumented org.apache.logging.log4j.core.appender.db.AbstractDatabaseAppender with custom hooks only (took 2 ms, size +0%)
INFO: Instrumented org.apache.logging.log4j.core.appender.mom.jeromq.JeroMqAppender with custom hooks only (took 2 ms, size +0%)
INFO: Instrumented org.apache.logging.log4j.core.appender.mom.JmsAppender with custom hooks only (took 1 ms, size +0%)
INFO: Instrumented org.apache.logging.log4j.core.layout.JsonLayout with custom hooks only (took 2 ms, size +0%)
INFO: Instrumented org.apache.logging.log4j.core.layout.AbstractJacksonLayout with custom hooks only (took 2 ms, size +0%)
INFO: Instrumented org.apache.logging.log4j.core.appender.mom.kafka.KafkaAppender with custom hooks only (took 4 ms, size +0%)
INFO: Instrumented org.apache.logging.log4j.core.net.ssl.KeyStoreConfiguration with custom hooks only (took 2 ms, size +0%)
INFO: Instrumented org.apache.logging.log4j.core.net.ssl.AbstractKeyStoreConfiguration with custom hooks only (took 2 ms, size +0%)
INFO: Instrumented org.apache.logging.log4j.core.net.ssl.StoreConfiguration with custom hooks only (took 2 ms, size +0%)
INFO: Instrumented org.apache.logging.log4j.core.util.KeyValuePair with custom hooks only (took 1 ms, size +0%)
INFO: Instrumented org.apache.logging.log4j.core.filter.LevelMatchFilter with custom hooks only (took 4 ms, size +0%)
INFO: Instrumented org.apache.logging.log4j.core.layout.LevelPatternSelector with custom hooks only (took 3 ms, size +0%)
INFO: Instrumented org.apache.logging.log4j.core.layout.PatternSelector with custom hooks only (took 0 ms, size +0%)
INFO: Instrumented org.apache.logging.log4j.core.filter.LevelRangeFilter with custom hooks only (took 4 ms, size +0%)
INFO: Instrumented org.apache.logging.log4j.core.async.LinkedTransferQueueFactory with custom hooks only (took 0 ms, size +0%)
INFO: Instrumented org.apache.logging.log4j.core.layout.LoggerFields with custom hooks only (took 1 ms, size +0%)
INFO: Instrumented org.apache.logging.log4j.core.appender.rewrite.LoggerNameLevelRewritePolicy with custom hooks only (took 1 ms, size +0%)
INFO: Instrumented org.apache.logging.log4j.core.appender.rewrite.RewritePolicy with custom hooks only (took 0 ms, size +0%)
INFO: Instrumented org.apache.logging.log4j.core.config.LoggersPlugin with custom hooks only (took 0 ms, size +0%)
INFO: Instrumented org.apache.logging.log4j.core.appender.rewrite.MapRewritePolicy with custom hooks only (took 3 ms, size +0%)
INFO: Instrumented org.apache.logging.log4j.core.filter.MarkerFilter with custom hooks only (took 4 ms, size +0%)
INFO: Instrumented org.apache.logging.log4j.core.layout.MarkerPatternSelector with custom hooks only (took 3 ms, size +0%)
INFO: Instrumented org.apache.logging.log4j.core.appender.MemoryMappedFileAppender with custom hooks only (took 2 ms, size +0%)
INFO: Instrumented org.apache.logging.log4j.core.layout.MessageLayout with custom hooks only (took 3 ms, size +0%)
INFO: Instrumented org.apache.logging.log4j.core.net.MulticastDnsAdvertiser with custom hooks only (took 4 ms, size +0%)
INFO: Instrumented org.apache.logging.log4j.core.filter.MutableThreadContextMapFilter with custom hooks only (took 6 ms, size +0%)
INFO: Instrumented org.apache.logging.log4j.core.filter.NoMarkerFilter with custom hooks only (took 2 ms, size +0%)
INFO: Instrumented org.apache.logging.log4j.core.appender.rolling.NoOpTriggeringPolicy with custom hooks only (took 1 ms, size +0%)
INFO: Instrumented org.apache.logging.log4j.core.appender.nosql.NoSqlAppender with custom hooks only (took 1 ms, size +0%)
INFO: Instrumented org.apache.logging.log4j.core.appender.NullAppender with custom hooks only (took 0 ms, size +0%)
INFO: Instrumented org.apache.logging.log4j.core.appender.rolling.OnStartupTriggeringPolicy with custom hooks only (took 1 ms, size +0%)
INFO: Instrumented org.apache.logging.log4j.core.appender.OutputStreamAppender with custom hooks only (took 1 ms, size +0%)
INFO: Instrumented org.apache.logging.log4j.core.layout.PatternLayout with custom hooks only (took 4 ms, size +0%)
INFO: Instrumented org.apache.logging.log4j.core.layout.PatternMatch with custom hooks only (took 1 ms, size +0%)
INFO: Instrumented org.apache.logging.log4j.core.appender.rolling.CompositeTriggeringPolicy with custom hooks only (took 4 ms, size +0%)
INFO: Instrumented org.apache.logging.log4j.core.appender.rolling.action.PosixViewAttributeAction with custom hooks only (took 3 ms, size +0%)
INFO: Instrumented org.apache.logging.log4j.core.config.PropertiesPlugin with custom hooks only (took 3 ms, size +0%)
INFO: Instrumented org.apache.logging.log4j.core.appender.rewrite.PropertiesRewritePolicy with custom hooks only (took 3 ms, size +0%)
INFO: Instrumented org.apache.logging.log4j.core.appender.RandomAccessFileAppender with custom hooks only (took 4 ms, size +0%)
INFO: Instrumented org.apache.logging.log4j.core.filter.RegexFilter with custom hooks only (took 9 ms, size +4%)
INFO: Instrumented org.apache.logging.log4j.core.pattern.RegexReplacement with custom hooks only (took 1 ms, size +0%)
INFO: Instrumented org.apache.logging.log4j.core.appender.rewrite.RewriteAppender with custom hooks only (took 2 ms, size +0%)
INFO: Instrumented org.apache.logging.log4j.core.layout.Rfc5424Layout with custom hooks only (took 25 ms, size +1%)
INFO: Instrumented org.apache.logging.log4j.core.appender.RollingFileAppender with custom hooks only (took 6 ms, size +0%)
INFO: Instrumented org.apache.logging.log4j.core.appender.RollingRandomAccessFileAppender with custom hooks only (took 5 ms, size +0%)
INFO: Instrumented org.apache.logging.log4j.core.config.LoggerConfig$RootLogger with custom hooks only (took 2 ms, size +0%)
INFO: Instrumented org.apache.logging.log4j.core.appender.routing.Route with custom hooks only (took 2 ms, size +0%)
INFO: Instrumented org.apache.logging.log4j.core.appender.routing.Routes with custom hooks only (took 5 ms, size +0%)
INFO: Instrumented org.apache.logging.log4j.core.appender.routing.RoutingAppender with custom hooks only (took 13 ms, size +0%)
INFO: Instrumented org.apache.logging.log4j.core.script.Script with custom hooks only (took 2 ms, size +0%)
INFO: Instrumented org.apache.logging.log4j.core.script.AbstractScript with custom hooks only (took 3 ms, size +0%)
INFO: Instrumented org.apache.logging.log4j.core.appender.ScriptAppenderSelector with custom hooks only (took 4 ms, size +0%)
INFO: Instrumented org.apache.logging.log4j.core.config.arbiters.ScriptArbiter with custom hooks only (took 1 ms, size +0%)
INFO: Instrumented org.apache.logging.log4j.core.appender.rolling.action.ScriptCondition with custom hooks only (took 1 ms, size +0%)
INFO: Instrumented org.apache.logging.log4j.core.script.ScriptFile with custom hooks only (took 2 ms, size +0%)
INFO: Instrumented org.apache.logging.log4j.core.filter.ScriptFilter with custom hooks only (took 6 ms, size +0%)
INFO: Instrumented org.apache.logging.log4j.core.layout.ScriptPatternSelector with custom hooks only (took 7 ms, size +0%)
INFO: Instrumented org.apache.logging.log4j.core.script.ScriptRef with custom hooks only (took 4 ms, size +0%)
INFO: Instrumented org.apache.logging.log4j.core.config.ScriptsPlugin with custom hooks only (took 0 ms, size +0%)
INFO: Instrumented org.apache.logging.log4j.core.config.arbiters.SelectArbiter with custom hooks only (took 5 ms, size +0%)
INFO: Instrumented org.apache.logging.log4j.core.layout.SerializedLayout with custom hooks only (took 6 ms, size +0%)
INFO: Instrumented org.apache.logging.log4j.core.appender.rolling.SizeBasedTriggeringPolicy with custom hooks only (took 4 ms, size +0%)
INFO: Instrumented org.apache.logging.log4j.core.appender.SmtpAppender with custom hooks only (took 4 ms, size +0%)
INFO: Instrumented org.apache.logging.log4j.core.appender.SocketAppender with custom hooks only (took 7 ms, size +0%)
INFO: Instrumented org.apache.logging.log4j.core.net.SocketAddress with custom hooks only (took 4 ms, size +0%)
INFO: Instrumented org.apache.logging.log4j.core.net.SocketOptions with custom hooks only (took 11 ms, size +0%)
INFO: Instrumented org.apache.logging.log4j.core.util.Builder with custom hooks only (took 0 ms, size +0%)
INFO: Instrumented org.apache.logging.log4j.core.net.SocketPerformancePreferences with custom hooks only (took 5 ms, size +0%)
INFO: Instrumented org.apache.logging.log4j.core.appender.rolling.action.PathSortByModificationTime with custom hooks only (took 1 ms, size +0%)
INFO: Instrumented org.apache.logging.log4j.core.appender.rolling.action.PathSorter with custom hooks only (took 0 ms, size +0%)
INFO: Instrumented org.apache.logging.log4j.core.net.ssl.SslConfiguration with custom hooks only (took 11 ms, size +0%)
INFO: Instrumented org.apache.logging.log4j.core.filter.StringMatchFilter with custom hooks only (took 10 ms, size +0%)
INFO: Instrumented org.apache.logging.log4j.core.filter.StructuredDataFilter with custom hooks only (took 7 ms, size +0%)
INFO: Instrumented org.apache.logging.log4j.core.appender.SyslogAppender with custom hooks only (took 3 ms, size +0%)
INFO: Instrumented org.apache.logging.log4j.core.layout.SyslogLayout with custom hooks only (took 4 ms, size +4%)
INFO: Instrumented org.apache.logging.log4j.core.config.arbiters.SystemPropertyArbiter with custom hooks only (took 1 ms, size +0%)
INFO: Instrumented org.apache.logging.log4j.core.filter.ThresholdFilter with custom hooks only (took 10 ms, size +0%)
INFO: Instrumented org.apache.logging.log4j.core.appender.rolling.TimeBasedTriggeringPolicy with custom hooks only (took 4 ms, size +0%)
INFO: Instrumented org.apache.logging.log4j.core.filter.TimeFilter with custom hooks only (took 10 ms, size +0%)
INFO: Instrumented org.apache.logging.log4j.core.net.ssl.TrustStoreConfiguration with custom hooks only (took 5 ms, size +0%)
INFO: Instrumented org.apache.logging.log4j.core.appender.WriterAppender with custom hooks only (took 5 ms, size +0%)
INFO: Instrumented org.apache.logging.log4j.core.appender.AbstractWriterAppender with custom hooks only (took 2 ms, size +0%)
INFO: Instrumented org.apache.logging.log4j.core.layout.XmlLayout with custom hooks only (took 6 ms, size +0%)
INFO: Instrumented org.apache.logging.log4j.core.layout.YamlLayout with custom hooks only (took 5 ms, size +0%)
INFO: Instrumented org.apache.logging.log4j.core.pattern.FileDatePatternConverter with custom hooks only (took 0 ms, size +0%)
INFO: Instrumented org.apache.logging.log4j.core.pattern.IntegerPatternConverter with custom hooks only (took 4 ms, size +0%)
INFO: Instrumented org.apache.logging.log4j.core.lookup.ResourceBundleLookup with custom hooks only (took 1 ms, size +0%)
INFO: Instrumented org.apache.logging.log4j.core.lookup.ContextMapLookup with custom hooks only (took 2 ms, size +0%)
INFO: Instrumented org.apache.logging.log4j.core.lookup.DateLookup with custom hooks only (took 3 ms, size +0%)
INFO: Instrumented org.apache.logging.log4j.core.lookup.EnvironmentLookup with custom hooks only (took 0 ms, size +0%)
INFO: Instrumented org.apache.logging.log4j.core.lookup.EventLookup with custom hooks only (took 1 ms, size +0%)
INFO: Instrumented org.apache.logging.log4j.core.lookup.JavaLookup with custom hooks only (took 7 ms, size +0%)
INFO: Instrumented org.apache.logging.log4j.core.lookup.JndiLookup with custom hooks only (took 4 ms, size +0%)
INFO: Instrumented org.apache.logging.log4j.core.lookup.JmxRuntimeInputArgumentsLookup with custom hooks only (took 6 ms, size +0%)
INFO: Instrumented org.apache.logging.log4j.core.lookup.MapLookup with custom hooks only (took 6 ms, size +0%)
INFO: Instrumented org.apache.logging.log4j.core.lookup.Log4jLookup with custom hooks only (took 4 ms, size +0%)
INFO: Instrumented org.apache.logging.log4j.core.lookup.LowerLookup with custom hooks only (took 0 ms, size +0%)
INFO: Instrumented org.apache.logging.log4j.core.lookup.MainMapLookup with custom hooks only (took 4 ms, size +0%)
INFO: Instrumented org.apache.logging.log4j.core.lookup.MarkerLookup with custom hooks only (took 0 ms, size +0%)
INFO: Instrumented org.apache.logging.log4j.core.lookup.StructuredDataLookup with custom hooks only (took 0 ms, size +0%)
INFO: Instrumented org.apache.logging.log4j.core.lookup.SystemPropertiesLookup with custom hooks only (took 3 ms, size +0%)
INFO: Instrumented org.apache.logging.log4j.core.lookup.UpperLookup with custom hooks only (took 0 ms, size +0%)
INFO: Instrumented org.apache.logging.log4j.core.config.plugins.convert.TypeConverters$BigDecimalConverter with custom hooks only (took 2 ms, size +0%)
INFO: Instrumented org.apache.logging.log4j.core.config.plugins.convert.TypeConverter with custom hooks only (took 0 ms, size +0%)
INFO: Instrumented org.apache.logging.log4j.core.config.plugins.convert.TypeConverters$BigIntegerConverter with custom hooks only (took 2 ms, size +0%)
INFO: Instrumented org.apache.logging.log4j.core.config.plugins.convert.TypeConverters$BooleanConverter with custom hooks only (took 0 ms, size +0%)
INFO: Instrumented org.apache.logging.log4j.core.config.plugins.convert.TypeConverters$ByteConverter with custom hooks only (took 0 ms, size +0%)
INFO: Instrumented org.apache.logging.log4j.core.config.plugins.convert.TypeConverters$ByteArrayConverter with custom hooks only (took 0 ms, size +0%)
INFO: Instrumented org.apache.logging.log4j.core.config.plugins.convert.TypeConverters$CharacterConverter with custom hooks only (took 0 ms, size +0%)
INFO: Instrumented org.apache.logging.log4j.core.config.plugins.convert.TypeConverters$CharArrayConverter with custom hooks only (took 0 ms, size +0%)
INFO: Instrumented org.apache.logging.log4j.core.config.plugins.convert.TypeConverters$CharsetConverter with custom hooks only (took 2 ms, size +0%)
INFO: Instrumented org.apache.logging.log4j.core.config.plugins.convert.TypeConverters$ClassConverter with custom hooks only (took 1 ms, size +0%)
INFO: Instrumented org.apache.logging.log4j.core.config.plugins.convert.TypeConverters$CronExpressionConverter with custom hooks only (took 0 ms, size +0%)
INFO: Instrumented org.apache.logging.log4j.core.config.plugins.convert.TypeConverters$DoubleConverter with custom hooks only (took 0 ms, size +0%)
INFO: Instrumented org.apache.logging.log4j.core.config.plugins.convert.TypeConverters$DurationConverter with custom hooks only (took 0 ms, size +0%)
INFO: Instrumented org.apache.logging.log4j.core.config.plugins.convert.TypeConverters$FileConverter with custom hooks only (took 0 ms, size +0%)
INFO: Instrumented org.apache.logging.log4j.core.config.plugins.convert.TypeConverters$FloatConverter with custom hooks only (took 0 ms, size +0%)
INFO: Instrumented org.apache.logging.log4j.core.config.plugins.convert.TypeConverters$InetAddressConverter with custom hooks only (took 0 ms, size +0%)
INFO: Instrumented org.apache.logging.log4j.core.config.plugins.convert.TypeConverters$IntegerConverter with custom hooks only (took 0 ms, size +0%)
INFO: Instrumented org.apache.logging.log4j.core.config.plugins.convert.TypeConverters$LevelConverter with custom hooks only (took 0 ms, size +0%)
INFO: Instrumented org.apache.logging.log4j.core.config.plugins.convert.TypeConverters$LongConverter with custom hooks only (took 0 ms, size +0%)
INFO: Instrumented org.apache.logging.log4j.core.config.plugins.convert.TypeConverters$PathConverter with custom hooks only (took 0 ms, size +0%)
INFO: Instrumented org.apache.logging.log4j.core.config.plugins.convert.TypeConverters$PatternConverter with custom hooks only (took 0 ms, size +16%)
INFO: Instrumented org.apache.logging.log4j.core.config.plugins.convert.TypeConverters$SecurityProviderConverter with custom hooks only (took 0 ms, size +0%)
INFO: Instrumented org.apache.logging.log4j.core.config.plugins.convert.TypeConverters$ShortConverter with custom hooks only (took 0 ms, size +0%)
INFO: Instrumented org.apache.logging.log4j.core.config.plugins.convert.TypeConverters$StringConverter with custom hooks only (took 0 ms, size +0%)
INFO: Instrumented org.apache.logging.log4j.core.config.plugins.convert.TypeConverters$UriConverter with custom hooks only (took 1 ms, size +0%)
INFO: Instrumented org.apache.logging.log4j.core.config.plugins.convert.TypeConverters$UrlConverter with custom hooks only (took 0 ms, size +0%)
INFO: Instrumented org.apache.logging.log4j.core.config.plugins.convert.TypeConverters$UuidConverter with custom hooks only (took 0 ms, size +0%)
INFO: Instrumented org.apache.logging.log4j.core.config.HttpWatcher with custom hooks only (took 2 ms, size +0%)
INFO: Instrumented org.apache.logging.log4j.core.util.AbstractWatcher with custom hooks only (took 1 ms, size +0%)
INFO: Instrumented org.apache.logging.log4j.util.Supplier with custom hooks only (took 0 ms, size +0%)
INFO: Instrumented org.apache.logging.log4j.core.util.ReflectionUtil with custom hooks only (took 4 ms, size +0%)
INFO: Instrumented org.apache.logging.log4j.core.impl.ContextDataInjectorFactory with custom hooks only (took 1 ms, size +0%)
INFO: Instrumented org.apache.logging.log4j.core.ContextDataInjector with custom hooks only (took 0 ms, size +0%)
INFO: Instrumented org.apache.logging.log4j.ThreadContext with custom hooks only (took 4 ms, size +0%)
INFO: Instrumented org.apache.logging.log4j.spi.ThreadContextStack with custom hooks only (took 0 ms, size +0%)
INFO: Instrumented org.apache.logging.log4j.ThreadContext$ContextStack with custom hooks only (took 0 ms, size +0%)
INFO: Instrumented org.apache.logging.log4j.ThreadContext$EmptyThreadContextStack with custom hooks only (took 3 ms, size +0%)
INFO: Instrumented org.apache.logging.log4j.ThreadContext$EmptyIterator with custom hooks only (took 0 ms, size +0%)
INFO: Instrumented org.apache.logging.log4j.spi.ThreadContextMapFactory with custom hooks only (took 1 ms, size +0%)
INFO: Instrumented org.apache.logging.log4j.spi.CopyOnWriteSortedArrayThreadContextMap with custom hooks only (took 4 ms, size +0%)
INFO: Instrumented org.apache.logging.log4j.spi.ReadOnlyThreadContextMap with custom hooks only (took 0 ms, size +0%)
INFO: Instrumented org.apache.logging.log4j.spi.ObjectThreadContextMap with custom hooks only (took 0 ms, size +0%)
INFO: Instrumented org.apache.logging.log4j.spi.CleanableThreadContextMap with custom hooks only (took 0 ms, size +0%)
INFO: Instrumented org.apache.logging.log4j.spi.ThreadContextMap2 with custom hooks only (took 0 ms, size +0%)
INFO: Instrumented org.apache.logging.log4j.spi.CopyOnWrite with custom hooks only (took 0 ms, size +0%)
INFO: Instrumented org.apache.logging.log4j.util.StringMap with custom hooks only (took 0 ms, size +0%)
INFO: Instrumented org.apache.logging.log4j.util.ReadOnlyStringMap with custom hooks only (took 0 ms, size +0%)
INFO: Instrumented org.apache.logging.log4j.spi.CopyOnWriteSortedArrayThreadContextMap$1 with custom hooks only (took 0 ms, size +0%)
INFO: Instrumented org.apache.logging.log4j.util.SortedArrayStringMap with custom hooks only (took 7 ms, size +2%)
INFO: Instrumented org.apache.logging.log4j.util.IndexedStringMap with custom hooks only (took 0 ms, size +0%)
INFO: Instrumented org.apache.logging.log4j.util.IndexedReadOnlyStringMap with custom hooks only (took 0 ms, size +0%)
INFO: Instrumented org.apache.logging.log4j.util.TriConsumer with custom hooks only (took 0 ms, size +0%)
INFO: Instrumented org.apache.logging.log4j.spi.GarbageFreeSortedArrayThreadContextMap with custom hooks only (took 4 ms, size +0%)
INFO: Instrumented org.apache.logging.log4j.spi.GarbageFreeSortedArrayThreadContextMap$1 with custom hooks only (took 0 ms, size +0%)
INFO: Instrumented org.apache.logging.log4j.spi.DefaultThreadContextMap with custom hooks only (took 4 ms, size +0%)
INFO: Instrumented org.apache.logging.log4j.spi.DefaultThreadContextMap$1 with custom hooks only (took 0 ms, size +0%)
INFO: Instrumented org.apache.logging.log4j.spi.DefaultThreadContextStack with custom hooks only (took 5 ms, size +0%)
INFO: Instrumented org.apache.logging.log4j.core.impl.ThreadContextDataInjector$ForCopyOnWriteThreadContextMap with custom hooks only (took 0 ms, size +0%)
INFO: Instrumented org.apache.logging.log4j.core.impl.ThreadContextDataInjector$AbstractContextDataInjector with custom hooks only (took 0 ms, size +0%)
INFO: Instrumented org.apache.logging.log4j.core.impl.ThreadContextDataInjector with custom hooks only (took 1 ms, size +0%)
INFO: Instrumented org.apache.logging.log4j.core.util.ContextDataProvider with custom hooks only (took 0 ms, size +0%)
INFO: Instrumented org.apache.logging.log4j.core.util.Throwables with custom hooks only (took 1 ms, size +0%)
INFO: Instrumented org.apache.logging.log4j.message.ParameterizedMessage with custom hooks only (took 4 ms, size +0%)
INFO: Instrumented org.apache.logging.log4j.message.ParameterizedMessage$FormatBufferHolder with custom hooks only (took 0 ms, size +0%)
INFO: Instrumented org.apache.logging.log4j.message.ParameterFormatter with custom hooks only (took 5 ms, size +0%)
INFO: Instrumented org.apache.logging.log4j.message.ParameterFormatter$MessagePatternAnalysis with custom hooks only (took 0 ms, size +0%)
INFO: Instrumented org.apache.logging.log4j.message.ParameterizedNoReferenceMessageFactory$StatusMessage with custom hooks only (took 1 ms, size +0%)
INFO: Instrumented org.apache.logging.log4j.util.StringBuilders with custom hooks only (took 4 ms, size +3%)
INFO: Instrumented org.apache.logging.log4j.status.StatusData with custom hooks only (took 2 ms, size +0%)
2025-04-27T03:11:31.743771278Z main ERROR Unable to create Lookup for ctx java.lang.NoSuchMethodError: 'java.util.stream.Stream org.apache.logging.log4j.util.ServiceLoaderUtil.safeStream(java.lang.Class, java.util.ServiceLoader, org.apache.logging.log4j.Logger)'
	at org.apache.logging.log4j.core.impl.ThreadContextDataInjector.getServiceProviders(ThreadContextDataInjector.java:82)
	at org.apache.logging.log4j.core.impl.ThreadContextDataInjector.<clinit>(ThreadContextDataInjector.java:69)
	at org.apache.logging.log4j.core.impl.ThreadContextDataInjector$AbstractContextDataInjector.<init>(ThreadContextDataInjector.java:95)
	at org.apache.logging.log4j.core.impl.ThreadContextDataInjector$ForCopyOnWriteThreadContextMap.<init>(ThreadContextDataInjector.java:224)
	at org.apache.logging.log4j.core.impl.ContextDataInjectorFactory.createDefaultInjector(ContextDataInjectorFactory.java:89)
	at org.apache.logging.log4j.util.LoaderUtil.newCheckedInstanceOfProperty(LoaderUtil.java:360)
	at org.apache.logging.log4j.core.impl.ContextDataInjectorFactory.createInjector(ContextDataInjectorFactory.java:71)
	at org.apache.logging.log4j.core.lookup.ContextMapLookup.<init>(ContextMapLookup.java:34)
	at java.base/jdk.internal.reflect.NativeConstructorAccessorImpl.newInstance0(Native Method)
	at java.base/jdk.internal.reflect.NativeConstructorAccessorImpl.newInstance(NativeConstructorAccessorImpl.java:77)
	at java.base/jdk.internal.reflect.DelegatingConstructorAccessorImpl.newInstance(DelegatingConstructorAccessorImpl.java:45)
	at java.base/java.lang.reflect.Constructor.newInstanceWithCaller(Constructor.java:499)
	at java.base/java.lang.reflect.Constructor.newInstance(Constructor.java:480)
	at org.apache.logging.log4j.core.util.ReflectionUtil.instantiate(ReflectionUtil.java:188)
	at org.apache.logging.log4j.core.lookup.Interpolator.<init>(Interpolator.java:90)
	at org.apache.logging.log4j.core.lookup.Interpolator.<init>(Interpolator.java:109)
	at org.apache.logging.log4j.core.config.AbstractConfiguration.<init>(AbstractConfiguration.java:137)
	at org.apache.logging.log4j.core.config.NullConfiguration.<init>(NullConfiguration.java:32)
	at org.apache.logging.log4j.core.LoggerContext.<clinit>(LoggerContext.java:77)
	at org.apache.logging.log4j.core.selector.ClassLoaderContextSelector.createContext(ClassLoaderContextSelector.java:265)
	at org.apache.logging.log4j.core.selector.ClassLoaderContextSelector.locateContext(ClassLoaderContextSelector.java:224)
	at org.apache.logging.log4j.core.selector.ClassLoaderContextSelector.getContext(ClassLoaderContextSelector.java:142)
	at org.apache.logging.log4j.core.selector.ClassLoaderContextSelector.getContext(ClassLoaderContextSelector.java:125)
	at org.apache.logging.log4j.core.selector.ClassLoaderContextSelector.getContext(ClassLoaderContextSelector.java:119)
	at org.apache.logging.log4j.core.impl.Log4jContextFactory.getContext(Log4jContextFactory.java:148)
	at org.apache.logging.log4j.core.impl.Log4jContextFactory.getContext(Log4jContextFactory.java:46)
	at org.apache.logging.log4j.LogManager.getContext(LogManager.java:197)
	at org.apache.logging.log4j.LogManager.getLogger(LogManager.java:611)
	at org.apache.poi.ooxml.POIXMLDocumentPart.<clinit>(POIXMLDocumentPart.java:56)
	at org.apache.poi.POIVisioFuzzer.fuzzerTestOneInput(POIVisioFuzzer.java:37)
	at com.code_intelligence.jazzer.driver.FuzzTargetRunner.runOne(FuzzTargetRunner.java:234)
	at com.code_intelligence.jazzer.runtime.FuzzTargetRunnerNatives.startLibFuzzer(Native Method)
	at com.code_intelligence.jazzer.driver.FuzzTargetRunner.startLibFuzzer(FuzzTargetRunner.java:551)
	at com.code_intelligence.jazzer.driver.FuzzTargetRunner.startLibFuzzer(FuzzTargetRunner.java:441)
	at com.code_intelligence.jazzer.driver.Driver.start(Driver.java:166)
	at com.code_intelligence.jazzer.Jazzer.start(Jazzer.java:118)
	at com.code_intelligence.jazzer.Jazzer.main(Jazzer.java:77)

INFO: Instrumented org.apache.logging.log4j.message.ReusableMessageFactory with custom hooks only (took 8 ms, size +0%)
INFO: Instrumented org.apache.logging.log4j.message.Clearable with custom hooks only (took 0 ms, size +0%)
INFO: Instrumented org.apache.logging.log4j.core.net.JndiManager with custom hooks only (took 3 ms, size +3%)
INFO: Instrumented org.apache.logging.log4j.core.appender.AbstractManager with custom hooks only (took 4 ms, size +0%)
INFO: Instrumented org.apache.logging.log4j.core.config.ConfigurationException with custom hooks only (took 0 ms, size +0%)
INFO: Instrumented org.apache.logging.log4j.core.appender.ManagerFactory with custom hooks only (took 0 ms, size +0%)
INFO: Instrumented org.apache.logging.log4j.core.net.JndiManager$JndiManagerFactory with custom hooks only (took 1 ms, size +0%)
INFO: Instrumented org.apache.logging.log4j.core.lookup.StrMatcher with custom hooks only (took 3 ms, size +0%)
INFO: Instrumented org.apache.logging.log4j.core.lookup.StrMatcher$CharMatcher with custom hooks only (took 0 ms, size +0%)
INFO: Instrumented org.apache.logging.log4j.core.lookup.StrMatcher$CharSetMatcher with custom hooks only (took 0 ms, size +0%)
INFO: Instrumented org.apache.logging.log4j.core.lookup.StrMatcher$TrimMatcher with custom hooks only (took 0 ms, size +0%)
INFO: Instrumented org.apache.logging.log4j.core.lookup.StrMatcher$NoMatcher with custom hooks only (took 0 ms, size +0%)
INFO: Instrumented org.apache.logging.log4j.core.lookup.StrMatcher$StringMatcher with custom hooks only (took 0 ms, size +0%)
INFO: Instrumented org.apache.logging.log4j.core.config.ReliabilityStrategy with custom hooks only (took 0 ms, size +0%)
INFO: Instrumented org.apache.logging.log4j.core.LogEvent with custom hooks only (took 0 ms, size +0%)
INFO: Instrumented org.apache.logging.log4j.core.impl.LogEventFactory with custom hooks only (took 0 ms, size +0%)
INFO: Instrumented org.apache.logging.log4j.core.impl.LocationAwareLogEventFactory with custom hooks only (took 0 ms, size +0%)
INFO: Instrumented org.apache.logging.log4j.core.impl.ReusableLogEventFactory with custom hooks only (took 2 ms, size +0%)
INFO: Instrumented org.apache.logging.log4j.core.async.ThreadNameCachingStrategy with custom hooks only (took 2 ms, size +6%)
INFO: Instrumented org.apache.logging.log4j.core.async.ThreadNameCachingStrategy$1 with custom hooks only (took 1 ms, size +0%)
INFO: Instrumented org.apache.logging.log4j.core.async.ThreadNameCachingStrategy$2 with custom hooks only (took 0 ms, size +0%)
INFO: Instrumented org.apache.logging.log4j.core.util.ClockFactory with custom hooks only (took 1 ms, size +0%)
INFO: Instrumented org.apache.logging.log4j.core.util.Clock with custom hooks only (took 0 ms, size +0%)
INFO: Instrumented org.apache.logging.log4j.core.util.SystemClock with custom hooks only (took 1 ms, size +0%)
INFO: Instrumented org.apache.logging.log4j.core.time.PreciseClock with custom hooks only (took 0 ms, size +0%)

== Java Exception: java.lang.NoClassDefFoundError: Could not initialize class org.apache.logging.log4j.core.impl.ThreadContextDataInjector
	at org.apache.logging.log4j.core.impl.ThreadContextDataInjector$AbstractContextDataInjector.<init>(ThreadContextDataInjector.java:95)
	at org.apache.logging.log4j.core.impl.ThreadContextDataInjector$ForCopyOnWriteThreadContextMap.<init>(ThreadContextDataInjector.java:224)
	at org.apache.logging.log4j.core.impl.ContextDataInjectorFactory.createDefaultInjector(ContextDataInjectorFactory.java:89)
	at org.apache.logging.log4j.util.LoaderUtil.newCheckedInstanceOfProperty(LoaderUtil.java:360)
	at org.apache.logging.log4j.core.impl.ContextDataInjectorFactory.createInjector(ContextDataInjectorFactory.java:71)
	at org.apache.logging.log4j.core.impl.ReusableLogEventFactory.<init>(ReusableLogEventFactory.java:41)
	at org.apache.logging.log4j.core.config.LoggerConfig.createDefaultLogEventFactory(LoggerConfig.java:95)
	at org.apache.logging.log4j.util.LoaderUtil.newCheckedInstanceOfProperty(LoaderUtil.java:360)
	at org.apache.logging.log4j.core.config.LoggerConfig.<clinit>(LoggerConfig.java:84)
	at org.apache.logging.log4j.core.config.AbstractConfiguration.<init>(AbstractConfiguration.java:140)
	at org.apache.logging.log4j.core.config.NullConfiguration.<init>(NullConfiguration.java:32)
	at org.apache.logging.log4j.core.LoggerContext.<clinit>(LoggerContext.java:77)
	at org.apache.logging.log4j.core.selector.ClassLoaderContextSelector.createContext(ClassLoaderContextSelector.java:265)
	at org.apache.logging.log4j.core.selector.ClassLoaderContextSelector.locateContext(ClassLoaderContextSelector.java:224)
	at org.apache.logging.log4j.core.selector.ClassLoaderContextSelector.getContext(ClassLoaderContextSelector.java:142)
	at org.apache.logging.log4j.core.selector.ClassLoaderContextSelector.getContext(ClassLoaderContextSelector.java:125)
	at org.apache.logging.log4j.core.selector.ClassLoaderContextSelector.getContext(ClassLoaderContextSelector.java:119)
	at org.apache.logging.log4j.core.impl.Log4jContextFactory.getContext(Log4jContextFactory.java:148)
	at org.apache.logging.log4j.core.impl.Log4jContextFactory.getContext(Log4jContextFactory.java:46)
	at org.apache.logging.log4j.LogManager.getContext(LogManager.java:197)
	at org.apache.logging.log4j.LogManager.getLogger(LogManager.java:611)
	at org.apache.poi.ooxml.POIXMLDocumentPart.<clinit>(POIXMLDocumentPart.java:56)
	at org.apache.poi.POIVisioFuzzer.fuzzerTestOneInput(POIVisioFuzzer.java:37)
DEDUP_TOKEN: 1f5b09f8099c741c
== libFuzzer crashing input ==
reproducer_path='.'; Java reproducer written to ./Crash_7e36da0e25ff6ae37e2fdb4f82553f66c828feda.java

INFO:__main__:Running: docker run --privileged --shm-size=2g --platform linux/amd64 --rm -i -e HELPER=True -e ARCHITECTURE=x86_64 -v /mnt/sdb/oss-fuzz/oss-fuzz/build/out/apache-poi:/out -v /mnt/sdb/oss-fuzz/oss-fuzz/build/out/apache-poi/testcase/testcase_42538179:/testcase -t gcr.io/oss-fuzz-base/base-runner reproduce POIVisioFuzzer -runs=100.

==================================================
PoC Triggered: YES
