tittle:glslang:compile_fuzzer: Crash in glslang::TInfoSinkBase::location
status:Verified
type:Vulnerability
commit_url:https://github.com/khronosgroup/glslang/commit/0dc6711e5a178e4d5643437af688c6b48f829f5c
commit_url_new:https://github.com/khronosgroup/glslang/commit/d59c84d388c805022e2bddea08aa41cbe7e43e55
module:glslang
target:compile_fuzzer
have 1 changed files:['jump get_diff!']
==================================================
error running command: python infra/helper.py reproduce glslang compile_fuzzer build/out/glslang/testcase/testcase_42538128
+ FUZZER=compile_fuzzer
+ shift
+ '[' '!' -v TESTCASE ']'
+ TESTCASE=/testcase
+ '[' '!' -f /testcase ']'
+ export RUN_FUZZER_MODE=interactive
+ RUN_FUZZER_MODE=interactive
+ export FUZZING_ENGINE=libfuzzer
+ FUZZING_ENGINE=libfuzzer
+ export SKIP_SEED_CORPUS=1
+ SKIP_SEED_CORPUS=1
+ run_fuzzer compile_fuzzer -runs=100 /testcase
vm.mmap_rnd_bits = 28
/out/compile_fuzzer -rss_limit_mb=2560 -timeout=25 -runs=100 /testcase < /dev/null
INFO: Running with entropic power schedule (0xFF, 100).
INFO: Seed: 45410915
INFO: Loaded 1 modules   (51458 inline 8-bit counters): 51458 [0x55725a6feb78, 0x55725a70b47a), 
INFO: Loaded 1 PC tables (51458 PCs): 51458 [0x55725a70b480,0x55725a7d44a0), 
/out/compile_fuzzer: Running 1 inputs 100 time(s) each.
Running: /testcase
AddressSanitizer:DEADLYSIGNAL
=================================================================
[1m[31m==14==ERROR: AddressSanitizer: SEGV on unknown address 0x00009fff8000 (pc 0x55725a078663 bp 0x7ffd730f0db0 sp 0x7ffd730f0d20 T0)
[1m[0m==14==The signal is caused by a READ memory access.
SCARINESS: 20 (wild-addr-read)
    #0 0x55725a078663 in __is_long /usr/local/bin/../include/c++/v1/string:1773:29
    #1 0x55725a078663 in __get_pointer /usr/local/bin/../include/c++/v1/string:1883:12
    #2 0x55725a078663 in data /usr/local/bin/../include/c++/v1/string:1597:30
    #3 0x55725a078663 in c_str /usr/local/bin/../include/c++/v1/string:1595:106
    #4 0x55725a078663 in getFilename /src/glslang/glslang/MachineIndependent/../Include/Common.h:255:22
    #5 0x55725a078663 in glslang::TInfoSinkBase::location(glslang::TSourceLoc const&, bool, bool) /src/glslang/glslang/MachineIndependent/../Include/InfoSink.h:107:16
    #6 0x55725a35acd0 in glslang::TParseContextBase::outputMessage(glslang::TSourceLoc const&, char const*, char const*, char const*, glslang::TPrefixType, __va_list_tag*) /src/glslang/glslang/MachineIndependent/ParseContextBase.cpp:62:19
    #7 0x55725a35b0a5 in glslang::TParseContextBase::error(glslang::TSourceLoc const&, char const*, char const*, char const*, ...) /src/glslang/glslang/MachineIndependent/ParseContextBase.cpp:80:5
    #8 0x55725a1efa22 in expected /src/glslang/glslang/HLSL/hlslGrammar.cpp:71:18
    #9 0x55725a1efa22 in glslang::HlslGrammar::acceptPostfixExpression(glslang::TIntermTyped*&) /src/glslang/glslang/HLSL/hlslGrammar.cpp
    #10 0x55725a1eed7e in glslang::HlslGrammar::acceptUnaryExpression(glslang::TIntermTyped*&) /src/glslang/glslang/HLSL/hlslGrammar.cpp:3350:16
    #11 0x55725a1ee637 in glslang::HlslGrammar::acceptBinaryExpression(glslang::TIntermTyped*&, glslang::PrecedenceLevel) /src/glslang/glslang/HLSL/hlslGrammar.cpp:3254:16
    #12 0x55725a1ee666 in glslang::HlslGrammar::acceptBinaryExpression(glslang::TIntermTyped*&, glslang::PrecedenceLevel) /src/glslang/glslang/HLSL/hlslGrammar.cpp:3257:11
    #13 0x55725a1ee666 in glslang::HlslGrammar::acceptBinaryExpression(glslang::TIntermTyped*&, glslang::PrecedenceLevel) /src/glslang/glslang/HLSL/hlslGrammar.cpp:3257:11
    #14 0x55725a1ee666 in glslang::HlslGrammar::acceptBinaryExpression(glslang::TIntermTyped*&, glslang::PrecedenceLevel) /src/glslang/glslang/HLSL/hlslGrammar.cpp:3257:11
    #15 0x55725a1ee666 in glslang::HlslGrammar::acceptBinaryExpression(glslang::TIntermTyped*&, glslang::PrecedenceLevel) /src/glslang/glslang/HLSL/hlslGrammar.cpp:3257:11
    #16 0x55725a1ee666 in glslang::HlslGrammar::acceptBinaryExpression(glslang::TIntermTyped*&, glslang::PrecedenceLevel) /src/glslang/glslang/HLSL/hlslGrammar.cpp:3257:11
    #17 0x55725a1ee666 in glslang::HlslGrammar::acceptBinaryExpression(glslang::TIntermTyped*&, glslang::PrecedenceLevel) /src/glslang/glslang/HLSL/hlslGrammar.cpp:3257:11
    #18 0x55725a1ee666 in glslang::HlslGrammar::acceptBinaryExpression(glslang::TIntermTyped*&, glslang::PrecedenceLevel) /src/glslang/glslang/HLSL/hlslGrammar.cpp:3257:11
    #19 0x55725a1ee666 in glslang::HlslGrammar::acceptBinaryExpression(glslang::TIntermTyped*&, glslang::PrecedenceLevel) /src/glslang/glslang/HLSL/hlslGrammar.cpp:3257:11
    #20 0x55725a1ee666 in glslang::HlslGrammar::acceptBinaryExpression(glslang::TIntermTyped*&, glslang::PrecedenceLevel) /src/glslang/glslang/HLSL/hlslGrammar.cpp:3257:11
    #21 0x55725a1ee666 in glslang::HlslGrammar::acceptBinaryExpression(glslang::TIntermTyped*&, glslang::PrecedenceLevel) /src/glslang/glslang/HLSL/hlslGrammar.cpp:3257:11
    #22 0x55725a1ee666 in glslang::HlslGrammar::acceptBinaryExpression(glslang::TIntermTyped*&, glslang::PrecedenceLevel) /src/glslang/glslang/HLSL/hlslGrammar.cpp:3257:11
    #23 0x55725a1dfb84 in glslang::HlslGrammar::acceptConditionalExpression(glslang::TIntermTyped*&) /src/glslang/glslang/HLSL/hlslGrammar.cpp:3204:11
    #24 0x55725a1db6ea in glslang::HlslGrammar::acceptAssignmentExpression(glslang::TIntermTyped*&) /src/glslang/glslang/HLSL/hlslGrammar.cpp:3158:11
    #25 0x55725a1f11b7 in glslang::HlslGrammar::acceptArguments(glslang::TFunction*, glslang::TIntermTyped*&) /src/glslang/glslang/HLSL/hlslGrammar.cpp:3612:15
    #26 0x55725a1f0517 in glslang::HlslGrammar::acceptConstructor(glslang::TIntermTyped*&) /src/glslang/glslang/HLSL/hlslGrammar.cpp:3526:15
    #27 0x55725a1ef4d4 in glslang::HlslGrammar::acceptPostfixExpression(glslang::TIntermTyped*&) /src/glslang/glslang/HLSL/hlslGrammar.cpp:3406:16
    #28 0x55725a1eed7e in glslang::HlslGrammar::acceptUnaryExpression(glslang::TIntermTyped*&) /src/glslang/glslang/HLSL/hlslGrammar.cpp:3350:16
    #29 0x55725a1ee637 in glslang::HlslGrammar::acceptBinaryExpression(glslang::TIntermTyped*&, glslang::PrecedenceLevel) /src/glslang/glslang/HLSL/hlslGrammar.cpp:3254:16
    #30 0x55725a1ee666 in glslang::HlslGrammar::acceptBinaryExpression(glslang::TIntermTyped*&, glslang::PrecedenceLevel) /src/glslang/glslang/HLSL/hlslGrammar.cpp:3257:11
    #31 0x55725a1ee666 in glslang::HlslGrammar::acceptBinaryExpression(glslang::TIntermTyped*&, glslang::PrecedenceLevel) /src/glslang/glslang/HLSL/hlslGrammar.cpp:3257:11
    #32 0x55725a1ee666 in glslang::HlslGrammar::acceptBinaryExpression(glslang::TIntermTyped*&, glslang::PrecedenceLevel) /src/glslang/glslang/HLSL/hlslGrammar.cpp:3257:11
    #33 0x55725a1ee666 in glslang::HlslGrammar::acceptBinaryExpression(glslang::TIntermTyped*&, glslang::PrecedenceLevel) /src/glslang/glslang/HLSL/hlslGrammar.cpp:3257:11
    #34 0x55725a1ee666 in glslang::HlslGrammar::acceptBinaryExpression(glslang::TIntermTyped*&, glslang::PrecedenceLevel) /src/glslang/glslang/HLSL/hlslGrammar.cpp:3257:11
    #35 0x55725a1ee666 in glslang::HlslGrammar::acceptBinaryExpression(glslang::TIntermTyped*&, glslang::PrecedenceLevel) /src/glslang/glslang/HLSL/hlslGrammar.cpp:3257:11
    #36 0x55725a1ee666 in glslang::HlslGrammar::acceptBinaryExpression(glslang::TIntermTyped*&, glslang::PrecedenceLevel) /src/glslang/glslang/HLSL/hlslGrammar.cpp:3257:11
    #37 0x55725a1ee666 in glslang::HlslGrammar::acceptBinaryExpression(glslang::TIntermTyped*&, glslang::PrecedenceLevel) /src/glslang/glslang/HLSL/hlslGrammar.cpp:3257:11
    #38 0x55725a1ee666 in glslang::HlslGrammar::acceptBinaryExpression(glslang::TIntermTyped*&, glslang::PrecedenceLevel) /src/glslang/glslang/HLSL/hlslGrammar.cpp:3257:11
    #39 0x55725a1ee666 in glslang::HlslGrammar::acceptBinaryExpression(glslang::TIntermTyped*&, glslang::PrecedenceLevel) /src/glslang/glslang/HLSL/hlslGrammar.cpp:3257:11
    #40 0x55725a1ee666 in glslang::HlslGrammar::acceptBinaryExpression(glslang::TIntermTyped*&, glslang::PrecedenceLevel) /src/glslang/glslang/HLSL/hlslGrammar.cpp:3257:11
    #41 0x55725a1dfb84 in glslang::HlslGrammar::acceptConditionalExpression(glslang::TIntermTyped*&) /src/glslang/glslang/HLSL/hlslGrammar.cpp:3204:11
    #42 0x55725a1db6ea in glslang::HlslGrammar::acceptAssignmentExpression(glslang::TIntermTyped*&) /src/glslang/glslang/HLSL/hlslGrammar.cpp:3158:11
    #43 0x55725a1f11b7 in glslang::HlslGrammar::acceptArguments(glslang::TFunction*, glslang::TIntermTyped*&) /src/glslang/glslang/HLSL/hlslGrammar.cpp:3612:15
    #44 0x55725a1f0517 in glslang::HlslGrammar::acceptConstructor(glslang::TIntermTyped*&) /src/glslang/glslang/HLSL/hlslGrammar.cpp:3526:15
    #45 0x55725a1ef4d4 in glslang::HlslGrammar::acceptPostfixExpression(glslang::TIntermTyped*&) /src/glslang/glslang/HLSL/hlslGrammar.cpp:3406:16
    #46 0x55725a1eed7e in glslang::HlslGrammar::acceptUnaryExpression(glslang::TIntermTyped*&) /src/glslang/glslang/HLSL/hlslGrammar.cpp:3350:16
    #47 0x55725a1ee637 in glslang::HlslGrammar::acceptBinaryExpression(glslang::TIntermTyped*&, glslang::PrecedenceLevel) /src/glslang/glslang/HLSL/hlslGrammar.cpp:3254:16
    #48 0x55725a1ee666 in glslang::HlslGrammar::acceptBinaryExpression(glslang::TIntermTyped*&, glslang::PrecedenceLevel) /src/glslang/glslang/HLSL/hlslGrammar.cpp:3257:11
    #49 0x55725a1ee666 in glslang::HlslGrammar::acceptBinaryExpression(glslang::TIntermTyped*&, glslang::PrecedenceLevel) /src/glslang/glslang/HLSL/hlslGrammar.cpp:3257:11
    #50 0x55725a1ee666 in glslang::HlslGrammar::acceptBinaryExpression(glslang::TIntermTyped*&, glslang::PrecedenceLevel) /src/glslang/glslang/HLSL/hlslGrammar.cpp:3257:11
    #51 0x55725a1ee666 in glslang::HlslGrammar::acceptBinaryExpression(glslang::TIntermTyped*&, glslang::PrecedenceLevel) /src/glslang/glslang/HLSL/hlslGrammar.cpp:3257:11
    #52 0x55725a1ee666 in glslang::HlslGrammar::acceptBinaryExpression(glslang::TIntermTyped*&, glslang::PrecedenceLevel) /src/glslang/glslang/HLSL/hlslGrammar.cpp:3257:11
    #53 0x55725a1ee666 in glslang::HlslGrammar::acceptBinaryExpression(glslang::TIntermTyped*&, glslang::PrecedenceLevel) /src/glslang/glslang/HLSL/hlslGrammar.cpp:3257:11
    #54 0x55725a1ee666 in glslang::HlslGrammar::acceptBinaryExpression(glslang::TIntermTyped*&, glslang::PrecedenceLevel) /src/glslang/glslang/HLSL/hlslGrammar.cpp:3257:11
    #55 0x55725a1ee666 in glslang::HlslGrammar::acceptBinaryExpression(glslang::TIntermTyped*&, glslang::PrecedenceLevel) /src/glslang/glslang/HLSL/hlslGrammar.cpp:3257:11
    #56 0x55725a1ee666 in glslang::HlslGrammar::acceptBinaryExpression(glslang::TIntermTyped*&, glslang::PrecedenceLevel) /src/glslang/glslang/HLSL/hlslGrammar.cpp:3257:11
    #57 0x55725a1ee666 in glslang::HlslGrammar::acceptBinaryExpression(glslang::TIntermTyped*&, glslang::PrecedenceLevel) /src/glslang/glslang/HLSL/hlslGrammar.cpp:3257:11
    #58 0x55725a1ee666 in glslang::HlslGrammar::acceptBinaryExpression(glslang::TIntermTyped*&, glslang::PrecedenceLevel) /src/glslang/glslang/HLSL/hlslGrammar.cpp:3257:11
    #59 0x55725a1dfb84 in glslang::HlslGrammar::acceptConditionalExpression(glslang::TIntermTyped*&) /src/glslang/glslang/HLSL/hlslGrammar.cpp:3204:11
    #60 0x55725a1db6ea in glslang::HlslGrammar::acceptAssignmentExpression(glslang::TIntermTyped*&) /src/glslang/glslang/HLSL/hlslGrammar.cpp:3158:11
    #61 0x55725a1f11b7 in glslang::HlslGrammar::acceptArguments(glslang::TFunction*, glslang::TIntermTyped*&) /src/glslang/glslang/HLSL/hlslGrammar.cpp:3612:15
    #62 0x55725a1f0517 in glslang::HlslGrammar::acceptConstructor(glslang::TIntermTyped*&) /src/glslang/glslang/HLSL/hlslGrammar.cpp:3526:15
    #63 0x55725a1ef4d4 in glslang::HlslGrammar::acceptPostfixExpression(glslang::TIntermTyped*&) /src/glslang/glslang/HLSL/hlslGrammar.cpp:3406:16
    #64 0x55725a1eed7e in glslang::HlslGrammar::acceptUnaryExpression(glslang::TIntermTyped*&) /src/glslang/glslang/HLSL/hlslGrammar.cpp:3350:16
    #65 0x55725a1ee637 in glslang::HlslGrammar::acceptBinaryExpression(glslang::TIntermTyped*&, glslang::PrecedenceLevel) /src/glslang/glslang/HLSL/hlslGrammar.cpp:3254:16
    #66 0x55725a1ee666 in glslang::HlslGrammar::acceptBinaryExpression(glslang::TIntermTyped*&, glslang::PrecedenceLevel) /src/glslang/glslang/HLSL/hlslGrammar.cpp:3257:11
    #67 0x55725a1ee666 in glslang::HlslGrammar::acceptBinaryExpression(glslang::TIntermTyped*&, glslang::PrecedenceLevel) /src/glslang/glslang/HLSL/hlslGrammar.cpp:3257:11
    #68 0x55725a1ee666 in glslang::HlslGrammar::acceptBinaryExpression(glslang::TIntermTyped*&, glslang::PrecedenceLevel) /src/glslang/glslang/HLSL/hlslGrammar.cpp:3257:11
    #69 0x55725a1ee666 in glslang::HlslGrammar::acceptBinaryExpression(glslang::TIntermTyped*&, glslang::PrecedenceLevel) /src/glslang/glslang/HLSL/hlslGrammar.cpp:3257:11
    #70 0x55725a1ee666 in glslang::HlslGrammar::acceptBinaryExpression(glslang::TIntermTyped*&, glslang::PrecedenceLevel) /src/glslang/glslang/HLSL/hlslGrammar.cpp:3257:11
    #71 0x55725a1ee666 in glslang::HlslGrammar::acceptBinaryExpression(glslang::TIntermTyped*&, glslang::PrecedenceLevel) /src/glslang/glslang/HLSL/hlslGrammar.cpp:3257:11
    #72 0x55725a1ee666 in glslang::HlslGrammar::acceptBinaryExpression(glslang::TIntermTyped*&, glslang::PrecedenceLevel) /src/glslang/glslang/HLSL/hlslGrammar.cpp:3257:11
    #73 0x55725a1ee666 in glslang::HlslGrammar::acceptBinaryExpression(glslang::TIntermTyped*&, glslang::PrecedenceLevel) /src/glslang/glslang/HLSL/hlslGrammar.cpp:3257:11
    #74 0x55725a1ee666 in glslang::HlslGrammar::acceptBinaryExpression(glslang::TIntermTyped*&, glslang::PrecedenceLevel) /src/glslang/glslang/HLSL/hlslGrammar.cpp:3257:11
    #75 0x55725a1ee666 in glslang::HlslGrammar::acceptBinaryExpression(glslang::TIntermTyped*&, glslang::PrecedenceLevel) /src/glslang/glslang/HLSL/hlslGrammar.cpp:3257:11
    #76 0x55725a1ee666 in glslang::HlslGrammar::acceptBinaryExpression(glslang::TIntermTyped*&, glslang::PrecedenceLevel) /src/glslang/glslang/HLSL/hlslGrammar.cpp:3257:11
    #77 0x55725a1dfb84 in glslang::HlslGrammar::acceptConditionalExpression(glslang::TIntermTyped*&) /src/glslang/glslang/HLSL/hlslGrammar.cpp:3204:11
    #78 0x55725a1db6ea in glslang::HlslGrammar::acceptAssignmentExpression(glslang::TIntermTyped*&) /src/glslang/glslang/HLSL/hlslGrammar.cpp:3158:11
    #79 0x55725a1f11b7 in glslang::HlslGrammar::acceptArguments(glslang::TFunction*, glslang::TIntermTyped*&) /src/glslang/glslang/HLSL/hlslGrammar.cpp:3612:15
    #80 0x55725a1f0517 in glslang::HlslGrammar::acceptConstructor(glslang::TIntermTyped*&) /src/glslang/glslang/HLSL/hlslGrammar.cpp:3526:15
    #81 0x55725a1ef4d4 in glslang::HlslGrammar::acceptPostfixExpression(glslang::TIntermTyped*&) /src/glslang/glslang/HLSL/hlslGrammar.cpp:3406:16
    #82 0x55725a1eed7e in glslang::HlslGrammar::acceptUnaryExpression(glslang::TIntermTyped*&) /src/glslang/glslang/HLSL/hlslGrammar.cpp:3350:16
    #83 0x55725a1ee637 in glslang::HlslGrammar::acceptBinaryExpression(glslang::TIntermTyped*&, glslang::PrecedenceLevel) /src/glslang/glslang/HLSL/hlslGrammar.cpp:3254:16
    #84 0x55725a1ee666 in glslang::HlslGrammar::acceptBinaryExpression(glslang::TIntermTyped*&, glslang::PrecedenceLevel) /src/glslang/glslang/HLSL/hlslGrammar.cpp:3257:11
    #85 0x55725a1ee666 in glslang::HlslGrammar::acceptBinaryExpression(glslang::TIntermTyped*&, glslang::PrecedenceLevel) /src/glslang/glslang/HLSL/hlslGrammar.cpp:3257:11
    #86 0x55725a1ee666 in glslang::HlslGrammar::acceptBinaryExpression(glslang::TIntermTyped*&, glslang::PrecedenceLevel) /src/glslang/glslang/HLSL/hlslGrammar.cpp:3257:11
    #87 0x55725a1ee666 in glslang::HlslGrammar::acceptBinaryExpression(glslang::TIntermTyped*&, glslang::PrecedenceLevel) /src/glslang/glslang/HLSL/hlslGrammar.cpp:3257:11
    #88 0x55725a1ee666 in glslang::HlslGrammar::acceptBinaryExpression(glslang::TIntermTyped*&, glslang::PrecedenceLevel) /src/glslang/glslang/HLSL/hlslGrammar.cpp:3257:11
    #89 0x55725a1ee666 in glslang::HlslGrammar::acceptBinaryExpression(glslang::TIntermTyped*&, glslang::PrecedenceLevel) /src/glslang/glslang/HLSL/hlslGrammar.cpp:3257:11
    #90 0x55725a1ee666 in glslang::HlslGrammar::acceptBinaryExpression(glslang::TIntermTyped*&, glslang::PrecedenceLevel) /src/glslang/glslang/HLSL/hlslGrammar.cpp:3257:11
    #91 0x55725a1ee666 in glslang::HlslGrammar::acceptBinaryExpression(glslang::TIntermTyped*&, glslang::PrecedenceLevel) /src/glslang/glslang/HLSL/hlslGrammar.cpp:3257:11
    #92 0x55725a1ee666 in glslang::HlslGrammar::acceptBinaryExpression(glslang::TIntermTyped*&, glslang::PrecedenceLevel) /src/glslang/glslang/HLSL/hlslGrammar.cpp:3257:11
    #93 0x55725a1ee666 in glslang::HlslGrammar::acceptBinaryExpression(glslang::TIntermTyped*&, glslang::PrecedenceLevel) /src/glslang/glslang/HLSL/hlslGrammar.cpp:3257:11
    #94 0x55725a1ee666 in glslang::HlslGrammar::acceptBinaryExpression(glslang::TIntermTyped*&, glslang::PrecedenceLevel) /src/glslang/glslang/HLSL/hlslGrammar.cpp:3257:11
    #95 0x55725a1dfb84 in glslang::HlslGrammar::acceptConditionalExpression(glslang::TIntermTyped*&) /src/glslang/glslang/HLSL/hlslGrammar.cpp:3204:11
    #96 0x55725a1db6ea in glslang::HlslGrammar::acceptAssignmentExpression(glslang::TIntermTyped*&) /src/glslang/glslang/HLSL/hlslGrammar.cpp:3158:11
    #97 0x55725a1f11b7 in glslang::HlslGrammar::acceptArguments(glslang::TFunction*, glslang::TIntermTyped*&) /src/glslang/glslang/HLSL/hlslGrammar.cpp:3612:15
    #98 0x55725a1f0517 in glslang::HlslGrammar::acceptConstructor(glslang::TIntermTyped*&) /src/glslang/glslang/HLSL/hlslGrammar.cpp:3526:15
    #99 0x55725a1ef4d4 in glslang::HlslGrammar::acceptPostfixExpression(glslang::TIntermTyped*&) /src/glslang/glslang/HLSL/hlslGrammar.cpp:3406:16
    #100 0x55725a1eed7e in glslang::HlslGrammar::acceptUnaryExpression(glslang::TIntermTyped*&) /src/glslang/glslang/HLSL/hlslGrammar.cpp:3350:16
    #101 0x55725a1ee637 in glslang::HlslGrammar::acceptBinaryExpression(glslang::TIntermTyped*&, glslang::PrecedenceLevel) /src/glslang/glslang/HLSL/hlslGrammar.cpp:3254:16
    #102 0x55725a1ee666 in glslang::HlslGrammar::acceptBinaryExpression(glslang::TIntermTyped*&, glslang::PrecedenceLevel) /src/glslang/glslang/HLSL/hlslGrammar.cpp:3257:11
    #103 0x55725a1ee666 in glslang::HlslGrammar::acceptBinaryExpression(glslang::TIntermTyped*&, glslang::PrecedenceLevel) /src/glslang/glslang/HLSL/hlslGrammar.cpp:3257:11
    #104 0x55725a1ee666 in glslang::HlslGrammar::acceptBinaryExpression(glslang::TIntermTyped*&, glslang::PrecedenceLevel) /src/glslang/glslang/HLSL/hlslGrammar.cpp:3257:11
    #105 0x55725a1ee666 in glslang::HlslGrammar::acceptBinaryExpression(glslang::TIntermTyped*&, glslang::PrecedenceLevel) /src/glslang/glslang/HLSL/hlslGrammar.cpp:3257:11
    #106 0x55725a1ee666 in glslang::HlslGrammar::acceptBinaryExpression(glslang::TIntermTyped*&, glslang::PrecedenceLevel) /src/glslang/glslang/HLSL/hlslGrammar.cpp:3257:11
    #107 0x55725a1ee666 in glslang::HlslGrammar::acceptBinaryExpression(glslang::TIntermTyped*&, glslang::PrecedenceLevel) /src/glslang/glslang/HLSL/hlslGrammar.cpp:3257:11
    #108 0x55725a1ee666 in glslang::HlslGrammar::acceptBinaryExpression(glslang::TIntermTyped*&, glslang::PrecedenceLevel) /src/glslang/glslang/HLSL/hlslGrammar.cpp:3257:11
    #109 0x55725a1ee666 in glslang::HlslGrammar::acceptBinaryExpression(glslang::TIntermTyped*&, glslang::PrecedenceLevel) /src/glslang/glslang/HLSL/hlslGrammar.cpp:3257:11
    #110 0x55725a1ee666 in glslang::HlslGrammar::acceptBinaryExpression(glslang::TIntermTyped*&, glslang::PrecedenceLevel) /src/glslang/glslang/HLSL/hlslGrammar.cpp:3257:11
    #111 0x55725a1ee666 in glslang::HlslGrammar::acceptBinaryExpression(glslang::TIntermTyped*&, glslang::PrecedenceLevel) /src/glslang/glslang/HLSL/hlslGrammar.cpp:3257:11
    #112 0x55725a1ee666 in glslang::HlslGrammar::acceptBinaryExpression(glslang::TIntermTyped*&, glslang::PrecedenceLevel) /src/glslang/glslang/HLSL/hlslGrammar.cpp:3257:11
    #113 0x55725a1dfb84 in glslang::HlslGrammar::acceptConditionalExpression(glslang::TIntermTyped*&) /src/glslang/glslang/HLSL/hlslGrammar.cpp:3204:11
    #114 0x55725a1db6ea in glslang::HlslGrammar::acceptAssignmentExpression(glslang::TIntermTyped*&) /src/glslang/glslang/HLSL/hlslGrammar.cpp:3158:11
    #115 0x55725a1f11b7 in glslang::HlslGrammar::acceptArguments(glslang::TFunction*, glslang::TIntermTyped*&) /src/glslang/glslang/HLSL/hlslGrammar.cpp:3612:15
    #116 0x55725a1f0517 in glslang::HlslGrammar::acceptConstructor(glslang::TIntermTyped*&) /src/glslang/glslang/HLSL/hlslGrammar.cpp:3526:15
    #117 0x55725a1ef4d4 in glslang::HlslGrammar::acceptPostfixExpression(glslang::TIntermTyped*&) /src/glslang/glslang/HLSL/hlslGrammar.cpp:3406:16
    #118 0x55725a1eed7e in glslang::HlslGrammar::acceptUnaryExpression(glslang::TIntermTyped*&) /src/glslang/glslang/HLSL/hlslGrammar.cpp:3350:16
    #119 0x55725a1ee637 in glslang::HlslGrammar::acceptBinaryExpression(glslang::TIntermTyped*&, glslang::PrecedenceLevel) /src/glslang/glslang/HLSL/hlslGrammar.cpp:3254:16
    #120 0x55725a1ee666 in glslang::HlslGrammar::acceptBinaryExpression(glslang::TIntermTyped*&, glslang::PrecedenceLevel) /src/glslang/glslang/HLSL/hlslGrammar.cpp:3257:11
    #121 0x55725a1ee666 in glslang::HlslGrammar::acceptBinaryExpression(glslang::TIntermTyped*&, glslang::PrecedenceLevel) /src/glslang/glslang/HLSL/hlslGrammar.cpp:3257:11
    #122 0x55725a1ee666 in glslang::HlslGrammar::acceptBinaryExpression(glslang::TIntermTyped*&, glslang::PrecedenceLevel) /src/glslang/glslang/HLSL/hlslGrammar.cpp:3257:11
    #123 0x55725a1ee666 in glslang::HlslGrammar::acceptBinaryExpression(glslang::TIntermTyped*&, glslang::PrecedenceLevel) /src/glslang/glslang/HLSL/hlslGrammar.cpp:3257:11
    #124 0x55725a1ee666 in glslang::HlslGrammar::acceptBinaryExpression(glslang::TIntermTyped*&, glslang::PrecedenceLevel) /src/glslang/glslang/HLSL/hlslGrammar.cpp:3257:11
    #125 0x55725a1ee666 in glslang::HlslGrammar::acceptBinaryExpression(glslang::TIntermTyped*&, glslang::PrecedenceLevel) /src/glslang/glslang/HLSL/hlslGrammar.cpp:3257:11
    #126 0x55725a1ee666 in glslang::HlslGrammar::acceptBinaryExpression(glslang::TIntermTyped*&, glslang::PrecedenceLevel) /src/glslang/glslang/HLSL/hlslGrammar.cpp:3257:11
    #127 0x55725a1ee666 in glslang::HlslGrammar::acceptBinaryExpression(glslang::TIntermTyped*&, glslang::PrecedenceLevel) /src/glslang/glslang/HLSL/hlslGrammar.cpp:3257:11
    #128 0x55725a1ee666 in glslang::HlslGrammar::acceptBinaryExpression(glslang::TIntermTyped*&, glslang::PrecedenceLevel) /src/glslang/glslang/HLSL/hlslGrammar.cpp:3257:11
    #129 0x55725a1ee666 in glslang::HlslGrammar::acceptBinaryExpression(glslang::TIntermTyped*&, glslang::PrecedenceLevel) /src/glslang/glslang/HLSL/hlslGrammar.cpp:3257:11
    #130 0x55725a1ee666 in glslang::HlslGrammar::acceptBinaryExpression(glslang::TIntermTyped*&, glslang::PrecedenceLevel) /src/glslang/glslang/HLSL/hlslGrammar.cpp:3257:11
    #131 0x55725a1dfb84 in glslang::HlslGrammar::acceptConditionalExpression(glslang::TIntermTyped*&) /src/glslang/glslang/HLSL/hlslGrammar.cpp:3204:11
    #132 0x55725a1db6ea in glslang::HlslGrammar::acceptAssignmentExpression(glslang::TIntermTyped*&) /src/glslang/glslang/HLSL/hlslGrammar.cpp:3158:11
    #133 0x55725a1f11b7 in glslang::HlslGrammar::acceptArguments(glslang::TFunction*, glslang::TIntermTyped*&) /src/glslang/glslang/HLSL/hlslGrammar.cpp:3612:15
    #134 0x55725a1f0517 in glslang::HlslGrammar::acceptConstructor(glslang::TIntermTyped*&) /src/glslang/glslang/HLSL/hlslGrammar.cpp:3526:15
    #135 0x55725a1ef4d4 in glslang::HlslGrammar::acceptPostfixExpression(glslang::TIntermTyped*&) /src/glslang/glslang/HLSL/hlslGrammar.cpp:3406:16
    #136 0x55725a1eed7e in glslang::HlslGrammar::acceptUnaryExpression(glslang::TIntermTyped*&) /src/glslang/glslang/HLSL/hlslGrammar.cpp:3350:16
    #137 0x55725a1ee637 in glslang::HlslGrammar::acceptBinaryExpression(glslang::TIntermTyped*&, glslang::PrecedenceLevel) /src/glslang/glslang/HLSL/hlslGrammar.cpp:3254:16
    #138 0x55725a1ee666 in glslang::HlslGrammar::acceptBinaryExpression(glslang::TIntermTyped*&, glslang::PrecedenceLevel) /src/glslang/glslang/HLSL/hlslGrammar.cpp:3257:11
    #139 0x55725a1ee666 in glslang::HlslGrammar::acceptBinaryExpression(glslang::TIntermTyped*&, glslang::PrecedenceLevel) /src/glslang/glslang/HLSL/hlslGrammar.cpp:3257:11
    #140 0x55725a1ee666 in glslang::HlslGrammar::acceptBinaryExpression(glslang::TIntermTyped*&, glslang::PrecedenceLevel) /src/glslang/glslang/HLSL/hlslGrammar.cpp:3257:11
    #141 0x55725a1ee666 in glslang::HlslGrammar::acceptBinaryExpression(glslang::TIntermTyped*&, glslang::PrecedenceLevel) /src/glslang/glslang/HLSL/hlslGrammar.cpp:3257:11
    #142 0x55725a1ee666 in glslang::HlslGrammar::acceptBinaryExpression(glslang::TIntermTyped*&, glslang::PrecedenceLevel) /src/glslang/glslang/HLSL/hlslGrammar.cpp:3257:11
    #143 0x55725a1ee666 in glslang::HlslGrammar::acceptBinaryExpression(glslang::TIntermTyped*&, glslang::PrecedenceLevel) /src/glslang/glslang/HLSL/hlslGrammar.cpp:3257:11
    #144 0x55725a1ee666 in glslang::HlslGrammar::acceptBinaryExpression(glslang::TIntermTyped*&, glslang::PrecedenceLevel) /src/glslang/glslang/HLSL/hlslGrammar.cpp:3257:11
    #145 0x55725a1ee666 in glslang::HlslGrammar::acceptBinaryExpression(glslang::TIntermTyped*&, glslang::PrecedenceLevel) /src/glslang/glslang/HLSL/hlslGrammar.cpp:3257:11
    #146 0x55725a1ee666 in glslang::HlslGrammar::acceptBinaryExpression(glslang::TIntermTyped*&, glslang::PrecedenceLevel) /src/glslang/glslang/HLSL/hlslGrammar.cpp:3257:11
    #147 0x55725a1ee666 in glslang::HlslGrammar::acceptBinaryExpression(glslang::TIntermTyped*&, glslang::PrecedenceLevel) /src/glslang/glslang/HLSL/hlslGrammar.cpp:3257:11
    #148 0x55725a1ee666 in glslang::HlslGrammar::acceptBinaryExpression(glslang::TIntermTyped*&, glslang::PrecedenceLevel) /src/glslang/glslang/HLSL/hlslGrammar.cpp:3257:11
    #149 0x55725a1dfb84 in glslang::HlslGrammar::acceptConditionalExpression(glslang::TIntermTyped*&) /src/glslang/glslang/HLSL/hlslGrammar.cpp:3204:11
    #150 0x55725a1db6ea in glslang::HlslGrammar::acceptAssignmentExpression(glslang::TIntermTyped*&) /src/glslang/glslang/HLSL/hlslGrammar.cpp:3158:11
    #151 0x55725a1f11b7 in glslang::HlslGrammar::acceptArguments(glslang::TFunction*, glslang::TIntermTyped*&) /src/glslang/glslang/HLSL/hlslGrammar.cpp:3612:15
    #152 0x55725a1f0517 in glslang::HlslGrammar::acceptConstructor(glslang::TIntermTyped*&) /src/glslang/glslang/HLSL/hlslGrammar.cpp:3526:15
    #153 0x55725a1ef4d4 in glslang::HlslGrammar::acceptPostfixExpression(glslang::TIntermTyped*&) /src/glslang/glslang/HLSL/hlslGrammar.cpp:3406:16
    #154 0x55725a1eed7e in glslang::HlslGrammar::acceptUnaryExpression(glslang::TIntermTyped*&) /src/glslang/glslang/HLSL/hlslGrammar.cpp:3350:16
    #155 0x55725a1ee637 in glslang::HlslGrammar::acceptBinaryExpression(glslang::TIntermTyped*&, glslang::PrecedenceLevel) /src/glslang/glslang/HLSL/hlslGrammar.cpp:3254:16
    #156 0x55725a1ee666 in glslang::HlslGrammar::acceptBinaryExpression(glslang::TIntermTyped*&, glslang::PrecedenceLevel) /src/glslang/glslang/HLSL/hlslGrammar.cpp:3257:11
    #157 0x55725a1ee666 in glslang::HlslGrammar::acceptBinaryExpression(glslang::TIntermTyped*&, glslang::PrecedenceLevel) /src/glslang/glslang/HLSL/hlslGrammar.cpp:3257:11
    #158 0x55725a1ee666 in glslang::HlslGrammar::acceptBinaryExpression(glslang::TIntermTyped*&, glslang::PrecedenceLevel) /src/glslang/glslang/HLSL/hlslGrammar.cpp:3257:11
    #159 0x55725a1ee666 in glslang::HlslGrammar::acceptBinaryExpression(glslang::TIntermTyped*&, glslang::PrecedenceLevel) /src/glslang/glslang/HLSL/hlslGrammar.cpp:3257:11
    #160 0x55725a1ee666 in glslang::HlslGrammar::acceptBinaryExpression(glslang::TIntermTyped*&, glslang::PrecedenceLevel) /src/glslang/glslang/HLSL/hlslGrammar.cpp:3257:11
    #161 0x55725a1ee666 in glslang::HlslGrammar::acceptBinaryExpression(glslang::TIntermTyped*&, glslang::PrecedenceLevel) /src/glslang/glslang/HLSL/hlslGrammar.cpp:3257:11
    #162 0x55725a1ee666 in glslang::HlslGrammar::acceptBinaryExpression(glslang::TIntermTyped*&, glslang::PrecedenceLevel) /src/glslang/glslang/HLSL/hlslGrammar.cpp:3257:11
    #163 0x55725a1ee666 in glslang::HlslGrammar::acceptBinaryExpression(glslang::TIntermTyped*&, glslang::PrecedenceLevel) /src/glslang/glslang/HLSL/hlslGrammar.cpp:3257:11
    #164 0x55725a1ee666 in glslang::HlslGrammar::acceptBinaryExpression(glslang::TIntermTyped*&, glslang::PrecedenceLevel) /src/glslang/glslang/HLSL/hlslGrammar.cpp:3257:11
    #165 0x55725a1ee666 in glslang::HlslGrammar::acceptBinaryExpression(glslang::TIntermTyped*&, glslang::PrecedenceLevel) /src/glslang/glslang/HLSL/hlslGrammar.cpp:3257:11
    #166 0x55725a1ee666 in glslang::HlslGrammar::acceptBinaryExpression(glslang::TIntermTyped*&, glslang::PrecedenceLevel) /src/glslang/glslang/HLSL/hlslGrammar.cpp:3257:11
    #167 0x55725a1dfb84 in glslang::HlslGrammar::acceptConditionalExpression(glslang::TIntermTyped*&) /src/glslang/glslang/HLSL/hlslGrammar.cpp:3204:11
    #168 0x55725a1db6ea in glslang::HlslGrammar::acceptAssignmentExpression(glslang::TIntermTyped*&) /src/glslang/glslang/HLSL/hlslGrammar.cpp:3158:11
    #169 0x55725a1f11b7 in glslang::HlslGrammar::acceptArguments(glslang::TFunction*, glslang::TIntermTyped*&) /src/glslang/glslang/HLSL/hlslGrammar.cpp:3612:15
    #170 0x55725a1f0517 in glslang::HlslGrammar::acceptConstructor(glslang::TIntermTyped*&) /src/glslang/glslang/HLSL/hlslGrammar.cpp:3526:15
    #171 0x55725a1ef4d4 in glslang::HlslGrammar::acceptPostfixExpression(glslang::TIntermTyped*&) /src/glslang/glslang/HLSL/hlslGrammar.cpp:3406:16
    #172 0x55725a1eed7e in glslang::HlslGrammar::acceptUnaryExpression(glslang::TIntermTyped*&) /src/glslang/glslang/HLSL/hlslGrammar.cpp:3350:16
    #173 0x55725a1ee637 in glslang::HlslGrammar::acceptBinaryExpression(glslang::TIntermTyped*&, glslang::PrecedenceLevel) /src/glslang/glslang/HLSL/hlslGrammar.cpp:3254:16
    #174 0x55725a1ee666 in glslang::HlslGrammar::acceptBinaryExpression(glslang::TIntermTyped*&, glslang::PrecedenceLevel) /src/glslang/glslang/HLSL/hlslGrammar.cpp:3257:11
    #175 0x55725a1ee666 in glslang::HlslGrammar::acceptBinaryExpression(glslang::TIntermTyped*&, glslang::PrecedenceLevel) /src/glslang/glslang/HLSL/hlslGrammar.cpp:3257:11
    #176 0x55725a1ee666 in glslang::HlslGrammar::acceptBinaryExpression(glslang::TIntermTyped*&, glslang::PrecedenceLevel) /src/glslang/glslang/HLSL/hlslGrammar.cpp:3257:11
    #177 0x55725a1ee666 in glslang::HlslGrammar::acceptBinaryExpression(glslang::TIntermTyped*&, glslang::PrecedenceLevel) /src/glslang/glslang/HLSL/hlslGrammar.cpp:3257:11
    #178 0x55725a1ee666 in glslang::HlslGrammar::acceptBinaryExpression(glslang::TIntermTyped*&, glslang::PrecedenceLevel) /src/glslang/glslang/HLSL/hlslGrammar.cpp:3257:11
    #179 0x55725a1ee666 in glslang::HlslGrammar::acceptBinaryExpression(glslang::TIntermTyped*&, glslang::PrecedenceLevel) /src/glslang/glslang/HLSL/hlslGrammar.cpp:3257:11
    #180 0x55725a1ee666 in glslang::HlslGrammar::acceptBinaryExpression(glslang::TIntermTyped*&, glslang::PrecedenceLevel) /src/glslang/glslang/HLSL/hlslGrammar.cpp:3257:11
    #181 0x55725a1ee666 in glslang::HlslGrammar::acceptBinaryExpression(glslang::TIntermTyped*&, glslang::PrecedenceLevel) /src/glslang/glslang/HLSL/hlslGrammar.cpp:3257:11
    #182 0x55725a1ee666 in glslang::HlslGrammar::acceptBinaryExpression(glslang::TIntermTyped*&, glslang::PrecedenceLevel) /src/glslang/glslang/HLSL/hlslGrammar.cpp:3257:11
    #183 0x55725a1ee666 in glslang::HlslGrammar::acceptBinaryExpression(glslang::TIntermTyped*&, glslang::PrecedenceLevel) /src/glslang/glslang/HLSL/hlslGrammar.cpp:3257:11
    #184 0x55725a1ee666 in glslang::HlslGrammar::acceptBinaryExpression(glslang::TIntermTyped*&, glslang::PrecedenceLevel) /src/glslang/glslang/HLSL/hlslGrammar.cpp:3257:11
    #185 0x55725a1dfb84 in glslang::HlslGrammar::acceptConditionalExpression(glslang::TIntermTyped*&) /src/glslang/glslang/HLSL/hlslGrammar.cpp:3204:11
    #186 0x55725a1db6ea in glslang::HlslGrammar::acceptAssignmentExpression(glslang::TIntermTyped*&) /src/glslang/glslang/HLSL/hlslGrammar.cpp:3158:11
    #187 0x55725a1f11b7 in glslang::HlslGrammar::acceptArguments(glslang::TFunction*, glslang::TIntermTyped*&) /src/glslang/glslang/HLSL/hlslGrammar.cpp:3612:15
    #188 0x55725a1f0517 in glslang::HlslGrammar::acceptConstructor(glslang::TIntermTyped*&) /src/glslang/glslang/HLSL/hlslGrammar.cpp:3526:15
    #189 0x55725a1ef4d4 in glslang::HlslGrammar::acceptPostfixExpression(glslang::TIntermTyped*&) /src/glslang/glslang/HLSL/hlslGrammar.cpp:3406:16
    #190 0x55725a1eed7e in glslang::HlslGrammar::acceptUnaryExpression(glslang::TIntermTyped*&) /src/glslang/glslang/HLSL/hlslGrammar.cpp:3350:16
    #191 0x55725a1ee637 in glslang::HlslGrammar::acceptBinaryExpression(glslang::TIntermTyped*&, glslang::PrecedenceLevel) /src/glslang/glslang/HLSL/hlslGrammar.cpp:3254:16
    #192 0x55725a1ee666 in glslang::HlslGrammar::acceptBinaryExpression(glslang::TIntermTyped*&, glslang::PrecedenceLevel) /src/glslang/glslang/HLSL/hlslGrammar.cpp:3257:11
    #193 0x55725a1ee666 in glslang::HlslGrammar::acceptBinaryExpression(glslang::TIntermTyped*&, glslang::PrecedenceLevel) /src/glslang/glslang/HLSL/hlslGrammar.cpp:3257:11
    #194 0x55725a1ee666 in glslang::HlslGrammar::acceptBinaryExpression(glslang::TIntermTyped*&, glslang::PrecedenceLevel) /src/glslang/glslang/HLSL/hlslGrammar.cpp:3257:11
    #195 0x55725a1ee666 in glslang::HlslGrammar::acceptBinaryExpression(glslang::TIntermTyped*&, glslang::PrecedenceLevel) /src/glslang/glslang/HLSL/hlslGrammar.cpp:3257:11
    #196 0x55725a1ee666 in glslang::HlslGrammar::acceptBinaryExpression(glslang::TIntermTyped*&, glslang::PrecedenceLevel) /src/glslang/glslang/HLSL/hlslGrammar.cpp:3257:11
    #197 0x55725a1ee666 in glslang::HlslGrammar::acceptBinaryExpression(glslang::TIntermTyped*&, glslang::PrecedenceLevel) /src/glslang/glslang/HLSL/hlslGrammar.cpp:3257:11
    #198 0x55725a1ee666 in glslang::HlslGrammar::acceptBinaryExpression(glslang::TIntermTyped*&, glslang::PrecedenceLevel) /src/glslang/glslang/HLSL/hlslGrammar.cpp:3257:11
    #199 0x55725a1ee666 in glslang::HlslGrammar::acceptBinaryExpression(glslang::TIntermTyped*&, glslang::PrecedenceLevel) /src/glslang/glslang/HLSL/hlslGrammar.cpp:3257:11
    #200 0x55725a1ee666 in glslang::HlslGrammar::acceptBinaryExpression(glslang::TIntermTyped*&, glslang::PrecedenceLevel) /src/glslang/glslang/HLSL/hlslGrammar.cpp:3257:11
    #201 0x55725a1ee666 in glslang::HlslGrammar::acceptBinaryExpression(glslang::TIntermTyped*&, glslang::PrecedenceLevel) /src/glslang/glslang/HLSL/hlslGrammar.cpp:3257:11
    #202 0x55725a1ee666 in glslang::HlslGrammar::acceptBinaryExpression(glslang::TIntermTyped*&, glslang::PrecedenceLevel) /src/glslang/glslang/HLSL/hlslGrammar.cpp:3257:11
    #203 0x55725a1dfb84 in glslang::HlslGrammar::acceptConditionalExpression(glslang::TIntermTyped*&) /src/glslang/glslang/HLSL/hlslGrammar.cpp:3204:11
    #204 0x55725a1db6ea in glslang::HlslGrammar::acceptAssignmentExpression(glslang::TIntermTyped*&) /src/glslang/glslang/HLSL/hlslGrammar.cpp:3158:11
    #205 0x55725a1f11b7 in glslang::HlslGrammar::acceptArguments(glslang::TFunction*, glslang::TIntermTyped*&) /src/glslang/glslang/HLSL/hlslGrammar.cpp:3612:15
    #206 0x55725a1f0517 in glslang::HlslGrammar::acceptConstructor(glslang::TIntermTyped*&) /src/glslang/glslang/HLSL/hlslGrammar.cpp:3526:15
    #207 0x55725a1ef4d4 in glslang::HlslGrammar::acceptPostfixExpression(glslang::TIntermTyped*&) /src/glslang/glslang/HLSL/hlslGrammar.cpp:3406:16
    #208 0x55725a1eed7e in glslang::HlslGrammar::acceptUnaryExpression(glslang::TIntermTyped*&) /src/glslang/glslang/HLSL/hlslGrammar.cpp:3350:16
    #209 0x55725a1ee637 in glslang::HlslGrammar::acceptBinaryExpression(glslang::TIntermTyped*&, glslang::PrecedenceLevel) /src/glslang/glslang/HLSL/hlslGrammar.cpp:3254:16
    #210 0x55725a1ee666 in glslang::HlslGrammar::acceptBinaryExpression(glslang::TIntermTyped*&, glslang::PrecedenceLevel) /src/glslang/glslang/HLSL/hlslGrammar.cpp:3257:11
    #211 0x55725a1ee666 in glslang::HlslGrammar::acceptBinaryExpression(glslang::TIntermTyped*&, glslang::PrecedenceLevel) /src/glslang/glslang/HLSL/hlslGrammar.cpp:3257:11
    #212 0x55725a1ee666 in glslang::HlslGrammar::acceptBinaryExpression(glslang::TIntermTyped*&, glslang::PrecedenceLevel) /src/glslang/glslang/HLSL/hlslGrammar.cpp:3257:11
    #213 0x55725a1ee666 in glslang::HlslGrammar::acceptBinaryExpression(glslang::TIntermTyped*&, glslang::PrecedenceLevel) /src/glslang/glslang/HLSL/hlslGrammar.cpp:3257:11
    #214 0x55725a1ee666 in glslang::HlslGrammar::acceptBinaryExpression(glslang::TIntermTyped*&, glslang::PrecedenceLevel) /src/glslang/glslang/HLSL/hlslGrammar.cpp:3257:11
    #215 0x55725a1ee666 in glslang::HlslGrammar::acceptBinaryExpression(glslang::TIntermTyped*&, glslang::PrecedenceLevel) /src/glslang/glslang/HLSL/hlslGrammar.cpp:3257:11
    #216 0x55725a1ee666 in glslang::HlslGrammar::acceptBinaryExpression(glslang::TIntermTyped*&, glslang::PrecedenceLevel) /src/glslang/glslang/HLSL/hlslGrammar.cpp:3257:11
    #217 0x55725a1ee666 in glslang::HlslGrammar::acceptBinaryExpression(glslang::TIntermTyped*&, glslang::PrecedenceLevel) /src/glslang/glslang/HLSL/hlslGrammar.cpp:3257:11
    #218 0x55725a1ee666 in glslang::HlslGrammar::acceptBinaryExpression(glslang::TIntermTyped*&, glslang::PrecedenceLevel) /src/glslang/glslang/HLSL/hlslGrammar.cpp:3257:11
    #219 0x55725a1ee666 in glslang::HlslGrammar::acceptBinaryExpression(glslang::TIntermTyped*&, glslang::PrecedenceLevel) /src/glslang/glslang/HLSL/hlslGrammar.cpp:3257:11
    #220 0x55725a1ee666 in glslang::HlslGrammar::acceptBinaryExpression(glslang::TIntermTyped*&, glslang::PrecedenceLevel) /src/glslang/glslang/HLSL/hlslGrammar.cpp:3257:11
    #221 0x55725a1dfb84 in glslang::HlslGrammar::acceptConditionalExpression(glslang::TIntermTyped*&) /src/glslang/glslang/HLSL/hlslGrammar.cpp:3204:11
    #222 0x55725a1db6ea in glslang::HlslGrammar::acceptAssignmentExpression(glslang::TIntermTyped*&) /src/glslang/glslang/HLSL/hlslGrammar.cpp:3158:11
    #223 0x55725a1f11b7 in glslang::HlslGrammar::acceptArguments(glslang::TFunction*, glslang::TIntermTyped*&) /src/glslang/glslang/HLSL/hlslGrammar.cpp:3612:15
    #224 0x55725a1f0517 in glslang::HlslGrammar::acceptConstructor(glslang::TIntermTyped*&) /src/glslang/glslang/HLSL/hlslGrammar.cpp:3526:15
    #225 0x55725a1ef4d4 in glslang::HlslGrammar::acceptPostfixExpression(glslang::TIntermTyped*&) /src/glslang/glslang/HLSL/hlslGrammar.cpp:3406:16
    #226 0x55725a1eed7e in glslang::HlslGrammar::acceptUnaryExpression(glslang::TIntermTyped*&) /src/glslang/glslang/HLSL/hlslGrammar.cpp:3350:16
    #227 0x55725a1ee637 in glslang::HlslGrammar::acceptBinaryExpression(glslang::TIntermTyped*&, glslang::PrecedenceLevel) /src/glslang/glslang/HLSL/hlslGrammar.cpp:3254:16
    #228 0x55725a1ee666 in glslang::HlslGrammar::acceptBinaryExpression(glslang::TIntermTyped*&, glslang::PrecedenceLevel) /src/glslang/glslang/HLSL/hlslGrammar.cpp:3257:11
    #229 0x55725a1ee666 in glslang::HlslGrammar::acceptBinaryExpression(glslang::TIntermTyped*&, glslang::PrecedenceLevel) /src/glslang/glslang/HLSL/hlslGrammar.cpp:3257:11
    #230 0x55725a1ee666 in glslang::HlslGrammar::acceptBinaryExpression(glslang::TIntermTyped*&, glslang::PrecedenceLevel) /src/glslang/glslang/HLSL/hlslGrammar.cpp:3257:11
    #231 0x55725a1ee666 in glslang::HlslGrammar::acceptBinaryExpression(glslang::TIntermTyped*&, glslang::PrecedenceLevel) /src/glslang/glslang/HLSL/hlslGrammar.cpp:3257:11
    #232 0x55725a1ee666 in glslang::HlslGrammar::acceptBinaryExpression(glslang::TIntermTyped*&, glslang::PrecedenceLevel) /src/glslang/glslang/HLSL/hlslGrammar.cpp:3257:11
    #233 0x55725a1ee666 in glslang::HlslGrammar::acceptBinaryExpression(glslang::TIntermTyped*&, glslang::PrecedenceLevel) /src/glslang/glslang/HLSL/hlslGrammar.cpp:3257:11
    #234 0x55725a1ee666 in glslang::HlslGrammar::acceptBinaryExpression(glslang::TIntermTyped*&, glslang::PrecedenceLevel) /src/glslang/glslang/HLSL/hlslGrammar.cpp:3257:11
    #235 0x55725a1ee666 in glslang::HlslGrammar::acceptBinaryExpression(glslang::TIntermTyped*&, glslang::PrecedenceLevel) /src/glslang/glslang/HLSL/hlslGrammar.cpp:3257:11
    #236 0x55725a1ee666 in glslang::HlslGrammar::acceptBinaryExpression(glslang::TIntermTyped*&, glslang::PrecedenceLevel) /src/glslang/glslang/HLSL/hlslGrammar.cpp:3257:11
    #237 0x55725a1ee666 in glslang::HlslGrammar::acceptBinaryExpression(glslang::TIntermTyped*&, glslang::PrecedenceLevel) /src/glslang/glslang/HLSL/hlslGrammar.cpp:3257:11
    #238 0x55725a1ee666 in glslang::HlslGrammar::acceptBinaryExpression(glslang::TIntermTyped*&, glslang::PrecedenceLevel) /src/glslang/glslang/HLSL/hlslGrammar.cpp:3257:11
    #239 0x55725a1dfb84 in glslang::HlslGrammar::acceptConditionalExpression(glslang::TIntermTyped*&) /src/glslang/glslang/HLSL/hlslGrammar.cpp:3204:11
    #240 0x55725a1db6ea in glslang::HlslGrammar::acceptAssignmentExpression(glslang::TIntermTyped*&) /src/glslang/glslang/HLSL/hlslGrammar.cpp:3158:11
    #241 0x55725a1f11b7 in glslang::HlslGrammar::acceptArguments(glslang::TFunction*, glslang::TIntermTyped*&) /src/glslang/glslang/HLSL/hlslGrammar.cpp:3612:15
    #242 0x55725a1f0517 in glslang::HlslGrammar::acceptConstructor(glslang::TIntermTyped*&) /src/glslang/glslang/HLSL/hlslGrammar.cpp:3526:15
    #243 0x55725a1ef4d4 in glslang::HlslGrammar::acceptPostfixExpression(glslang::TIntermTyped*&) /src/glslang/glslang/HLSL/hlslGrammar.cpp:3406:16
    #244 0x55725a1eed7e in glslang::HlslGrammar::acceptUnaryExpression(glslang::TIntermTyped*&) /src/glslang/glslang/HLSL/hlslGrammar.cpp:3350:16
    #245 0x55725a1ee637 in glslang::HlslGrammar::acceptBinaryExpression(glslang::TIntermTyped*&, glslang::PrecedenceLevel) /src/glslang/glslang/HLSL/hlslGrammar.cpp:3254:16
    #246 0x55725a1ee666 in glslang::HlslGrammar::acceptBinaryExpression(glslang::TIntermTyped*&, glslang::PrecedenceLevel) /src/glslang/glslang/HLSL/hlslGrammar.cpp:3257:11
    #247 0x55725a1ee666 in glslang::HlslGrammar::acceptBinaryExpression(glslang::TIntermTyped*&, glslang::PrecedenceLevel) /src/glslang/glslang/HLSL/hlslGrammar.cpp:3257:11
    #248 0x55725a1ee666 in glslang::HlslGrammar::acceptBinaryExpression(glslang::TIntermTyped*&, glslang::PrecedenceLevel) /src/glslang/glslang/HLSL/hlslGrammar.cpp:3257:11
    #249 0x55725a1ee666 in glslang::HlslGrammar::acceptBinaryExpression(glslang::TIntermTyped*&, glslang::PrecedenceLevel) /src/glslang/glslang/HLSL/hlslGrammar.cpp:3257:11
    #250 0x55725a1ee666 in glslang::HlslGrammar::acceptBinaryExpression(glslang::TIntermTyped*&, glslang::PrecedenceLevel) /src/glslang/glslang/HLSL/hlslGrammar.cpp:3257:11
    #251 0x55725a1ee666 in glslang::HlslGrammar::acceptBinaryExpression(glslang::TIntermTyped*&, glslang::PrecedenceLevel) /src/glslang/glslang/HLSL/hlslGrammar.cpp:3257:11
    #252 0x55725a1ee666 in glslang::HlslGrammar::acceptBinaryExpression(glslang::TIntermTyped*&, glslang::PrecedenceLevel) /src/glslang/glslang/HLSL/hlslGrammar.cpp:3257:11

DEDUP_TOKEN: __is_long--__get_pointer--data
AddressSanitizer can not provide additional info.
SUMMARY: AddressSanitizer: SEGV /src/glslang/glslang/MachineIndependent/../Include/Common.h:255:22 in getFilename
==14==ABORTING
INFO:__main__:Running: docker run --privileged --shm-size=2g --platform linux/amd64 --rm -i -e HELPER=True -e ARCHITECTURE=x86_64 -v /mnt/sdb/oss-fuzz/oss-fuzz/build/out/glslang:/out -v /mnt/sdb/oss-fuzz/oss-fuzz/build/out/glslang/testcase/testcase_42538128:/testcase -t gcr.io/oss-fuzz-base/base-runner reproduce compile_fuzzer -runs=100.

==================================================
PoC Triggered: YES
