tittle:docker-client:RegistryAuthFuzzer: Security exception in com.spotify.docker.client.shaded.com.fasterxml.jackson.databind.util.TokenBuffer
status:Verified
type:Vulnerability
commit_url:https://github.com/spotify/docker-client/commit/9a7c3b4994be9a55988f821f7177029201ff6aef
commit_url_new:https://github.com/spotify/docker-client/commit/https://github.com/spotify/docker-client/commit/9a7c3b4994be9a55988f821f7177029201ff6aef
module:docker-client
target:RegistryAuthFuzzer
have 1 changed files:['jump get_diff!']
==================================================
error running command: python infra/helper.py reproduce docker-client RegistryAuthFuzzer build/out/docker-client/testcase/testcase_42538586
+ FUZZER=RegistryAuthFuzzer
+ shift
+ '[' '!' -v TESTCASE ']'
+ TESTCASE=/testcase
+ '[' '!' -f /testcase ']'
+ export RUN_FUZZER_MODE=interactive
+ RUN_FUZZER_MODE=interactive
+ export FUZZING_ENGINE=libfuzzer
+ FUZZING_ENGINE=libfuzzer
+ export SKIP_SEED_CORPUS=1
+ SKIP_SEED_CORPUS=1
+ run_fuzzer RegistryAuthFuzzer -runs=100 /testcase
vm.mmap_rnd_bits = 28
/out/RegistryAuthFuzzer -rss_limit_mb=2560 -timeout=25 -runs=100 /testcase < /dev/null
OpenJDK 64-Bit Server VM warning: Option CriticalJNINatives was deprecated in version 16.0 and will likely be removed in a future release.
OpenJDK 64-Bit Server VM warning: Sharing is only supported for boot loader classes because bootstrap classpath has been appended
INFO: Loaded 379 hooks from com.code_intelligence.jazzer.runtime.TraceCmpHooks
INFO: Loaded 5 hooks from com.code_intelligence.jazzer.runtime.TraceDivHooks
INFO: Loaded 2 hooks from com.code_intelligence.jazzer.runtime.TraceIndirHooks
INFO: Loaded 4 hooks from com.code_intelligence.jazzer.runtime.NativeLibHooks
INFO: Loaded 2 hooks from com.code_intelligence.jazzer.sanitizers.ClojureLangHooks
INFO: Loaded 5 hooks from com.code_intelligence.jazzer.sanitizers.Deserialization
INFO: Loaded 5 hooks from com.code_intelligence.jazzer.sanitizers.ExpressionLanguageInjection
INFO: Loaded 70 hooks from com.code_intelligence.jazzer.sanitizers.LdapInjection
INFO: Loaded 46 hooks from com.code_intelligence.jazzer.sanitizers.NamingContextLookup
INFO: Loaded 1 hooks from com.code_intelligence.jazzer.sanitizers.OsCommandInjection
INFO: Loaded 48 hooks from com.code_intelligence.jazzer.sanitizers.ReflectiveCall
INFO: Loaded 8 hooks from com.code_intelligence.jazzer.sanitizers.RegexInjection
INFO: Loaded 16 hooks from com.code_intelligence.jazzer.sanitizers.RegexRoadblocks
INFO: Loaded 12 hooks from com.code_intelligence.jazzer.sanitizers.ScriptEngineInjection
INFO: Loaded 5 hooks from com.code_intelligence.jazzer.sanitizers.ServerSideRequestForgery
INFO: Loaded 19 hooks from com.code_intelligence.jazzer.sanitizers.SqlInjection
INFO: Loaded 6 hooks from com.code_intelligence.jazzer.sanitizers.XPathInjection
INFO: Instrumented RegistryAuthFuzzer (took 138 ms, size +15%)
INFO: using inputs from: /testcase
INFO: found LLVMFuzzerCustomMutator (0x7f898c1f3a00). Disabling -len_control by default.
INFO: libFuzzer ignores flags that start with '--'
INFO: Running with entropic power schedule (0xFF, 100).
INFO: Seed: 901755128
INFO: Loaded 1 modules   (512 inline 8-bit counters): 512 [0x5655223542d0, 0x5655223544d0), 
INFO: Loaded 1 PC tables (512 PCs): 512 [0x565522121790,0x565522123790), 
jazzer: Running 1 inputs 100 time(s) each.
Running: /testcase
INFO: Instrumented com.spotify.docker.client.DockerConfigReader (took 84 ms, size +20%)
INFO: Instrumented org.slf4j.LoggerFactory (took 64 ms, size +17%)
INFO: Instrumented org.slf4j.ILoggerFactory (took 3 ms, size +0%)
INFO: Instrumented org.slf4j.event.LoggingEvent (took 2 ms, size +0%)
INFO: Instrumented org.slf4j.helpers.SubstituteLoggerFactory (took 10 ms, size +18%)
INFO: Instrumented org.slf4j.Logger (took 3 ms, size +0%)
INFO: Instrumented org.slf4j.helpers.NOPLoggerFactory (took 3 ms, size +17%)
INFO: Instrumented org.slf4j.helpers.Util (took 10 ms, size +32%)
SLF4J: Failed to load class "org.slf4j.impl.StaticLoggerBinder".
SLF4J: Defaulting to no-operation (NOP) logger implementation
SLF4J: See http://www.slf4j.org/codes.html#StaticLoggerBinder for further details.
INFO: Instrumented org.slf4j.helpers.NOPLogger (took 40 ms, size +9%)
INFO: Instrumented org.slf4j.helpers.MarkerIgnoringBase (took 39 ms, size +6%)
INFO: Instrumented org.slf4j.helpers.NamedLoggerBase (took 5 ms, size +13%)
INFO: Instrumented com.spotify.docker.client.ObjectMapperProvider (took 16 ms, size +4%)
INFO: Instrumented com.spotify.docker.client.shaded.javax.ws.rs.ext.ContextResolver (took 1 ms, size +0%)
INFO: Instrumented com.spotify.docker.client.shaded.com.google.common.base.Function (took 3 ms, size +0%)
INFO: Instrumented com.spotify.docker.client.shaded.com.fasterxml.jackson.databind.JsonSerializer (took 12 ms, size +3%)
INFO: Instrumented com.spotify.docker.client.shaded.com.fasterxml.jackson.databind.jsonFormatVisitors.JsonFormatVisitable (took 1 ms, size +0%)
INFO: Instrumented com.spotify.docker.client.ObjectMapperProvider$SetSerializer (took 4 ms, size +5%)
INFO: Instrumented com.spotify.docker.client.shaded.com.fasterxml.jackson.databind.JsonDeserializer (took 15 ms, size +4%)
INFO: Instrumented com.spotify.docker.client.shaded.com.fasterxml.jackson.databind.deser.NullValueProvider (took 1 ms, size +0%)
INFO: Instrumented com.spotify.docker.client.ObjectMapperProvider$SetDeserializer (took 4 ms, size +5%)
INFO: Instrumented com.spotify.docker.client.ObjectMapperProvider$ImmutableSetSerializer (took 4 ms, size +5%)
INFO: Instrumented com.spotify.docker.client.ObjectMapperProvider$ImmutableSetDeserializer (took 4 ms, size +5%)
INFO: Instrumented com.spotify.docker.client.shaded.com.fasterxml.jackson.databind.Module (took 2 ms, size +10%)
INFO: Instrumented com.spotify.docker.client.shaded.com.fasterxml.jackson.core.Versioned (took 1 ms, size +0%)
INFO: New number of coverage counters: 1024
INFO: Instrumented com.spotify.docker.client.shaded.com.fasterxml.jackson.datatype.guava.GuavaModule (took 8 ms, size +9%)
INFO: Instrumented com.spotify.docker.client.shaded.com.fasterxml.jackson.databind.module.SimpleModule (took 61 ms, size +6%)
INFO: Instrumented com.spotify.docker.client.ObjectMapperProvider$1 (took 5 ms, size +11%)
INFO: Instrumented com.spotify.docker.client.shaded.com.fasterxml.jackson.databind.ser.Serializers (took 4 ms, size +0%)
INFO: Instrumented com.spotify.docker.client.shaded.com.fasterxml.jackson.databind.deser.Deserializers (took 3 ms, size +0%)
INFO: Instrumented com.spotify.docker.client.shaded.com.fasterxml.jackson.databind.deser.KeyDeserializers (took 0 ms, size +0%)
INFO: Instrumented com.spotify.docker.client.shaded.com.fasterxml.jackson.databind.AbstractTypeResolver (took 4 ms, size +7%)
INFO: Instrumented com.spotify.docker.client.shaded.com.fasterxml.jackson.databind.module.SimpleAbstractTypeResolver (took 7 ms, size +13%)
INFO: Instrumented com.spotify.docker.client.shaded.com.fasterxml.jackson.databind.deser.ValueInstantiators (took 1 ms, size +0%)
INFO: Instrumented com.spotify.docker.client.shaded.com.fasterxml.jackson.core.Version (took 22 ms, size +40%)
INFO: New number of coverage counters: 2048
INFO: Instrumented com.spotify.docker.client.shaded.com.fasterxml.jackson.databind.ObjectMapper (took 196 ms, size +5%)
INFO: Instrumented com.spotify.docker.client.shaded.com.fasterxml.jackson.core.ObjectCodec (took 7 ms, size +2%)
INFO: Instrumented com.spotify.docker.client.shaded.com.fasterxml.jackson.core.TreeCodec (took 2 ms, size +7%)
INFO: Instrumented com.spotify.docker.client.shaded.com.fasterxml.jackson.core.JsonFactory (took 73 ms, size +9%)
INFO: Instrumented com.spotify.docker.client.shaded.com.fasterxml.jackson.databind.MappingJsonFactory (took 13 ms, size +6%)
INFO: Instrumented com.spotify.docker.client.shaded.com.fasterxml.jackson.databind.jsontype.SubtypeResolver (took 11 ms, size +3%)
INFO: Instrumented com.spotify.docker.client.shaded.com.fasterxml.jackson.databind.jsontype.impl.StdSubtypeResolver (took 30 ms, size +20%)
INFO: Instrumented com.spotify.docker.client.shaded.com.fasterxml.jackson.databind.ser.DefaultSerializerProvider (took 37 ms, size +10%)
INFO: New number of coverage counters: 4096
INFO: Instrumented com.spotify.docker.client.shaded.com.fasterxml.jackson.databind.SerializerProvider (took 116 ms, size +6%)
INFO: Instrumented com.spotify.docker.client.shaded.com.fasterxml.jackson.databind.DatabindContext (took 33 ms, size +9%)
INFO: Instrumented com.spotify.docker.client.shaded.com.fasterxml.jackson.databind.ser.DefaultSerializerProvider$Impl (took 15 ms, size +5%)
INFO: Instrumented com.spotify.docker.client.shaded.com.fasterxml.jackson.databind.deser.DeserializerFactory (took 5 ms, size +1%)
INFO: Instrumented com.spotify.docker.client.shaded.com.fasterxml.jackson.databind.deser.BeanDeserializerFactory (took 98 ms, size +10%)
INFO: Instrumented com.spotify.docker.client.shaded.com.fasterxml.jackson.databind.deser.BasicDeserializerFactory (took 116 ms, size +10%)
INFO: Instrumented com.spotify.docker.client.shaded.com.fasterxml.jackson.databind.deser.DefaultDeserializationContext (took 18 ms, size +9%)
INFO: Instrumented com.spotify.docker.client.shaded.com.fasterxml.jackson.databind.DeserializationContext (took 85 ms, size +5%)
INFO: Instrumented com.spotify.docker.client.shaded.com.fasterxml.jackson.databind.deser.DefaultDeserializationContext$Impl (took 7 ms, size +3%)
INFO: Instrumented com.spotify.docker.client.shaded.com.fasterxml.jackson.databind.ser.SerializerFactory (took 1 ms, size +4%)
INFO: New number of coverage counters: 8192
INFO: Instrumented com.spotify.docker.client.shaded.com.fasterxml.jackson.databind.ser.BeanSerializerFactory (took 42 ms, size +9%)
INFO: Instrumented com.spotify.docker.client.shaded.com.fasterxml.jackson.databind.ser.BasicSerializerFactory (took 52 ms, size +7%)
INFO: Instrumented com.spotify.docker.client.shaded.com.fasterxml.jackson.databind.JavaType (took 29 ms, size +9%)
INFO: Instrumented com.spotify.docker.client.shaded.com.fasterxml.jackson.core.type.ResolvedType (took 3 ms, size +8%)
INFO: Instrumented com.spotify.docker.client.shaded.com.fasterxml.jackson.databind.type.SimpleType (took 22 ms, size +8%)
INFO: Instrumented com.spotify.docker.client.shaded.com.fasterxml.jackson.databind.type.TypeBase (took 15 ms, size +8%)
INFO: Instrumented com.spotify.docker.client.shaded.com.fasterxml.jackson.databind.JsonSerializable (took 0 ms, size +0%)
INFO: Instrumented com.spotify.docker.client.shaded.com.fasterxml.jackson.databind.AnnotationIntrospector (took 57 ms, size +3%)
INFO: Instrumented com.spotify.docker.client.shaded.com.fasterxml.jackson.databind.introspect.JacksonAnnotationIntrospector (took 62 ms, size +8%)
INFO: Instrumented com.spotify.docker.client.shaded.com.fasterxml.jackson.databind.util.StdDateFormat (took 30 ms, size +22%)
INFO: Instrumented com.spotify.docker.client.shaded.com.fasterxml.jackson.databind.Module$SetupContext (took 1 ms, size +0%)
INFO: Instrumented com.spotify.docker.client.shaded.com.fasterxml.jackson.databind.introspect.ClassIntrospector (took 1 ms, size +4%)
INFO: Instrumented com.spotify.docker.client.shaded.com.fasterxml.jackson.databind.introspect.BasicClassIntrospector (took 13 ms, size +9%)
INFO: Instrumented com.spotify.docker.client.shaded.com.fasterxml.jackson.databind.introspect.VisibilityChecker (took 0 ms, size +0%)
INFO: Instrumented com.spotify.docker.client.shaded.com.fasterxml.jackson.databind.jsontype.TypeResolverBuilder (took 0 ms, size +0%)
INFO: Instrumented com.spotify.docker.client.shaded.com.fasterxml.jackson.databind.JsonNode (took 27 ms, size +8%)
INFO: Instrumented com.spotify.docker.client.shaded.com.fasterxml.jackson.core.TreeNode (took 0 ms, size +0%)
INFO: Instrumented com.spotify.docker.client.shaded.com.fasterxml.jackson.databind.JsonSerializable$Base (took 1 ms, size +12%)
INFO: Instrumented com.spotify.docker.client.shaded.com.fasterxml.jackson.databind.node.NullNode (took 4 ms, size +6%)
INFO: Instrumented com.spotify.docker.client.shaded.com.fasterxml.jackson.databind.node.ValueNode (took 10 ms, size +4%)
INFO: Instrumented com.spotify.docker.client.shaded.com.fasterxml.jackson.databind.node.BaseJsonNode (took 2 ms, size +4%)
INFO: Instrumented com.spotify.docker.client.shaded.com.fasterxml.jackson.core.JsonParser (took 29 ms, size +8%)
INFO: Instrumented com.spotify.docker.client.shaded.com.fasterxml.jackson.databind.node.TreeTraversingParser (took 17 ms, size +11%)
INFO: Instrumented com.spotify.docker.client.shaded.com.fasterxml.jackson.core.base.ParserMinimalBase (took 33 ms, size +17%)
INFO: Instrumented com.spotify.docker.client.shaded.com.fasterxml.jackson.core.JsonProcessingException (took 42 ms, size +10%)
INFO: Instrumented com.spotify.docker.client.shaded.com.fasterxml.jackson.core.JsonGenerator (took 40 ms, size +12%)
INFO: Instrumented com.spotify.docker.client.shaded.com.fasterxml.jackson.databind.util.TokenBuffer (took 48 ms, size +11%)
INFO: Instrumented com.spotify.docker.client.shaded.com.fasterxml.jackson.core.io.SegmentedStringWriter (took 8 ms, size +7%)
INFO: Instrumented com.spotify.docker.client.shaded.com.fasterxml.jackson.databind.JsonMappingException (took 18 ms, size +8%)
INFO: Instrumented com.spotify.docker.client.shaded.com.fasterxml.jackson.core.util.ByteArrayBuilder (took 13 ms, size +15%)
INFO: Instrumented com.spotify.docker.client.shaded.com.fasterxml.jackson.databind.exc.MismatchedInputException (took 4 ms, size +4%)
INFO: Instrumented com.spotify.docker.client.shaded.com.fasterxml.jackson.databind.type.TypeBindings (took 16 ms, size +20%)
INFO: Instrumented com.spotify.docker.client.shaded.com.fasterxml.jackson.databind.introspect.AnnotationIntrospectorPair (took 65 ms, size +8%)
INFO: Instrumented com.spotify.docker.client.shaded.com.fasterxml.jackson.databind.introspect.NopAnnotationIntrospector (took 4 ms, size +10%)
INFO: Instrumented com.spotify.docker.client.shaded.com.fasterxml.jackson.databind.introspect.Annotated (took 3 ms, size +6%)
INFO: Instrumented com.spotify.docker.client.shaded.com.fasterxml.jackson.databind.introspect.AnnotatedClass (took 16 ms, size +4%)
INFO: Instrumented com.spotify.docker.client.shaded.com.fasterxml.jackson.databind.introspect.TypeResolutionContext (took 1 ms, size +0%)
INFO: Instrumented com.spotify.docker.client.shaded.com.fasterxml.jackson.databind.introspect.AnnotatedMember (took 5 ms, size +5%)
INFO: Instrumented com.spotify.docker.client.shaded.com.fasterxml.jackson.databind.type.MapLikeType (took 17 ms, size +8%)
INFO: New number of coverage counters: 16384
INFO: Instrumented com.spotify.docker.client.shaded.com.fasterxml.jackson.databind.introspect.AnnotatedMethod (took 23 ms, size +14%)
INFO: Instrumented com.spotify.docker.client.shaded.com.fasterxml.jackson.databind.introspect.AnnotatedWithParams (took 5 ms, size +8%)
INFO: Instrumented com.spotify.docker.client.shaded.com.fasterxml.jackson.databind.introspect.VirtualAnnotatedMember (took 7 ms, size +18%)
INFO: Instrumented com.spotify.docker.client.shaded.com.fasterxml.jackson.databind.introspect.BeanPropertyDefinition (took 8 ms, size +10%)
INFO: Instrumented com.spotify.docker.client.shaded.com.fasterxml.jackson.databind.util.Named (took 1 ms, size +0%)
INFO: Instrumented com.spotify.docker.client.shaded.com.fasterxml.jackson.databind.util.SimpleBeanPropertyDefinition (took 19 ms, size +9%)
INFO: Instrumented com.spotify.docker.client.shaded.com.fasterxml.jackson.databind.ser.BeanPropertyWriter (took 33 ms, size +11%)
INFO: Instrumented com.spotify.docker.client.shaded.com.fasterxml.jackson.databind.ser.PropertyWriter (took 2 ms, size +4%)
INFO: Instrumented com.spotify.docker.client.shaded.com.fasterxml.jackson.databind.introspect.ConcreteBeanPropertyBase (took 5 ms, size +6%)
INFO: Instrumented com.spotify.docker.client.shaded.com.fasterxml.jackson.databind.BeanProperty (took 1 ms, size +3%)
INFO: Instrumented com.spotify.docker.client.shaded.com.fasterxml.jackson.databind.ser.VirtualBeanPropertyWriter (took 8 ms, size +9%)
INFO: Instrumented com.spotify.docker.client.shaded.com.fasterxml.jackson.databind.ser.impl.AttributePropertyWriter (took 4 ms, size +2%)
INFO: Instrumented com.spotify.docker.client.shaded.com.fasterxml.jackson.databind.annotation.JsonSerialize (took 1 ms, size +0%)
INFO: Instrumented com.spotify.docker.client.shaded.com.fasterxml.jackson.annotation.JsonView (took 0 ms, size +0%)
INFO: Instrumented com.spotify.docker.client.shaded.com.fasterxml.jackson.annotation.JsonFormat (took 0 ms, size +0%)
INFO: Instrumented com.spotify.docker.client.shaded.com.fasterxml.jackson.annotation.JsonTypeInfo (took 0 ms, size +0%)
INFO: Instrumented com.spotify.docker.client.shaded.com.fasterxml.jackson.annotation.JsonRawValue (took 0 ms, size +0%)
INFO: Instrumented com.spotify.docker.client.shaded.com.fasterxml.jackson.annotation.JsonUnwrapped (took 0 ms, size +0%)
INFO: Instrumented com.spotify.docker.client.shaded.com.fasterxml.jackson.annotation.JsonBackReference (took 0 ms, size +0%)
INFO: Instrumented com.spotify.docker.client.shaded.com.fasterxml.jackson.annotation.JsonManagedReference (took 1 ms, size +0%)
INFO: Instrumented com.spotify.docker.client.shaded.com.fasterxml.jackson.databind.annotation.JsonDeserialize (took 0 ms, size +0%)
INFO: Instrumented com.spotify.docker.client.shaded.com.fasterxml.jackson.annotation.JsonMerge (took 1 ms, size +0%)
INFO: Instrumented com.spotify.docker.client.shaded.com.fasterxml.jackson.databind.ext.Java7Support (took 3 ms, size +15%)
INFO: Instrumented com.spotify.docker.client.shaded.com.fasterxml.jackson.databind.ext.Java7SupportImpl (took 8 ms, size +10%)
INFO: Instrumented com.spotify.docker.client.shaded.com.fasterxml.jackson.databind.ext.NioPathSerializer (took 3 ms, size +4%)
INFO: Instrumented com.spotify.docker.client.shaded.com.fasterxml.jackson.databind.ser.std.StdScalarSerializer (took 3 ms, size +3%)
INFO: Instrumented com.spotify.docker.client.shaded.com.fasterxml.jackson.databind.ser.std.StdSerializer (took 22 ms, size +7%)
INFO: Instrumented com.spotify.docker.client.shaded.com.fasterxml.jackson.databind.jsonschema.SchemaAware (took 0 ms, size +0%)
INFO: Instrumented com.spotify.docker.client.shaded.com.fasterxml.jackson.databind.ext.NioPathDeserializer (took 8 ms, size +29%)
INFO: Instrumented com.spotify.docker.client.shaded.com.fasterxml.jackson.databind.deser.std.StdScalarDeserializer (took 6 ms, size +3%)
INFO: Instrumented com.spotify.docker.client.shaded.com.fasterxml.jackson.databind.deser.std.StdDeserializer (took 43 ms, size +14%)
INFO: Instrumented com.spotify.docker.client.shaded.com.fasterxml.jackson.databind.util.ClassUtil (took 42 ms, size +16%)
INFO: Instrumented com.spotify.docker.client.shaded.com.fasterxml.jackson.databind.util.ClassUtil$Ctor (took 3 ms, size +16%)
INFO: Instrumented com.spotify.docker.client.shaded.com.fasterxml.jackson.databind.util.LRUMap (took 7 ms, size +23%)
INFO: Instrumented com.spotify.docker.client.shaded.com.fasterxml.jackson.databind.cfg.BaseSettings (took 13 ms, size +5%)
INFO: Instrumented com.spotify.docker.client.shaded.com.fasterxml.jackson.databind.type.TypeFactory (took 47 ms, size +11%)
INFO: Instrumented com.spotify.docker.client.shaded.com.fasterxml.jackson.databind.type.ResolvedRecursiveType (took 8 ms, size +5%)
INFO: Instrumented com.spotify.docker.client.shaded.com.fasterxml.jackson.databind.type.ArrayType (took 13 ms, size +7%)
INFO: Instrumented com.spotify.docker.client.shaded.com.fasterxml.jackson.databind.type.MapType (took 13 ms, size +5%)
INFO: Instrumented com.spotify.docker.client.shaded.com.fasterxml.jackson.databind.type.PlaceholderForType (took 7 ms, size +4%)
INFO: Instrumented com.spotify.docker.client.shaded.com.fasterxml.jackson.databind.type.ReferenceType (took 18 ms, size +6%)
INFO: Instrumented com.spotify.docker.client.shaded.com.fasterxml.jackson.databind.type.CollectionType (took 10 ms, size +5%)
INFO: Instrumented com.spotify.docker.client.shaded.com.fasterxml.jackson.databind.type.CollectionLikeType (took 15 ms, size +7%)
INFO: Instrumented com.spotify.docker.client.shaded.com.fasterxml.jackson.databind.type.TypeParser (took 6 ms, size +19%)
INFO: Instrumented com.spotify.docker.client.shaded.com.fasterxml.jackson.core.Base64Variants (took 5 ms, size +54%)
INFO: Instrumented com.spotify.docker.client.shaded.com.fasterxml.jackson.core.Base64Variant (took 29 ms, size +18%)
INFO: Instrumented com.spotify.docker.client.shaded.com.fasterxml.jackson.core.SerializableString (took 1 ms, size +0%)
INFO: Instrumented com.spotify.docker.client.shaded.com.fasterxml.jackson.core.json.ReaderBasedJsonParser (took 158 ms, size +34%)
INFO: Instrumented com.spotify.docker.client.shaded.com.fasterxml.jackson.core.base.ParserBase (took 38 ms, size +18%)
INFO: Instrumented com.spotify.docker.client.shaded.com.fasterxml.jackson.core.json.UTF8DataInputJsonParser (took 82 ms, size +28%)
INFO: Instrumented com.spotify.docker.client.shaded.com.fasterxml.jackson.core.json.async.NonBlockingJsonParser (took 73 ms, size +30%)
INFO: Instrumented com.spotify.docker.client.shaded.com.fasterxml.jackson.core.async.ByteArrayFeeder (took 2 ms, size +0%)
INFO: Instrumented com.spotify.docker.client.shaded.com.fasterxml.jackson.core.async.NonBlockingInputFeeder (took 0 ms, size +0%)
INFO: Instrumented com.spotify.docker.client.shaded.com.fasterxml.jackson.core.json.async.NonBlockingJsonParserBase (took 28 ms, size +11%)
INFO: Instrumented com.spotify.docker.client.shaded.com.fasterxml.jackson.core.json.UTF8JsonGenerator (took 61 ms, size +25%)
INFO: Instrumented com.spotify.docker.client.shaded.com.fasterxml.jackson.core.json.JsonGeneratorImpl (took 7 ms, size +9%)
INFO: Instrumented com.spotify.docker.client.shaded.com.fasterxml.jackson.core.base.GeneratorBase (took 15 ms, size +11%)
INFO: Instrumented com.spotify.docker.client.shaded.com.fasterxml.jackson.core.io.UTF8Writer (took 14 ms, size +27%)
INFO: New number of coverage counters: 32768
INFO: Instrumented com.spotify.docker.client.shaded.com.fasterxml.jackson.core.json.WriterBasedJsonGenerator (took 57 ms, size +26%)
INFO: Instrumented com.spotify.docker.client.shaded.com.fasterxml.jackson.core.io.DataOutputAsStream (took 2 ms, size +11%)
INFO: Instrumented com.spotify.docker.client.shaded.com.fasterxml.jackson.core.JsonFactory$Feature (took 4 ms, size +17%)
INFO: Instrumented com.spotify.docker.client.shaded.com.fasterxml.jackson.core.JsonParser$Feature (took 5 ms, size +15%)
INFO: Instrumented com.spotify.docker.client.shaded.com.fasterxml.jackson.core.JsonGenerator$Feature (took 4 ms, size +16%)
INFO: Instrumented com.spotify.docker.client.shaded.com.fasterxml.jackson.core.util.DefaultPrettyPrinter (took 13 ms, size +13%)
INFO: Instrumented com.spotify.docker.client.shaded.com.fasterxml.jackson.core.PrettyPrinter (took 1 ms, size +7%)
INFO: Instrumented com.spotify.docker.client.shaded.com.fasterxml.jackson.core.util.Instantiatable (took 0 ms, size +0%)
INFO: Instrumented com.spotify.docker.client.shaded.com.fasterxml.jackson.core.util.DefaultPrettyPrinter$Indenter (took 0 ms, size +0%)
INFO: Instrumented com.spotify.docker.client.shaded.com.fasterxml.jackson.core.io.SerializedString (took 10 ms, size +24%)
INFO: Instrumented com.spotify.docker.client.shaded.com.fasterxml.jackson.core.sym.CharsToNameCanonicalizer (took 30 ms, size +12%)
INFO: Instrumented com.spotify.docker.client.shaded.com.fasterxml.jackson.core.sym.CharsToNameCanonicalizer$TableInfo (took 2 ms, size +6%)
INFO: Instrumented com.spotify.docker.client.shaded.com.fasterxml.jackson.core.sym.CharsToNameCanonicalizer$Bucket (took 2 ms, size +22%)
INFO: Instrumented com.spotify.docker.client.shaded.com.fasterxml.jackson.core.sym.ByteQuadsCanonicalizer (took 33 ms, size +22%)
INFO: Instrumented com.spotify.docker.client.shaded.com.fasterxml.jackson.core.sym.ByteQuadsCanonicalizer$TableInfo (took 2 ms, size +7%)
INFO: Instrumented com.spotify.docker.client.shaded.com.fasterxml.jackson.databind.util.RootNameLookup (took 2 ms, size +6%)
INFO: Instrumented com.spotify.docker.client.shaded.com.fasterxml.jackson.databind.introspect.SimpleMixInResolver (took 8 ms, size +14%)
INFO: Instrumented com.spotify.docker.client.shaded.com.fasterxml.jackson.databind.introspect.ClassIntrospector$MixInResolver (took 0 ms, size +0%)
INFO: Instrumented com.spotify.docker.client.shaded.com.fasterxml.jackson.databind.cfg.MapperConfig (took 15 ms, size +3%)
INFO: Instrumented com.spotify.docker.client.shaded.com.fasterxml.jackson.databind.DeserializationConfig (took 28 ms, size +7%)
INFO: Instrumented com.spotify.docker.client.shaded.com.fasterxml.jackson.databind.cfg.MapperConfigBase (took 28 ms, size +4%)
INFO: Instrumented com.spotify.docker.client.shaded.com.fasterxml.jackson.databind.BeanDescription (took 5 ms, size +4%)
INFO: Instrumented com.spotify.docker.client.shaded.com.fasterxml.jackson.databind.introspect.BasicBeanDescription (took 29 ms, size +12%)
INFO: Instrumented com.spotify.docker.client.shaded.com.fasterxml.jackson.databind.SerializationConfig (took 27 ms, size +8%)
INFO: Instrumented com.spotify.docker.client.shaded.com.fasterxml.jackson.databind.introspect.AnnotatedClassResolver (took 10 ms, size +9%)
INFO: Instrumented com.spotify.docker.client.shaded.com.fasterxml.jackson.databind.introspect.AnnotationCollector (took 2 ms, size +5%)
INFO: Instrumented com.spotify.docker.client.shaded.com.fasterxml.jackson.databind.util.Annotations (took 0 ms, size +0%)
INFO: Instrumented com.spotify.docker.client.shaded.com.fasterxml.jackson.databind.introspect.AnnotationCollector$EmptyCollector (took 2 ms, size +6%)
INFO: Instrumented com.spotify.docker.client.shaded.com.fasterxml.jackson.databind.introspect.AnnotationCollector$NoAnnotations (took 2 ms, size +7%)
INFO: Instrumented com.spotify.docker.client.shaded.com.fasterxml.jackson.databind.introspect.AnnotatedClass$Creators (took 0 ms, size +6%)
INFO: Instrumented com.spotify.docker.client.shaded.com.fasterxml.jackson.databind.introspect.AnnotatedParameter (took 9 ms, size +8%)
INFO: Instrumented com.spotify.docker.client.shaded.com.fasterxml.jackson.databind.cfg.ConfigOverrides (took 11 ms, size +10%)
INFO: Instrumented com.spotify.docker.client.shaded.com.fasterxml.jackson.annotation.JsonInclude$Value (took 14 ms, size +13%)
INFO: Instrumented com.spotify.docker.client.shaded.com.fasterxml.jackson.annotation.JacksonAnnotationValue (took 0 ms, size +0%)
INFO: Instrumented com.spotify.docker.client.shaded.com.fasterxml.jackson.annotation.JsonInclude$Include (took 2 ms, size +9%)
INFO: Instrumented com.spotify.docker.client.shaded.com.fasterxml.jackson.annotation.JsonSetter$Value (took 10 ms, size +12%)
INFO: Instrumented com.spotify.docker.client.shaded.com.fasterxml.jackson.annotation.Nulls (took 4 ms, size +10%)
INFO: Instrumented com.spotify.docker.client.shaded.com.fasterxml.jackson.databind.introspect.VisibilityChecker$Std (took 27 ms, size +6%)
INFO: Instrumented com.spotify.docker.client.shaded.com.fasterxml.jackson.annotation.JsonAutoDetect$Visibility (took 3 ms, size +14%)
INFO: Instrumented com.spotify.docker.client.shaded.com.fasterxml.jackson.annotation.JsonFormat$Value (took 25 ms, size +15%)
INFO: Instrumented com.spotify.docker.client.shaded.com.fasterxml.jackson.annotation.JsonFormat$Shape (took 4 ms, size +12%)
INFO: Instrumented com.spotify.docker.client.shaded.com.fasterxml.jackson.annotation.JsonFormat$Features (took 6 ms, size +17%)
INFO: Instrumented com.spotify.docker.client.shaded.com.fasterxml.jackson.databind.cfg.ConfigOverride (took 4 ms, size +4%)
INFO: Instrumented com.spotify.docker.client.shaded.com.fasterxml.jackson.databind.cfg.ConfigOverride$Empty (took 1 ms, size +16%)
INFO: Instrumented com.spotify.docker.client.shaded.com.fasterxml.jackson.databind.MapperFeature (took 4 ms, size +11%)
INFO: Instrumented com.spotify.docker.client.shaded.com.fasterxml.jackson.databind.cfg.ConfigFeature (took 0 ms, size +0%)
INFO: Instrumented com.spotify.docker.client.shaded.com.fasterxml.jackson.core.util.DefaultPrettyPrinter$FixedSpaceIndenter (took 2 ms, size +9%)
INFO: Instrumented com.spotify.docker.client.shaded.com.fasterxml.jackson.core.util.DefaultPrettyPrinter$NopIndenter (took 1 ms, size +9%)
INFO: Instrumented com.spotify.docker.client.shaded.com.fasterxml.jackson.core.util.DefaultIndenter (took 4 ms, size +33%)
INFO: Instrumented com.spotify.docker.client.shaded.com.fasterxml.jackson.core.util.Separators (took 4 ms, size +19%)
INFO: Instrumented com.spotify.docker.client.shaded.com.fasterxml.jackson.databind.cfg.ContextAttributes (took 1 ms, size +7%)
INFO: Instrumented com.spotify.docker.client.shaded.com.fasterxml.jackson.databind.cfg.ContextAttributes$Impl (took 5 ms, size +31%)
INFO: Instrumented com.spotify.docker.client.shaded.com.fasterxml.jackson.databind.SerializationFeature (took 55 ms, size +11%)
INFO: Instrumented com.spotify.docker.client.shaded.com.fasterxml.jackson.databind.DeserializationFeature (took 4 ms, size +11%)
INFO: Instrumented com.spotify.docker.client.shaded.com.fasterxml.jackson.databind.node.JsonNodeFactory (took 16 ms, size +7%)
INFO: Instrumented com.spotify.docker.client.shaded.com.fasterxml.jackson.databind.node.JsonNodeCreator (took 0 ms, size +0%)
INFO: Instrumented com.spotify.docker.client.shaded.com.fasterxml.jackson.databind.node.TextNode (took 10 ms, size +19%)
INFO: Instrumented com.spotify.docker.client.shaded.com.fasterxml.jackson.databind.node.BinaryNode (took 6 ms, size +20%)
INFO: Instrumented com.spotify.docker.client.shaded.com.fasterxml.jackson.databind.node.POJONode (took 8 ms, size +19%)
INFO: Instrumented com.spotify.docker.client.shaded.com.fasterxml.jackson.databind.node.BooleanNode (took 7 ms, size +16%)
INFO: Instrumented com.spotify.docker.client.shaded.com.fasterxml.jackson.databind.node.NumericNode (took 4 ms, size +7%)
INFO: Instrumented com.spotify.docker.client.shaded.com.fasterxml.jackson.databind.node.IntNode (took 11 ms, size +11%)
INFO: Instrumented com.spotify.docker.client.shaded.com.fasterxml.jackson.databind.node.BigIntegerNode (took 9 ms, size +21%)
INFO: Instrumented com.spotify.docker.client.shaded.com.fasterxml.jackson.databind.node.FloatNode (took 8 ms, size +13%)
INFO: Instrumented com.spotify.docker.client.shaded.com.fasterxml.jackson.databind.node.ShortNode (took 8 ms, size +11%)
INFO: Instrumented com.spotify.docker.client.shaded.com.fasterxml.jackson.databind.node.LongNode (took 9 ms, size +12%)
INFO: Instrumented com.spotify.docker.client.shaded.com.fasterxml.jackson.databind.node.DoubleNode (took 9 ms, size +12%)
INFO: Instrumented com.spotify.docker.client.shaded.com.fasterxml.jackson.databind.node.DecimalNode (took 9 ms, size +12%)
INFO: Instrumented com.spotify.docker.client.shaded.com.fasterxml.jackson.databind.ser.std.NullSerializer (took 3 ms, size +4%)
INFO: Instrumented com.spotify.docker.client.shaded.com.fasterxml.jackson.databind.ser.impl.FailingSerializer (took 2 ms, size +5%)
INFO: Instrumented com.spotify.docker.client.shaded.com.fasterxml.jackson.databind.ser.impl.UnknownSerializer (took 4 ms, size +6%)
INFO: Instrumented com.spotify.docker.client.shaded.com.fasterxml.jackson.databind.ser.impl.TypeWrappedSerializer (took 3 ms, size +6%)
INFO: Instrumented com.spotify.docker.client.shaded.com.fasterxml.jackson.databind.ser.ContextualSerializer (took 0 ms, size +0%)
INFO: Instrumented com.spotify.docker.client.shaded.com.fasterxml.jackson.databind.exc.InvalidDefinitionException (took 5 ms, size +4%)
INFO: Instrumented com.spotify.docker.client.shaded.com.fasterxml.jackson.databind.exc.InvalidTypeIdException (took 2 ms, size +6%)
INFO: Instrumented com.spotify.docker.client.shaded.com.fasterxml.jackson.databind.node.ObjectNode (took 43 ms, size +13%)
INFO: Instrumented com.spotify.docker.client.shaded.com.fasterxml.jackson.databind.node.ContainerNode (took 23 ms, size +3%)
INFO: Instrumented com.spotify.docker.client.shaded.com.fasterxml.jackson.databind.ser.std.StdDelegatingSerializer (took 11 ms, size +5%)
INFO: Instrumented com.spotify.docker.client.shaded.com.fasterxml.jackson.databind.ser.ResolvableSerializer (took 0 ms, size +0%)
INFO: Instrumented com.spotify.docker.client.shaded.com.fasterxml.jackson.databind.ser.SerializerCache (took 16 ms, size +15%)
INFO: Instrumented com.spotify.docker.client.shaded.com.fasterxml.jackson.databind.deser.impl.TypeWrappedDeserializer (took 5 ms, size +3%)
INFO: Instrumented com.spotify.docker.client.shaded.com.fasterxml.jackson.databind.exc.InvalidFormatException (took 4 ms, size +4%)
INFO: Instrumented com.spotify.docker.client.shaded.com.fasterxml.jackson.databind.exc.UnrecognizedPropertyException (took 3 ms, size +7%)
INFO: Instrumented com.spotify.docker.client.shaded.com.fasterxml.jackson.databind.exc.PropertyBindingException (took 5 ms, size +11%)
INFO: Instrumented com.spotify.docker.client.shaded.com.fasterxml.jackson.databind.deser.UnresolvedForwardReference (took 5 ms, size +7%)
INFO: Instrumented com.spotify.docker.client.shaded.com.fasterxml.jackson.databind.deser.std.UntypedObjectDeserializer (took 16 ms, size +10%)
INFO: Instrumented com.spotify.docker.client.shaded.com.fasterxml.jackson.databind.deser.ResolvableDeserializer (took 3 ms, size +0%)
INFO: Instrumented com.spotify.docker.client.shaded.com.fasterxml.jackson.databind.deser.ContextualDeserializer (took 0 ms, size +0%)
INFO: Instrumented com.spotify.docker.client.shaded.com.fasterxml.jackson.databind.deser.std.StringDeserializer (took 5 ms, size +8%)
INFO: Instrumented com.spotify.docker.client.shaded.com.fasterxml.jackson.databind.deser.std.MapEntryDeserializer (took 7 ms, size +4%)
INFO: Instrumented com.spotify.docker.client.shaded.com.fasterxml.jackson.databind.deser.std.ContainerDeserializerBase (took 6 ms, size +6%)
INFO: Instrumented com.spotify.docker.client.shaded.com.fasterxml.jackson.databind.deser.ValueInstantiator$Gettable (took 0 ms, size +0%)
INFO: Instrumented com.spotify.docker.client.shaded.com.fasterxml.jackson.databind.deser.std.TokenBufferDeserializer (took 2 ms, size +5%)
INFO: Instrumented com.spotify.docker.client.shaded.com.fasterxml.jackson.databind.deser.std.EnumDeserializer (took 9 ms, size +8%)
INFO: Instrumented com.spotify.docker.client.shaded.com.fasterxml.jackson.databind.deser.std.AtomicReferenceDeserializer (took 5 ms, size +3%)
INFO: Instrumented com.spotify.docker.client.shaded.com.fasterxml.jackson.databind.deser.std.ReferenceTypeDeserializer (took 6 ms, size +5%)
INFO: Instrumented com.spotify.docker.client.shaded.com.fasterxml.jackson.databind.deser.std.StringArrayDeserializer (took 10 ms, size +8%)
INFO: Instrumented com.spotify.docker.client.shaded.com.fasterxml.jackson.databind.deser.std.ObjectArrayDeserializer (took 12 ms, size +6%)
INFO: Instrumented com.spotify.docker.client.shaded.com.fasterxml.jackson.databind.deser.std.EnumSetDeserializer (took 8 ms, size +5%)
INFO: Instrumented com.spotify.docker.client.shaded.com.fasterxml.jackson.databind.deser.AbstractDeserializer (took 10 ms, size +8%)
INFO: Instrumented com.spotify.docker.client.shaded.com.fasterxml.jackson.databind.deser.std.ArrayBlockingQueueDeserializer (took 4 ms, size +3%)
INFO: Instrumented com.spotify.docker.client.shaded.com.fasterxml.jackson.databind.deser.std.CollectionDeserializer (took 12 ms, size +6%)
INFO: Instrumented com.spotify.docker.client.shaded.com.fasterxml.jackson.databind.deser.std.StringCollectionDeserializer (took 9 ms, size +6%)
INFO: Instrumented com.spotify.docker.client.shaded.com.fasterxml.jackson.databind.deser.std.EnumMapDeserializer (took 12 ms, size +5%)
INFO: Instrumented com.spotify.docker.client.shaded.com.fasterxml.jackson.databind.deser.std.MapDeserializer (took 21 ms, size +9%)
INFO: Instrumented com.spotify.docker.client.shaded.com.fasterxml.jackson.databind.introspect.AnnotatedConstructor (took 12 ms, size +11%)
INFO: Instrumented com.spotify.docker.client.shaded.com.fasterxml.jackson.databind.deser.SettableBeanProperty (took 20 ms, size +5%)
INFO: Instrumented com.spotify.docker.client.shaded.com.fasterxml.jackson.databind.deser.CreatorProperty (took 11 ms, size +3%)
INFO: Instrumented com.spotify.docker.client.shaded.com.fasterxml.jackson.databind.deser.ValueInstantiator (took 14 ms, size +15%)
INFO: Instrumented com.spotify.docker.client.shaded.com.fasterxml.jackson.databind.deser.std.JsonLocationInstantiator (took 3 ms, size +5%)
INFO: Instrumented com.spotify.docker.client.shaded.com.fasterxml.jackson.databind.deser.ValueInstantiator$Base (took 1 ms, size +9%)
INFO: Instrumented com.spotify.docker.client.shaded.com.fasterxml.jackson.databind.util.ConstantValueInstantiator (took 2 ms, size +9%)
INFO: Instrumented com.spotify.docker.client.shaded.com.fasterxml.jackson.databind.deser.impl.ErrorThrowingDeserializer (took 1 ms, size +8%)
INFO: Instrumented com.spotify.docker.client.shaded.com.fasterxml.jackson.databind.deser.std.ThrowableDeserializer (took 4 ms, size +16%)
INFO: Instrumented com.spotify.docker.client.shaded.com.fasterxml.jackson.databind.deser.BeanDeserializer (took 28 ms, size +11%)
INFO: Instrumented com.spotify.docker.client.shaded.com.fasterxml.jackson.databind.deser.BeanDeserializerBase (took 47 ms, size +9%)
INFO: Instrumented com.spotify.docker.client.shaded.com.fasterxml.jackson.annotation.ObjectIdGenerator (took 1 ms, size +5%)
INFO: Instrumented com.spotify.docker.client.shaded.com.fasterxml.jackson.databind.deser.impl.PropertyBasedObjectIdGenerator (took 2 ms, size +6%)
INFO: Instrumented com.spotify.docker.client.shaded.com.fasterxml.jackson.annotation.ObjectIdGenerators$PropertyGenerator (took 1 ms, size +8%)
INFO: Instrumented com.spotify.docker.client.shaded.com.fasterxml.jackson.annotation.ObjectIdGenerators$Base (took 2 ms, size +7%)
INFO: Instrumented com.spotify.docker.client.shaded.com.fasterxml.jackson.databind.deser.impl.MethodProperty (took 8 ms, size +10%)
INFO: Instrumented com.spotify.docker.client.shaded.com.fasterxml.jackson.databind.deser.impl.FieldProperty (took 8 ms, size +6%)
INFO: Instrumented com.spotify.docker.client.shaded.com.fasterxml.jackson.databind.deser.impl.SetterlessProperty (took 6 ms, size +6%)
INFO: Instrumented com.spotify.docker.client.shaded.com.fasterxml.jackson.databind.PropertyName (took 10 ms, size +30%)
INFO: Instrumented com.spotify.docker.client.shaded.com.fasterxml.jackson.databind.cfg.DeserializerFactoryConfig (took 8 ms, size +8%)
INFO: Instrumented com.spotify.docker.client.shaded.com.fasterxml.jackson.databind.deser.BeanDeserializerModifier (took 5 ms, size +1%)
INFO: Instrumented com.spotify.docker.client.shaded.com.fasterxml.jackson.databind.deser.std.StdKeyDeserializers (took 4 ms, size +6%)
INFO: Instrumented com.spotify.docker.client.shaded.com.fasterxml.jackson.databind.KeyDeserializer (took 0 ms, size +13%)
INFO: Instrumented com.spotify.docker.client.shaded.com.fasterxml.jackson.databind.deser.std.StdKeyDeserializer (took 8 ms, size +15%)
INFO: Instrumented com.spotify.docker.client.shaded.com.fasterxml.jackson.databind.deser.std.StdKeyDeserializer$StringCtorKeyDeserializer (took 1 ms, size +23%)
INFO: Instrumented com.spotify.docker.client.shaded.com.fasterxml.jackson.databind.deser.std.StdKeyDeserializer$StringFactoryKeyDeserializer (took 1 ms, size +26%)
INFO: Instrumented com.spotify.docker.client.shaded.com.fasterxml.jackson.databind.deser.std.StdKeyDeserializer$DelegatingKD (took 2 ms, size +4%)
INFO: Instrumented com.spotify.docker.client.shaded.com.fasterxml.jackson.databind.deser.std.StdKeyDeserializer$EnumKD (took 2 ms, size +10%)
INFO: Instrumented com.spotify.docker.client.shaded.com.fasterxml.jackson.databind.deser.DeserializerCache (took 14 ms, size +9%)
INFO: Instrumented com.spotify.docker.client.shaded.com.fasterxml.jackson.databind.deser.std.StdDelegatingDeserializer (took 7 ms, size +4%)
INFO: Instrumented com.spotify.docker.client.shaded.com.fasterxml.jackson.databind.ser.std.JsonValueSerializer (took 8 ms, size +6%)
INFO: Instrumented com.spotify.docker.client.shaded.com.fasterxml.jackson.databind.ser.impl.IteratorSerializer (took 7 ms, size +5%)
INFO: Instrumented com.spotify.docker.client.shaded.com.fasterxml.jackson.databind.ser.std.AsArraySerializerBase (took 9 ms, size +6%)
INFO: Instrumented com.spotify.docker.client.shaded.com.fasterxml.jackson.databind.ser.ContainerSerializer (took 2 ms, size +4%)
INFO: Instrumented com.spotify.docker.client.shaded.com.fasterxml.jackson.databind.ser.std.IterableSerializer (took 6 ms, size +6%)
INFO: Instrumented com.spotify.docker.client.shaded.com.fasterxml.jackson.databind.ser.std.MapSerializer (took 34 ms, size +11%)
INFO: Instrumented com.spotify.docker.client.shaded.com.fasterxml.jackson.databind.ser.std.CollectionSerializer (took 13 ms, size +5%)
INFO: Instrumented com.spotify.docker.client.shaded.com.fasterxml.jackson.databind.ser.impl.IndexedStringListSerializer (took 12 ms, size +5%)
INFO: Instrumented com.spotify.docker.client.shaded.com.fasterxml.jackson.databind.ser.std.StaticListSerializerBase (took 7 ms, size +5%)
INFO: Instrumented com.spotify.docker.client.shaded.com.fasterxml.jackson.databind.ser.impl.StringCollectionSerializer (took 6 ms, size +6%)
INFO: Instrumented com.spotify.docker.client.shaded.com.fasterxml.jackson.databind.ser.std.SerializableSerializer (took 4 ms, size +5%)
INFO: Instrumented com.spotify.docker.client.shaded.com.fasterxml.jackson.databind.ser.std.CalendarSerializer (took 4 ms, size +9%)
INFO: Instrumented com.spotify.docker.client.shaded.com.fasterxml.jackson.databind.ser.std.DateTimeSerializerBase (took 6 ms, size +10%)
INFO: Instrumented com.spotify.docker.client.shaded.com.fasterxml.jackson.databind.ser.std.DateSerializer (took 6 ms, size +10%)
INFO: Instrumented com.spotify.docker.client.shaded.com.fasterxml.jackson.databind.ser.std.ByteBufferSerializer (took 4 ms, size +8%)
INFO: Instrumented com.spotify.docker.client.shaded.com.fasterxml.jackson.databind.ser.std.InetAddressSerializer (took 7 ms, size +15%)
INFO: Instrumented com.spotify.docker.client.shaded.com.fasterxml.jackson.databind.ser.std.InetSocketAddressSerializer (took 5 ms, size +19%)
INFO: Instrumented com.spotify.docker.client.shaded.com.fasterxml.jackson.databind.ser.std.TimeZoneSerializer (took 4 ms, size +4%)
INFO: Instrumented com.spotify.docker.client.shaded.com.fasterxml.jackson.databind.ser.std.ToStringSerializer (took 7 ms, size +3%)
INFO: Instrumented com.spotify.docker.client.shaded.com.fasterxml.jackson.databind.ser.std.NumberSerializer (took 79 ms, size +7%)
INFO: Instrumented com.spotify.docker.client.shaded.com.fasterxml.jackson.databind.ser.impl.MapEntrySerializer (took 16 ms, size +7%)
INFO: Instrumented com.spotify.docker.client.shaded.com.fasterxml.jackson.databind.ser.std.EnumSerializer (took 9 ms, size +6%)
INFO: Instrumented com.spotify.docker.client.shaded.com.fasterxml.jackson.databind.ser.impl.StringArraySerializer (took 12 ms, size +7%)
INFO: Instrumented com.spotify.docker.client.shaded.com.fasterxml.jackson.databind.ser.std.ArraySerializerBase (took 6 ms, size +6%)
INFO: Instrumented com.spotify.docker.client.shaded.com.fasterxml.jackson.databind.ser.std.ObjectArraySerializer (took 13 ms, size +6%)
INFO: Instrumented com.spotify.docker.client.shaded.com.fasterxml.jackson.databind.ser.std.EnumSetSerializer (took 6 ms, size +6%)
INFO: Instrumented com.spotify.docker.client.shaded.com.fasterxml.jackson.databind.ser.impl.IndexedListSerializer (took 10 ms, size +7%)
INFO: Instrumented com.spotify.docker.client.shaded.com.fasterxml.jackson.databind.ser.std.ReferenceTypeSerializer (took 11 ms, size +8%)
INFO: Instrumented com.spotify.docker.client.shaded.com.fasterxml.jackson.databind.ser.BeanSerializer (took 6 ms, size +4%)
INFO: Instrumented com.spotify.docker.client.shaded.com.fasterxml.jackson.databind.ser.std.BeanSerializerBase (took 26 ms, size +9%)
INFO: Instrumented com.spotify.docker.client.shaded.com.fasterxml.jackson.databind.introspect.AnnotatedField (took 11 ms, size +7%)
INFO: Instrumented com.spotify.docker.client.shaded.com.fasterxml.jackson.databind.ser.impl.PropertyBasedObjectIdGenerator (took 3 ms, size +5%)
INFO: Instrumented com.spotify.docker.client.shaded.com.fasterxml.jackson.databind.ser.std.StringSerializer (took 3 ms, size +8%)
INFO: Instrumented com.spotify.docker.client.shaded.com.fasterxml.jackson.databind.ser.std.NumberSerializers (took 1 ms, size +6%)
INFO: Instrumented com.spotify.docker.client.shaded.com.fasterxml.jackson.databind.ser.std.NumberSerializers$IntegerSerializer (took 3 ms, size +3%)
INFO: Instrumented com.spotify.docker.client.shaded.com.fasterxml.jackson.databind.ser.std.NumberSerializers$Base (took 2 ms, size +6%)
INFO: Instrumented com.spotify.docker.client.shaded.com.fasterxml.jackson.core.JsonParser$NumberType (took 2 ms, size +7%)
INFO: Instrumented com.spotify.docker.client.shaded.com.fasterxml.jackson.databind.ser.std.NumberSerializers$LongSerializer (took 2 ms, size +4%)
INFO: Instrumented com.spotify.docker.client.shaded.com.fasterxml.jackson.databind.ser.std.NumberSerializers$IntLikeSerializer (took 3 ms, size +4%)
INFO: Instrumented com.spotify.docker.client.shaded.com.fasterxml.jackson.databind.ser.std.NumberSerializers$ShortSerializer (took 3 ms, size +4%)
INFO: Instrumented com.spotify.docker.client.shaded.com.fasterxml.jackson.databind.ser.std.NumberSerializers$DoubleSerializer (took 2 ms, size +3%)
INFO: Instrumented com.spotify.docker.client.shaded.com.fasterxml.jackson.databind.ser.std.NumberSerializers$FloatSerializer (took 3 ms, size +4%)
INFO: Instrumented com.spotify.docker.client.shaded.com.fasterxml.jackson.databind.ser.std.BooleanSerializer (took 4 ms, size +6%)
INFO: Instrumented com.spotify.docker.client.shaded.com.fasterxml.jackson.databind.ser.std.BooleanSerializer$AsNumber (took 2 ms, size +6%)
INFO: Instrumented com.spotify.docker.client.shaded.com.fasterxml.jackson.databind.ser.std.StdJdkSerializers (took 1 ms, size +6%)
INFO: Instrumented com.spotify.docker.client.shaded.com.fasterxml.jackson.databind.ser.std.UUIDSerializer (took 5 ms, size +14%)
INFO: Instrumented com.spotify.docker.client.shaded.com.fasterxml.jackson.databind.ser.std.StdJdkSerializers$AtomicBooleanSerializer (took 2 ms, size +3%)
INFO: Instrumented com.spotify.docker.client.shaded.com.fasterxml.jackson.databind.ser.std.StdJdkSerializers$AtomicIntegerSerializer (took 2 ms, size +3%)
INFO: Instrumented com.spotify.docker.client.shaded.com.fasterxml.jackson.databind.ser.std.StdJdkSerializers$AtomicLongSerializer (took 2 ms, size +3%)
INFO: Instrumented com.spotify.docker.client.shaded.com.fasterxml.jackson.databind.ser.std.FileSerializer (took 2 ms, size +4%)
INFO: Instrumented com.spotify.docker.client.shaded.com.fasterxml.jackson.databind.ser.std.ClassSerializer (took 2 ms, size +4%)
INFO: Instrumented com.spotify.docker.client.shaded.com.fasterxml.jackson.databind.ser.std.SqlDateSerializer (took 4 ms, size +9%)
INFO: Instrumented com.spotify.docker.client.shaded.com.fasterxml.jackson.databind.ser.std.SqlTimeSerializer (took 2 ms, size +3%)
INFO: Instrumented com.spotify.docker.client.shaded.com.fasterxml.jackson.databind.ser.std.TokenBufferSerializer (took 3 ms, size +3%)
INFO: Instrumented com.spotify.docker.client.shaded.com.fasterxml.jackson.databind.cfg.SerializerFactoryConfig (took 6 ms, size +10%)
INFO: Instrumented com.spotify.docker.client.shaded.com.fasterxml.jackson.databind.ser.BeanSerializerModifier (took 5 ms, size +2%)
INFO: Instrumented com.spotify.docker.client.shaded.com.fasterxml.jackson.databind.module.SimpleSerializers (took 8 ms, size +11%)
INFO: Instrumented com.spotify.docker.client.shaded.com.fasterxml.jackson.databind.ser.Serializers$Base (took 3 ms, size +1%)
INFO: Instrumented com.spotify.docker.client.shaded.com.fasterxml.jackson.databind.type.ClassKey (took 3 ms, size +24%)
INFO: Instrumented com.spotify.docker.client.shaded.com.fasterxml.jackson.databind.module.SimpleDeserializers (took 10 ms, size +7%)
INFO: Instrumented com.spotify.docker.client.shaded.com.google.common.collect.ImmutableSet (took 13 ms, size +10%)
INFO: Instrumented com.spotify.docker.client.shaded.com.google.common.collect.ImmutableCollection (took 6 ms, size +8%)
INFO: Instrumented com.spotify.docker.client.shaded.com.fasterxml.jackson.databind.type.TypeModifier (took 0 ms, size +12%)
INFO: Instrumented com.spotify.docker.client.shaded.com.fasterxml.jackson.datatype.guava.GuavaTypeModifier (took 1 ms, size +10%)
INFO: Instrumented com.spotify.docker.client.shaded.com.fasterxml.jackson.datatype.guava.ser.GuavaBeanSerializerModifier (took 1 ms, size +11%)
INFO: Instrumented com.spotify.docker.client.shaded.com.fasterxml.jackson.datatype.guava.PackageVersion (took 2 ms, size +9%)
WARN: Some hooks could not be applied to class files built for Java 7 or lower.
                       Ensure that the fuzz target and its dependencies are compiled with
                       -target 8 or higher to identify as many bugs as possible.
INFO: Instrumented com.spotify.docker.client.shaded.com.fasterxml.jackson.core.util.VersionUtil (took 6 ms, size +23%)
INFO: Instrumented com.spotify.docker.client.shaded.com.fasterxml.jackson.databind.ObjectMapper$1 (took 12 ms, size +2%)
INFO: Instrumented com.spotify.docker.client.shaded.com.fasterxml.jackson.datatype.guava.GuavaDeserializers (took 7 ms, size +7%)
INFO: Instrumented com.spotify.docker.client.shaded.com.fasterxml.jackson.databind.deser.Deserializers$Base (took 11 ms, size +1%)
INFO: Instrumented com.spotify.docker.client.shaded.com.fasterxml.jackson.datatype.guava.deser.RangeDeserializer (took 10 ms, size +12%)
INFO: Instrumented com.spotify.docker.client.shaded.com.fasterxml.jackson.datatype.guava.deser.HostAndPortDeserializer (took 3 ms, size +4%)
INFO: Instrumented com.spotify.docker.client.shaded.com.fasterxml.jackson.databind.deser.std.FromStringDeserializer (took 4 ms, size +8%)
INFO: Instrumented com.spotify.docker.client.shaded.com.fasterxml.jackson.datatype.guava.deser.InternetDomainNameDeserializer (took 1 ms, size +6%)
INFO: Instrumented com.spotify.docker.client.shaded.com.fasterxml.jackson.datatype.guava.deser.HashCodeDeserializer (took 2 ms, size +6%)
INFO: Instrumented com.spotify.docker.client.shaded.com.fasterxml.jackson.datatype.guava.deser.GuavaOptionalDeserializer (took 4 ms, size +3%)
INFO: Instrumented com.spotify.docker.client.shaded.com.fasterxml.jackson.datatype.guava.deser.ImmutableListDeserializer (took 2 ms, size +3%)
INFO: Instrumented com.spotify.docker.client.shaded.com.fasterxml.jackson.datatype.guava.deser.GuavaImmutableCollectionDeserializer (took 3 ms, size +3%)
INFO: Instrumented com.spotify.docker.client.shaded.com.fasterxml.jackson.datatype.guava.deser.GuavaCollectionDeserializer (took 2 ms, size +5%)
INFO: Instrumented com.spotify.docker.client.shaded.com.fasterxml.jackson.datatype.guava.deser.ImmutableSortedMultisetDeserializer (took 3 ms, size +3%)
INFO: Instrumented com.spotify.docker.client.shaded.com.fasterxml.jackson.datatype.guava.deser.ImmutableMultisetDeserializer (took 1 ms, size +3%)
INFO: Instrumented com.spotify.docker.client.shaded.com.fasterxml.jackson.datatype.guava.deser.ImmutableSortedSetDeserializer (took 2 ms, size +3%)
INFO: Instrumented com.spotify.docker.client.shaded.com.fasterxml.jackson.datatype.guava.deser.ImmutableSetDeserializer (took 2 ms, size +3%)
INFO: Instrumented com.spotify.docker.client.shaded.com.fasterxml.jackson.datatype.guava.deser.TreeMultisetDeserializer (took 2 ms, size +3%)
INFO: Instrumented com.spotify.docker.client.shaded.com.fasterxml.jackson.datatype.guava.deser.GuavaMultisetDeserializer (took 3 ms, size +3%)
INFO: Instrumented com.spotify.docker.client.shaded.com.fasterxml.jackson.datatype.guava.deser.LinkedHashMultisetDeserializer (took 1 ms, size +3%)
INFO: Instrumented com.spotify.docker.client.shaded.com.fasterxml.jackson.datatype.guava.deser.HashMultisetDeserializer (took 2 ms, size +3%)
INFO: Instrumented com.spotify.docker.client.shaded.com.fasterxml.jackson.datatype.guava.deser.ImmutableSortedMapDeserializer (took 1 ms, size +2%)
INFO: Instrumented com.spotify.docker.client.shaded.com.fasterxml.jackson.datatype.guava.deser.GuavaImmutableMapDeserializer (took 2 ms, size +3%)
INFO: Instrumented com.spotify.docker.client.shaded.com.fasterxml.jackson.datatype.guava.deser.GuavaMapDeserializer (took 2 ms, size +4%)
INFO: Instrumented com.spotify.docker.client.shaded.com.fasterxml.jackson.datatype.guava.deser.ImmutableBiMapDeserializer (took 1 ms, size +3%)
INFO: Instrumented com.spotify.docker.client.shaded.com.fasterxml.jackson.datatype.guava.deser.ImmutableMapDeserializer (took 2 ms, size +3%)
INFO: Instrumented com.spotify.docker.client.shaded.com.fasterxml.jackson.datatype.guava.deser.multimap.list.ArrayListMultimapDeserializer (took 2 ms, size +2%)
INFO: Instrumented com.spotify.docker.client.shaded.com.fasterxml.jackson.datatype.guava.deser.multimap.GuavaMultimapDeserializer (took 10 ms, size +7%)
INFO: Instrumented com.spotify.docker.client.shaded.com.fasterxml.jackson.datatype.guava.deser.multimap.list.LinkedListMultimapDeserializer (took 2 ms, size +2%)
INFO: Instrumented com.spotify.docker.client.shaded.com.fasterxml.jackson.datatype.guava.deser.multimap.set.LinkedHashMultimapDeserializer (took 2 ms, size +2%)
INFO: Instrumented com.spotify.docker.client.shaded.com.fasterxml.jackson.datatype.guava.deser.multimap.set.HashMultimapDeserializer (took 2 ms, size +2%)
INFO: Instrumented com.spotify.docker.client.shaded.com.fasterxml.jackson.databind.util.ArrayBuilders (took 6 ms, size +11%)
INFO: Instrumented com.spotify.docker.client.shaded.com.fasterxml.jackson.datatype.guava.GuavaSerializers (took 8 ms, size +5%)
INFO: Instrumented com.spotify.docker.client.shaded.com.fasterxml.jackson.datatype.guava.ser.RangeSerializer (took 7 ms, size +6%)
INFO: Instrumented com.spotify.docker.client.shaded.com.fasterxml.jackson.datatype.guava.ser.TableSerializer (took 8 ms, size +4%)
INFO: Instrumented com.spotify.docker.client.shaded.com.fasterxml.jackson.databind.util.Converter (took 0 ms, size +0%)
INFO: Instrumented com.spotify.docker.client.shaded.com.fasterxml.jackson.datatype.guava.ser.GuavaOptionalSerializer (took 4 ms, size +5%)
INFO: Instrumented com.spotify.docker.client.shaded.com.fasterxml.jackson.datatype.guava.ser.MultimapSerializer (took 14 ms, size +6%)
INFO: Instrumented com.spotify.docker.client.shaded.com.google.common.base.Preconditions (took 47 ms, size +15%)
INFO: Instrumented com.spotify.docker.client.DockerConfig (took 1 ms, size +4%)
INFO: Instrumented com.spotify.docker.client.shaded.com.fasterxml.jackson.core.io.IOContext (took 11 ms, size +13%)
INFO: Instrumented com.spotify.docker.client.shaded.com.fasterxml.jackson.core.util.BufferRecyclers (took 5 ms, size +22%)
INFO: Instrumented com.spotify.docker.client.shaded.com.fasterxml.jackson.core.util.BufferRecycler (took 5 ms, size +16%)
INFO: Instrumented com.spotify.docker.client.shaded.com.fasterxml.jackson.core.json.ByteSourceJsonBootstrapper (took 14 ms, size +18%)
INFO: Instrumented com.spotify.docker.client.shaded.com.fasterxml.jackson.core.json.UTF8StreamJsonParser (took 93 ms, size +32%)
INFO: Instrumented com.spotify.docker.client.shaded.com.fasterxml.jackson.core.io.MergedStream (took 5 ms, size +22%)
INFO: Instrumented com.spotify.docker.client.shaded.com.fasterxml.jackson.core.io.UTF32Reader (took 7 ms, size +20%)
INFO: Instrumented com.spotify.docker.client.shaded.com.fasterxml.jackson.core.JsonEncoding (took 3 ms, size +8%)
INFO: Instrumented com.spotify.docker.client.shaded.com.fasterxml.jackson.core.JsonParseException (took 5 ms, size +5%)
INFO: Instrumented com.spotify.docker.client.shaded.com.fasterxml.jackson.core.io.JsonEOFException (took 1 ms, size +8%)
INFO: Instrumented com.spotify.docker.client.shaded.com.fasterxml.jackson.core.JsonStreamContext (took 8 ms, size +14%)
INFO: Instrumented com.spotify.docker.client.shaded.com.fasterxml.jackson.core.json.JsonReadContext (took 8 ms, size +10%)
INFO: Instrumented com.spotify.docker.client.shaded.com.fasterxml.jackson.core.io.CharTypes (took 7 ms, size +21%)
INFO: Instrumented com.spotify.docker.client.shaded.com.fasterxml.jackson.core.util.TextBuffer (took 26 ms, size +25%)
INFO: Instrumented com.spotify.docker.client.shaded.com.fasterxml.jackson.databind.type.ClassStack (took 4 ms, size +12%)
INFO: Instrumented com.spotify.docker.client.shaded.com.google.common.collect.Multimap (took 1 ms, size +0%)
INFO: Instrumented com.spotify.docker.client.shaded.com.google.common.base.Optional (took 2 ms, size +4%)
INFO: Instrumented com.spotify.docker.client.shaded.com.fasterxml.jackson.core.JsonToken (took 6 ms, size +20%)
INFO: Instrumented com.spotify.docker.client.shaded.com.fasterxml.jackson.databind.introspect.AnnotationCollector$OneCollector (took 2 ms, size +5%)
INFO: Instrumented com.spotify.docker.client.shaded.com.fasterxml.jackson.annotation.JsonAutoDetect (took 1 ms, size +0%)
INFO: Instrumented com.spotify.docker.client.shaded.com.fasterxml.jackson.annotation.JacksonAnnotation (took 0 ms, size +0%)
INFO: Instrumented com.spotify.docker.client.shaded.com.fasterxml.jackson.databind.introspect.AnnotationCollector$NCollector (took 4 ms, size +18%)
INFO: Instrumented com.spotify.docker.client.shaded.com.fasterxml.jackson.annotation.JacksonAnnotationsInside (took 0 ms, size +0%)
INFO: Instrumented com.spotify.docker.client.shaded.com.fasterxml.jackson.databind.introspect.AnnotationCollector$OneAnnotation (took 4 ms, size +13%)
INFO: Instrumented com.spotify.docker.client.shaded.com.fasterxml.jackson.databind.introspect.POJOPropertiesCollector (took 32 ms, size +16%)
INFO: Instrumented com.spotify.docker.client.shaded.com.fasterxml.jackson.annotation.JsonIdentityInfo (took 0 ms, size +0%)
INFO: Instrumented com.spotify.docker.client.shaded.com.fasterxml.jackson.databind.util.ArrayIterator (took 2 ms, size +18%)
INFO: Instrumented com.spotify.docker.client.shaded.com.google.common.collect.Range (took 25 ms, size +12%)
INFO: Instrumented com.spotify.docker.client.shaded.com.google.common.base.Predicate (took 0 ms, size +0%)
INFO: Instrumented com.spotify.docker.client.shaded.com.google.common.net.HostAndPort (took 9 ms, size +32%)
INFO: Instrumented com.spotify.docker.client.shaded.com.google.common.net.InternetDomainName (took 14 ms, size +22%)
INFO: Instrumented com.spotify.docker.client.shaded.com.google.common.hash.HashCode (took 8 ms, size +16%)
INFO: Instrumented com.spotify.docker.client.shaded.com.fasterxml.jackson.databind.ext.OptionalHandlerFactory (took 6 ms, size +22%)
INFO: Instrumented org.w3c.dom.Node (took 0 ms, size +0%)
INFO: Instrumented org.w3c.dom.Document (took 0 ms, size +0%)
INFO: Instrumented com.spotify.docker.client.shaded.com.fasterxml.jackson.databind.deser.std.JdkDeserializers (took 2 ms, size +12%)
INFO: Instrumented com.spotify.docker.client.shaded.com.fasterxml.jackson.databind.deser.std.FromStringDeserializer$Std (took 4 ms, size +32%)
INFO: Instrumented com.spotify.docker.client.shaded.com.fasterxml.jackson.databind.deser.std.UUIDDeserializer (took 8 ms, size +12%)
INFO: Instrumented com.spotify.docker.client.shaded.com.fasterxml.jackson.databind.deser.std.StackTraceElementDeserializer (took 5 ms, size +32%)
INFO: Instrumented com.spotify.docker.client.shaded.com.fasterxml.jackson.databind.deser.std.AtomicBooleanDeserializer (took 1 ms, size +5%)
INFO: Instrumented com.spotify.docker.client.shaded.com.fasterxml.jackson.databind.deser.std.ByteBufferDeserializer (took 2 ms, size +4%)
INFO: Instrumented com.spotify.docker.client.shaded.com.fasterxml.jackson.databind.deser.std.NullifyingDeserializer (took 2 ms, size +9%)
INFO: Instrumented com.spotify.docker.client.shaded.com.fasterxml.jackson.databind.jsontype.impl.SubTypeValidator (took 3 ms, size +29%)
INFO: Instrumented com.spotify.docker.client.shaded.com.fasterxml.jackson.databind.annotation.JsonValueInstantiator (took 0 ms, size +0%)
INFO: Instrumented com.spotify.docker.client.shaded.com.fasterxml.jackson.core.JsonLocation (took 7 ms, size +30%)
INFO: Instrumented com.spotify.docker.client.shaded.com.fasterxml.jackson.databind.deser.impl.CreatorCollector (took 60 ms, size +11%)
INFO: Instrumented com.spotify.docker.client.shaded.com.fasterxml.jackson.databind.deser.std.StdValueInstantiator (took 24 ms, size +10%)
INFO: Instrumented com.spotify.docker.client.shaded.com.fasterxml.jackson.databind.introspect.AnnotatedFieldCollector (took 5 ms, size +10%)
INFO: Instrumented com.spotify.docker.client.shaded.com.fasterxml.jackson.databind.introspect.CollectorBase (took 5 ms, size +19%)
INFO: Instrumented com.spotify.docker.client.shaded.com.fasterxml.jackson.databind.introspect.AnnotationMap (took 6 ms, size +28%)
INFO: Instrumented com.spotify.docker.client.shaded.com.fasterxml.jackson.databind.introspect.TypeResolutionContext$Basic (took 1 ms, size +6%)
INFO: Instrumented com.spotify.docker.client.AutoValue_DockerConfig (took 7 ms, size +32%)
INFO: Instrumented com.spotify.docker.client.shaded.com.fasterxml.jackson.databind.introspect.AnnotatedMethodCollector (took 8 ms, size +18%)
INFO: Instrumented com.spotify.docker.client.shaded.com.google.common.collect.ImmutableMap (took 17 ms, size +6%)
INFO: Instrumented com.spotify.docker.client.shaded.com.fasterxml.jackson.databind.introspect.MemberKey (took 4 ms, size +32%)
INFO: Instrumented com.spotify.docker.client.shaded.com.fasterxml.jackson.annotation.JsonProperty (took 1 ms, size +0%)
INFO: Instrumented com.spotify.docker.client.shaded.com.fasterxml.jackson.annotation.JsonProperty$Access (took 2 ms, size +8%)
INFO: Instrumented com.spotify.docker.client.shaded.com.fasterxml.jackson.databind.introspect.AnnotatedMethodCollector$MethodBuilder (took 4 ms, size +5%)
INFO: Instrumented com.spotify.docker.client.shaded.com.fasterxml.jackson.databind.introspect.AnnotatedMethodMap (took 7 ms, size +15%)
INFO: Instrumented com.spotify.docker.client.shaded.com.fasterxml.jackson.annotation.JsonAnyGetter (took 0 ms, size +0%)
INFO: Instrumented com.spotify.docker.client.shaded.com.fasterxml.jackson.annotation.JsonValue (took 0 ms, size +0%)
INFO: Instrumented com.spotify.docker.client.shaded.com.fasterxml.jackson.annotation.JsonGetter (took 0 ms, size +0%)
INFO: Instrumented com.spotify.docker.client.shaded.com.fasterxml.jackson.core.util.InternCache (took 2 ms, size +38%)
INFO: Instrumented com.spotify.docker.client.shaded.com.fasterxml.jackson.databind.util.BeanUtil (took 7 ms, size +43%)
INFO: Instrumented com.spotify.docker.client.shaded.com.fasterxml.jackson.annotation.JsonIgnore (took 0 ms, size +0%)
INFO: Instrumented com.spotify.docker.client.shaded.com.fasterxml.jackson.databind.introspect.POJOPropertyBuilder (took 43 ms, size +13%)
INFO: Instrumented com.spotify.docker.client.shaded.com.fasterxml.jackson.databind.introspect.POJOPropertyBuilder$WithMember (took 0 ms, size +0%)
INFO: Instrumented com.spotify.docker.client.shaded.com.fasterxml.jackson.databind.AnnotationIntrospector$ReferenceProperty (took 3 ms, size +8%)
INFO: Instrumented com.spotify.docker.client.shaded.com.fasterxml.jackson.databind.AnnotationIntrospector$ReferenceProperty$Type (took 2 ms, size +7%)
INFO: Instrumented com.spotify.docker.client.shaded.com.fasterxml.jackson.databind.introspect.POJOPropertyBuilder$Linked (took 5 ms, size +13%)
INFO: Instrumented com.spotify.docker.client.shaded.com.fasterxml.jackson.databind.introspect.AnnotatedCreatorCollector (took 12 ms, size +12%)
INFO: Instrumented com.spotify.docker.client.shaded.com.fasterxml.jackson.annotation.JsonCreator (took 0 ms, size +0%)
INFO: Instrumented com.spotify.docker.client.shaded.com.fasterxml.jackson.annotation.JsonCreator$Mode (took 2 ms, size +8%)
INFO: Instrumented com.spotify.docker.client.messages.RegistryAuth (took 7 ms, size +8%)
INFO: Instrumented com.spotify.docker.client.shaded.com.fasterxml.jackson.databind.type.TypeBindings$TypeParamStash (took 3 ms, size +10%)
INFO: Instrumented com.spotify.docker.client.shaded.com.fasterxml.jackson.databind.type.TypeBindings$AsKey (took 2 ms, size +18%)
INFO: Instrumented com.spotify.docker.client.shaded.com.fasterxml.jackson.annotation.JsonSetter (took 0 ms, size +0%)
INFO: Instrumented com.spotify.docker.client.shaded.com.fasterxml.jackson.databind.introspect.POJOPropertyBuilder$9 (took 2 ms, size +4%)
INFO: New number of coverage counters: 65536
INFO: Instrumented com.spotify.docker.client.shaded.com.fasterxml.jackson.databind.introspect.POJOPropertyBuilder$10 (took 2 ms, size +15%)
INFO: Instrumented com.spotify.docker.client.shaded.com.fasterxml.jackson.databind.annotation.JsonNaming (took 0 ms, size +0%)
INFO: Instrumented com.spotify.docker.client.shaded.com.fasterxml.jackson.annotation.JsonPropertyOrder (took 0 ms, size +0%)
INFO: Instrumented com.spotify.docker.client.shaded.com.fasterxml.jackson.databind.introspect.POJOPropertyBuilder$MemberIterator (took 5 ms, size +7%)
INFO: Instrumented com.spotify.docker.client.shaded.com.fasterxml.jackson.databind.deser.BasicDeserializerFactory$1 (took 1 ms, size +15%)
INFO: Instrumented com.spotify.docker.client.shaded.com.fasterxml.jackson.databind.deser.impl.CreatorCandidate (took 6 ms, size +11%)
INFO: Instrumented com.spotify.docker.client.shaded.com.fasterxml.jackson.databind.deser.impl.CreatorCandidate$Param (took 1 ms, size +7%)
INFO: Instrumented com.spotify.docker.client.shaded.com.fasterxml.jackson.annotation.JacksonInject (took 0 ms, size +0%)
INFO: Instrumented com.spotify.docker.client.shaded.com.fasterxml.jackson.annotation.JsonPropertyDescription (took 0 ms, size +0%)
INFO: Instrumented com.spotify.docker.client.shaded.com.fasterxml.jackson.databind.PropertyMetadata (took 10 ms, size +24%)
INFO: Instrumented com.spotify.docker.client.shaded.com.fasterxml.jackson.databind.annotation.JsonTypeResolver (took 0 ms, size +0%)
INFO: Instrumented com.spotify.docker.client.shaded.com.fasterxml.jackson.databind.BeanProperty$Std (took 9 ms, size +5%)
INFO: Instrumented com.spotify.docker.client.shaded.com.fasterxml.jackson.databind.deser.impl.FailingDeserializer (took 1 ms, size +7%)
INFO: Instrumented com.spotify.docker.client.shaded.com.fasterxml.jackson.databind.deser.impl.CreatorCollector$StdTypeConstructor (took 10 ms, size +9%)
INFO: Instrumented com.spotify.docker.client.shaded.com.fasterxml.jackson.databind.deser.BeanDeserializerBuilder (took 17 ms, size +13%)
INFO: Instrumented com.spotify.docker.client.shaded.com.fasterxml.jackson.databind.deser.impl.ObjectIdValueProperty (took 6 ms, size +5%)
INFO: Instrumented com.spotify.docker.client.shaded.com.fasterxml.jackson.databind.deser.BuilderBasedDeserializer (took 23 ms, size +16%)
INFO: Instrumented com.spotify.docker.client.shaded.com.fasterxml.jackson.annotation.JsonIgnoreProperties (took 0 ms, size +0%)
INFO: Instrumented com.spotify.docker.client.shaded.com.fasterxml.jackson.annotation.JsonIgnoreProperties$Value (took 19 ms, size +22%)
INFO: Instrumented com.spotify.docker.client.shaded.com.fasterxml.jackson.databind.introspect.POJOPropertyBuilder$4 (took 1 ms, size +6%)
INFO: Instrumented com.spotify.docker.client.shaded.com.fasterxml.jackson.databind.introspect.POJOPropertyBuilder$5 (took 1 ms, size +6%)
INFO: Instrumented com.spotify.docker.client.shaded.com.fasterxml.jackson.databind.introspect.POJOPropertyBuilder$6 (took 1 ms, size +6%)
INFO: Instrumented com.spotify.docker.client.shaded.com.fasterxml.jackson.databind.introspect.POJOPropertyBuilder$7 (took 1 ms, size +6%)
INFO: Instrumented com.spotify.docker.client.shaded.com.fasterxml.jackson.databind.introspect.POJOPropertyBuilder$1 (took 1 ms, size +6%)
INFO: Instrumented com.spotify.docker.client.shaded.com.fasterxml.jackson.databind.introspect.POJOPropertyBuilder$2 (took 2 ms, size +5%)
INFO: Instrumented com.spotify.docker.client.shaded.com.fasterxml.jackson.annotation.JsonAlias (took 0 ms, size +0%)
INFO: Instrumented com.spotify.docker.client.shaded.com.fasterxml.jackson.databind.deser.impl.BeanPropertyMap (took 25 ms, size +25%)
INFO: Instrumented com.spotify.docker.client.shaded.com.fasterxml.jackson.databind.deser.impl.ManagedReferenceProperty (took 4 ms, size +14%)
INFO: Instrumented com.spotify.docker.client.shaded.com.fasterxml.jackson.databind.deser.SettableBeanProperty$Delegating (took 10 ms, size +5%)
INFO: Instrumented com.spotify.docker.client.shaded.com.fasterxml.jackson.databind.deser.impl.ObjectIdReferenceProperty (took 6 ms, size +6%)
INFO: Instrumented com.spotify.docker.client.shaded.com.fasterxml.jackson.databind.deser.impl.MergingSettableBeanProperty (took 4 ms, size +8%)
INFO: Instrumented com.spotify.docker.client.shaded.com.fasterxml.jackson.databind.deser.impl.InnerClassProperty (took 5 ms, size +9%)
INFO: Instrumented com.spotify.docker.client.shaded.com.fasterxml.jackson.databind.exc.IgnoredPropertyException (took 2 ms, size +8%)
INFO: Instrumented com.spotify.docker.client.shaded.com.fasterxml.jackson.databind.deser.impl.ReadableObjectId$Referring (took 2 ms, size +20%)
INFO: Instrumented com.spotify.docker.client.shaded.com.fasterxml.jackson.databind.deser.BeanDeserializer$BeanReferring (took 2 ms, size +5%)
INFO: Instrumented com.spotify.docker.client.shaded.com.fasterxml.jackson.databind.deser.impl.BeanAsArrayDeserializer (took 9 ms, size +14%)
INFO: Instrumented com.spotify.docker.client.shaded.com.google.common.collect.ImmutableSortedMap (took 34 ms, size +9%)
INFO: Instrumented com.spotify.docker.client.shaded.com.google.common.collect.ImmutableSortedMapFauxverideShim (took 4 ms, size +4%)
INFO: Instrumented com.spotify.docker.client.shaded.com.google.common.collect.ImmutableBiMap (took 8 ms, size +6%)
INFO: Instrumented com.spotify.docker.client.shaded.com.google.common.collect.BiMap (took 0 ms, size +0%)
INFO: Instrumented com.spotify.docker.client.shaded.com.fasterxml.jackson.databind.util.LinkedNode (took 2 ms, size +8%)
INFO: Instrumented com.spotify.docker.client.shaded.com.fasterxml.jackson.databind.deser.std.StdKeyDeserializer$StringKD (took 2 ms, size +8%)
INFO: Instrumented com.spotify.docker.client.shaded.com.fasterxml.jackson.databind.deser.ContextualKeyDeserializer (took 0 ms, size +0%)
INFO: Instrumented com.spotify.docker.client.messages.RegistryAuth$Builder (took 0 ms, size +14%)
INFO: Instrumented com.spotify.docker.client.messages.AutoValue_RegistryAuth$Builder (took 3 ms, size +10%)
INFO: Instrumented com.spotify.docker.client.shaded.com.fasterxml.jackson.databind.deser.impl.PropertyBasedCreator (took 6 ms, size +12%)
INFO: Instrumented com.spotify.docker.client.shaded.com.fasterxml.jackson.databind.deser.impl.PropertyBasedCreator$CaseInsensitiveMap (took 3 ms, size +20%)
INFO: Instrumented com.spotify.docker.client.shaded.com.fasterxml.jackson.annotation.JsonFormat$Feature (took 2 ms, size +10%)
INFO: Instrumented com.spotify.docker.client.shaded.com.fasterxml.jackson.annotation.JsonAutoDetect$1 (took 1 ms, size +17%)
INFO: Instrumented com.spotify.docker.client.shaded.com.fasterxml.jackson.annotation.PropertyAccessor (took 4 ms, size +22%)
INFO: Instrumented com.spotify.docker.client.shaded.com.fasterxml.jackson.databind.deser.impl.NullsConstantProvider (took 4 ms, size +10%)
INFO: Instrumented com.spotify.docker.client.shaded.com.fasterxml.jackson.databind.util.AccessPattern (took 2 ms, size +11%)
INFO: Instrumented com.spotify.docker.client.shaded.com.fasterxml.jackson.databind.annotation.JacksonStdImpl (took 0 ms, size +0%)
INFO: Instrumented com.spotify.docker.client.shaded.com.fasterxml.jackson.databind.deser.impl.PropertyValueBuffer (took 19 ms, size +17%)
INFO: Instrumented com.spotify.docker.client.shaded.com.fasterxml.jackson.databind.deser.impl.PropertyValue (took 2 ms, size +8%)
INFO: Instrumented com.spotify.docker.client.shaded.com.fasterxml.jackson.databind.deser.impl.PropertyValue$Map (took 1 ms, size +8%)
INFO: Instrumented com.spotify.docker.client.shaded.com.fasterxml.jackson.databind.deser.impl.PropertyValue$Any (took 1 ms, size +6%)
INFO: Instrumented com.spotify.docker.client.shaded.com.fasterxml.jackson.databind.deser.impl.PropertyValue$Regular (took 1 ms, size +7%)
INFO: Instrumented com.spotify.docker.client.shaded.com.fasterxml.jackson.core.JsonGenerationException (took 4 ms, size +7%)
INFO: Instrumented com.spotify.docker.client.shaded.com.fasterxml.jackson.databind.util.TokenBuffer$Parser (took 23 ms, size +26%)
INFO: Instrumented com.spotify.docker.client.shaded.com.fasterxml.jackson.core.json.JsonWriteContext (took 9 ms, size +17%)
INFO: Instrumented com.spotify.docker.client.shaded.com.fasterxml.jackson.databind.util.TokenBuffer$Segment (took 11 ms, size +21%)
INFO: Instrumented com.spotify.docker.client.shaded.com.fasterxml.jackson.databind.util.TokenBuffer$1 (took 2 ms, size +21%)
INFO: Instrumented com.spotify.docker.client.shaded.com.fasterxml.jackson.core.io.NumberInput (took 10 ms, size +51%)

== Java Exception: com.code_intelligence.jazzer.api.FuzzerSecurityIssueLow: Stack overflow (use '-Xss921k' to reproduce)
	at com.spotify.docker.client.shaded.com.fasterxml.jackson.databind.util.TokenBuffer.copyCurrentStructure(TokenBuffer.java:1107)
Caused by: java.lang.StackOverflowError
	at java.base/sun.nio.cs.CESU_8$Encoder.<init>(CESU_8.java:401)
	at java.base/sun.nio.cs.CESU_8.newEncoder(CESU_8.java:70)
	at java.base/java.lang.String.encodeWithEncoder(String.java:837)
	at java.base/java.lang.String.encode(String.java:833)
	at java.base/java.lang.String.getBytes(String.java:1783)
DEDUP_TOKEN: b5ea23f85e4deff9
== libFuzzer crashing input ==
reproducer_path='.'; Java reproducer written to ./Crash_9ddc159a11b41912457309faa3d3265652bbe7d1.java

INFO: calling fuzzerTearDown function
INFO:__main__:Running: docker run --privileged --shm-size=2g --platform linux/amd64 --rm -i -e HELPER=True -e ARCHITECTURE=x86_64 -v /mnt/sdb/oss-fuzz/oss-fuzz/build/out/docker-client:/out -v /mnt/sdb/oss-fuzz/oss-fuzz/build/out/docker-client/testcase/testcase_42538586:/testcase -t gcr.io/oss-fuzz-base/base-runner reproduce RegistryAuthFuzzer -runs=100.

==================================================
PoC Triggered: YES
