tittle:libultrahdr:ultrahdr_enc_fuzzer: Out-of-memory in ultrahdr_enc_fuzzer
status:Verified
type:Bug
commit_url:https://github.com/google/libultrahdr/commit/e899aec5f1b456a8e01f47d717dee5b40d89e35a
commit_url_new:https://github.com/google/libultrahdr/commit/9b3853a93023f7c92c994ed434264e941de8e0d1
module:libultrahdr
target:ultrahdr_enc_fuzzer
have 1 changed files:['jump get_diff!']
==================================================
error running command: python infra/helper.py reproduce libultrahdr ultrahdr_enc_fuzzer build/out/libultrahdr/testcase/testcase_42537663
+ FUZZER=ultrahdr_enc_fuzzer
+ shift
+ '[' '!' -v TESTCASE ']'
+ TESTCASE=/testcase
+ '[' '!' -f /testcase ']'
+ export RUN_FUZZER_MODE=interactive
+ RUN_FUZZER_MODE=interactive
+ export FUZZING_ENGINE=libfuzzer
+ FUZZING_ENGINE=libfuzzer
+ export SKIP_SEED_CORPUS=1
+ SKIP_SEED_CORPUS=1
+ run_fuzzer ultrahdr_enc_fuzzer -runs=100 /testcase
vm.mmap_rnd_bits = 28
/out/ultrahdr_enc_fuzzer -rss_limit_mb=2560 -timeout=25 -runs=100 /testcase < /dev/null
INFO: Running with entropic power schedule (0xFF, 100).
INFO: Seed: 2301811054
INFO: Loaded 1 modules   (23045 inline 8-bit counters): 23045 [0x5629d782ad90, 0x5629d7830795), 
INFO: Loaded 1 PC tables (23045 PCs): 23045 [0x5629d7830798,0x5629d788a7e8), 
/out/ultrahdr_enc_fuzzer: Running 1 inputs 100 time(s) each.
Running: /testcase
ALARM: working on the last Unit for 25 seconds
       and the timeout value is 25 (use -timeout=N to change)
==14== ERROR: libFuzzer: timeout after 25 seconds
    #0 0x5629d7394041 in __sanitizer_print_stack_trace /src/llvm-project/compiler-rt/lib/asan/asan_stack.cpp:87:3
    #1 0x5629d7298fd8 in fuzzer::PrintStackTrace() /src/llvm-project/compiler-rt/lib/fuzzer/FuzzerUtil.cpp:210:5
    #2 0x5629d727c2e7 in fuzzer::Fuzzer::AlarmCallback() /src/llvm-project/compiler-rt/lib/fuzzer/FuzzerLoop.cpp:304:5
    #3 0x7f3a7bb2a41f  (/lib/x86_64-linux-gnu/libpthread.so.0+0x1441f) (BuildId: 5cfb896dd40f90aa8c6c8bb856004d1f5cfe293c)
    #4 0x7f3a7bb293cb in __read (/lib/x86_64-linux-gnu/libpthread.so.0+0x133cb) (BuildId: 5cfb896dd40f90aa8c6c8bb856004d1f5cfe293c)
    #5 0x5629d730da61 in read /src/llvm-project/compiler-rt/lib/asan/../sanitizer_common/sanitizer_common_interceptors.inc
    #6 0x5629d76da2ad in std::__1::random_device::operator()() (/out/ultrahdr_enc_fuzzer+0x5652ad)
    #7 0x5629d73c926d in UltraHdrEncFuzzer::fillP010Buffer(unsigned short*, int, int, int) /src/libultrahdr/fuzzer/ultrahdr_enc_fuzzer.cpp:66:47
    #8 0x5629d73cb5a9 in UltraHdrEncFuzzer::process() /src/libultrahdr/fuzzer/ultrahdr_enc_fuzzer.cpp:143:9
    #9 0x5629d73cd7ff in LLVMFuzzerTestOneInput /src/libultrahdr/fuzzer/ultrahdr_enc_fuzzer.cpp:325:14
    #10 0x5629d727d880 in fuzzer::Fuzzer::ExecuteCallback(unsigned char const*, unsigned long) /src/llvm-project/compiler-rt/lib/fuzzer/FuzzerLoop.cpp:614:13
    #11 0x5629d7268af5 in fuzzer::RunOneTest(fuzzer::Fuzzer*, char const*, unsigned long) /src/llvm-project/compiler-rt/lib/fuzzer/FuzzerDriver.cpp:327:6
    #12 0x5629d726e58f in fuzzer::FuzzerDriver(int*, char***, int (*)(unsigned char const*, unsigned long)) /src/llvm-project/compiler-rt/lib/fuzzer/FuzzerDriver.cpp:862:9
    #13 0x5629d7299832 in main /src/llvm-project/compiler-rt/lib/fuzzer/FuzzerMain.cpp:20:10
    #14 0x7f3a7b8ff082 in __libc_start_main (/lib/x86_64-linux-gnu/libc.so.6+0x24082) (BuildId: 0323ab4806bee6f846d9ad4bccfc29afdca49a58)
    #15 0x5629d7260cdd in _start (/out/ultrahdr_enc_fuzzer+0xebcdd)

DEDUP_TOKEN: __sanitizer_print_stack_trace--fuzzer::PrintStackTrace()--fuzzer::Fuzzer::AlarmCallback()
SUMMARY: libFuzzer: timeout
INFO:__main__:Running: docker run --privileged --shm-size=2g --platform linux/amd64 --rm -i -e HELPER=True -e ARCHITECTURE=x86_64 -v /mnt/sdb/oss-fuzz/oss-fuzz/build/out/libultrahdr:/out -v /mnt/sdb/oss-fuzz/oss-fuzz/build/out/libultrahdr/testcase/testcase_42537663:/testcase -t gcr.io/oss-fuzz-base/base-runner reproduce ultrahdr_enc_fuzzer -runs=100.

==================================================
PoC Triggered: YES
