tittle:metadata-extractor:ImageMetadataReaderFuzzer: Security exception in com.drew.imaging.tiff.TiffReader.processIfd
status:Verified
type:Vulnerability
commit_url:https://github.com/drewnoakes/metadata-extractor/commit/9f4ad4ce396eb2a0d2d3ec1d730dcd5a374602e7
commit_url_new:https://github.com/drewnoakes/metadata-extractor/commit/https://github.com/drewnoakes/metadata-extractor/commit/9f4ad4ce396eb2a0d2d3ec1d730dcd5a374602e7
module:metadata-extractor
target:ImageMetadataReaderFuzzer
have 1 changed files:['jump get_diff!']
==================================================
error running command: python infra/helper.py reproduce metadata-extractor ImageMetadataReaderFuzzer build/out/metadata-extractor/testcase/testcase_42537874
+ FUZZER=ImageMetadataReaderFuzzer
+ shift
+ '[' '!' -v TESTCASE ']'
+ TESTCASE=/testcase
+ '[' '!' -f /testcase ']'
+ export RUN_FUZZER_MODE=interactive
+ RUN_FUZZER_MODE=interactive
+ export FUZZING_ENGINE=libfuzzer
+ FUZZING_ENGINE=libfuzzer
+ export SKIP_SEED_CORPUS=1
+ SKIP_SEED_CORPUS=1
+ run_fuzzer ImageMetadataReaderFuzzer -runs=100 /testcase
vm.mmap_rnd_bits = 28
/out/ImageMetadataReaderFuzzer -rss_limit_mb=2560 -timeout=25 -runs=100 /testcase < /dev/null
OpenJDK 64-Bit Server VM warning: Option CriticalJNINatives was deprecated in version 16.0 and will likely be removed in a future release.
OpenJDK 64-Bit Server VM warning: Sharing is only supported for boot loader classes because bootstrap classpath has been appended
INFO: Loaded 266 hooks from com.code_intelligence.jazzer.runtime.TraceCmpHooks
INFO: Loaded 5 hooks from com.code_intelligence.jazzer.runtime.TraceDivHooks
INFO: Loaded 2 hooks from com.code_intelligence.jazzer.runtime.TraceIndirHooks
INFO: Loaded 4 hooks from com.code_intelligence.jazzer.runtime.NativeLibHooks
INFO: Loaded 2 hooks from com.code_intelligence.jazzer.sanitizers.ClojureLangHooks
INFO: Loaded 5 hooks from com.code_intelligence.jazzer.sanitizers.Deserialization
INFO: Loaded 5 hooks from com.code_intelligence.jazzer.sanitizers.ExpressionLanguageInjection
INFO: Loaded 70 hooks from com.code_intelligence.jazzer.sanitizers.LdapInjection
INFO: Loaded 46 hooks from com.code_intelligence.jazzer.sanitizers.NamingContextLookup
INFO: Loaded 1 hooks from com.code_intelligence.jazzer.sanitizers.OsCommandInjection
INFO: Loaded 48 hooks from com.code_intelligence.jazzer.sanitizers.ReflectiveCall
INFO: Loaded 8 hooks from com.code_intelligence.jazzer.sanitizers.RegexInjection
INFO: Loaded 16 hooks from com.code_intelligence.jazzer.sanitizers.RegexRoadblocks
INFO: Loaded 12 hooks from com.code_intelligence.jazzer.sanitizers.ScriptEngineInjection
INFO: Loaded 3 hooks from com.code_intelligence.jazzer.sanitizers.ServerSideRequestForgery
INFO: Loaded 19 hooks from com.code_intelligence.jazzer.sanitizers.SqlInjection
INFO: Loaded 6 hooks from com.code_intelligence.jazzer.sanitizers.XPathInjection
INFO: Instrumented ImageMetadataReaderFuzzer (took 139 ms, size +13%)
INFO: Instrumented com.drew.imaging.ImageProcessingException (took 17 ms, size +11%)
INFO: Instrumented com.drew.lang.CompoundException (took 78 ms, size +11%)
INFO: using inputs from: /testcase
INFO: found LLVMFuzzerCustomMutator (0x7fa9f4de2a00). Disabling -len_control by default.
INFO: libFuzzer ignores flags that start with '--'
INFO: Running with entropic power schedule (0xFF, 100).
INFO: Seed: 2735738493
INFO: Loaded 1 modules   (512 inline 8-bit counters): 512 [0x558654d670a0, 0x558654d672a0), 
INFO: Loaded 1 PC tables (512 PCs): 512 [0x558654ba4d00,0x558654ba6d00), 
jazzer: Running 1 inputs 100 time(s) each.
Running: /testcase
INFO: Instrumented com.drew.imaging.ImageMetadataReader (took 25 ms, size +12%)
INFO: Instrumented com.drew.lang.RandomAccessReader (took 28 ms, size +17%)
INFO: Instrumented com.drew.lang.RandomAccessStreamReader (took 18 ms, size +25%)
INFO: New number of coverage counters: 1024
INFO: Instrumented com.drew.metadata.Directory (took 129 ms, size +28%)
INFO: Instrumented com.drew.metadata.file.FileTypeDirectory (took 4 ms, size +10%)
INFO: Instrumented com.drew.imaging.FileTypeDetector (took 9 ms, size +15%)
INFO: Instrumented com.drew.imaging.TypeChecker (took 0 ms, size +0%)
INFO: Instrumented com.drew.imaging.quicktime.QuickTimeTypeChecker (took 5 ms, size +34%)
INFO: Instrumented com.drew.imaging.FileType (took 18 ms, size +7%)
INFO: Instrumented com.drew.imaging.riff.RiffTypeChecker (took 6 ms, size +96%)
INFO: Instrumented com.drew.imaging.mp3.MpegAudioTypeChecker (took 7 ms, size +37%)
INFO: Instrumented com.drew.lang.ByteTrie (took 7 ms, size +28%)
INFO: Instrumented com.drew.lang.ByteTrie$ByteTrieNode (took 7 ms, size +10%)
INFO: Instrumented com.drew.imaging.ImageMetadataReader$1 (took 9 ms, size +21%)
INFO: Instrumented com.drew.lang.BufferBoundsException (took 7 ms, size +22%)
INFO: Instrumented com.drew.imaging.tiff.TiffMetadataReader (took 9 ms, size +6%)
INFO: Instrumented com.drew.imaging.tiff.TiffHandler (took 4 ms, size +0%)
INFO: New number of coverage counters: 2048
INFO: Instrumented com.drew.lang.RandomAccessFileReader (took 19 ms, size +23%)
INFO: Instrumented com.drew.metadata.Metadata (took 17 ms, size +16%)
INFO: Instrumented com.drew.metadata.exif.ExifTiffHandler (took 95 ms, size +40%)
INFO: Instrumented com.drew.metadata.tiff.DirectoryTiffHandler (took 29 ms, size +8%)
INFO: Instrumented com.drew.metadata.ErrorDirectory (took 11 ms, size +9%)
INFO: Instrumented com.drew.imaging.tiff.TiffProcessingException (took 7 ms, size +12%)
INFO: Instrumented com.drew.metadata.exif.ExifThumbnailDirectory (took 9 ms, size +7%)
INFO: Instrumented com.drew.metadata.exif.ExifDirectoryBase (took 21 ms, size +8%)
INFO: Instrumented com.drew.imaging.jpeg.JpegProcessingException (took 8 ms, size +12%)
INFO: Instrumented com.drew.lang.SequentialReader (took 29 ms, size +18%)
INFO: Instrumented com.drew.lang.SequentialByteArrayReader (took 17 ms, size +20%)
INFO: Instrumented com.drew.lang.ByteArrayReader (took 15 ms, size +20%)
INFO: Instrumented com.drew.metadata.exif.PrintIMDirectory (took 7 ms, size +9%)
INFO: Instrumented com.drew.metadata.exif.PanasonicRawWbInfoDirectory (took 8 ms, size +9%)
INFO: New number of coverage counters: 4096
INFO: Instrumented com.drew.metadata.exif.PanasonicRawWbInfo2Directory (took 10 ms, size +9%)
INFO: Instrumented com.drew.metadata.exif.PanasonicRawDistortionDirectory (took 7 ms, size +8%)
INFO: Instrumented com.drew.metadata.exif.makernotes.SonyTag9050bDirectory (took 9 ms, size +12%)
INFO: Instrumented com.drew.metadata.exif.makernotes.SonyEncodedDataDirectoryBase (took 3 ms, size +10%)
INFO: Instrumented com.drew.metadata.exif.makernotes.NikonPictureControl1Directory (took 11 ms, size +15%)
INFO: Instrumented com.drew.metadata.exif.makernotes.NikonPictureControl2Directory (took 13 ms, size +15%)
INFO: Instrumented com.drew.metadata.exif.makernotes.KodakMakernoteDirectory (took 9 ms, size +8%)
INFO: Instrumented com.drew.metadata.exif.makernotes.ReconyxHyperFireMakernoteDirectory (took 8 ms, size +8%)
INFO: Instrumented com.drew.metadata.exif.makernotes.ReconyxUltraFireMakernoteDirectory (took 12 ms, size +8%)
INFO: Instrumented com.drew.metadata.exif.makernotes.ReconyxHyperFire2MakernoteDirectory (took 8 ms, size +8%)
INFO: Instrumented com.drew.imaging.tiff.TiffReader (took 19 ms, size +23%)
INFO: Instrumented com.drew.metadata.exif.ExifIFD0Directory (took 8 ms, size +9%)
INFO: Instrumented com.drew.metadata.MetadataException (took 6 ms, size +12%)
INFO: Instrumented com.drew.metadata.TagDescriptor (took 44 ms, size +22%)
INFO: Instrumented com.drew.metadata.exif.ExifIFD0Descriptor (took 1 ms, size +13%)
INFO: Instrumented com.drew.metadata.exif.ExifDescriptorBase (took 77 ms, size +22%)
INFO: Instrumented com.drew.imaging.tiff.TiffDataFormat (took 8 ms, size +10%)
INFO: Instrumented com.drew.metadata.exif.makernotes.OlympusMakernoteDirectory (took 39 ms, size +13%)
INFO: Instrumented com.drew.metadata.exif.PanasonicRawIFD0Directory (took 4 ms, size +8%)
INFO: Instrumented com.drew.metadata.exif.makernotes.SonyType1MakernoteDirectory (took 10 ms, size +8%)
INFO: Instrumented com.drew.metadata.exif.makernotes.NikonType2MakernoteDirectory (took 21 ms, size +8%)
INFO: Instrumented com.drew.metadata.Tag (took 5 ms, size +8%)
INFO: Instrumented com.drew.metadata.StringValue (took 4 ms, size +11%)
INFO: Instrumented com.drew.metadata.exif.ExifSubIFDDirectory (took 11 ms, size +21%)
INFO: Instrumented com.drew.metadata.exif.ExifSubIFDDescriptor (took 3 ms, size +13%)
INFO: Instrumented com.drew.metadata.exif.makernotes.AppleMakernoteDirectory (took 6 ms, size +8%)
INFO: Instrumented com.drew.lang.Rational (took 18 ms, size +27%)
INFO: Instrumented com.drew.lang.Charsets (took 4 ms, size +16%)
INFO: Instrumented com.drew.metadata.exif.makernotes.LeicaType5MakernoteDirectory (took 4 ms, size +8%)
INFO: Instrumented com.drew.metadata.exif.makernotes.LeicaType5MakernoteDescriptor (took 3 ms, size +59%)
INFO: Instrumented com.drew.metadata.exif.ExifImageDirectory (took 2 ms, size +10%)

== Java Exception: com.code_intelligence.jazzer.api.FuzzerSecurityIssueLow: Stack overflow (use '-Xss921k' to reproduce)
	at com.drew.imaging.tiff.TiffReader.processIfd(TiffReader.java:214)
	at com.drew.metadata.exif.ExifTiffHandler.processMakernote(ExifTiffHandler.java:566)
	at com.drew.metadata.exif.ExifTiffHandler.customProcessTag(ExifTiffHandler.java:204)
Caused by: java.lang.StackOverflowError
	at com.code_intelligence.jazzer.sanitizers.RegexRoadblocks.predicateSolution(RegexRoadblocks.java:312)
	at com.code_intelligence.jazzer.sanitizers.RegexRoadblocks.nodeMatchHook(RegexRoadblocks.java:165)
	at java.base/java.util.regex.Pattern$GroupHead.match(Pattern.java:4789)
	at java.base/java.util.regex.Pattern$Branch.match(Pattern.java:4734)
	at java.base/java.util.regex.Pattern$BranchConn.match(Pattern.java:4698)
	at java.base/java.util.regex.Pattern$GroupTail.match(Pattern.java:4820)
	at java.base/java.util.regex.Pattern$BmpCharPropertyGreedy.match(Pattern.java:4329)
	at java.base/java.util.regex.Pattern$GroupHead.match(Pattern.java:4789)
	at java.base/java.util.regex.Pattern$Branch.match(Pattern.java:4734)
	at java.base/java.util.regex.Pattern$BranchConn.match(Pattern.java:4698)
	at java.base/java.util.regex.Pattern$GroupTail.match(Pattern.java:4820)
	at java.base/java.util.regex.Pattern$BmpCharPropertyGreedy.match(Pattern.java:4329)
	at java.base/java.util.regex.Pattern$GroupHead.match(Pattern.java:4789)
	at java.base/java.util.regex.Pattern$Branch.match(Pattern.java:4734)
	at java.base/java.util.regex.Pattern$Branch.match(Pattern.java:4732)
	at java.base/java.util.regex.Pattern$BmpCharProperty.match(Pattern.java:3955)
	at java.base/java.util.regex.Pattern$Start.match(Pattern.java:3608)
	at java.base/java.util.regex.Matcher.search(Matcher.java:1728)
	at java.base/java.util.regex.Matcher.find(Matcher.java:772)
	at java.base/java.util.Formatter.parse(Formatter.java:2746)
	at java.base/java.util.Formatter.format(Formatter.java:2671)
	at java.base/java.util.Formatter.format(Formatter.java:2625)
	at java.base/java.lang.String.format(String.java:4140)
	at com.drew.imaging.tiff.TiffReader.processTag(TiffReader.java:370)
	at com.drew.imaging.tiff.TiffReader.processIfd(TiffReader.java:222)
	at com.drew.metadata.exif.ExifTiffHandler.processMakernote(ExifTiffHandler.java:566)
	at com.drew.metadata.exif.ExifTiffHandler.customProcessTag(ExifTiffHandler.java:204)
	at com.drew.imaging.tiff.TiffReader.processIfd(TiffReader.java:220)
	at com.drew.imaging.tiff.TiffReader.processIfd(TiffReader.java:214)
	at com.drew.metadata.exif.ExifTiffHandler.processMakernote(ExifTiffHandler.java:566)
	at com.drew.metadata.exif.ExifTiffHandler.customProcessTag(ExifTiffHandler.java:204)
	at com.drew.imaging.tiff.TiffReader.processIfd(TiffReader.java:220)
	at com.drew.imaging.tiff.TiffReader.processIfd(TiffReader.java:214)
	at com.drew.imaging.tiff.TiffReader.processIfd(TiffReader.java:214)
	at com.drew.imaging.tiff.TiffReader.processIfd(TiffReader.java:214)
	at com.drew.metadata.exif.ExifTiffHandler.processMakernote(ExifTiffHandler.java:566)
	at com.drew.metadata.exif.ExifTiffHandler.customProcessTag(ExifTiffHandler.java:204)
	at com.drew.imaging.tiff.TiffReader.processIfd(TiffReader.java:220)
	at com.drew.imaging.tiff.TiffReader.processIfd(TiffReader.java:214)
	at com.drew.imaging.tiff.TiffReader.processIfd(TiffReader.java:214)
	at com.drew.metadata.exif.ExifTiffHandler.processMakernote(ExifTiffHandler.java:566)
	at com.drew.metadata.exif.ExifTiffHandler.customProcessTag(ExifTiffHandler.java:204)
	at com.drew.imaging.tiff.TiffReader.processIfd(TiffReader.java:220)
	at com.drew.imaging.tiff.TiffReader.processIfd(TiffReader.java:214)
	at com.drew.imaging.tiff.TiffReader.processIfd(TiffReader.java:214)
	at com.drew.metadata.exif.ExifTiffHandler.processMakernote(ExifTiffHandler.java:566)
	at com.drew.metadata.exif.ExifTiffHandler.customProcessTag(ExifTiffHandler.java:204)
	at com.drew.imaging.tiff.TiffReader.processIfd(TiffReader.java:220)
	at com.drew.imaging.tiff.TiffReader.processIfd(TiffReader.java:214)
	at com.drew.imaging.tiff.TiffReader.processIfd(TiffReader.java:214)
	at com.drew.metadata.exif.ExifTiffHandler.processMakernote(ExifTiffHandler.java:566)
	at com.drew.metadata.exif.ExifTiffHandler.customProcessTag(ExifTiffHandler.java:204)
	at com.drew.imaging.tiff.TiffReader.processIfd(TiffReader.java:220)
	at com.drew.imaging.tiff.TiffReader.processIfd(TiffReader.java:214)
	at com.drew.imaging.tiff.TiffReader.processIfd(TiffReader.java:214)
	at com.drew.imaging.tiff.TiffReader.processIfd(TiffReader.java:214)
	at com.drew.metadata.exif.ExifTiffHandler.processMakernote(ExifTiffHandler.java:566)
	at com.drew.metadata.exif.ExifTiffHandler.customProcessTag(ExifTiffHandler.java:204)
	at com.drew.imaging.tiff.TiffReader.processIfd(TiffReader.java:220)
	at com.drew.imaging.tiff.TiffReader.processIfd(TiffReader.java:214)
	at com.drew.imaging.tiff.TiffReader.processIfd(TiffReader.java:214)
	at com.drew.metadata.exif.ExifTiffHandler.processMakernote(ExifTiffHandler.java:566)
	at com.drew.metadata.exif.ExifTiffHandler.customProcessTag(ExifTiffHandler.java:204)
	at com.drew.imaging.tiff.TiffReader.processIfd(TiffReader.java:220)
	at com.drew.imaging.tiff.TiffReader.processIfd(TiffReader.java:214)
	at com.drew.imaging.tiff.TiffReader.processIfd(TiffReader.java:214)
	at com.drew.metadata.exif.ExifTiffHandler.processMakernote(ExifTiffHandler.java:566)
	at com.drew.metadata.exif.ExifTiffHandler.customProcessTag(ExifTiffHandler.java:204)
	at com.drew.imaging.tiff.TiffReader.processIfd(TiffReader.java:220)
	at com.drew.imaging.tiff.TiffReader.processIfd(TiffReader.java:214)
	at com.drew.imaging.tiff.TiffReader.processIfd(TiffReader.java:214)
	at com.drew.metadata.exif.ExifTiffHandler.processMakernote(ExifTiffHandler.java:566)
	at com.drew.metadata.exif.ExifTiffHandler.customProcessTag(ExifTiffHandler.java:204)
	at com.drew.imaging.tiff.TiffReader.processIfd(TiffReader.java:220)
	at com.drew.imaging.tiff.TiffReader.processIfd(TiffReader.java:214)
	at com.drew.imaging.tiff.TiffReader.processIfd(TiffReader.java:214)
	at com.drew.imaging.tiff.TiffReader.processIfd(TiffReader.java:214)
	at com.drew.metadata.exif.ExifTiffHandler.processMakernote(ExifTiffHandler.java:566)
	at com.drew.metadata.exif.ExifTiffHandler.customProcessTag(ExifTiffHandler.java:204)
	at com.drew.imaging.tiff.TiffReader.processIfd(TiffReader.java:220)
	at com.drew.imaging.tiff.TiffReader.processIfd(TiffReader.java:214)
	at com.drew.imaging.tiff.TiffReader.processIfd(TiffReader.java:214)
	at com.drew.metadata.exif.ExifTiffHandler.processMakernote(ExifTiffHandler.java:566)
	at com.drew.metadata.exif.ExifTiffHandler.customProcessTag(ExifTiffHandler.java:204)
	at com.drew.imaging.tiff.TiffReader.processIfd(TiffReader.java:220)
	at com.drew.imaging.tiff.TiffReader.processIfd(TiffReader.java:214)
	at com.drew.imaging.tiff.TiffReader.processIfd(TiffReader.java:214)
	at com.drew.metadata.exif.ExifTiffHandler.processMakernote(ExifTiffHandler.java:566)
	at com.drew.metadata.exif.ExifTiffHandler.customProcessTag(ExifTiffHandler.java:204)
	at com.drew.imaging.tiff.TiffReader.processIfd(TiffReader.java:220)
	at com.drew.imaging.tiff.TiffReader.processIfd(TiffReader.java:214)
	at com.drew.imaging.tiff.TiffReader.processIfd(TiffReader.java:214)
	at com.drew.metadata.exif.ExifTiffHandler.processMakernote(ExifTiffHandler.java:566)
	at com.drew.metadata.exif.ExifTiffHandler.customProcessTag(ExifTiffHandler.java:204)
	at com.drew.imaging.tiff.TiffReader.processIfd(TiffReader.java:220)
	at com.drew.imaging.tiff.TiffReader.processIfd(TiffReader.java:214)
	at com.drew.imaging.tiff.TiffReader.processIfd(TiffReader.java:214)
	at com.drew.imaging.tiff.TiffReader.processIfd(TiffReader.java:214)
	at com.drew.metadata.exif.ExifTiffHandler.processMakernote(ExifTiffHandler.java:566)
	at com.drew.metadata.exif.ExifTiffHandler.customProcessTag(ExifTiffHandler.java:204)
	at com.drew.imaging.tiff.TiffReader.processIfd(TiffReader.java:220)
	at com.drew.imaging.tiff.TiffReader.processIfd(TiffReader.java:214)
	at com.drew.imaging.tiff.TiffReader.processIfd(TiffReader.java:214)
	at com.drew.metadata.exif.ExifTiffHandler.processMakernote(ExifTiffHandler.java:566)
	at com.drew.metadata.exif.ExifTiffHandler.customProcessTag(ExifTiffHandler.java:204)
	at com.drew.imaging.tiff.TiffReader.processIfd(TiffReader.java:220)
	at com.drew.imaging.tiff.TiffReader.processIfd(TiffReader.java:214)
	at com.drew.imaging.tiff.TiffReader.processIfd(TiffReader.java:214)
	at com.drew.metadata.exif.ExifTiffHandler.processMakernote(ExifTiffHandler.java:566)
	at com.drew.metadata.exif.ExifTiffHandler.customProcessTag(ExifTiffHandler.java:204)
	at com.drew.imaging.tiff.TiffReader.processIfd(TiffReader.java:220)
	at com.drew.imaging.tiff.TiffReader.processIfd(TiffReader.java:214)
	at com.drew.imaging.tiff.TiffReader.processIfd(TiffReader.java:214)
	at com.drew.metadata.exif.ExifTiffHandler.processMakernote(ExifTiffHandler.java:566)
	at com.drew.metadata.exif.ExifTiffHandler.customProcessTag(ExifTiffHandler.java:204)
	at com.drew.imaging.tiff.TiffReader.processIfd(TiffReader.java:220)
	at com.drew.imaging.tiff.TiffReader.processIfd(TiffReader.java:214)
	at com.drew.imaging.tiff.TiffReader.processIfd(TiffReader.java:214)
	at com.drew.imaging.tiff.TiffReader.processIfd(TiffReader.java:214)
	at com.drew.metadata.exif.ExifTiffHandler.processMakernote(ExifTiffHandler.java:566)
	at com.drew.metadata.exif.ExifTiffHandler.customProcessTag(ExifTiffHandler.java:204)
	at com.drew.imaging.tiff.TiffReader.processIfd(TiffReader.java:220)
	at com.drew.imaging.tiff.TiffReader.processIfd(TiffReader.java:214)
	at com.drew.imaging.tiff.TiffReader.processIfd(TiffReader.java:214)
	at com.drew.metadata.exif.ExifTiffHandler.processMakernote(ExifTiffHandler.java:566)
	at com.drew.metadata.exif.ExifTiffHandler.customProcessTag(ExifTiffHandler.java:204)
	at com.drew.imaging.tiff.TiffReader.processIfd(TiffReader.java:220)
	at com.drew.imaging.tiff.TiffReader.processIfd(TiffReader.java:214)
	at com.drew.imaging.tiff.TiffReader.processIfd(TiffReader.java:214)
	at com.drew.metadata.exif.ExifTiffHandler.processMakernote(ExifTiffHandler.java:566)
	at com.drew.metadata.exif.ExifTiffHandler.customProcessTag(ExifTiffHandler.java:204)
	at com.drew.imaging.tiff.TiffReader.processIfd(TiffReader.java:220)
	at com.drew.imaging.tiff.TiffReader.processIfd(TiffReader.java:214)
	at com.drew.imaging.tiff.TiffReader.processIfd(TiffReader.java:214)
	at com.drew.metadata.exif.ExifTiffHandler.processMakernote(ExifTiffHandler.java:566)
	at com.drew.metadata.exif.ExifTiffHandler.customProcessTag(ExifTiffHandler.java:204)
	at com.drew.imaging.tiff.TiffReader.processIfd(TiffReader.java:220)
	at com.drew.imaging.tiff.TiffReader.processIfd(TiffReader.java:214)
	at com.drew.imaging.tiff.TiffReader.processIfd(TiffReader.java:214)
	at com.drew.imaging.tiff.TiffReader.processIfd(TiffReader.java:214)
	at com.drew.metadata.exif.ExifTiffHandler.processMakernote(ExifTiffHandler.java:566)
	at com.drew.metadata.exif.ExifTiffHandler.customProcessTag(ExifTiffHandler.java:204)
	at com.drew.imaging.tiff.TiffReader.processIfd(TiffReader.java:220)
	at com.drew.imaging.tiff.TiffReader.processIfd(TiffReader.java:214)
	at com.drew.imaging.tiff.TiffReader.processIfd(TiffReader.java:214)
	at com.drew.metadata.exif.ExifTiffHandler.processMakernote(ExifTiffHandler.java:566)
	at com.drew.metadata.exif.ExifTiffHandler.customProcessTag(ExifTiffHandler.java:204)
	at com.drew.imaging.tiff.TiffReader.processIfd(TiffReader.java:220)
	at com.drew.imaging.tiff.TiffReader.processIfd(TiffReader.java:214)
	at com.drew.imaging.tiff.TiffReader.processIfd(TiffReader.java:214)
	at com.drew.metadata.exif.ExifTiffHandler.processMakernote(ExifTiffHandler.java:566)
	at com.drew.metadata.exif.ExifTiffHandler.customProcessTag(ExifTiffHandler.java:204)
	at com.drew.imaging.tiff.TiffReader.processIfd(TiffReader.java:220)
	at com.drew.imaging.tiff.TiffReader.processIfd(TiffReader.java:214)
	at com.drew.imaging.tiff.TiffReader.processIfd(TiffReader.java:214)
	at com.drew.metadata.exif.ExifTiffHandler.processMakernote(ExifTiffHandler.java:566)
	at com.drew.metadata.exif.ExifTiffHandler.customProcessTag(ExifTiffHandler.java:204)
	at com.drew.imaging.tiff.TiffReader.processIfd(TiffReader.java:220)
	at com.drew.imaging.tiff.TiffReader.processIfd(TiffReader.java:214)
	at com.drew.imaging.tiff.TiffReader.processIfd(TiffReader.java:214)
	at com.drew.imaging.tiff.TiffReader.processIfd(TiffReader.java:214)
	at com.drew.metadata.exif.ExifTiffHandler.processMakernote(ExifTiffHandler.java:566)
	at com.drew.metadata.exif.ExifTiffHandler.customProcessTag(ExifTiffHandler.java:204)
	at com.drew.imaging.tiff.TiffReader.processIfd(TiffReader.java:220)
	at com.drew.imaging.tiff.TiffReader.processIfd(TiffReader.java:214)
	at com.drew.imaging.tiff.TiffReader.processIfd(TiffReader.java:214)
	at com.drew.metadata.exif.ExifTiffHandler.processMakernote(ExifTiffHandler.java:566)
	at com.drew.metadata.exif.ExifTiffHandler.customProcessTag(ExifTiffHandler.java:204)
	at com.drew.imaging.tiff.TiffReader.processIfd(TiffReader.java:220)
	at com.drew.imaging.tiff.TiffReader.processIfd(TiffReader.java:214)
	at com.drew.imaging.tiff.TiffReader.processIfd(TiffReader.java:214)
	at com.drew.metadata.exif.ExifTiffHandler.processMakernote(ExifTiffHandler.java:566)
	at com.drew.metadata.exif.ExifTiffHandler.customProcessTag(ExifTiffHandler.java:204)
	at com.drew.imaging.tiff.TiffReader.processIfd(TiffReader.java:220)
	at com.drew.imaging.tiff.TiffReader.processIfd(TiffReader.java:214)
	at com.drew.imaging.tiff.TiffReader.processIfd(TiffReader.java:214)
	at com.drew.metadata.exif.ExifTiffHandler.processMakernote(ExifTiffHandler.java:566)
	at com.drew.metadata.exif.ExifTiffHandler.customProcessTag(ExifTiffHandler.java:204)
	at com.drew.imaging.tiff.TiffReader.processIfd(TiffReader.java:220)
	at com.drew.imaging.tiff.TiffReader.processIfd(TiffReader.java:214)
	at com.drew.imaging.tiff.TiffReader.processIfd(TiffReader.java:214)
	at com.drew.imaging.tiff.TiffReader.processIfd(TiffReader.java:214)
	at com.drew.metadata.exif.ExifTiffHandler.processMakernote(ExifTiffHandler.java:566)
	at com.drew.metadata.exif.ExifTiffHandler.customProcessTag(ExifTiffHandler.java:204)
	at com.drew.imaging.tiff.TiffReader.processIfd(TiffReader.java:220)
	at com.drew.imaging.tiff.TiffReader.processIfd(TiffReader.java:214)
	at com.drew.imaging.tiff.TiffReader.processIfd(TiffReader.java:214)
	at com.drew.metadata.exif.ExifTiffHandler.processMakernote(ExifTiffHandler.java:566)
	at com.drew.metadata.exif.ExifTiffHandler.customProcessTag(ExifTiffHandler.java:204)
	at com.drew.imaging.tiff.TiffReader.processIfd(TiffReader.java:220)
	at com.drew.imaging.tiff.TiffReader.processIfd(TiffReader.java:214)
	at com.drew.imaging.tiff.TiffReader.processIfd(TiffReader.java:214)
	at com.drew.metadata.exif.ExifTiffHandler.processMakernote(ExifTiffHandler.java:566)
	at com.drew.metadata.exif.ExifTiffHandler.customProcessTag(ExifTiffHandler.java:204)
	at com.drew.imaging.tiff.TiffReader.processIfd(TiffReader.java:220)
	at com.drew.imaging.tiff.TiffReader.processIfd(TiffReader.java:214)
	at com.drew.imaging.tiff.TiffReader.processIfd(TiffReader.java:214)
	at com.drew.metadata.exif.ExifTiffHandler.processMakernote(ExifTiffHandler.java:566)
	at com.drew.metadata.exif.ExifTiffHandler.customProcessTag(ExifTiffHandler.java:204)
	at com.drew.imaging.tiff.TiffReader.processIfd(TiffReader.java:220)
	at com.drew.imaging.tiff.TiffReader.processIfd(TiffReader.java:214)
	at com.drew.imaging.tiff.TiffReader.processIfd(TiffReader.java:214)
	at com.drew.imaging.tiff.TiffReader.processIfd(TiffReader.java:214)
	at com.drew.metadata.exif.ExifTiffHandler.processMakernote(ExifTiffHandler.java:566)
	at com.drew.metadata.exif.ExifTiffHandler.customProcessTag(ExifTiffHandler.java:204)
	at com.drew.imaging.tiff.TiffReader.processIfd(TiffReader.java:220)
	at com.drew.imaging.tiff.TiffReader.processIfd(TiffReader.java:214)
	at com.drew.imaging.tiff.TiffReader.processIfd(TiffReader.java:214)
	at com.drew.metadata.exif.ExifTiffHandler.processMakernote(ExifTiffHandler.java:566)
	at com.drew.metadata.exif.ExifTiffHandler.customProcessTag(ExifTiffHandler.java:204)
	at com.drew.imaging.tiff.TiffReader.processIfd(TiffReader.java:220)
	at com.drew.imaging.tiff.TiffReader.processIfd(TiffReader.java:214)
	at com.drew.imaging.tiff.TiffReader.processIfd(TiffReader.java:214)
	at com.drew.metadata.exif.ExifTiffHandler.processMakernote(ExifTiffHandler.java:566)
	at com.drew.metadata.exif.ExifTiffHandler.customProcessTag(ExifTiffHandler.java:204)
	at com.drew.imaging.tiff.TiffReader.processIfd(TiffReader.java:220)
	at com.drew.imaging.tiff.TiffReader.processIfd(TiffReader.java:214)
	at com.drew.imaging.tiff.TiffReader.processIfd(TiffReader.java:214)
	at com.drew.metadata.exif.ExifTiffHandler.processMakernote(ExifTiffHandler.java:566)
	at com.drew.metadata.exif.ExifTiffHandler.customProcessTag(ExifTiffHandler.java:204)
	at com.drew.imaging.tiff.TiffReader.processIfd(TiffReader.java:220)
	at com.drew.imaging.tiff.TiffReader.processIfd(TiffReader.java:214)
	at com.drew.imaging.tiff.TiffReader.processIfd(TiffReader.java:214)
	at com.drew.imaging.tiff.TiffReader.processIfd(TiffReader.java:214)
	at com.drew.metadata.exif.ExifTiffHandler.processMakernote(ExifTiffHandler.java:566)
	at com.drew.metadata.exif.ExifTiffHandler.customProcessTag(ExifTiffHandler.java:204)
	at com.drew.imaging.tiff.TiffReader.processIfd(TiffReader.java:220)
	at com.drew.imaging.tiff.TiffReader.processIfd(TiffReader.java:214)
	at com.drew.imaging.tiff.TiffReader.processIfd(TiffReader.java:214)
	at com.drew.metadata.exif.ExifTiffHandler.processMakernote(ExifTiffHandler.java:566)
	at com.drew.metadata.exif.ExifTiffHandler.customProcessTag(ExifTiffHandler.java:204)
	at com.drew.imaging.tiff.TiffReader.processIfd(TiffReader.java:220)
	at com.drew.imaging.tiff.TiffReader.processIfd(TiffReader.java:214)
	at com.drew.imaging.tiff.TiffReader.processIfd(TiffReader.java:214)
	at com.drew.metadata.exif.ExifTiffHandler.processMakernote(ExifTiffHandler.java:566)
	at com.drew.metadata.exif.ExifTiffHandler.customProcessTag(ExifTiffHandler.java:204)
	at com.drew.imaging.tiff.TiffReader.processIfd(TiffReader.java:220)
	at com.drew.imaging.tiff.TiffReader.processIfd(TiffReader.java:214)
	at com.drew.imaging.tiff.TiffReader.processIfd(TiffReader.java:214)
	at com.drew.metadata.exif.ExifTiffHandler.processMakernote(ExifTiffHandler.java:566)
	at com.drew.metadata.exif.ExifTiffHandler.customProcessTag(ExifTiffHandler.java:204)
	at com.drew.imaging.tiff.TiffReader.processIfd(TiffReader.java:220)
	at com.drew.imaging.tiff.TiffReader.processIfd(TiffReader.java:214)
	at com.drew.imaging.tiff.TiffReader.processIfd(TiffReader.java:214)
	at com.drew.imaging.tiff.TiffReader.processIfd(TiffReader.java:214)
	at com.drew.metadata.exif.ExifTiffHandler.processMakernote(ExifTiffHandler.java:566)
	at com.drew.metadata.exif.ExifTiffHandler.customProcessTag(ExifTiffHandler.java:204)
	at com.drew.imaging.tiff.TiffReader.processIfd(TiffReader.java:220)
	at com.drew.imaging.tiff.TiffReader.processIfd(TiffReader.java:214)
	at com.drew.imaging.tiff.TiffReader.processIfd(TiffReader.java:214)
	at com.drew.metadata.exif.ExifTiffHandler.processMakernote(ExifTiffHandler.java:566)
	at com.drew.metadata.exif.ExifTiffHandler.customProcessTag(ExifTiffHandler.java:204)
	at com.drew.imaging.tiff.TiffReader.processIfd(TiffReader.java:220)
	at com.drew.imaging.tiff.TiffReader.processIfd(TiffReader.java:214)
	at com.drew.imaging.tiff.TiffReader.processIfd(TiffReader.java:214)
	at com.drew.metadata.exif.ExifTiffHandler.processMakernote(ExifTiffHandler.java:566)
	at com.drew.metadata.exif.ExifTiffHandler.customProcessTag(ExifTiffHandler.java:204)
	at com.drew.imaging.tiff.TiffReader.processIfd(TiffReader.java:220)
	at com.drew.imaging.tiff.TiffReader.processIfd(TiffReader.java:214)
	at com.drew.imaging.tiff.TiffReader.processIfd(TiffReader.java:214)
	at com.drew.metadata.exif.ExifTiffHandler.processMakernote(ExifTiffHandler.java:566)
	at com.drew.metadata.exif.ExifTiffHandler.customProcessTag(ExifTiffHandler.java:204)
	at com.drew.imaging.tiff.TiffReader.processIfd(TiffReader.java:220)
	at com.drew.imaging.tiff.TiffReader.processIfd(TiffReader.java:214)
	at com.drew.imaging.tiff.TiffReader.processIfd(TiffReader.java:214)
	at com.drew.imaging.tiff.TiffReader.processIfd(TiffReader.java:214)
	at com.drew.metadata.exif.ExifTiffHandler.processMakernote(ExifTiffHandler.java:566)
	at com.drew.metadata.exif.ExifTiffHandler.customProcessTag(ExifTiffHandler.java:204)
	at com.drew.imaging.tiff.TiffReader.processIfd(TiffReader.java:220)
	at com.drew.imaging.tiff.TiffReader.processIfd(TiffReader.java:214)
	at com.drew.imaging.tiff.TiffReader.processIfd(TiffReader.java:214)
	at com.drew.metadata.exif.ExifTiffHandler.processMakernote(ExifTiffHandler.java:566)
	at com.drew.metadata.exif.ExifTiffHandler.customProcessTag(ExifTiffHandler.java:204)
	at com.drew.imaging.tiff.TiffReader.processIfd(TiffReader.java:220)
	at com.drew.imaging.tiff.TiffReader.processIfd(TiffReader.java:214)
	at com.drew.imaging.tiff.TiffReader.processIfd(TiffReader.java:214)
	at com.drew.metadata.exif.ExifTiffHandler.processMakernote(ExifTiffHandler.java:566)
	at com.drew.metadata.exif.ExifTiffHandler.customProcessTag(ExifTiffHandler.java:204)
	at com.drew.imaging.tiff.TiffReader.processIfd(TiffReader.java:220)
	at com.drew.imaging.tiff.TiffReader.processIfd(TiffReader.java:214)
	at com.drew.imaging.tiff.TiffReader.processIfd(TiffReader.java:214)
	at com.drew.metadata.exif.ExifTiffHandler.processMakernote(ExifTiffHandler.java:566)
	at com.drew.metadata.exif.ExifTiffHandler.customProcessTag(ExifTiffHandler.java:204)
	at com.drew.imaging.tiff.TiffReader.processIfd(TiffReader.java:220)
	at com.drew.imaging.tiff.TiffReader.processIfd(TiffReader.java:214)
	at com.drew.imaging.tiff.TiffReader.processIfd(TiffReader.java:214)
	at com.drew.imaging.tiff.TiffReader.processIfd(TiffReader.java:214)
	at com.drew.metadata.exif.ExifTiffHandler.processMakernote(ExifTiffHandler.java:566)
	at com.drew.metadata.exif.ExifTiffHandler.customProcessTag(ExifTiffHandler.java:204)
	at com.drew.imaging.tiff.TiffReader.processIfd(TiffReader.java:220)
	at com.drew.imaging.tiff.TiffReader.processIfd(TiffReader.java:214)
	at com.drew.imaging.tiff.TiffReader.processIfd(TiffReader.java:214)
	at com.drew.metadata.exif.ExifTiffHandler.processMakernote(ExifTiffHandler.java:566)
	at com.drew.metadata.exif.ExifTiffHandler.customProcessTag(ExifTiffHandler.java:204)
	at com.drew.imaging.tiff.TiffReader.processIfd(TiffReader.java:220)
	at com.drew.imaging.tiff.TiffReader.processIfd(TiffReader.java:214)
	at com.drew.imaging.tiff.TiffReader.processIfd(TiffReader.java:214)
	at com.drew.metadata.exif.ExifTiffHandler.processMakernote(ExifTiffHandler.java:566)
	at com.drew.metadata.exif.ExifTiffHandler.customProcessTag(ExifTiffHandler.java:204)
	at com.drew.imaging.tiff.TiffReader.processIfd(TiffReader.java:220)
	at com.drew.imaging.tiff.TiffReader.processIfd(TiffReader.java:214)
	at com.drew.imaging.tiff.TiffReader.processIfd(TiffReader.java:214)
	at com.drew.metadata.exif.ExifTiffHandler.processMakernote(ExifTiffHandler.java:566)
	at com.drew.metadata.exif.ExifTiffHandler.customProcessTag(ExifTiffHandler.java:204)
	at com.drew.imaging.tiff.TiffReader.processIfd(TiffReader.java:220)
	at com.drew.imaging.tiff.TiffReader.processIfd(TiffReader.java:214)
	at com.drew.imaging.tiff.TiffReader.processIfd(TiffReader.java:214)
	at com.drew.imaging.tiff.TiffReader.processIfd(TiffReader.java:214)
	at com.drew.metadata.exif.ExifTiffHandler.processMakernote(ExifTiffHandler.java:566)
	at com.drew.metadata.exif.ExifTiffHandler.customProcessTag(ExifTiffHandler.java:204)
	at com.drew.imaging.tiff.TiffReader.processIfd(TiffReader.java:220)
	at com.drew.imaging.tiff.TiffReader.processIfd(TiffReader.java:214)
	at com.drew.imaging.tiff.TiffReader.processIfd(TiffReader.java:214)
	at com.drew.metadata.exif.ExifTiffHandler.processMakernote(ExifTiffHandler.java:566)
	at com.drew.metadata.exif.ExifTiffHandler.customProcessTag(ExifTiffHandler.java:204)
	at com.drew.imaging.tiff.TiffReader.processIfd(TiffReader.java:220)
	at com.drew.imaging.tiff.TiffReader.processIfd(TiffReader.java:214)
	at com.drew.imaging.tiff.TiffReader.processIfd(TiffReader.java:214)
	at com.drew.metadata.exif.ExifTiffHandler.processMakernote(ExifTiffHandler.java:566)
	at com.drew.metadata.exif.ExifTiffHandler.customProcessTag(ExifTiffHandler.java:204)
	at com.drew.imaging.tiff.TiffReader.processIfd(TiffReader.java:220)
	at com.drew.imaging.tiff.TiffReader.processIfd(TiffReader.java:214)
	at com.drew.imaging.tiff.TiffReader.processIfd(TiffReader.java:214)
	at com.drew.metadata.exif.ExifTiffHandler.processMakernote(ExifTiffHandler.java:566)
	at com.drew.metadata.exif.ExifTiffHandler.customProcessTag(ExifTiffHandler.java:204)
	at com.drew.imaging.tiff.TiffReader.processIfd(TiffReader.java:220)
	at com.drew.imaging.tiff.TiffReader.processIfd(TiffReader.java:214)
	at com.drew.imaging.tiff.TiffReader.processIfd(TiffReader.java:214)
	at com.drew.imaging.tiff.TiffReader.processIfd(TiffReader.java:214)
	at com.drew.metadata.exif.ExifTiffHandler.processMakernote(ExifTiffHandler.java:566)
	at com.drew.metadata.exif.ExifTiffHandler.customProcessTag(ExifTiffHandler.java:204)
	at com.drew.imaging.tiff.TiffReader.processIfd(TiffReader.java:220)
	at com.drew.imaging.tiff.TiffReader.processIfd(TiffReader.java:214)
	at com.drew.imaging.tiff.TiffReader.processIfd(TiffReader.java:214)
	at com.drew.metadata.exif.ExifTiffHandler.processMakernote(ExifTiffHandler.java:566)
	at com.drew.metadata.exif.ExifTiffHandler.customProcessTag(ExifTiffHandler.java:204)
	at com.drew.imaging.tiff.TiffReader.processIfd(TiffReader.java:220)
	at com.drew.imaging.tiff.TiffReader.processIfd(TiffReader.java:214)
	at com.drew.imaging.tiff.TiffReader.processIfd(TiffReader.java:214)
	at com.drew.metadata.exif.ExifTiffHandler.processMakernote(ExifTiffHandler.java:566)
	at com.drew.metadata.exif.ExifTiffHandler.customProcessTag(ExifTiffHandler.java:204)
	at com.drew.imaging.tiff.TiffReader.processIfd(TiffReader.java:220)
	at com.drew.imaging.tiff.TiffReader.processIfd(TiffReader.java:214)
	at com.drew.imaging.tiff.TiffReader.processIfd(TiffReader.java:214)
	at com.drew.metadata.exif.ExifTiffHandler.processMakernote(ExifTiffHandler.java:566)
	at com.drew.metadata.exif.ExifTiffHandler.customProcessTag(ExifTiffHandler.java:204)
	at com.drew.imaging.tiff.TiffReader.processIfd(TiffReader.java:220)
	at com.drew.imaging.tiff.TiffReader.processIfd(TiffReader.java:214)
	at com.drew.imaging.tiff.TiffReader.processIfd(TiffReader.java:214)
	at com.drew.imaging.tiff.TiffReader.processIfd(TiffReader.java:214)
	at com.drew.metadata.exif.ExifTiffHandler.processMakernote(ExifTiffHandler.java:566)
	at com.drew.metadata.exif.ExifTiffHandler.customProcessTag(ExifTiffHandler.java:204)
	at com.drew.imaging.tiff.TiffReader.processIfd(TiffReader.java:220)
	at com.drew.imaging.tiff.TiffReader.processIfd(TiffReader.java:214)
	at com.drew.imaging.tiff.TiffReader.processIfd(TiffReader.java:214)
	at com.drew.metadata.exif.ExifTiffHandler.processMakernote(ExifTiffHandler.java:566)
	at com.drew.metadata.exif.ExifTiffHandler.customProcessTag(ExifTiffHandler.java:204)
	at com.drew.imaging.tiff.TiffReader.processIfd(TiffReader.java:220)
	at com.drew.imaging.tiff.TiffReader.processIfd(TiffReader.java:214)
	at com.drew.imaging.tiff.TiffReader.processIfd(TiffReader.java:214)
	at com.drew.metadata.exif.ExifTiffHandler.processMakernote(ExifTiffHandler.java:566)
	at com.drew.metadata.exif.ExifTiffHandler.customProcessTag(ExifTiffHandler.java:204)
	at com.drew.imaging.tiff.TiffReader.processIfd(TiffReader.java:220)
	at com.drew.imaging.tiff.TiffReader.processIfd(TiffReader.java:214)
	at com.drew.imaging.tiff.TiffReader.processIfd(TiffReader.java:214)
	at com.drew.metadata.exif.ExifTiffHandler.processMakernote(ExifTiffHandler.java:566)
	at com.drew.metadata.exif.ExifTiffHandler.customProcessTag(ExifTiffHandler.java:204)
	at com.drew.imaging.tiff.TiffReader.processIfd(TiffReader.java:220)
	at com.drew.imaging.tiff.TiffReader.processIfd(TiffReader.java:214)
	at com.drew.imaging.tiff.TiffReader.processIfd(TiffReader.java:214)
	at com.drew.imaging.tiff.TiffReader.processIfd(TiffReader.java:214)
	at com.drew.metadata.exif.ExifTiffHandler.processMakernote(ExifTiffHandler.java:566)
	at com.drew.metadata.exif.ExifTiffHandler.customProcessTag(ExifTiffHandler.java:204)
	at com.drew.imaging.tiff.TiffReader.processIfd(TiffReader.java:220)
	at com.drew.imaging.tiff.TiffReader.processIfd(TiffReader.java:214)
	at com.drew.imaging.tiff.TiffReader.processIfd(TiffReader.java:214)
	at com.drew.metadata.exif.ExifTiffHandler.processMakernote(ExifTiffHandler.java:566)
	at com.drew.metadata.exif.ExifTiffHandler.customProcessTag(ExifTiffHandler.java:204)
	at com.drew.imaging.tiff.TiffReader.processIfd(TiffReader.java:220)
	at com.drew.imaging.tiff.TiffReader.processIfd(TiffReader.java:214)
	at com.drew.imaging.tiff.TiffReader.processIfd(TiffReader.java:214)
	at com.drew.metadata.exif.ExifTiffHandler.processMakernote(ExifTiffHandler.java:566)
	at com.drew.metadata.exif.ExifTiffHandler.customProcessTag(ExifTiffHandler.java:204)
	at com.drew.imaging.tiff.TiffReader.processIfd(TiffReader.java:220)
	at com.drew.imaging.tiff.TiffReader.processIfd(TiffReader.java:214)
	at com.drew.imaging.tiff.TiffReader.processIfd(TiffReader.java:214)
	at com.drew.metadata.exif.ExifTiffHandler.processMakernote(ExifTiffHandler.java:566)
	at com.drew.metadata.exif.ExifTiffHandler.customProcessTag(ExifTiffHandler.java:204)
	at com.drew.imaging.tiff.TiffReader.processIfd(TiffReader.java:220)
	at com.drew.imaging.tiff.TiffReader.processIfd(TiffReader.java:214)
	at com.drew.imaging.tiff.TiffReader.processIfd(TiffReader.java:214)
	at com.drew.imaging.tiff.TiffReader.processIfd(TiffReader.java:214)
	at com.drew.metadata.exif.ExifTiffHandler.processMakernote(ExifTiffHandler.java:566)
	at com.drew.metadata.exif.ExifTiffHandler.customProcessTag(ExifTiffHandler.java:204)
	at com.drew.imaging.tiff.TiffReader.processIfd(TiffReader.java:220)
	at com.drew.imaging.tiff.TiffReader.processIfd(TiffReader.java:214)
	at com.drew.imaging.tiff.TiffReader.processIfd(TiffReader.java:214)
	at com.drew.metadata.exif.ExifTiffHandler.processMakernote(ExifTiffHandler.java:566)
	at com.drew.metadata.exif.ExifTiffHandler.customProcessTag(ExifTiffHandler.java:204)
	at com.drew.imaging.tiff.TiffReader.processIfd(TiffReader.java:220)
	at com.drew.imaging.tiff.TiffReader.processIfd(TiffReader.java:214)
	at com.drew.imaging.tiff.TiffReader.processIfd(TiffReader.java:214)
	at com.drew.metadata.exif.ExifTiffHandler.processMakernote(ExifTiffHandler.java:566)
	at com.drew.metadata.exif.ExifTiffHandler.customProcessTag(ExifTiffHandler.java:204)
	at com.drew.imaging.tiff.TiffReader.processIfd(TiffReader.java:220)
	at com.drew.imaging.tiff.TiffReader.processIfd(TiffReader.java:214)
	at com.drew.imaging.tiff.TiffReader.processIfd(TiffReader.java:214)
	at com.drew.metadata.exif.ExifTiffHandler.processMakernote(ExifTiffHandler.java:566)
	at com.drew.metadata.exif.ExifTiffHandler.customProcessTag(ExifTiffHandler.java:204)
	at com.drew.imaging.tiff.TiffReader.processIfd(TiffReader.java:220)
	at com.drew.imaging.tiff.TiffReader.processIfd(TiffReader.java:214)
	at com.drew.imaging.tiff.TiffReader.processIfd(TiffReader.java:214)
	at com.drew.imaging.tiff.TiffReader.processIfd(TiffReader.java:214)
	at com.drew.metadata.exif.ExifTiffHandler.processMakernote(ExifTiffHandler.java:566)
	at com.drew.metadata.exif.ExifTiffHandler.customProcessTag(ExifTiffHandler.java:204)
	at com.drew.imaging.tiff.TiffReader.processIfd(TiffReader.java:220)
	at com.drew.imaging.tiff.TiffReader.processIfd(TiffReader.java:214)
	at com.drew.imaging.tiff.TiffReader.processIfd(TiffReader.java:214)
	at com.drew.metadata.exif.ExifTiffHandler.processMakernote(ExifTiffHandler.java:566)
	at com.drew.metadata.exif.ExifTiffHandler.customProcessTag(ExifTiffHandler.java:204)
	at com.drew.imaging.tiff.TiffReader.processIfd(TiffReader.java:220)
	at com.drew.imaging.tiff.TiffReader.processIfd(TiffReader.java:214)
	at com.drew.imaging.tiff.TiffReader.processIfd(TiffReader.java:214)
	at com.drew.metadata.exif.ExifTiffHandler.processMakernote(ExifTiffHandler.java:566)
	at com.drew.metadata.exif.ExifTiffHandler.customProcessTag(ExifTiffHandler.java:204)
	at com.drew.imaging.tiff.TiffReader.processIfd(TiffReader.java:220)
	at com.drew.imaging.tiff.TiffReader.processIfd(TiffReader.java:214)
	at com.drew.imaging.tiff.TiffReader.processIfd(TiffReader.java:214)
	at com.drew.metadata.exif.ExifTiffHandler.processMakernote(ExifTiffHandler.java:566)
	at com.drew.metadata.exif.ExifTiffHandler.customProcessTag(ExifTiffHandler.java:204)
	at com.drew.imaging.tiff.TiffReader.processIfd(TiffReader.java:220)
	at com.drew.imaging.tiff.TiffReader.processIfd(TiffReader.java:214)
	at com.drew.imaging.tiff.TiffReader.processIfd(TiffReader.java:214)
	at com.drew.imaging.tiff.TiffReader.processIfd(TiffReader.java:214)
	at com.drew.metadata.exif.ExifTiffHandler.processMakernote(ExifTiffHandler.java:566)
	at com.drew.metadata.exif.ExifTiffHandler.customProcessTag(ExifTiffHandler.java:204)
	at com.drew.imaging.tiff.TiffReader.processIfd(TiffReader.java:220)
	at com.drew.imaging.tiff.TiffReader.processIfd(TiffReader.java:214)
	at com.drew.imaging.tiff.TiffReader.processIfd(TiffReader.java:214)
	at com.drew.metadata.exif.ExifTiffHandler.processMakernote(ExifTiffHandler.java:566)
	at com.drew.metadata.exif.ExifTiffHandler.customProcessTag(ExifTiffHandler.java:204)
	at com.drew.imaging.tiff.TiffReader.processIfd(TiffReader.java:220)
	at com.drew.imaging.tiff.TiffReader.processIfd(TiffReader.java:214)
	at com.drew.imaging.tiff.TiffReader.processIfd(TiffReader.java:214)
	at com.drew.metadata.exif.ExifTiffHandler.processMakernote(ExifTiffHandler.java:566)
	at com.drew.metadata.exif.ExifTiffHandler.customProcessTag(ExifTiffHandler.java:204)
	at com.drew.imaging.tiff.TiffReader.processIfd(TiffReader.java:220)
	at com.drew.imaging.tiff.TiffReader.processIfd(TiffReader.java:214)
	at com.drew.imaging.tiff.TiffReader.processIfd(TiffReader.java:214)
	at com.drew.metadata.exif.ExifTiffHandler.processMakernote(ExifTiffHandler.java:566)
	at com.drew.metadata.exif.ExifTiffHandler.customProcessTag(ExifTiffHandler.java:204)
	at com.drew.imaging.tiff.TiffReader.processIfd(TiffReader.java:220)
	at com.drew.imaging.tiff.TiffReader.processIfd(TiffReader.java:214)
	at com.drew.imaging.tiff.TiffReader.processIfd(TiffReader.java:214)
	at com.drew.imaging.tiff.TiffReader.processIfd(TiffReader.java:214)
	at com.drew.metadata.exif.ExifTiffHandler.processMakernote(ExifTiffHandler.java:566)
	at com.drew.metadata.exif.ExifTiffHandler.customProcessTag(ExifTiffHandler.java:204)
	at com.drew.imaging.tiff.TiffReader.processIfd(TiffReader.java:220)
	at com.drew.imaging.tiff.TiffReader.processIfd(TiffReader.java:214)
	at com.drew.imaging.tiff.TiffReader.processIfd(TiffReader.java:214)
	at com.drew.metadata.exif.ExifTiffHandler.processMakernote(ExifTiffHandler.java:566)
	at com.drew.metadata.exif.ExifTiffHandler.customProcessTag(ExifTiffHandler.java:204)
	at com.drew.imaging.tiff.TiffReader.processIfd(TiffReader.java:220)
	at com.drew.imaging.tiff.TiffReader.processIfd(TiffReader.java:214)
	at com.drew.imaging.tiff.TiffReader.processIfd(TiffReader.java:214)
	at com.drew.metadata.exif.ExifTiffHandler.processMakernote(ExifTiffHandler.java:566)
	at com.drew.metadata.exif.ExifTiffHandler.customProcessTag(ExifTiffHandler.java:204)
	at com.drew.imaging.tiff.TiffReader.processIfd(TiffReader.java:220)
	at com.drew.imaging.tiff.TiffReader.processIfd(TiffReader.java:214)
	at com.drew.imaging.tiff.TiffReader.processIfd(TiffReader.java:214)
	at com.drew.metadata.exif.ExifTiffHandler.processMakernote(ExifTiffHandler.java:566)
	at com.drew.metadata.exif.ExifTiffHandler.customProcessTag(ExifTiffHandler.java:204)
	at com.drew.imaging.tiff.TiffReader.processIfd(TiffReader.java:220)
	at com.drew.imaging.tiff.TiffReader.processIfd(TiffReader.java:214)
	at com.drew.imaging.tiff.TiffReader.processIfd(TiffReader.java:214)
	at com.drew.imaging.tiff.TiffReader.processIfd(TiffReader.java:214)
	at com.drew.metadata.exif.ExifTiffHandler.processMakernote(ExifTiffHandler.java:566)
	at com.drew.metadata.exif.ExifTiffHandler.customProcessTag(ExifTiffHandler.java:204)
	at com.drew.imaging.tiff.TiffReader.processIfd(TiffReader.java:220)
	at com.drew.imaging.tiff.TiffReader.processIfd(TiffReader.java:214)
	at com.drew.imaging.tiff.TiffReader.processIfd(TiffReader.java:214)
	at com.drew.metadata.exif.ExifTiffHandler.processMakernote(ExifTiffHandler.java:566)
	at com.drew.metadata.exif.ExifTiffHandler.customProcessTag(ExifTiffHandler.java:204)
	at com.drew.imaging.tiff.TiffReader.processIfd(TiffReader.java:220)
	at com.drew.imaging.tiff.TiffReader.processIfd(TiffReader.java:214)
	at com.drew.imaging.tiff.TiffReader.processIfd(TiffReader.java:214)
	at com.drew.metadata.exif.ExifTiffHandler.processMakernote(ExifTiffHandler.java:566)
	at com.drew.metadata.exif.ExifTiffHandler.customProcessTag(ExifTiffHandler.java:204)
	at com.drew.imaging.tiff.TiffReader.processIfd(TiffReader.java:220)
	at com.drew.imaging.tiff.TiffReader.processIfd(TiffReader.java:214)
	at com.drew.imaging.tiff.TiffReader.processIfd(TiffReader.java:214)
	at com.drew.metadata.exif.ExifTiffHandler.processMakernote(ExifTiffHandler.java:566)
	at com.drew.metadata.exif.ExifTiffHandler.customProcessTag(ExifTiffHandler.java:204)
	at com.drew.imaging.tiff.TiffReader.processIfd(TiffReader.java:220)
	at com.drew.imaging.tiff.TiffReader.processIfd(TiffReader.java:214)
	at com.drew.imaging.tiff.TiffReader.processIfd(TiffReader.java:214)
	at com.drew.imaging.tiff.TiffReader.processIfd(TiffReader.java:214)
	at com.drew.metadata.exif.ExifTiffHandler.processMakernote(ExifTiffHandler.java:566)
	at com.drew.metadata.exif.ExifTiffHandler.customProcessTag(ExifTiffHandler.java:204)
	at com.drew.imaging.tiff.TiffReader.processIfd(TiffReader.java:220)
	at com.drew.imaging.tiff.TiffReader.processIfd(TiffReader.java:214)
	at com.drew.imaging.tiff.TiffReader.processIfd(TiffReader.java:214)
	at com.drew.metadata.exif.ExifTiffHandler.processMakernote(ExifTiffHandler.java:566)
	at com.drew.metadata.exif.ExifTiffHandler.customProcessTag(ExifTiffHandler.java:204)
	at com.drew.imaging.tiff.TiffReader.processIfd(TiffReader.java:220)
	at com.drew.imaging.tiff.TiffReader.processIfd(TiffReader.java:214)
	at com.drew.imaging.tiff.TiffReader.processIfd(TiffReader.java:214)
	at com.drew.metadata.exif.ExifTiffHandler.processMakernote(ExifTiffHandler.java:566)
	at com.drew.metadata.exif.ExifTiffHandler.customProcessTag(ExifTiffHandler.java:204)
	at com.drew.imaging.tiff.TiffReader.processIfd(TiffReader.java:220)
	at com.drew.imaging.tiff.TiffReader.processIfd(TiffReader.java:214)
	at com.drew.imaging.tiff.TiffReader.processIfd(TiffReader.java:214)
	at com.drew.metadata.exif.ExifTiffHandler.processMakernote(ExifTiffHandler.java:566)
	at com.drew.metadata.exif.ExifTiffHandler.customProcessTag(ExifTiffHandler.java:204)
	at com.drew.imaging.tiff.TiffReader.processIfd(TiffReader.java:220)
	at com.drew.imaging.tiff.TiffReader.processIfd(TiffReader.java:214)
	at com.drew.imaging.tiff.TiffReader.processIfd(TiffReader.java:214)
	at com.drew.imaging.tiff.TiffReader.processIfd(TiffReader.java:214)
	at com.drew.metadata.exif.ExifTiffHandler.processMakernote(ExifTiffHandler.java:566)
	at com.drew.metadata.exif.ExifTiffHandler.customProcessTag(ExifTiffHandler.java:204)
	at com.drew.imaging.tiff.TiffReader.processIfd(TiffReader.java:220)
	at com.drew.imaging.tiff.TiffReader.processIfd(TiffReader.java:214)
	at com.drew.imaging.tiff.TiffReader.processIfd(TiffReader.java:214)
	at com.drew.metadata.exif.ExifTiffHandler.processMakernote(ExifTiffHandler.java:566)
	at com.drew.metadata.exif.ExifTiffHandler.customProcessTag(ExifTiffHandler.java:204)
	at com.drew.imaging.tiff.TiffReader.processIfd(TiffReader.java:220)
	at com.drew.imaging.tiff.TiffReader.processIfd(TiffReader.java:214)
	at com.drew.imaging.tiff.TiffReader.processIfd(TiffReader.java:214)
	at com.drew.metadata.exif.ExifTiffHandler.processMakernote(ExifTiffHandler.java:566)
	at com.drew.metadata.exif.ExifTiffHandler.customProcessTag(ExifTiffHandler.java:204)
	at com.drew.imaging.tiff.TiffReader.processIfd(TiffReader.java:220)
	at com.drew.imaging.tiff.TiffReader.processIfd(TiffReader.java:214)
	at com.drew.imaging.tiff.TiffReader.processIfd(TiffReader.java:214)
	at com.drew.metadata.exif.ExifTiffHandler.processMakernote(ExifTiffHandler.java:566)
	at com.drew.metadata.exif.ExifTiffHandler.customProcessTag(ExifTiffHandler.java:204)
	at com.drew.imaging.tiff.TiffReader.processIfd(TiffReader.java:220)
	at com.drew.imaging.tiff.TiffReader.processIfd(TiffReader.java:214)
	at com.drew.imaging.tiff.TiffReader.processIfd(TiffReader.java:214)
	at com.drew.imaging.tiff.TiffReader.processIfd(TiffReader.java:214)
	at com.drew.metadata.exif.ExifTiffHandler.processMakernote(ExifTiffHandler.java:566)
	at com.drew.metadata.exif.ExifTiffHandler.customProcessTag(ExifTiffHandler.java:204)
	at com.drew.imaging.tiff.TiffReader.processIfd(TiffReader.java:220)
	at com.drew.imaging.tiff.TiffReader.processIfd(TiffReader.java:214)
	at com.drew.imaging.tiff.TiffReader.processIfd(TiffReader.java:214)
	at com.drew.metadata.exif.ExifTiffHandler.processMakernote(ExifTiffHandler.java:566)
	at com.drew.metadata.exif.ExifTiffHandler.customProcessTag(ExifTiffHandler.java:204)
	at com.drew.imaging.tiff.TiffReader.processIfd(TiffReader.java:220)
	at com.drew.imaging.tiff.TiffReader.processIfd(TiffReader.java:214)
	at com.drew.imaging.tiff.TiffReader.processIfd(TiffReader.java:214)
	at com.drew.metadata.exif.ExifTiffHandler.processMakernote(ExifTiffHandler.java:566)
	at com.drew.metadata.exif.ExifTiffHandler.customProcessTag(ExifTiffHandler.java:204)
	at com.drew.imaging.tiff.TiffReader.processIfd(TiffReader.java:220)
	at com.drew.imaging.tiff.TiffReader.processIfd(TiffReader.java:214)
	at com.drew.imaging.tiff.TiffReader.processIfd(TiffReader.java:214)
	at com.drew.metadata.exif.ExifTiffHandler.processMakernote(ExifTiffHandler.java:566)
	at com.drew.metadata.exif.ExifTiffHandler.customProcessTag(ExifTiffHandler.java:204)
	at com.drew.imaging.tiff.TiffReader.processIfd(TiffReader.java:220)
	at com.drew.imaging.tiff.TiffReader.processIfd(TiffReader.java:214)
	at com.drew.imaging.tiff.TiffReader.processIfd(TiffReader.java:214)
	at com.drew.imaging.tiff.TiffReader.processIfd(TiffReader.java:214)
	at com.drew.metadata.exif.ExifTiffHandler.processMakernote(ExifTiffHandler.java:566)
	at com.drew.metadata.exif.ExifTiffHandler.customProcessTag(ExifTiffHandler.java:204)
	at com.drew.imaging.tiff.TiffReader.processIfd(TiffReader.java:220)
	at com.drew.imaging.tiff.TiffReader.processIfd(TiffReader.java:214)
	at com.drew.imaging.tiff.TiffReader.processIfd(TiffReader.java:214)
	at com.drew.metadata.exif.ExifTiffHandler.processMakernote(ExifTiffHandler.java:566)
	at com.drew.metadata.exif.ExifTiffHandler.customProcessTag(ExifTiffHandler.java:204)
	at com.drew.imaging.tiff.TiffReader.processIfd(TiffReader.java:220)
	at com.drew.imaging.tiff.TiffReader.processIfd(TiffReader.java:214)
	at com.drew.imaging.tiff.TiffReader.processIfd(TiffReader.java:214)
	at com.drew.metadata.exif.ExifTiffHandler.processMakernote(ExifTiffHandler.java:566)
	at com.drew.metadata.exif.ExifTiffHandler.customProcessTag(ExifTiffHandler.java:204)
	at com.drew.imaging.tiff.TiffReader.processIfd(TiffReader.java:220)
	at com.drew.imaging.tiff.TiffReader.processIfd(TiffReader.java:214)
	at com.drew.imaging.tiff.TiffReader.processIfd(TiffReader.java:214)
	at com.drew.metadata.exif.ExifTiffHandler.processMakernote(ExifTiffHandler.java:566)
	at com.drew.metadata.exif.ExifTiffHandler.customProcessTag(ExifTiffHandler.java:204)
	at com.drew.imaging.tiff.TiffReader.processIfd(TiffReader.java:220)
	at com.drew.imaging.tiff.TiffReader.processIfd(TiffReader.java:214)
	at com.drew.imaging.tiff.TiffReader.processIfd(TiffReader.java:214)
	at com.drew.imaging.tiff.TiffReader.processIfd(TiffReader.java:214)
	at com.drew.metadata.exif.ExifTiffHandler.processMakernote(ExifTiffHandler.java:566)
	at com.drew.metadata.exif.ExifTiffHandler.customProcessTag(ExifTiffHandler.java:204)
	at com.drew.imaging.tiff.TiffReader.processIfd(TiffReader.java:220)
	at com.drew.imaging.tiff.TiffReader.processIfd(TiffReader.java:214)
	at com.drew.imaging.tiff.TiffReader.processIfd(TiffReader.java:214)
	at com.drew.metadata.exif.ExifTiffHandler.processMakernote(ExifTiffHandler.java:566)
	at com.drew.metadata.exif.ExifTiffHandler.customProcessTag(ExifTiffHandler.java:204)
	at com.drew.imaging.tiff.TiffReader.processIfd(TiffReader.java:220)
	at com.drew.imaging.tiff.TiffReader.processIfd(TiffReader.java:214)
	at com.drew.imaging.tiff.TiffReader.processIfd(TiffReader.java:214)
	at com.drew.metadata.exif.ExifTiffHandler.processMakernote(ExifTiffHandler.java:566)
	at com.drew.metadata.exif.ExifTiffHandler.customProcessTag(ExifTiffHandler.java:204)
	at com.drew.imaging.tiff.TiffReader.processIfd(TiffReader.java:220)
	at com.drew.imaging.tiff.TiffReader.processIfd(TiffReader.java:214)
	at com.drew.imaging.tiff.TiffReader.processIfd(TiffReader.java:214)
	at com.drew.metadata.exif.ExifTiffHandler.processMakernote(ExifTiffHandler.java:566)
	at com.drew.metadata.exif.ExifTiffHandler.customProcessTag(ExifTiffHandler.java:204)
	at com.drew.imaging.tiff.TiffReader.processIfd(TiffReader.java:220)
	at com.drew.imaging.tiff.TiffReader.processIfd(TiffReader.java:214)
	at com.drew.imaging.tiff.TiffReader.processIfd(TiffReader.java:214)
	at com.drew.imaging.tiff.TiffReader.processIfd(TiffReader.java:214)
	at com.drew.metadata.exif.ExifTiffHandler.processMakernote(ExifTiffHandler.java:566)
	at com.drew.metadata.exif.ExifTiffHandler.customProcessTag(ExifTiffHandler.java:204)
	at com.drew.imaging.tiff.TiffReader.processIfd(TiffReader.java:220)
	at com.drew.imaging.tiff.TiffReader.processIfd(TiffReader.java:214)
	at com.drew.imaging.tiff.TiffReader.processIfd(TiffReader.java:214)
	at com.drew.metadata.exif.ExifTiffHandler.processMakernote(ExifTiffHandler.java:566)
	at com.drew.metadata.exif.ExifTiffHandler.customProcessTag(ExifTiffHandler.java:204)
	at com.drew.imaging.tiff.TiffReader.processIfd(TiffReader.java:220)
	at com.drew.imaging.tiff.TiffReader.processIfd(TiffReader.java:214)
	at com.drew.imaging.tiff.TiffReader.processIfd(TiffReader.java:214)
	at com.drew.metadata.exif.ExifTiffHandler.processMakernote(ExifTiffHandler.java:566)
	at com.drew.metadata.exif.ExifTiffHandler.customProcessTag(ExifTiffHandler.java:204)
	at com.drew.imaging.tiff.TiffReader.processIfd(TiffReader.java:220)
	at com.drew.imaging.tiff.TiffReader.processIfd(TiffReader.java:214)
	at com.drew.imaging.tiff.TiffReader.processIfd(TiffReader.java:214)
	at com.drew.metadata.exif.ExifTiffHandler.processMakernote(ExifTiffHandler.java:566)
	at com.drew.metadata.exif.ExifTiffHandler.customProcessTag(ExifTiffHandler.java:204)
	at com.drew.imaging.tiff.TiffReader.processIfd(TiffReader.java:220)
	at com.drew.imaging.tiff.TiffReader.processIfd(TiffReader.java:214)
	at com.drew.imaging.tiff.TiffReader.processIfd(TiffReader.java:214)
	at com.drew.imaging.tiff.TiffReader.processIfd(TiffReader.java:214)
	at com.drew.metadata.exif.ExifTiffHandler.processMakernote(ExifTiffHandler.java:566)
	at com.drew.metadata.exif.ExifTiffHandler.customProcessTag(ExifTiffHandler.java:204)
	at com.drew.imaging.tiff.TiffReader.processIfd(TiffReader.java:220)
	at com.drew.imaging.tiff.TiffReader.processIfd(TiffReader.java:214)
	at com.drew.imaging.tiff.TiffReader.processIfd(TiffReader.java:214)
	at com.drew.metadata.exif.ExifTiffHandler.processMakernote(ExifTiffHandler.java:566)
	at com.drew.metadata.exif.ExifTiffHandler.customProcessTag(ExifTiffHandler.java:204)
	at com.drew.imaging.tiff.TiffReader.processIfd(TiffReader.java:220)
	at com.drew.imaging.tiff.TiffReader.processIfd(TiffReader.java:214)
	at com.drew.imaging.tiff.TiffReader.processIfd(TiffReader.java:214)
	at com.drew.metadata.exif.ExifTiffHandler.processMakernote(ExifTiffHandler.java:566)
	at com.drew.metadata.exif.ExifTiffHandler.customProcessTag(ExifTiffHandler.java:204)
	at com.drew.imaging.tiff.TiffReader.processIfd(TiffReader.java:220)
	at com.drew.imaging.tiff.TiffReader.processIfd(TiffReader.java:214)
	at com.drew.imaging.tiff.TiffReader.processIfd(TiffReader.java:214)
	at com.drew.metadata.exif.ExifTiffHandler.processMakernote(ExifTiffHandler.java:566)
	at com.drew.metadata.exif.ExifTiffHandler.customProcessTag(ExifTiffHandler.java:204)
	at com.drew.imaging.tiff.TiffReader.processIfd(TiffReader.java:220)
	at com.drew.imaging.tiff.TiffReader.processIfd(TiffReader.java:214)
	at com.drew.imaging.tiff.TiffReader.processIfd(TiffReader.java:214)
	at com.drew.imaging.tiff.TiffReader.processIfd(TiffReader.java:214)
	at com.drew.metadata.exif.ExifTiffHandler.processMakernote(ExifTiffHandler.java:566)
	at com.drew.metadata.exif.ExifTiffHandler.customProcessTag(ExifTiffHandler.java:204)
	at com.drew.imaging.tiff.TiffReader.processIfd(TiffReader.java:220)
	at com.drew.imaging.tiff.TiffReader.processIfd(TiffReader.java:214)
	at com.drew.imaging.tiff.TiffReader.processIfd(TiffReader.java:214)
	at com.drew.metadata.exif.ExifTiffHandler.processMakernote(ExifTiffHandler.java:566)
	at com.drew.metadata.exif.ExifTiffHandler.customProcessTag(ExifTiffHandler.java:204)
	at com.drew.imaging.tiff.TiffReader.processIfd(TiffReader.java:220)
	at com.drew.imaging.tiff.TiffReader.processIfd(TiffReader.java:214)
	at com.drew.imaging.tiff.TiffReader.processIfd(TiffReader.java:214)
	at com.drew.metadata.exif.ExifTiffHandler.processMakernote(ExifTiffHandler.java:566)
	at com.drew.metadata.exif.ExifTiffHandler.customProcessTag(ExifTiffHandler.java:204)
	at com.drew.imaging.tiff.TiffReader.processIfd(TiffReader.java:220)
	at com.drew.imaging.tiff.TiffReader.processIfd(TiffReader.java:214)
	at com.drew.imaging.tiff.TiffReader.processIfd(TiffReader.java:214)
	at com.drew.metadata.exif.ExifTiffHandler.processMakernote(ExifTiffHandler.java:566)
	at com.drew.metadata.exif.ExifTiffHandler.customProcessTag(ExifTiffHandler.java:204)
	at com.drew.imaging.tiff.TiffReader.processIfd(TiffReader.java:220)
	at com.drew.imaging.tiff.TiffReader.processIfd(TiffReader.java:214)
	at com.drew.imaging.tiff.TiffReader.processIfd(TiffReader.java:214)
	at com.drew.imaging.tiff.TiffReader.processIfd(TiffReader.java:214)
	at com.drew.metadata.exif.ExifTiffHandler.processMakernote(ExifTiffHandler.java:566)
	at com.drew.metadata.exif.ExifTiffHandler.customProcessTag(ExifTiffHandler.java:204)
	at com.drew.imaging.tiff.TiffReader.processIfd(TiffReader.java:220)
	at com.drew.imaging.tiff.TiffReader.processIfd(TiffReader.java:214)
	at com.drew.imaging.tiff.TiffReader.processIfd(TiffReader.java:214)
	at com.drew.metadata.exif.ExifTiffHandler.processMakernote(ExifTiffHandler.java:566)
	at com.drew.metadata.exif.ExifTiffHandler.customProcessTag(ExifTiffHandler.java:204)
	at com.drew.imaging.tiff.TiffReader.processIfd(TiffReader.java:220)
	at com.drew.imaging.tiff.TiffReader.processIfd(TiffReader.java:214)
	at com.drew.imaging.tiff.TiffReader.processIfd(TiffReader.java:214)
	at com.drew.metadata.exif.ExifTiffHandler.processMakernote(ExifTiffHandler.java:566)
	at com.drew.metadata.exif.ExifTiffHandler.customProcessTag(ExifTiffHandler.java:204)
	at com.drew.imaging.tiff.TiffReader.processIfd(TiffReader.java:220)
	at com.drew.imaging.tiff.TiffReader.processIfd(TiffReader.java:214)
	at com.drew.imaging.tiff.TiffReader.processIfd(TiffReader.java:214)
	at com.drew.metadata.exif.ExifTiffHandler.processMakernote(ExifTiffHandler.java:566)
	at com.drew.metadata.exif.ExifTiffHandler.customProcessTag(ExifTiffHandler.java:204)
	at com.drew.imaging.tiff.TiffReader.processIfd(TiffReader.java:220)
	at com.drew.imaging.tiff.TiffReader.processIfd(TiffReader.java:214)
	at com.drew.imaging.tiff.TiffReader.processIfd(TiffReader.java:214)
	at com.drew.imaging.tiff.TiffReader.processIfd(TiffReader.java:214)
	at com.drew.metadata.exif.ExifTiffHandler.processMakernote(ExifTiffHandler.java:566)
	at com.drew.metadata.exif.ExifTiffHandler.customProcessTag(ExifTiffHandler.java:204)
	at com.drew.imaging.tiff.TiffReader.processIfd(TiffReader.java:220)
	at com.drew.imaging.tiff.TiffReader.processIfd(TiffReader.java:214)
	at com.drew.imaging.tiff.TiffReader.processIfd(TiffReader.java:214)
	at com.drew.metadata.exif.ExifTiffHandler.processMakernote(ExifTiffHandler.java:566)
	at com.drew.metadata.exif.ExifTiffHandler.customProcessTag(ExifTiffHandler.java:204)
	at com.drew.imaging.tiff.TiffReader.processIfd(TiffReader.java:220)
	at com.drew.imaging.tiff.TiffReader.processIfd(TiffReader.java:214)
	at com.drew.imaging.tiff.TiffReader.processIfd(TiffReader.java:214)
	at com.drew.metadata.exif.ExifTiffHandler.processMakernote(ExifTiffHandler.java:566)
	at com.drew.metadata.exif.ExifTiffHandler.customProcessTag(ExifTiffHandler.java:204)
	at com.drew.imaging.tiff.TiffReader.processIfd(TiffReader.java:220)
	at com.drew.imaging.tiff.TiffReader.processIfd(TiffReader.java:214)
	at com.drew.imaging.tiff.TiffReader.processIfd(TiffReader.java:214)
	at com.drew.metadata.exif.ExifTiffHandler.processMakernote(ExifTiffHandler.java:566)
	at com.drew.metadata.exif.ExifTiffHandler.customProcessTag(ExifTiffHandler.java:204)
	at com.drew.imaging.tiff.TiffReader.processIfd(TiffReader.java:220)
	at com.drew.imaging.tiff.TiffReader.processIfd(TiffReader.java:214)
	at com.drew.imaging.tiff.TiffReader.processIfd(TiffReader.java:214)
	at com.drew.imaging.tiff.TiffReader.processIfd(TiffReader.java:214)
	at com.drew.metadata.exif.ExifTiffHandler.processMakernote(ExifTiffHandler.java:566)
	at com.drew.metadata.exif.ExifTiffHandler.customProcessTag(ExifTiffHandler.java:204)
	at com.drew.imaging.tiff.TiffReader.processIfd(TiffReader.java:220)
	at com.drew.imaging.tiff.TiffReader.processIfd(TiffReader.java:214)
	at com.drew.imaging.tiff.TiffReader.processIfd(TiffReader.java:214)
	at com.drew.metadata.exif.ExifTiffHandler.processMakernote(ExifTiffHandler.java:566)
	at com.drew.metadata.exif.ExifTiffHandler.customProcessTag(ExifTiffHandler.java:204)
	at com.drew.imaging.tiff.TiffReader.processIfd(TiffReader.java:220)
	at com.drew.imaging.tiff.TiffReader.processIfd(TiffReader.java:214)
	at com.drew.imaging.tiff.TiffReader.processIfd(TiffReader.java:214)
	at com.drew.metadata.exif.ExifTiffHandler.processMakernote(ExifTiffHandler.java:566)
	at com.drew.metadata.exif.ExifTiffHandler.customProcessTag(ExifTiffHandler.java:204)
	at com.drew.imaging.tiff.TiffReader.processIfd(TiffReader.java:220)
	at com.drew.imaging.tiff.TiffReader.processIfd(TiffReader.java:214)
	at com.drew.imaging.tiff.TiffReader.processIfd(TiffReader.java:214)
	at com.drew.metadata.exif.ExifTiffHandler.processMakernote(ExifTiffHandler.java:566)
	at com.drew.metadata.exif.ExifTiffHandler.customProcessTag(ExifTiffHandler.java:204)
	at com.drew.imaging.tiff.TiffReader.processIfd(TiffReader.java:220)
	at com.drew.imaging.tiff.TiffReader.processIfd(TiffReader.java:214)
	at com.drew.imaging.tiff.TiffReader.processIfd(TiffReader.java:214)
	at com.drew.imaging.tiff.TiffReader.processIfd(TiffReader.java:214)
	at com.drew.metadata.exif.ExifTiffHandler.processMakernote(ExifTiffHandler.java:566)
	at com.drew.metadata.exif.ExifTiffHandler.customProcessTag(ExifTiffHandler.java:204)
	at com.drew.imaging.tiff.TiffReader.processIfd(TiffReader.java:220)
	at com.drew.imaging.tiff.TiffReader.processIfd(TiffReader.java:214)
	at com.drew.imaging.tiff.TiffReader.processIfd(TiffReader.java:214)
	at com.drew.metadata.exif.ExifTiffHandler.processMakernote(ExifTiffHandler.java:566)
	at com.drew.metadata.exif.ExifTiffHandler.customProcessTag(ExifTiffHandler.java:204)
	at com.drew.imaging.tiff.TiffReader.processIfd(TiffReader.java:220)
	at com.drew.imaging.tiff.TiffReader.processIfd(TiffReader.java:214)
	at com.drew.imaging.tiff.TiffReader.processIfd(TiffReader.java:214)
	at com.drew.metadata.exif.ExifTiffHandler.processMakernote(ExifTiffHandler.java:566)
	at com.drew.metadata.exif.ExifTiffHandler.customProcessTag(ExifTiffHandler.java:204)
	at com.drew.imaging.tiff.TiffReader.processIfd(TiffReader.java:220)
	at com.drew.imaging.tiff.TiffReader.processIfd(TiffReader.java:214)
	at com.drew.imaging.tiff.TiffReader.processIfd(TiffReader.java:214)
	at com.drew.metadata.exif.ExifTiffHandler.processMakernote(ExifTiffHandler.java:566)
	at com.drew.metadata.exif.ExifTiffHandler.customProcessTag(ExifTiffHandler.java:204)
	at com.drew.imaging.tiff.TiffReader.processIfd(TiffReader.java:220)
	at com.drew.imaging.tiff.TiffReader.processIfd(TiffReader.java:214)
	at com.drew.imaging.tiff.TiffReader.processIfd(TiffReader.java:214)
	at com.drew.imaging.tiff.TiffReader.processIfd(TiffReader.java:214)
	at com.drew.metadata.exif.ExifTiffHandler.processMakernote(ExifTiffHandler.java:566)
	at com.drew.metadata.exif.ExifTiffHandler.customProcessTag(ExifTiffHandler.java:204)
	at com.drew.imaging.tiff.TiffReader.processIfd(TiffReader.java:220)
	at com.drew.imaging.tiff.TiffReader.processIfd(TiffReader.java:214)
	at com.drew.imaging.tiff.TiffReader.processIfd(TiffReader.java:214)
	at com.drew.metadata.exif.ExifTiffHandler.processMakernote(ExifTiffHandler.java:566)
	at com.drew.metadata.exif.ExifTiffHandler.customProcessTag(ExifTiffHandler.java:204)
	at com.drew.imaging.tiff.TiffReader.processIfd(TiffReader.java:220)
	at com.drew.imaging.tiff.TiffReader.processIfd(TiffReader.java:214)
	at com.drew.imaging.tiff.TiffReader.processIfd(TiffReader.java:214)
	at com.drew.metadata.exif.ExifTiffHandler.processMakernote(ExifTiffHandler.java:566)
	at com.drew.metadata.exif.ExifTiffHandler.customProcessTag(ExifTiffHandler.java:204)
	at com.drew.imaging.tiff.TiffReader.processIfd(TiffReader.java:220)
	at com.drew.imaging.tiff.TiffReader.processIfd(TiffReader.java:214)
	at com.drew.imaging.tiff.TiffReader.processIfd(TiffReader.java:214)
	at com.drew.metadata.exif.ExifTiffHandler.processMakernote(ExifTiffHandler.java:566)
	at com.drew.metadata.exif.ExifTiffHandler.customProcessTag(ExifTiffHandler.java:204)
	at com.drew.imaging.tiff.TiffReader.processIfd(TiffReader.java:220)
	at com.drew.imaging.tiff.TiffReader.processIfd(TiffReader.java:214)
	at com.drew.imaging.tiff.TiffReader.processIfd(TiffReader.java:214)
	at com.drew.imaging.tiff.TiffReader.processIfd(TiffReader.java:214)
	at com.drew.metadata.exif.ExifTiffHandler.processMakernote(ExifTiffHandler.java:566)
	at com.drew.metadata.exif.ExifTiffHandler.customProcessTag(ExifTiffHandler.java:204)
	at com.drew.imaging.tiff.TiffReader.processIfd(TiffReader.java:220)
	at com.drew.imaging.tiff.TiffReader.processIfd(TiffReader.java:214)
	at com.drew.imaging.tiff.TiffReader.processIfd(TiffReader.java:214)
	at com.drew.metadata.exif.ExifTiffHandler.processMakernote(ExifTiffHandler.java:566)
	at com.drew.metadata.exif.ExifTiffHandler.customProcessTag(ExifTiffHandler.java:204)
	at com.drew.imaging.tiff.TiffReader.processIfd(TiffReader.java:220)
	at com.drew.imaging.tiff.TiffReader.processIfd(TiffReader.java:214)
	at com.drew.imaging.tiff.TiffReader.processIfd(TiffReader.java:214)
	at com.drew.metadata.exif.ExifTiffHandler.processMakernote(ExifTiffHandler.java:566)
	at com.drew.metadata.exif.ExifTiffHandler.customProcessTag(ExifTiffHandler.java:204)
	at com.drew.imaging.tiff.TiffReader.processIfd(TiffReader.java:220)
	at com.drew.imaging.tiff.TiffReader.processIfd(TiffReader.java:214)
	at com.drew.imaging.tiff.TiffReader.processIfd(TiffReader.java:214)
	at com.drew.metadata.exif.ExifTiffHandler.processMakernote(ExifTiffHandler.java:566)
	at com.drew.metadata.exif.ExifTiffHandler.customProcessTag(ExifTiffHandler.java:204)
	at com.drew.imaging.tiff.TiffReader.processIfd(TiffReader.java:220)
	at com.drew.imaging.tiff.TiffReader.processIfd(TiffReader.java:214)
	at com.drew.imaging.tiff.TiffReader.processIfd(TiffReader.java:214)
	at com.drew.imaging.tiff.TiffReader.processIfd(TiffReader.java:214)
	at com.drew.metadata.exif.ExifTiffHandler.processMakernote(ExifTiffHandler.java:566)
	at com.drew.metadata.exif.ExifTiffHandler.customProcessTag(ExifTiffHandler.java:204)
	at com.drew.imaging.tiff.TiffReader.processIfd(TiffReader.java:220)
	at com.drew.imaging.tiff.TiffReader.processIfd(TiffReader.java:214)
	at com.drew.imaging.tiff.TiffReader.processIfd(TiffReader.java:214)
	at com.drew.metadata.exif.ExifTiffHandler.processMakernote(ExifTiffHandler.java:566)
	at com.drew.metadata.exif.ExifTiffHandler.customProcessTag(ExifTiffHandler.java:204)
	at com.drew.imaging.tiff.TiffReader.processIfd(TiffReader.java:220)
	at com.drew.imaging.tiff.TiffReader.processIfd(TiffReader.java:214)
	at com.drew.imaging.tiff.TiffReader.processIfd(TiffReader.java:214)
	at com.drew.metadata.exif.ExifTiffHandler.processMakernote(ExifTiffHandler.java:566)
	at com.drew.metadata.exif.ExifTiffHandler.customProcessTag(ExifTiffHandler.java:204)
	at com.drew.imaging.tiff.TiffReader.processIfd(TiffReader.java:220)
	at com.drew.imaging.tiff.TiffReader.processIfd(TiffReader.java:214)
	at com.drew.imaging.tiff.TiffReader.processIfd(TiffReader.java:214)
	at com.drew.metadata.exif.ExifTiffHandler.processMakernote(ExifTiffHandler.java:566)
	at com.drew.metadata.exif.ExifTiffHandler.customProcessTag(ExifTiffHandler.java:204)
	at com.drew.imaging.tiff.TiffReader.processIfd(TiffReader.java:220)
	at com.drew.imaging.tiff.TiffReader.processIfd(TiffReader.java:214)
	at com.drew.imaging.tiff.TiffReader.processIfd(TiffReader.java:214)
	at com.drew.imaging.tiff.TiffReader.processIfd(TiffReader.java:214)
	at com.drew.metadata.exif.ExifTiffHandler.processMakernote(ExifTiffHandler.java:566)
	at com.drew.metadata.exif.ExifTiffHandler.customProcessTag(ExifTiffHandler.java:204)
	at com.drew.imaging.tiff.TiffReader.processIfd(TiffReader.java:220)
	at com.drew.imaging.tiff.TiffReader.processIfd(TiffReader.java:214)
	at com.drew.imaging.tiff.TiffReader.processIfd(TiffReader.java:214)
	at com.drew.metadata.exif.ExifTiffHandler.processMakernote(ExifTiffHandler.java:566)
	at com.drew.metadata.exif.ExifTiffHandler.customProcessTag(ExifTiffHandler.java:204)
	at com.drew.imaging.tiff.TiffReader.processIfd(TiffReader.java:220)
	at com.drew.imaging.tiff.TiffReader.processIfd(TiffReader.java:214)
	at com.drew.imaging.tiff.TiffReader.processIfd(TiffReader.java:214)
	at com.drew.metadata.exif.ExifTiffHandler.processMakernote(ExifTiffHandler.java:566)
	at com.drew.metadata.exif.ExifTiffHandler.customProcessTag(ExifTiffHandler.java:204)
	at com.drew.imaging.tiff.TiffReader.processIfd(TiffReader.java:220)
	at com.drew.imaging.tiff.TiffReader.processIfd(TiffReader.java:214)
	at com.drew.imaging.tiff.TiffReader.processIfd(TiffReader.java:214)
	at com.drew.metadata.exif.ExifTiffHandler.processMakernote(ExifTiffHandler.java:566)
	at com.drew.metadata.exif.ExifTiffHandler.customProcessTag(ExifTiffHandler.java:204)
	at com.drew.imaging.tiff.TiffReader.processIfd(TiffReader.java:220)
	at com.drew.imaging.tiff.TiffReader.processIfd(TiffReader.java:214)
	at com.drew.imaging.tiff.TiffReader.processIfd(TiffReader.java:214)
	at com.drew.imaging.tiff.TiffReader.processIfd(TiffReader.java:214)
	at com.drew.metadata.exif.ExifTiffHandler.processMakernote(ExifTiffHandler.java:566)
	at com.drew.metadata.exif.ExifTiffHandler.customProcessTag(ExifTiffHandler.java:204)
	at com.drew.imaging.tiff.TiffReader.processIfd(TiffReader.java:220)
	at com.drew.imaging.tiff.TiffReader.processIfd(TiffReader.java:214)
	at com.drew.imaging.tiff.TiffReader.processIfd(TiffReader.java:214)
	at com.drew.metadata.exif.ExifTiffHandler.processMakernote(ExifTiffHandler.java:566)
	at com.drew.metadata.exif.ExifTiffHandler.customProcessTag(ExifTiffHandler.java:204)
	at com.drew.imaging.tiff.TiffReader.processIfd(TiffReader.java:220)
	at com.drew.imaging.tiff.TiffReader.processIfd(TiffReader.java:214)
	at com.drew.imaging.tiff.TiffReader.processIfd(TiffReader.java:214)
	at com.drew.metadata.exif.ExifTiffHandler.processMakernote(ExifTiffHandler.java:566)
	at com.drew.metadata.exif.ExifTiffHandler.customProcessTag(ExifTiffHandler.java:204)
	at com.drew.imaging.tiff.TiffReader.processIfd(TiffReader.java:220)
	at com.drew.imaging.tiff.TiffReader.processIfd(TiffReader.java:214)
	at com.drew.imaging.tiff.TiffReader.processIfd(TiffReader.java:214)
	at com.drew.metadata.exif.ExifTiffHandler.processMakernote(ExifTiffHandler.java:566)
	at com.drew.metadata.exif.ExifTiffHandler.customProcessTag(ExifTiffHandler.java:204)
	at com.drew.imaging.tiff.TiffReader.processIfd(TiffReader.java:220)
	at com.drew.imaging.tiff.TiffReader.processIfd(TiffReader.java:214)
	at com.drew.imaging.tiff.TiffReader.processIfd(TiffReader.java:214)
	at com.drew.imaging.tiff.TiffReader.processIfd(TiffReader.java:214)
	at com.drew.metadata.exif.ExifTiffHandler.processMakernote(ExifTiffHandler.java:566)
	at com.drew.metadata.exif.ExifTiffHandler.customProcessTag(ExifTiffHandler.java:204)
	at com.drew.imaging.tiff.TiffReader.processIfd(TiffReader.java:220)
	at com.drew.imaging.tiff.TiffReader.processIfd(TiffReader.java:214)
	at com.drew.imaging.tiff.TiffReader.processIfd(TiffReader.java:214)
	at com.drew.metadata.exif.ExifTiffHandler.processMakernote(ExifTiffHandler.java:566)
	at com.drew.metadata.exif.ExifTiffHandler.customProcessTag(ExifTiffHandler.java:204)
	at com.drew.imaging.tiff.TiffReader.processIfd(TiffReader.java:220)
	at com.drew.imaging.tiff.TiffReader.processIfd(TiffReader.java:214)
	at com.drew.imaging.tiff.TiffReader.processIfd(TiffReader.java:214)
	at com.drew.metadata.exif.ExifTiffHandler.processMakernote(ExifTiffHandler.java:566)
	at com.drew.metadata.exif.ExifTiffHandler.customProcessTag(ExifTiffHandler.java:204)
	at com.drew.imaging.tiff.TiffReader.processIfd(TiffReader.java:220)
	at com.drew.imaging.tiff.TiffReader.processIfd(TiffReader.java:214)
	at com.drew.imaging.tiff.TiffReader.processIfd(TiffReader.java:214)
	at com.drew.metadata.exif.ExifTiffHandler.processMakernote(ExifTiffHandler.java:566)
	at com.drew.metadata.exif.ExifTiffHandler.customProcessTag(ExifTiffHandler.java:204)
	at com.drew.imaging.tiff.TiffReader.processIfd(TiffReader.java:220)
	at com.drew.imaging.tiff.TiffReader.processIfd(TiffReader.java:214)
	at com.drew.imaging.tiff.TiffReader.processIfd(TiffReader.java:214)
	at com.drew.imaging.tiff.TiffReader.processIfd(TiffReader.java:214)
	at com.drew.metadata.exif.ExifTiffHandler.processMakernote(ExifTiffHandler.java:566)
	at com.drew.metadata.exif.ExifTiffHandler.customProcessTag(ExifTiffHandler.java:204)
	at com.drew.imaging.tiff.TiffReader.processIfd(TiffReader.java:220)
	at com.drew.imaging.tiff.TiffReader.processIfd(TiffReader.java:214)
	at com.drew.imaging.tiff.TiffReader.processIfd(TiffReader.java:214)
	at com.drew.metadata.exif.ExifTiffHandler.processMakernote(ExifTiffHandler.java:566)
	at com.drew.metadata.exif.ExifTiffHandler.customProcessTag(ExifTiffHandler.java:204)
	at com.drew.imaging.tiff.TiffReader.processIfd(TiffReader.java:220)
	at com.drew.imaging.tiff.TiffReader.processIfd(TiffReader.java:214)
	at com.drew.imaging.tiff.TiffReader.processIfd(TiffReader.java:214)
	at com.drew.metadata.exif.ExifTiffHandler.processMakernote(ExifTiffHandler.java:566)
	at com.drew.metadata.exif.ExifTiffHandler.customProcessTag(ExifTiffHandler.java:204)
	at com.drew.imaging.tiff.TiffReader.processIfd(TiffReader.java:220)
	at com.drew.imaging.tiff.TiffReader.processIfd(TiffReader.java:214)
	at com.drew.imaging.tiff.TiffReader.processIfd(TiffReader.java:214)
	at com.drew.metadata.exif.ExifTiffHandler.processMakernote(ExifTiffHandler.java:566)
	at com.drew.metadata.exif.ExifTiffHandler.customProcessTag(ExifTiffHandler.java:204)
	at com.drew.imaging.tiff.TiffReader.processIfd(TiffReader.java:220)
	at com.drew.imaging.tiff.TiffReader.processIfd(TiffReader.java:214)
	at com.drew.imaging.tiff.TiffReader.processIfd(TiffReader.java:214)
	at com.drew.imaging.tiff.TiffReader.processIfd(TiffReader.java:214)
	at com.drew.metadata.exif.ExifTiffHandler.processMakernote(ExifTiffHandler.java:566)
	at com.drew.metadata.exif.ExifTiffHandler.customProcessTag(ExifTiffHandler.java:204)
	at com.drew.imaging.tiff.TiffReader.processIfd(TiffReader.java:220)
	at com.drew.imaging.tiff.TiffReader.processIfd(TiffReader.java:214)
	at com.drew.imaging.tiff.TiffReader.processIfd(TiffReader.java:214)
	at com.drew.metadata.exif.ExifTiffHandler.processMakernote(ExifTiffHandler.java:566)
	at com.drew.metadata.exif.ExifTiffHandler.customProcessTag(ExifTiffHandler.java:204)
	at com.drew.imaging.tiff.TiffReader.processIfd(TiffReader.java:220)
	at com.drew.imaging.tiff.TiffReader.processIfd(TiffReader.java:214)
	at com.drew.imaging.tiff.TiffReader.processIfd(TiffReader.java:214)
	at com.drew.metadata.exif.ExifTiffHandler.processMakernote(ExifTiffHandler.java:566)
	at com.drew.metadata.exif.ExifTiffHandler.customProcessTag(ExifTiffHandler.java:204)
	at com.drew.imaging.tiff.TiffReader.processIfd(TiffReader.java:220)
	at com.drew.imaging.tiff.TiffReader.processIfd(TiffReader.java:214)
	at com.drew.imaging.tiff.TiffReader.processIfd(TiffReader.java:214)
	at com.drew.metadata.exif.ExifTiffHandler.processMakernote(ExifTiffHandler.java:566)
	at com.drew.metadata.exif.ExifTiffHandler.customProcessTag(ExifTiffHandler.java:204)
	at com.drew.imaging.tiff.TiffReader.processIfd(TiffReader.java:220)
	at com.drew.imaging.tiff.TiffReader.processIfd(TiffReader.java:214)
	at com.drew.imaging.tiff.TiffReader.processIfd(TiffReader.java:214)
	at com.drew.imaging.tiff.TiffReader.processIfd(TiffReader.java:214)
	at com.drew.metadata.exif.ExifTiffHandler.processMakernote(ExifTiffHandler.java:566)
	at com.drew.metadata.exif.ExifTiffHandler.customProcessTag(ExifTiffHandler.java:204)
	at com.drew.imaging.tiff.TiffReader.processIfd(TiffReader.java:220)
	at com.drew.imaging.tiff.TiffReader.processIfd(TiffReader.java:214)
	at com.drew.imaging.tiff.TiffReader.processIfd(TiffReader.java:214)
	at com.drew.metadata.exif.ExifTiffHandler.processMakernote(ExifTiffHandler.java:566)
	at com.drew.metadata.exif.ExifTiffHandler.customProcessTag(ExifTiffHandler.java:204)
	at com.drew.imaging.tiff.TiffReader.processIfd(TiffReader.java:220)
	at com.drew.imaging.tiff.TiffReader.processIfd(TiffReader.java:214)
	at com.drew.imaging.tiff.TiffReader.processIfd(TiffReader.java:214)
	at com.drew.metadata.exif.ExifTiffHandler.processMakernote(ExifTiffHandler.java:566)
	at com.drew.metadata.exif.ExifTiffHandler.customProcessTag(ExifTiffHandler.java:204)
	at com.drew.imaging.tiff.TiffReader.processIfd(TiffReader.java:220)
	at com.drew.imaging.tiff.TiffReader.processIfd(TiffReader.java:214)
	at com.drew.imaging.tiff.TiffReader.processIfd(TiffReader.java:214)
	at com.drew.metadata.exif.ExifTiffHandler.processMakernote(ExifTiffHandler.java:566)
	at com.drew.metadata.exif.ExifTiffHandler.customProcessTag(ExifTiffHandler.java:204)
	at com.drew.imaging.tiff.TiffReader.processIfd(TiffReader.java:220)
	at com.drew.imaging.tiff.TiffReader.processIfd(TiffReader.java:214)
	at com.drew.imaging.tiff.TiffReader.processIfd(TiffReader.java:214)
	at com.drew.imaging.tiff.TiffReader.processIfd(TiffReader.java:214)
	at com.drew.metadata.exif.ExifTiffHandler.processMakernote(ExifTiffHandler.java:566)
	at com.drew.metadata.exif.ExifTiffHandler.customProcessTag(ExifTiffHandler.java:204)
	at com.drew.imaging.tiff.TiffReader.processIfd(TiffReader.java:220)
	at com.drew.imaging.tiff.TiffReader.processIfd(TiffReader.java:214)
	at com.drew.imaging.tiff.TiffReader.processIfd(TiffReader.java:214)
	at com.drew.metadata.exif.ExifTiffHandler.processMakernote(ExifTiffHandler.java:566)
	at com.drew.metadata.exif.ExifTiffHandler.customProcessTag(ExifTiffHandler.java:204)
	at com.drew.imaging.tiff.TiffReader.processIfd(TiffReader.java:220)
	at com.drew.imaging.tiff.TiffReader.processIfd(TiffReader.java:214)
	at com.drew.imaging.tiff.TiffReader.processIfd(TiffReader.java:214)
	at com.drew.metadata.exif.ExifTiffHandler.processMakernote(ExifTiffHandler.java:566)
	at com.drew.metadata.exif.ExifTiffHandler.customProcessTag(ExifTiffHandler.java:204)
	at com.drew.imaging.tiff.TiffReader.processIfd(TiffReader.java:220)
	at com.drew.imaging.tiff.TiffReader.processIfd(TiffReader.java:214)
	at com.drew.imaging.tiff.TiffReader.processIfd(TiffReader.java:214)
	at com.drew.metadata.exif.ExifTiffHandler.processMakernote(ExifTiffHandler.java:566)
	at com.drew.metadata.exif.ExifTiffHandler.customProcessTag(ExifTiffHandler.java:204)
	at com.drew.imaging.tiff.TiffReader.processIfd(TiffReader.java:220)
	at com.drew.imaging.tiff.TiffReader.processIfd(TiffReader.java:214)
	at com.drew.imaging.tiff.TiffReader.processIfd(TiffReader.java:214)
	at com.drew.imaging.tiff.TiffReader.processIfd(TiffReader.java:214)
	at com.drew.metadata.exif.ExifTiffHandler.processMakernote(ExifTiffHandler.java:566)
	at com.drew.metadata.exif.ExifTiffHandler.customProcessTag(ExifTiffHandler.java:204)
	at com.drew.imaging.tiff.TiffReader.processIfd(TiffReader.java:220)
	at com.drew.imaging.tiff.TiffReader.processIfd(TiffReader.java:214)
	at com.drew.imaging.tiff.TiffReader.processIfd(TiffReader.java:214)
	at com.drew.metadata.exif.ExifTiffHandler.processMakernote(ExifTiffHandler.java:566)
	at com.drew.metadata.exif.ExifTiffHandler.customProcessTag(ExifTiffHandler.java:204)
	at com.drew.imaging.tiff.TiffReader.processIfd(TiffReader.java:220)
	at com.drew.imaging.tiff.TiffReader.processIfd(TiffReader.java:214)
	at com.drew.imaging.tiff.TiffReader.processIfd(TiffReader.java:214)
	at com.drew.metadata.exif.ExifTiffHandler.processMakernote(ExifTiffHandler.java:566)
	at com.drew.metadata.exif.ExifTiffHandler.customProcessTag(ExifTiffHandler.java:204)
	at com.drew.imaging.tiff.TiffReader.processIfd(TiffReader.java:220)
	at com.drew.imaging.tiff.TiffReader.processIfd(TiffReader.java:214)
	at com.drew.imaging.tiff.TiffReader.processIfd(TiffReader.java:214)
	at com.drew.metadata.exif.ExifTiffHandler.processMakernote(ExifTiffHandler.java:566)
	at com.drew.metadata.exif.ExifTiffHandler.customProcessTag(ExifTiffHandler.java:204)
	at com.drew.imaging.tiff.TiffReader.processIfd(TiffReader.java:220)
	at com.drew.imaging.tiff.TiffReader.processIfd(TiffReader.java:214)
	at com.drew.imaging.tiff.TiffReader.processIfd(TiffReader.java:214)
	at com.drew.imaging.tiff.TiffReader.processIfd(TiffReader.java:214)
	at com.drew.metadata.exif.ExifTiffHandler.processMakernote(ExifTiffHandler.java:566)
	at com.drew.metadata.exif.ExifTiffHandler.customProcessTag(ExifTiffHandler.java:204)
	at com.drew.imaging.tiff.TiffReader.processIfd(TiffReader.java:220)
	at com.drew.imaging.tiff.TiffReader.processIfd(TiffReader.java:214)
	at com.drew.imaging.tiff.TiffReader.processIfd(TiffReader.java:214)
	at com.drew.metadata.exif.ExifTiffHandler.processMakernote(ExifTiffHandler.java:566)
	at com.drew.metadata.exif.ExifTiffHandler.customProcessTag(ExifTiffHandler.java:204)
	at com.drew.imaging.tiff.TiffReader.processIfd(TiffReader.java:220)
	at com.drew.imaging.tiff.TiffReader.processIfd(TiffReader.java:214)
	at com.drew.imaging.tiff.TiffReader.processIfd(TiffReader.java:214)
	at com.drew.metadata.exif.ExifTiffHandler.processMakernote(ExifTiffHandler.java:566)
	at com.drew.metadata.exif.ExifTiffHandler.customProcessTag(ExifTiffHandler.java:204)
	at com.drew.imaging.tiff.TiffReader.processIfd(TiffReader.java:220)
	at com.drew.imaging.tiff.TiffReader.processIfd(TiffReader.java:214)
	at com.drew.imaging.tiff.TiffReader.processIfd(TiffReader.java:214)
	at com.drew.metadata.exif.ExifTiffHandler.processMakernote(ExifTiffHandler.java:566)
	at com.drew.metadata.exif.ExifTiffHandler.customProcessTag(ExifTiffHandler.java:204)
	at com.drew.imaging.tiff.TiffReader.processIfd(TiffReader.java:220)
	at com.drew.imaging.tiff.TiffReader.processIfd(TiffReader.java:214)
	at com.drew.imaging.tiff.TiffReader.processIfd(TiffReader.java:214)
	at com.drew.imaging.tiff.TiffReader.processIfd(TiffReader.java:214)
	at com.drew.metadata.exif.ExifTiffHandler.processMakernote(ExifTiffHandler.java:566)
	at com.drew.metadata.exif.ExifTiffHandler.customProcessTag(ExifTiffHandler.java:204)
	at com.drew.imaging.tiff.TiffReader.processIfd(TiffReader.java:220)
	at com.drew.imaging.tiff.TiffReader.processIfd(TiffReader.java:214)
	at com.drew.imaging.tiff.TiffReader.processIfd(TiffReader.java:214)
	at com.drew.metadata.exif.ExifTiffHandler.processMakernote(ExifTiffHandler.java:566)
	at com.drew.metadata.exif.ExifTiffHandler.customProcessTag(ExifTiffHandler.java:204)
	at com.drew.imaging.tiff.TiffReader.processIfd(TiffReader.java:220)
	at com.drew.imaging.tiff.TiffReader.processIfd(TiffReader.java:214)
	at com.drew.imaging.tiff.TiffReader.processIfd(TiffReader.java:214)
	at com.drew.metadata.exif.ExifTiffHandler.processMakernote(ExifTiffHandler.java:566)
	at com.drew.metadata.exif.ExifTiffHandler.customProcessTag(ExifTiffHandler.java:204)
	at com.drew.imaging.tiff.TiffReader.processIfd(TiffReader.java:220)
	at com.drew.imaging.tiff.TiffReader.processIfd(TiffReader.java:214)
	at com.drew.imaging.tiff.TiffReader.processIfd(TiffReader.java:214)
	at com.drew.metadata.exif.ExifTiffHandler.processMakernote(ExifTiffHandler.java:566)
	at com.drew.metadata.exif.ExifTiffHandler.customProcessTag(ExifTiffHandler.java:204)
	at com.drew.imaging.tiff.TiffReader.processIfd(TiffReader.java:220)
	at com.drew.imaging.tiff.TiffReader.processIfd(TiffReader.java:214)
	at com.drew.imaging.tiff.TiffReader.processIfd(TiffReader.java:214)
	... 3 more
DEDUP_TOKEN: c41a85251fd2f553
== libFuzzer crashing input ==
reproducer_path='.'; Java reproducer written to ./Crash_018ec96111964d15615205f5596a4f8f4f549ad8.java

INFO:__main__:Running: docker run --privileged --shm-size=2g --platform linux/amd64 --rm -i -e HELPER=True -e ARCHITECTURE=x86_64 -v /mnt/sdb/oss-fuzz/oss-fuzz/build/out/metadata-extractor:/out -v /mnt/sdb/oss-fuzz/oss-fuzz/build/out/metadata-extractor/testcase/testcase_42537874:/testcase -t gcr.io/oss-fuzz-base/base-runner reproduce ImageMetadataReaderFuzzer -runs=100.

==================================================
PoC Triggered: YES
