tittle:libssh2:ssh2_client_fuzzer: Abrt in BN_clear_free
status:Verified
type:Bug
commit_url:https://github.com/libssh2/libssh2/commit/bf3af90b3f1bb14cf452df7a8eb55cc9088f3e7f
commit_url_new:https://github.com/libssh2/libssh2/commit/492bc543bbb6ee39df588e2bffdd3478aff2f7e5
module:libssh2
target:ssh2_client_fuzzer
have 1 changed files:['jump get_diff!']
==================================================
error running command: python infra/helper.py reproduce libssh2 ssh2_client_fuzzer build/out/libssh2/testcase/testcase_42537845
+ FUZZER=ssh2_client_fuzzer
+ shift
+ '[' '!' -v TESTCASE ']'
+ TESTCASE=/testcase
+ '[' '!' -f /testcase ']'
+ export RUN_FUZZER_MODE=interactive
+ RUN_FUZZER_MODE=interactive
+ export FUZZING_ENGINE=libfuzzer
+ FUZZING_ENGINE=libfuzzer
+ export SKIP_SEED_CORPUS=1
+ SKIP_SEED_CORPUS=1
+ run_fuzzer ssh2_client_fuzzer -runs=100 /testcase
vm.mmap_rnd_bits = 28
/out/ssh2_client_fuzzer -rss_limit_mb=2560 -timeout=25 -runs=100 /testcase < /dev/null
INFO: Running with entropic power schedule (0xFF, 100).
INFO: Seed: 4239082825
INFO: Loaded 1 modules   (15523 inline 8-bit counters): 15523 [0x5559d90497a8, 0x5559d904d44b), 
INFO: Loaded 1 PC tables (15523 PCs): 15523 [0x5559d904d450,0x5559d9089e80), 
/out/ssh2_client_fuzzer: Running 1 inputs 100 time(s) each.
Running: /testcase
malloc_consolidate(): invalid chunk size
==14== ERROR: libFuzzer: deadly signal
    #0 0x5559d8e874e4 in __sanitizer_print_stack_trace /src/llvm-project/compiler-rt/lib/ubsan/ubsan_diag_standalone.cpp:31:3
    #1 0x5559d8e06538 in fuzzer::PrintStackTrace() /src/llvm-project/compiler-rt/lib/fuzzer/FuzzerUtil.cpp:210:5
    #2 0x5559d8de98d3 in fuzzer::Fuzzer::CrashCallback() /src/llvm-project/compiler-rt/lib/fuzzer/FuzzerLoop.cpp:231:3
    #3 0x7f9c27ad741f  (/lib/x86_64-linux-gnu/libpthread.so.0+0x1441f) (BuildId: 5cfb896dd40f90aa8c6c8bb856004d1f5cfe293c)
    #4 0x7f9c278cb00a in raise (/lib/x86_64-linux-gnu/libc.so.6+0x4300a) (BuildId: 0323ab4806bee6f846d9ad4bccfc29afdca49a58)
    #5 0x7f9c278aa858 in abort (/lib/x86_64-linux-gnu/libc.so.6+0x22858) (BuildId: 0323ab4806bee6f846d9ad4bccfc29afdca49a58)
    #6 0x7f9c27915265  (/lib/x86_64-linux-gnu/libc.so.6+0x8d265) (BuildId: 0323ab4806bee6f846d9ad4bccfc29afdca49a58)
    #7 0x7f9c2791d2fb  (/lib/x86_64-linux-gnu/libc.so.6+0x952fb) (BuildId: 0323ab4806bee6f846d9ad4bccfc29afdca49a58)
    #8 0x7f9c2791dad7  (/lib/x86_64-linux-gnu/libc.so.6+0x95ad7) (BuildId: 0323ab4806bee6f846d9ad4bccfc29afdca49a58)
    #9 0x7f9c2791fc82  (/lib/x86_64-linux-gnu/libc.so.6+0x97c82) (BuildId: 0323ab4806bee6f846d9ad4bccfc29afdca49a58)
    #10 0x7f9c27922298 in malloc (/lib/x86_64-linux-gnu/libc.so.6+0x9a298) (BuildId: 0323ab4806bee6f846d9ad4bccfc29afdca49a58)
    #11 0x5559d8e8a540 in libssh2_default_alloc /src/libssh2/src/session.c:77:12
    #12 0x5559d8ef2e8b in kexinit /src/libssh2/src/kex.c:3393:20
    #13 0x5559d8eef25e in _libssh2_kex_exchange /src/libssh2/src/kex.c:4089:23
    #14 0x5559d8f552a2 in _libssh2_packet_add /src/libssh2/src/packet.c:1387:14
    #15 0x5559d8eacb9e in fullpacket /src/libssh2/src/transport.c:319:14
    #16 0x5559d8ea6c06 in _libssh2_transport_read /src/libssh2/src/transport.c:736:18
    #17 0x5559d8f5f9b3 in _libssh2_packet_burn /src/libssh2/src/packet.c:1571:15
    #18 0x5559d8f2ec0d in diffie_hellman_sha_algo /src/libssh2/src/kex.c:421:17
    #19 0x5559d8f40578 in kex_method_diffie_hellman_group1_sha1_key_exchange /src/libssh2/src/kex.c:1074:11
    #20 0x5559d8ef0da9 in _libssh2_kex_exchange /src/libssh2/src/kex.c:4150:23
    #21 0x5559d8e8ccd0 in session_startup /src/libssh2/src/session.c:787:14
    #22 0x5559d8e8bffd in libssh2_session_handshake /src/libssh2/src/session.c:878:5
    #23 0x5559d8e888d2 in LLVMFuzzerTestOneInput /src/libssh2/tests/ossfuzz/ssh2_client_fuzzer.cc:67:6
    #24 0x5559d8deade0 in fuzzer::Fuzzer::ExecuteCallback(unsigned char const*, unsigned long) /src/llvm-project/compiler-rt/lib/fuzzer/FuzzerLoop.cpp:614:13
    #25 0x5559d8dd6055 in fuzzer::RunOneTest(fuzzer::Fuzzer*, char const*, unsigned long) /src/llvm-project/compiler-rt/lib/fuzzer/FuzzerDriver.cpp:327:6
    #26 0x5559d8ddbaef in fuzzer::FuzzerDriver(int*, char***, int (*)(unsigned char const*, unsigned long)) /src/llvm-project/compiler-rt/lib/fuzzer/FuzzerDriver.cpp:862:9
    #27 0x5559d8e06d92 in main /src/llvm-project/compiler-rt/lib/fuzzer/FuzzerMain.cpp:20:10
    #28 0x7f9c278ac082 in __libc_start_main (/lib/x86_64-linux-gnu/libc.so.6+0x24082) (BuildId: 0323ab4806bee6f846d9ad4bccfc29afdca49a58)
    #29 0x5559d8dce23d in _start (/out/ssh2_client_fuzzer+0xfa23d)

DEDUP_TOKEN: __sanitizer_print_stack_trace--fuzzer::PrintStackTrace()--fuzzer::Fuzzer::CrashCallback()
NOTE: libFuzzer has rudimentary signal handlers.
      Combine libFuzzer with AddressSanitizer or similar for better crash reports.
SUMMARY: libFuzzer: deadly signal
INFO:__main__:Running: docker run --privileged --shm-size=2g --platform linux/amd64 --rm -i -e HELPER=True -e ARCHITECTURE=x86_64 -v /mnt/sdb/oss-fuzz/oss-fuzz/build/out/libssh2:/out -v /mnt/sdb/oss-fuzz/oss-fuzz/build/out/libssh2/testcase/testcase_42537845:/testcase -t gcr.io/oss-fuzz-base/base-runner reproduce ssh2_client_fuzzer -runs=100.

==================================================
PoC Triggered: YES
